[6.174s] Invoking command in '/home/sunrise/robot/robot_ws/src/robot_control': PYTHONPATH=/home/sunrise/robot/robot_ws/build/robot_control/prefix_override:/usr/lib/python3/dist-packages/colcon_core/task/python/colcon_distutils_commands:/home/sunrise/robot/robot_ws/install/robot_control/lib/python3.10/site-packages:${PYTHONPATH} /usr/bin/python3 -W ignore:setup.py install is deprecated -W ignore:easy_install command is deprecated setup.py egg_info --egg-base ../../build/robot_control build --build-base /home/sunrise/robot/robot_ws/build/robot_control/build install --record /home/sunrise/robot/robot_ws/build/robot_control/install.log --single-version-externally-managed install_data
[8.267s] running egg_info
[8.270s] creating ../../build/robot_control/robot_control.egg-info
[8.277s] writing manifest file '../../build/robot_control/robot_control.egg-info/SOURCES.txt'
[8.295s] writing manifest file '../../build/robot_control/robot_control.egg-info/SOURCES.txt'
[8.296s] running build
[8.297s] running build_py
[8.298s] creating /home/sunrise/robot/robot_ws/build/robot_control/build
[8.298s] creating /home/sunrise/robot/robot_ws/build/robot_control/build/lib
[8.299s] creating /home/sunrise/robot/robot_ws/build/robot_control/build/lib/robot_control
[8.300s] copying robot_control/serial_driver.py -> /home/sunrise/robot/robot_ws/build/robot_control/build/lib/robot_control
[8.302s] copying robot_control/odom_publisher.py -> /home/sunrise/robot/robot_ws/build/robot_control/build/lib/robot_control
[8.302s] copying robot_control/__init__.py -> /home/sunrise/robot/robot_ws/build/robot_control/build/lib/robot_control
[8.303s] running install
[8.306s] running install_lib
[8.311s] creating /home/sunrise/robot/robot_ws/install/robot_control/lib/python3.10/site-packages/robot_control
[8.315s] byte-compiling /home/sunrise/robot/robot_ws/install/robot_control/lib/python3.10/site-packages/robot_control/serial_driver.py to serial_driver.cpython-310.pyc
[8.335s] byte-compiling /home/sunrise/robot/robot_ws/install/robot_control/lib/python3.10/site-packages/robot_control/odom_publisher.py to odom_publisher.cpython-310.pyc
[8.336s] byte-compiling /home/sunrise/robot/robot_ws/install/robot_control/lib/python3.10/site-packages/robot_control/__init__.py to __init__.cpython-310.pyc
[8.338s] running install_data
[8.340s] creating /home/sunrise/robot/robot_ws/install/robot_control/share/ament_index
[8.342s] creating /home/sunrise/robot/robot_ws/install/robot_control/share/ament_index/resource_index
[8.343s] creating /home/sunrise/robot/robot_ws/install/robot_control/share/ament_index/resource_index/packages
[8.345s] copying resource/robot_control -> /home/sunrise/robot/robot_ws/install/robot_control/share/ament_index/resource_index/packages
[8.346s] copying package.xml -> /home/sunrise/robot/robot_ws/install/robot_control/share/robot_control
[8.347s] creating /home/sunrise/robot/robot_ws/install/robot_control/share/robot_control/launch
[8.348s] copying launch/control.launch.py -> /home/sunrise/robot/robot_ws/install/robot_control/share/robot_control/launch
[8.349s] running install_egg_info
[8.353s] Copying ../../build/robot_control/robot_control.egg-info to /home/sunrise/robot/robot_ws/install/robot_control/lib/python3.10/site-packages/robot_control-0.0.0-py3.10.egg-info
[8.360s] running install_scripts
[8.483s] writing list of installed files to '/home/sunrise/robot/robot_ws/build/robot_control/install.log'
[8.753s] Invoked command in '/home/sunrise/robot/robot_ws/src/robot_control' returned '0': PYTHONPATH=/home/sunrise/robot/robot_ws/build/robot_control/prefix_override:/usr/lib/python3/dist-packages/colcon_core/task/python/colcon_distutils_commands:/home/sunrise/robot/robot_ws/install/robot_control/lib/python3.10/site-packages:${PYTHONPATH} /usr/bin/python3 -W ignore:setup.py install is deprecated -W ignore:easy_install command is deprecated setup.py egg_info --egg-base ../../build/robot_control build --build-base /home/sunrise/robot/robot_ws/build/robot_control/build install --record /home/sunrise/robot/robot_ws/build/robot_control/install.log --single-version-externally-managed install_data
