[2.305s] Invoking command in '/home/sunrise/robot/robot_ws/build/ydlidar_ros2_driver': CMAKE_PREFIX_PATH=${CMAKE_PREFIX_PATH}:/home/sunrise/robot/robot_ws/install/robot_control:/opt/ros/humble /usr/bin/cmake --build /home/sunrise/robot/robot_ws/build/ydlidar_ros2_driver -- -j8 -l8
[2.582s] [ 50%] Built target ydlidar_ros2_driver_client
[2.591s] [100%] Built target ydlidar_ros2_driver_node
[2.748s] Invoked command in '/home/sunrise/robot/robot_ws/build/ydlidar_ros2_driver' returned '0': CMAKE_PREFIX_PATH=${CMAKE_PREFIX_PATH}:/home/sunrise/robot/robot_ws/install/robot_control:/opt/ros/humble /usr/bin/cmake --build /home/sunrise/robot/robot_ws/build/ydlidar_ros2_driver -- -j8 -l8
[2.756s] Invoking command in '/home/sunrise/robot/robot_ws/build/ydlidar_ros2_driver': CMAKE_PREFIX_PATH=${CMAKE_PREFIX_PATH}:/home/sunrise/robot/robot_ws/install/robot_control:/opt/ros/humble /usr/bin/cmake --install /home/sunrise/robot/robot_ws/build/ydlidar_ros2_driver
[2.791s] -- Install configuration: ""
[2.795s] -- Execute custom install script
[2.797s] -- Up-to-date symlink: /home/sunrise/robot/robot_ws/install/ydlidar_ros2_driver/lib/ydlidar_ros2_driver/ydlidar_ros2_driver_node
[2.798s] -- Up-to-date symlink: /home/sunrise/robot/robot_ws/install/ydlidar_ros2_driver/lib/ydlidar_ros2_driver/ydlidar_ros2_driver_client
[2.800s] -- Up-to-date symlink: /home/sunrise/robot/robot_ws/install/ydlidar_ros2_driver/share/ydlidar_ros2_driver/launch/4ros_ydlidar_launch.py
[2.801s] -- Up-to-date symlink: /home/sunrise/robot/robot_ws/install/ydlidar_ros2_driver/share/ydlidar_ros2_driver/launch/__pycache__/ydlidar_launch.cpython-36.pyc
[2.802s] -- Up-to-date symlink: /home/sunrise/robot/robot_ws/install/ydlidar_ros2_driver/share/ydlidar_ros2_driver/launch/__pycache__/ydlidar_launch_view.cpython-36.pyc
[2.803s] -- Up-to-date symlink: /home/sunrise/robot/robot_ws/install/ydlidar_ros2_driver/share/ydlidar_ros2_driver/launch/test_gmapping_launch.py
[2.803s] -- Up-to-date symlink: /home/sunrise/robot/robot_ws/install/ydlidar_ros2_driver/share/ydlidar_ros2_driver/launch/view_ydlidar_launch.py
[2.804s] -- Up-to-date symlink: /home/sunrise/robot/robot_ws/install/ydlidar_ros2_driver/share/ydlidar_ros2_driver/launch/x3_ydlidar_launch.py
[2.805s] -- Up-to-date symlink: /home/sunrise/robot/robot_ws/install/ydlidar_ros2_driver/share/ydlidar_ros2_driver/launch/ydlidar.py
[2.806s] -- Up-to-date symlink: /home/sunrise/robot/robot_ws/install/ydlidar_ros2_driver/share/ydlidar_ros2_driver/launch/ydlidar_4ros_view_launch.py
[2.807s] -- Up-to-date symlink: /home/sunrise/robot/robot_ws/install/ydlidar_ros2_driver/share/ydlidar_ros2_driver/launch/ydlidar_launch.py
[2.807s] -- Up-to-date symlink: /home/sunrise/robot/robot_ws/install/ydlidar_ros2_driver/share/ydlidar_ros2_driver/launch/ydlidar_raw_launch.py
[2.808s] -- Up-to-date symlink: /home/sunrise/robot/robot_ws/install/ydlidar_ros2_driver/share/ydlidar_ros2_driver/launch/ydlidar_x3_view_launch.py
[2.809s] -- Up-to-date symlink: /home/sunrise/robot/robot_ws/install/ydlidar_ros2_driver/share/ydlidar_ros2_driver/params/ydlidar.yaml
[2.810s] -- Up-to-date symlink: /home/sunrise/robot/robot_ws/install/ydlidar_ros2_driver/share/ydlidar_ros2_driver/params/ydlidar_4ros.yaml
[2.811s] -- Up-to-date symlink: /home/sunrise/robot/robot_ws/install/ydlidar_ros2_driver/share/ydlidar_ros2_driver/params/ydlidar_x3.yaml
[2.812s] -- Up-to-date symlink: /home/sunrise/robot/robot_ws/install/ydlidar_ros2_driver/share/ydlidar_ros2_driver/startup/initenv.sh
[2.812s] -- Up-to-date symlink: /home/sunrise/robot/robot_ws/install/ydlidar_ros2_driver/share/ydlidar_ros2_driver/config/test_gmapping.rviz
[2.813s] -- Up-to-date symlink: /home/sunrise/robot/robot_ws/install/ydlidar_ros2_driver/share/ydlidar_ros2_driver/config/ydlidar.rviz
[2.814s] -- Up-to-date symlink: /home/sunrise/robot/robot_ws/install/ydlidar_ros2_driver/share/ament_index/resource_index/package_run_dependencies/ydlidar_ros2_driver
[2.815s] -- Up-to-date symlink: /home/sunrise/robot/robot_ws/install/ydlidar_ros2_driver/share/ament_index/resource_index/parent_prefix_path/ydlidar_ros2_driver
[2.815s] -- Up-to-date symlink: /home/sunrise/robot/robot_ws/install/ydlidar_ros2_driver/share/ydlidar_ros2_driver/environment/ament_prefix_path.sh
[2.816s] -- Up-to-date symlink: /home/sunrise/robot/robot_ws/install/ydlidar_ros2_driver/share/ydlidar_ros2_driver/environment/ament_prefix_path.dsv
[2.817s] -- Up-to-date symlink: /home/sunrise/robot/robot_ws/install/ydlidar_ros2_driver/share/ydlidar_ros2_driver/environment/path.sh
[2.818s] -- Up-to-date symlink: /home/sunrise/robot/robot_ws/install/ydlidar_ros2_driver/share/ydlidar_ros2_driver/environment/path.dsv
[2.819s] -- Up-to-date symlink: /home/sunrise/robot/robot_ws/install/ydlidar_ros2_driver/share/ydlidar_ros2_driver/local_setup.bash
[2.820s] -- Up-to-date symlink: /home/sunrise/robot/robot_ws/install/ydlidar_ros2_driver/share/ydlidar_ros2_driver/local_setup.sh
[2.821s] -- Up-to-date symlink: /home/sunrise/robot/robot_ws/install/ydlidar_ros2_driver/share/ydlidar_ros2_driver/local_setup.zsh
[2.822s] -- Up-to-date symlink: /home/sunrise/robot/robot_ws/install/ydlidar_ros2_driver/share/ydlidar_ros2_driver/local_setup.dsv
[2.823s] -- Symlinking: /home/sunrise/robot/robot_ws/install/ydlidar_ros2_driver/share/ydlidar_ros2_driver/package.dsv
[2.868s] -- Up-to-date symlink: /home/sunrise/robot/robot_ws/install/ydlidar_ros2_driver/share/ament_index/resource_index/packages/ydlidar_ros2_driver
[2.871s] -- Up-to-date symlink: /home/sunrise/robot/robot_ws/install/ydlidar_ros2_driver/share/ydlidar_ros2_driver/cmake/ydlidar_ros2_driverConfig.cmake
[2.872s] -- Up-to-date symlink: /home/sunrise/robot/robot_ws/install/ydlidar_ros2_driver/share/ydlidar_ros2_driver/cmake/ydlidar_ros2_driverConfig-version.cmake
[2.873s] -- Up-to-date symlink: /home/sunrise/robot/robot_ws/install/ydlidar_ros2_driver/share/ydlidar_ros2_driver/package.xml
[2.885s] Invoked command in '/home/sunrise/robot/robot_ws/build/ydlidar_ros2_driver' returned '0': CMAKE_PREFIX_PATH=${CMAKE_PREFIX_PATH}:/home/sunrise/robot/robot_ws/install/robot_control:/opt/ros/humble /usr/bin/cmake --install /home/sunrise/robot/robot_ws/build/ydlidar_ros2_driver
