[0.078s] Invoking command in '/home/sunrise/robot/robot_ws/build/slam_gmapping': CMAKE_PREFIX_PATH=/home/sunrise/robot/robot_ws/install/openslam_gmapping:/home/sunrise/robot/robot_ws/install/ydlidar_ros2_driver:/home/sunrise/robot/robot_ws/install/slam_gmapping:/home/sunrise/robot/robot_ws/install/my_robot_description:/home/sunrise/robot/robot_ws/install/robot_control:/opt/ros/humble /usr/bin/cmake /home/sunrise/robot/robot_ws/src/slam_gmapping -DAMENT_CMAKE_SYMLINK_INSTALL=1 -DCMAKE_INSTALL_PREFIX=/home/sunrise/robot/robot_ws/install/slam_gmapping
[0.145s] [0m -fuse-ld=lld -Wl,--disable-new-dtags[0m
[0.146s] -- Found ament_cmake: 1.3.14 (/opt/ros/humble/share/ament_cmake/cmake)
[1.032s] -- Override CMake install command with custom implementation using symlinks instead of copying resources
[1.078s] -- Found std_msgs: 4.9.1 (/opt/ros/humble/share/std_msgs/cmake)
[1.298s] -- Found rosidl_generator_c: 3.1.8 (/opt/ros/humble/share/rosidl_generator_c/cmake)
[1.299s] -- Found rosidl_adapter: 3.1.8 (/opt/ros/humble/share/rosidl_adapter/cmake)
[1.300s] -- Found rosidl_generator_cpp: 3.1.8 (/opt/ros/humble/share/rosidl_generator_cpp/cmake)
[1.318s] -- Using all available rosidl_typesupport_c: rosidl_typesupport_fastrtps_c;rosidl_typesupport_introspection_c
[1.397s] -- Using all available rosidl_typesupport_cpp: rosidl_typesupport_fastrtps_cpp;rosidl_typesupport_introspection_cpp
[1.821s] -- Found nav_msgs: 4.9.1 (/opt/ros/humble/share/nav_msgs/cmake)
[2.074s] -- Found tf2: 0.25.20 (/opt/ros/humble/share/tf2/cmake)
[2.158s] -- Found tf2_ros: 0.25.20 (/opt/ros/humble/share/tf2_ros/cmake)
[2.594s] -- Found rmw_implementation_cmake: 6.1.2 (/opt/ros/humble/share/rmw_implementation_cmake/cmake)
[2.603s] -- Found rmw_fastrtps_cpp: 6.2.10 (/opt/ros/humble/share/rmw_fastrtps_cpp/cmake)
[3.168s] -- Using RMW implementation 'rmw_fastrtps_cpp' as default
[6.279s] -- Found tf2_geometry_msgs: 0.25.20 (/opt/ros/humble/share/tf2_geometry_msgs/cmake)
[6.339s] -- Found eigen3_cmake_module: 0.1.1 (/opt/ros/humble/share/eigen3_cmake_module/cmake)
[6.353s] -- Ensuring Eigen3 include directory is part of orocos-kdl CMake target
[6.370s] -- Found sensor_msgs: 4.9.1 (/opt/ros/humble/share/sensor_msgs/cmake)
[6.487s] -- Found visualization_msgs: 4.9.1 (/opt/ros/humble/share/visualization_msgs/cmake)
[6.618s] -- Found openslam_gmapping: 0.1.2 (/home/sunrise/robot/robot_ws/install/openslam_gmapping/share/openslam_gmapping/cmake)
[6.628s] -- Found ament_lint_auto: 0.12.15 (/opt/ros/humble/share/ament_lint_auto/cmake)
[7.255s] -- Added test 'cppcheck' to perform static code analysis on C / C++ code
[7.257s] -- Configured cppcheck include dirs: /home/sunrise/robot/robot_ws/src/slam_gmapping/include
[7.258s] -- Configured cppcheck exclude dirs and/or files: 
[7.260s] -- Added test 'flake8' to check Python code syntax and style conventions
[7.266s] -- Added test 'lint_cmake' to check CMake code style
[7.267s] -- Added test 'pep257' to check Python code against some of the docstring style conventions in PEP 257
[7.276s] -- Added test 'uncrustify' to check C / C++ code style
[7.277s] -- Configured uncrustify additional arguments: 
[7.277s] -- Added test 'xmllint' to check XML markup files
[7.291s] -- Configuring done
[7.323s] [33mCMake Warning (dev) at CMakeLists.txt:46 (add_executable):
[7.325s]   Policy CMP0115 is not set: Source file extensions must be explicit.  Run
[7.325s]   "cmake --help-policy CMP0115" for policy details.  Use the cmake_policy
[7.326s]   command to set the policy and suppress this warning.
[7.326s] 
[7.327s]   File:
[7.328s] 
[7.328s]     /home/sunrise/robot/robot_ws/src/slam_gmapping/src/transform.cpp
[7.329s] This warning is for project developers.  Use -Wno-dev to suppress it.
[7.329s] [0m
[7.498s] -- Generating done
[7.566s] -- Build files have been written to: /home/sunrise/robot/robot_ws/build/slam_gmapping
[7.650s] Invoked command in '/home/sunrise/robot/robot_ws/build/slam_gmapping' returned '0': CMAKE_PREFIX_PATH=/home/sunrise/robot/robot_ws/install/openslam_gmapping:/home/sunrise/robot/robot_ws/install/ydlidar_ros2_driver:/home/sunrise/robot/robot_ws/install/slam_gmapping:/home/sunrise/robot/robot_ws/install/my_robot_description:/home/sunrise/robot/robot_ws/install/robot_control:/opt/ros/humble /usr/bin/cmake /home/sunrise/robot/robot_ws/src/slam_gmapping -DAMENT_CMAKE_SYMLINK_INSTALL=1 -DCMAKE_INSTALL_PREFIX=/home/sunrise/robot/robot_ws/install/slam_gmapping
[7.657s] Invoking command in '/home/sunrise/robot/robot_ws/build/slam_gmapping': CMAKE_PREFIX_PATH=/home/sunrise/robot/robot_ws/install/openslam_gmapping:/home/sunrise/robot/robot_ws/install/ydlidar_ros2_driver:/home/sunrise/robot/robot_ws/install/slam_gmapping:/home/sunrise/robot/robot_ws/install/my_robot_description:/home/sunrise/robot/robot_ws/install/robot_control:/opt/ros/humble /usr/bin/cmake --build /home/sunrise/robot/robot_ws/build/slam_gmapping -- -j8 -l8
[7.875s] [35m[1mConsolidate compiler generated dependencies of target slam_gmapping[0m
[7.880s] [35m[1mConsolidate compiler generated dependencies of target transform[0m
[8.099s] [ 25%] [32m[1mLinking CXX executable slam_gmapping[0m
[8.119s] [ 50%] [32m[1mLinking CXX executable transform[0m
[10.843s] [ 75%] Built target transform
[14.101s] [100%] Built target slam_gmapping
[14.156s] Invoked command in '/home/sunrise/robot/robot_ws/build/slam_gmapping' returned '0': CMAKE_PREFIX_PATH=/home/sunrise/robot/robot_ws/install/openslam_gmapping:/home/sunrise/robot/robot_ws/install/ydlidar_ros2_driver:/home/sunrise/robot/robot_ws/install/slam_gmapping:/home/sunrise/robot/robot_ws/install/my_robot_description:/home/sunrise/robot/robot_ws/install/robot_control:/opt/ros/humble /usr/bin/cmake --build /home/sunrise/robot/robot_ws/build/slam_gmapping -- -j8 -l8
[14.165s] Invoking command in '/home/sunrise/robot/robot_ws/build/slam_gmapping': CMAKE_PREFIX_PATH=/home/sunrise/robot/robot_ws/install/openslam_gmapping:/home/sunrise/robot/robot_ws/install/ydlidar_ros2_driver:/home/sunrise/robot/robot_ws/install/slam_gmapping:/home/sunrise/robot/robot_ws/install/my_robot_description:/home/sunrise/robot/robot_ws/install/robot_control:/opt/ros/humble /usr/bin/cmake --install /home/sunrise/robot/robot_ws/build/slam_gmapping
[14.204s] -- Install configuration: ""
[14.207s] -- Execute custom install script
[14.214s] -- Symlinking: /home/sunrise/robot/robot_ws/install/slam_gmapping/lib/slam_gmapping/slam_gmapping
[14.260s] -- Symlinking: /home/sunrise/robot/robot_ws/install/slam_gmapping/lib/slam_gmapping/transform
[14.304s] -- Symlinking: /home/sunrise/robot/robot_ws/install/slam_gmapping/share/slam_gmapping/launch/gmapping_4ros_launch.py
[14.350s] -- Symlinking: /home/sunrise/robot/robot_ws/install/slam_gmapping/share/slam_gmapping/launch/gmapping_x3_launch.py
[14.396s] -- Symlinking: /home/sunrise/robot/robot_ws/install/slam_gmapping/share/slam_gmapping/launch/slam_4ros_gmapping.launch.py
[14.440s] -- Symlinking: /home/sunrise/robot/robot_ws/install/slam_gmapping/share/slam_gmapping/launch/slam_x3_gmapping.launch.py
[14.487s] -- Symlinking: /home/sunrise/robot/robot_ws/install/slam_gmapping/share/slam_gmapping/launch/test_gmapping.launch.py
[14.533s] -- Symlinking: /home/sunrise/robot/robot_ws/install/slam_gmapping/share/ament_index/resource_index/package_run_dependencies/slam_gmapping
[14.580s] -- Symlinking: /home/sunrise/robot/robot_ws/install/slam_gmapping/share/ament_index/resource_index/parent_prefix_path/slam_gmapping
[14.626s] -- Symlinking: /home/sunrise/robot/robot_ws/install/slam_gmapping/share/slam_gmapping/environment/ament_prefix_path.sh
[14.674s] -- Symlinking: /home/sunrise/robot/robot_ws/install/slam_gmapping/share/slam_gmapping/environment/ament_prefix_path.dsv
[14.739s] -- Symlinking: /home/sunrise/robot/robot_ws/install/slam_gmapping/share/slam_gmapping/environment/path.sh
[14.785s] -- Symlinking: /home/sunrise/robot/robot_ws/install/slam_gmapping/share/slam_gmapping/environment/path.dsv
[14.828s] -- Symlinking: /home/sunrise/robot/robot_ws/install/slam_gmapping/share/slam_gmapping/local_setup.bash
[14.879s] -- Symlinking: /home/sunrise/robot/robot_ws/install/slam_gmapping/share/slam_gmapping/local_setup.sh
[14.927s] -- Symlinking: /home/sunrise/robot/robot_ws/install/slam_gmapping/share/slam_gmapping/local_setup.zsh
[14.979s] -- Symlinking: /home/sunrise/robot/robot_ws/install/slam_gmapping/share/slam_gmapping/local_setup.dsv
[15.033s] -- Symlinking: /home/sunrise/robot/robot_ws/install/slam_gmapping/share/slam_gmapping/package.dsv
[15.078s] -- Symlinking: /home/sunrise/robot/robot_ws/install/slam_gmapping/share/ament_index/resource_index/packages/slam_gmapping
[15.123s] -- Symlinking: /home/sunrise/robot/robot_ws/install/slam_gmapping/share/slam_gmapping/cmake/slam_gmappingConfig.cmake
[15.179s] -- Symlinking: /home/sunrise/robot/robot_ws/install/slam_gmapping/share/slam_gmapping/cmake/slam_gmappingConfig-version.cmake
[15.237s] -- Symlinking: /home/sunrise/robot/robot_ws/install/slam_gmapping/share/slam_gmapping/package.xml
[15.309s] Invoked command in '/home/sunrise/robot/robot_ws/build/slam_gmapping' returned '0': CMAKE_PREFIX_PATH=/home/sunrise/robot/robot_ws/install/openslam_gmapping:/home/sunrise/robot/robot_ws/install/ydlidar_ros2_driver:/home/sunrise/robot/robot_ws/install/slam_gmapping:/home/sunrise/robot/robot_ws/install/my_robot_description:/home/sunrise/robot/robot_ws/install/robot_control:/opt/ros/humble /usr/bin/cmake --install /home/sunrise/robot/robot_ws/build/slam_gmapping
