[0.937s] DEBUG:colcon:Command line arguments: ['/usr/bin/colcon', 'build', '--packages-select', 'slam_gmapping']
[0.937s] DEBUG:colcon:Parsed command line arguments: Namespace(log_base=None, log_level=None, verb_name='build', build_base='build', install_base='install', merge_install=False, symlink_install=False, test_result_base=None, continue_on_error=False, executor='parallel', parallel_workers=8, event_handlers=None, ignore_user_meta=False, metas=['./colcon.meta'], base_paths=['.'], packages_ignore=None, packages_ignore_regex=None, paths=None, packages_up_to=None, packages_up_to_regex=None, packages_above=None, packages_above_and_dependencies=None, packages_above_depth=None, packages_select_by_dep=None, packages_skip_by_dep=None, packages_skip_up_to=None, packages_select_build_failed=False, packages_skip_build_finished=False, packages_select_test_failures=False, packages_skip_test_passed=False, packages_select=['slam_gmapping'], packages_skip=None, packages_select_regex=None, packages_skip_regex=None, packages_start=None, packages_end=None, allow_overriding=[], cmake_args=None, cmake_target=None, cmake_target_skip_unavailable=False, cmake_clean_cache=False, cmake_clean_first=False, cmake_force_configure=False, ament_cmake_args=None, catkin_cmake_args=None, catkin_skip_building_tests=False, verb_parser=<colcon_defaults.argument_parser.defaults.DefaultArgumentsDecorator object at 0xffff8e1fe980>, verb_extension=<colcon_core.verb.build.BuildVerb object at 0xffff8e1fe470>, main=<bound method BuildVerb.main of <colcon_core.verb.build.BuildVerb object at 0xffff8e1fe470>>)
[2.763s] Level 1:colcon.colcon_core.package_discovery:discover_packages(colcon_meta) check parameters
[2.764s] Level 1:colcon.colcon_core.package_discovery:discover_packages(recursive) check parameters
[2.764s] Level 1:colcon.colcon_core.package_discovery:discover_packages(ignore) check parameters
[2.764s] Level 1:colcon.colcon_core.package_discovery:discover_packages(path) check parameters
[2.765s] Level 1:colcon.colcon_core.package_discovery:discover_packages(colcon_meta) discover
[2.765s] Level 1:colcon.colcon_core.package_discovery:discover_packages(recursive) discover
[2.766s] INFO:colcon.colcon_core.package_discovery:Crawling recursively for packages in '/home/sunrise/robot/robot_ws'
[2.766s] Level 1:colcon.colcon_core.package_identification:_identify(.) by extensions ['ignore', 'ignore_ament_install']
[2.767s] Level 1:colcon.colcon_core.package_identification:_identify(.) by extension 'ignore'
[2.767s] Level 1:colcon.colcon_core.package_identification:_identify(.) by extension 'ignore_ament_install'
[2.767s] Level 1:colcon.colcon_core.package_identification:_identify(.) by extensions ['colcon_pkg']
[2.768s] Level 1:colcon.colcon_core.package_identification:_identify(.) by extension 'colcon_pkg'
[2.768s] Level 1:colcon.colcon_core.package_identification:_identify(.) by extensions ['colcon_meta']
[2.768s] Level 1:colcon.colcon_core.package_identification:_identify(.) by extension 'colcon_meta'
[2.768s] Level 1:colcon.colcon_core.package_identification:_identify(.) by extensions ['ros']
[2.769s] Level 1:colcon.colcon_core.package_identification:_identify(.) by extension 'ros'
[2.924s] Level 1:colcon.colcon_core.package_identification:_identify(.) by extensions ['cmake', 'python']
[2.925s] Level 1:colcon.colcon_core.package_identification:_identify(.) by extension 'cmake'
[2.925s] Level 1:colcon.colcon_core.package_identification:_identify(.) by extension 'python'
[2.925s] Level 1:colcon.colcon_core.package_identification:_identify(.) by extensions ['python_setup_py']
[2.926s] Level 1:colcon.colcon_core.package_identification:_identify(.) by extension 'python_setup_py'
[2.926s] Level 1:colcon.colcon_core.package_identification:_identify(build) by extensions ['ignore', 'ignore_ament_install']
[2.927s] Level 1:colcon.colcon_core.package_identification:_identify(build) by extension 'ignore'
[2.927s] Level 1:colcon.colcon_core.package_identification:_identify(build) ignored
[2.928s] Level 1:colcon.colcon_core.package_identification:_identify(install) by extensions ['ignore', 'ignore_ament_install']
[2.928s] Level 1:colcon.colcon_core.package_identification:_identify(install) by extension 'ignore'
[2.929s] Level 1:colcon.colcon_core.package_identification:_identify(install) ignored
[2.929s] Level 1:colcon.colcon_core.package_identification:_identify(log) by extensions ['ignore', 'ignore_ament_install']
[2.930s] Level 1:colcon.colcon_core.package_identification:_identify(log) by extension 'ignore'
[2.930s] Level 1:colcon.colcon_core.package_identification:_identify(log) ignored
[2.930s] Level 1:colcon.colcon_core.package_identification:_identify(maps) by extensions ['ignore', 'ignore_ament_install']
[2.931s] Level 1:colcon.colcon_core.package_identification:_identify(maps) by extension 'ignore'
[2.931s] Level 1:colcon.colcon_core.package_identification:_identify(maps) by extension 'ignore_ament_install'
[2.932s] Level 1:colcon.colcon_core.package_identification:_identify(maps) by extensions ['colcon_pkg']
[2.932s] Level 1:colcon.colcon_core.package_identification:_identify(maps) by extension 'colcon_pkg'
[2.932s] Level 1:colcon.colcon_core.package_identification:_identify(maps) by extensions ['colcon_meta']
[2.932s] Level 1:colcon.colcon_core.package_identification:_identify(maps) by extension 'colcon_meta'
[2.932s] Level 1:colcon.colcon_core.package_identification:_identify(maps) by extensions ['ros']
[2.933s] Level 1:colcon.colcon_core.package_identification:_identify(maps) by extension 'ros'
[2.933s] Level 1:colcon.colcon_core.package_identification:_identify(maps) by extensions ['cmake', 'python']
[2.933s] Level 1:colcon.colcon_core.package_identification:_identify(maps) by extension 'cmake'
[2.934s] Level 1:colcon.colcon_core.package_identification:_identify(maps) by extension 'python'
[2.934s] Level 1:colcon.colcon_core.package_identification:_identify(maps) by extensions ['python_setup_py']
[2.934s] Level 1:colcon.colcon_core.package_identification:_identify(maps) by extension 'python_setup_py'
[2.935s] Level 1:colcon.colcon_core.package_identification:_identify(src) by extensions ['ignore', 'ignore_ament_install']
[2.935s] Level 1:colcon.colcon_core.package_identification:_identify(src) by extension 'ignore'
[2.935s] Level 1:colcon.colcon_core.package_identification:_identify(src) by extension 'ignore_ament_install'
[2.936s] Level 1:colcon.colcon_core.package_identification:_identify(src) by extensions ['colcon_pkg']
[2.936s] Level 1:colcon.colcon_core.package_identification:_identify(src) by extension 'colcon_pkg'
[2.936s] Level 1:colcon.colcon_core.package_identification:_identify(src) by extensions ['colcon_meta']
[2.936s] Level 1:colcon.colcon_core.package_identification:_identify(src) by extension 'colcon_meta'
[2.937s] Level 1:colcon.colcon_core.package_identification:_identify(src) by extensions ['ros']
[2.937s] Level 1:colcon.colcon_core.package_identification:_identify(src) by extension 'ros'
[2.937s] Level 1:colcon.colcon_core.package_identification:_identify(src) by extensions ['cmake', 'python']
[2.937s] Level 1:colcon.colcon_core.package_identification:_identify(src) by extension 'cmake'
[2.938s] Level 1:colcon.colcon_core.package_identification:_identify(src) by extension 'python'
[2.938s] Level 1:colcon.colcon_core.package_identification:_identify(src) by extensions ['python_setup_py']
[2.938s] Level 1:colcon.colcon_core.package_identification:_identify(src) by extension 'python_setup_py'
[2.939s] Level 1:colcon.colcon_core.package_identification:_identify(src/my_robot_description) by extensions ['ignore', 'ignore_ament_install']
[2.939s] Level 1:colcon.colcon_core.package_identification:_identify(src/my_robot_description) by extension 'ignore'
[2.939s] Level 1:colcon.colcon_core.package_identification:_identify(src/my_robot_description) by extension 'ignore_ament_install'
[2.940s] Level 1:colcon.colcon_core.package_identification:_identify(src/my_robot_description) by extensions ['colcon_pkg']
[2.940s] Level 1:colcon.colcon_core.package_identification:_identify(src/my_robot_description) by extension 'colcon_pkg'
[2.940s] Level 1:colcon.colcon_core.package_identification:_identify(src/my_robot_description) by extensions ['colcon_meta']
[2.940s] Level 1:colcon.colcon_core.package_identification:_identify(src/my_robot_description) by extension 'colcon_meta'
[2.941s] Level 1:colcon.colcon_core.package_identification:_identify(src/my_robot_description) by extensions ['ros']
[2.941s] Level 1:colcon.colcon_core.package_identification:_identify(src/my_robot_description) by extension 'ros'
[2.960s] DEBUG:colcon.colcon_core.package_identification:Package 'src/my_robot_description' with type 'ros.ament_cmake' and name 'my_robot_description'
[2.960s] Level 1:colcon.colcon_core.package_identification:_identify(src/openslam_gmapping) by extensions ['ignore', 'ignore_ament_install']
[2.961s] Level 1:colcon.colcon_core.package_identification:_identify(src/openslam_gmapping) by extension 'ignore'
[2.961s] Level 1:colcon.colcon_core.package_identification:_identify(src/openslam_gmapping) by extension 'ignore_ament_install'
[2.962s] Level 1:colcon.colcon_core.package_identification:_identify(src/openslam_gmapping) by extensions ['colcon_pkg']
[2.962s] Level 1:colcon.colcon_core.package_identification:_identify(src/openslam_gmapping) by extension 'colcon_pkg'
[2.962s] Level 1:colcon.colcon_core.package_identification:_identify(src/openslam_gmapping) by extensions ['colcon_meta']
[2.962s] Level 1:colcon.colcon_core.package_identification:_identify(src/openslam_gmapping) by extension 'colcon_meta'
[2.963s] Level 1:colcon.colcon_core.package_identification:_identify(src/openslam_gmapping) by extensions ['ros']
[2.963s] Level 1:colcon.colcon_core.package_identification:_identify(src/openslam_gmapping) by extension 'ros'
[2.967s] DEBUG:colcon.colcon_core.package_identification:Package 'src/openslam_gmapping' with type 'ros.ament_cmake' and name 'openslam_gmapping'
[2.968s] Level 1:colcon.colcon_core.package_identification:_identify(src/robot_control) by extensions ['ignore', 'ignore_ament_install']
[2.968s] Level 1:colcon.colcon_core.package_identification:_identify(src/robot_control) by extension 'ignore'
[2.969s] Level 1:colcon.colcon_core.package_identification:_identify(src/robot_control) by extension 'ignore_ament_install'
[2.969s] Level 1:colcon.colcon_core.package_identification:_identify(src/robot_control) by extensions ['colcon_pkg']
[2.969s] Level 1:colcon.colcon_core.package_identification:_identify(src/robot_control) by extension 'colcon_pkg'
[2.969s] Level 1:colcon.colcon_core.package_identification:_identify(src/robot_control) by extensions ['colcon_meta']
[2.970s] Level 1:colcon.colcon_core.package_identification:_identify(src/robot_control) by extension 'colcon_meta'
[2.970s] Level 1:colcon.colcon_core.package_identification:_identify(src/robot_control) by extensions ['ros']
[2.970s] Level 1:colcon.colcon_core.package_identification:_identify(src/robot_control) by extension 'ros'
[2.979s] DEBUG:colcon.colcon_core.package_identification:Package 'src/robot_control' with type 'ros.ament_python' and name 'robot_control'
[2.980s] Level 1:colcon.colcon_core.package_identification:_identify(src/slam_gmapping) by extensions ['ignore', 'ignore_ament_install']
[2.981s] Level 1:colcon.colcon_core.package_identification:_identify(src/slam_gmapping) by extension 'ignore'
[2.981s] Level 1:colcon.colcon_core.package_identification:_identify(src/slam_gmapping) by extension 'ignore_ament_install'
[2.981s] Level 1:colcon.colcon_core.package_identification:_identify(src/slam_gmapping) by extensions ['colcon_pkg']
[2.982s] Level 1:colcon.colcon_core.package_identification:_identify(src/slam_gmapping) by extension 'colcon_pkg'
[2.982s] Level 1:colcon.colcon_core.package_identification:_identify(src/slam_gmapping) by extensions ['colcon_meta']
[2.982s] Level 1:colcon.colcon_core.package_identification:_identify(src/slam_gmapping) by extension 'colcon_meta'
[2.982s] Level 1:colcon.colcon_core.package_identification:_identify(src/slam_gmapping) by extensions ['ros']
[2.983s] Level 1:colcon.colcon_core.package_identification:_identify(src/slam_gmapping) by extension 'ros'
[2.991s] DEBUG:colcon.colcon_core.package_identification:Package 'src/slam_gmapping' with type 'ros.ament_cmake' and name 'slam_gmapping'
[2.992s] Level 1:colcon.colcon_core.package_identification:_identify(src/ydlidar_ros2_driver-master) by extensions ['ignore', 'ignore_ament_install']
[2.993s] Level 1:colcon.colcon_core.package_identification:_identify(src/ydlidar_ros2_driver-master) by extension 'ignore'
[2.993s] Level 1:colcon.colcon_core.package_identification:_identify(src/ydlidar_ros2_driver-master) by extension 'ignore_ament_install'
[2.993s] Level 1:colcon.colcon_core.package_identification:_identify(src/ydlidar_ros2_driver-master) by extensions ['colcon_pkg']
[2.994s] Level 1:colcon.colcon_core.package_identification:_identify(src/ydlidar_ros2_driver-master) by extension 'colcon_pkg'
[2.994s] Level 1:colcon.colcon_core.package_identification:_identify(src/ydlidar_ros2_driver-master) by extensions ['colcon_meta']
[2.994s] Level 1:colcon.colcon_core.package_identification:_identify(src/ydlidar_ros2_driver-master) by extension 'colcon_meta'
[2.994s] Level 1:colcon.colcon_core.package_identification:_identify(src/ydlidar_ros2_driver-master) by extensions ['ros']
[2.995s] Level 1:colcon.colcon_core.package_identification:_identify(src/ydlidar_ros2_driver-master) by extension 'ros'
[2.999s] DEBUG:colcon.colcon_core.package_identification:Package 'src/ydlidar_ros2_driver-master' with type 'ros.ament_cmake' and name 'ydlidar_ros2_driver'
[3.000s] Level 1:colcon.colcon_core.package_discovery:discover_packages(recursive) using defaults
[3.000s] Level 1:colcon.colcon_core.package_discovery:discover_packages(ignore) discover
[3.000s] Level 1:colcon.colcon_core.package_discovery:discover_packages(ignore) using defaults
[3.000s] Level 1:colcon.colcon_core.package_discovery:discover_packages(path) discover
[3.001s] Level 1:colcon.colcon_core.package_discovery:discover_packages(path) using defaults
[3.140s] INFO:colcon.colcon_core.package_selection:Skipping not selected package 'my_robot_description' in 'src/my_robot_description'
[3.140s] INFO:colcon.colcon_core.package_selection:Skipping not selected package 'openslam_gmapping' in 'src/openslam_gmapping'
[3.141s] INFO:colcon.colcon_core.package_selection:Skipping not selected package 'robot_control' in 'src/robot_control'
[3.141s] INFO:colcon.colcon_core.package_selection:Skipping not selected package 'ydlidar_ros2_driver' in 'src/ydlidar_ros2_driver-master'
[3.144s] Level 1:colcon.colcon_core.package_discovery:discover_packages(prefix_path) check parameters
[3.145s] Level 1:colcon.colcon_core.package_discovery:discover_packages(prefix_path) discover
[3.160s] DEBUG:colcon.colcon_installed_package_information.package_discovery:Found 5 installed packages in /home/sunrise/robot/robot_ws/install
[3.171s] DEBUG:colcon.colcon_installed_package_information.package_discovery:Found 397 installed packages in /opt/ros/humble
[3.193s] Level 1:colcon.colcon_core.package_discovery:discover_packages(prefix_path) using defaults
[3.574s] Level 5:colcon.colcon_core.verb:set package 'slam_gmapping' build argument 'cmake_args' from command line to 'None'
[3.574s] Level 5:colcon.colcon_core.verb:set package 'slam_gmapping' build argument 'cmake_target' from command line to 'None'
[3.575s] Level 5:colcon.colcon_core.verb:set package 'slam_gmapping' build argument 'cmake_target_skip_unavailable' from command line to 'False'
[3.575s] Level 5:colcon.colcon_core.verb:set package 'slam_gmapping' build argument 'cmake_clean_cache' from command line to 'False'
[3.575s] Level 5:colcon.colcon_core.verb:set package 'slam_gmapping' build argument 'cmake_clean_first' from command line to 'False'
[3.575s] Level 5:colcon.colcon_core.verb:set package 'slam_gmapping' build argument 'cmake_force_configure' from command line to 'False'
[3.575s] Level 5:colcon.colcon_core.verb:set package 'slam_gmapping' build argument 'ament_cmake_args' from command line to 'None'
[3.576s] Level 5:colcon.colcon_core.verb:set package 'slam_gmapping' build argument 'catkin_cmake_args' from command line to 'None'
[3.576s] Level 5:colcon.colcon_core.verb:set package 'slam_gmapping' build argument 'catkin_skip_building_tests' from command line to 'False'
[3.576s] DEBUG:colcon.colcon_core.verb:Building package 'slam_gmapping' with the following arguments: {'ament_cmake_args': None, 'build_base': '/home/sunrise/robot/robot_ws/build/slam_gmapping', 'catkin_cmake_args': None, 'catkin_skip_building_tests': False, 'cmake_args': None, 'cmake_clean_cache': False, 'cmake_clean_first': False, 'cmake_force_configure': False, 'cmake_target': None, 'cmake_target_skip_unavailable': False, 'install_base': '/home/sunrise/robot/robot_ws/install/slam_gmapping', 'merge_install': False, 'path': '/home/sunrise/robot/robot_ws/src/slam_gmapping', 'symlink_install': False, 'test_result_base': None}
[3.577s] INFO:colcon.colcon_core.executor:Executing jobs using 'parallel' executor
[3.584s] DEBUG:colcon.colcon_parallel_executor.executor.parallel:run_until_complete
[3.585s] INFO:colcon.colcon_ros.task.ament_cmake.build:Building ROS package in '/home/sunrise/robot/robot_ws/src/slam_gmapping' with build type 'ament_cmake'
[3.586s] INFO:colcon.colcon_cmake.task.cmake.build:Building CMake package in '/home/sunrise/robot/robot_ws/src/slam_gmapping'
[3.605s] INFO:colcon.colcon_core.plugin_system:Skipping extension 'colcon_core.shell.bat': Not used on non-Windows systems
[3.607s] INFO:colcon.colcon_core.shell:Skip shell extension 'powershell' for command environment: Not usable outside of PowerShell
[3.607s] DEBUG:colcon.colcon_core.shell:Skip shell extension 'dsv' for command environment
[3.666s] DEBUG:colcon.colcon_core.event_handler.log_command:Invoking command in '/home/sunrise/robot/robot_ws/build/slam_gmapping': CMAKE_PREFIX_PATH=/home/sunrise/robot/robot_ws/install/openslam_gmapping:/home/sunrise/robot/robot_ws/install/ydlidar_ros2_driver:/home/sunrise/robot/robot_ws/install/slam_gmapping:/home/sunrise/robot/robot_ws/install/my_robot_description:/home/sunrise/robot/robot_ws/install/robot_control:/opt/ros/humble /usr/bin/cmake --build /home/sunrise/robot/robot_ws/build/slam_gmapping -- -j8 -l8
[4.503s] DEBUG:colcon.colcon_core.event_handler.log_command:Invoked command in '/home/sunrise/robot/robot_ws/build/slam_gmapping' returned '0': CMAKE_PREFIX_PATH=/home/sunrise/robot/robot_ws/install/openslam_gmapping:/home/sunrise/robot/robot_ws/install/ydlidar_ros2_driver:/home/sunrise/robot/robot_ws/install/slam_gmapping:/home/sunrise/robot/robot_ws/install/my_robot_description:/home/sunrise/robot/robot_ws/install/robot_control:/opt/ros/humble /usr/bin/cmake --build /home/sunrise/robot/robot_ws/build/slam_gmapping -- -j8 -l8
[4.559s] DEBUG:colcon.colcon_core.event_handler.log_command:Invoking command in '/home/sunrise/robot/robot_ws/build/slam_gmapping': CMAKE_PREFIX_PATH=/home/sunrise/robot/robot_ws/install/openslam_gmapping:/home/sunrise/robot/robot_ws/install/ydlidar_ros2_driver:/home/sunrise/robot/robot_ws/install/slam_gmapping:/home/sunrise/robot/robot_ws/install/my_robot_description:/home/sunrise/robot/robot_ws/install/robot_control:/opt/ros/humble /usr/bin/cmake --install /home/sunrise/robot/robot_ws/build/slam_gmapping
[4.675s] Level 1:colcon.colcon_core.environment:create_environment_scripts_only(slam_gmapping)
[4.678s] DEBUG:colcon.colcon_core.event_handler.log_command:Invoked command in '/home/sunrise/robot/robot_ws/build/slam_gmapping' returned '0': CMAKE_PREFIX_PATH=/home/sunrise/robot/robot_ws/install/openslam_gmapping:/home/sunrise/robot/robot_ws/install/ydlidar_ros2_driver:/home/sunrise/robot/robot_ws/install/slam_gmapping:/home/sunrise/robot/robot_ws/install/my_robot_description:/home/sunrise/robot/robot_ws/install/robot_control:/opt/ros/humble /usr/bin/cmake --install /home/sunrise/robot/robot_ws/build/slam_gmapping
[4.703s] Level 1:colcon.colcon_core.environment:checking '/home/sunrise/robot/robot_ws/install/slam_gmapping' for CMake module files
[4.712s] Level 1:colcon.colcon_core.environment:checking '/home/sunrise/robot/robot_ws/install/slam_gmapping' for CMake config files
[4.715s] Level 1:colcon.colcon_core.shell:create_environment_hook('slam_gmapping', 'cmake_prefix_path')
[4.719s] INFO:colcon.colcon_core.shell:Creating environment hook '/home/sunrise/robot/robot_ws/install/slam_gmapping/share/slam_gmapping/hook/cmake_prefix_path.ps1'
[4.725s] INFO:colcon.colcon_core.shell:Creating environment descriptor '/home/sunrise/robot/robot_ws/install/slam_gmapping/share/slam_gmapping/hook/cmake_prefix_path.dsv'
[4.728s] INFO:colcon.colcon_core.shell:Creating environment hook '/home/sunrise/robot/robot_ws/install/slam_gmapping/share/slam_gmapping/hook/cmake_prefix_path.sh'
[4.735s] Level 1:colcon.colcon_core.environment:checking '/home/sunrise/robot/robot_ws/install/slam_gmapping/lib'
[4.736s] Level 1:colcon.colcon_core.environment:checking '/home/sunrise/robot/robot_ws/install/slam_gmapping/bin'
[4.737s] Level 1:colcon.colcon_core.environment:checking '/home/sunrise/robot/robot_ws/install/slam_gmapping/lib/pkgconfig/slam_gmapping.pc'
[4.738s] Level 1:colcon.colcon_core.environment:checking '/home/sunrise/robot/robot_ws/install/slam_gmapping/lib/python3.10/site-packages'
[4.740s] Level 1:colcon.colcon_core.environment:checking '/home/sunrise/robot/robot_ws/install/slam_gmapping/bin'
[4.743s] INFO:colcon.colcon_core.shell:Creating package script '/home/sunrise/robot/robot_ws/install/slam_gmapping/share/slam_gmapping/package.ps1'
[4.753s] INFO:colcon.colcon_core.shell:Creating package descriptor '/home/sunrise/robot/robot_ws/install/slam_gmapping/share/slam_gmapping/package.dsv'
[4.757s] INFO:colcon.colcon_core.shell:Creating package script '/home/sunrise/robot/robot_ws/install/slam_gmapping/share/slam_gmapping/package.sh'
[4.763s] INFO:colcon.colcon_core.shell:Creating package script '/home/sunrise/robot/robot_ws/install/slam_gmapping/share/slam_gmapping/package.bash'
[4.769s] INFO:colcon.colcon_core.shell:Creating package script '/home/sunrise/robot/robot_ws/install/slam_gmapping/share/slam_gmapping/package.zsh'
[4.776s] Level 1:colcon.colcon_core.environment:create_file_with_runtime_dependencies(/home/sunrise/robot/robot_ws/install/slam_gmapping/share/colcon-core/packages/slam_gmapping)
[4.780s] Level 1:colcon.colcon_core.environment:create_environment_scripts_only(slam_gmapping)
[4.782s] Level 1:colcon.colcon_core.environment:checking '/home/sunrise/robot/robot_ws/install/slam_gmapping' for CMake module files
[4.786s] Level 1:colcon.colcon_core.environment:checking '/home/sunrise/robot/robot_ws/install/slam_gmapping' for CMake config files
[4.788s] Level 1:colcon.colcon_core.shell:create_environment_hook('slam_gmapping', 'cmake_prefix_path')
[4.790s] INFO:colcon.colcon_core.shell:Creating environment hook '/home/sunrise/robot/robot_ws/install/slam_gmapping/share/slam_gmapping/hook/cmake_prefix_path.ps1'
[4.793s] INFO:colcon.colcon_core.shell:Creating environment descriptor '/home/sunrise/robot/robot_ws/install/slam_gmapping/share/slam_gmapping/hook/cmake_prefix_path.dsv'
[4.796s] INFO:colcon.colcon_core.shell:Creating environment hook '/home/sunrise/robot/robot_ws/install/slam_gmapping/share/slam_gmapping/hook/cmake_prefix_path.sh'
[4.799s] Level 1:colcon.colcon_core.environment:checking '/home/sunrise/robot/robot_ws/install/slam_gmapping/lib'
[4.800s] Level 1:colcon.colcon_core.environment:checking '/home/sunrise/robot/robot_ws/install/slam_gmapping/bin'
[4.800s] Level 1:colcon.colcon_core.environment:checking '/home/sunrise/robot/robot_ws/install/slam_gmapping/lib/pkgconfig/slam_gmapping.pc'
[4.802s] Level 1:colcon.colcon_core.environment:checking '/home/sunrise/robot/robot_ws/install/slam_gmapping/lib/python3.10/site-packages'
[4.804s] Level 1:colcon.colcon_core.environment:checking '/home/sunrise/robot/robot_ws/install/slam_gmapping/bin'
[4.806s] INFO:colcon.colcon_core.shell:Creating package script '/home/sunrise/robot/robot_ws/install/slam_gmapping/share/slam_gmapping/package.ps1'
[4.811s] INFO:colcon.colcon_core.shell:Creating package descriptor '/home/sunrise/robot/robot_ws/install/slam_gmapping/share/slam_gmapping/package.dsv'
[4.814s] INFO:colcon.colcon_core.shell:Creating package script '/home/sunrise/robot/robot_ws/install/slam_gmapping/share/slam_gmapping/package.sh'
[4.817s] INFO:colcon.colcon_core.shell:Creating package script '/home/sunrise/robot/robot_ws/install/slam_gmapping/share/slam_gmapping/package.bash'
[4.820s] INFO:colcon.colcon_core.shell:Creating package script '/home/sunrise/robot/robot_ws/install/slam_gmapping/share/slam_gmapping/package.zsh'
[4.823s] Level 1:colcon.colcon_core.environment:create_file_with_runtime_dependencies(/home/sunrise/robot/robot_ws/install/slam_gmapping/share/colcon-core/packages/slam_gmapping)
[4.824s] DEBUG:colcon.colcon_parallel_executor.executor.parallel:closing loop
[4.826s] DEBUG:colcon.colcon_parallel_executor.executor.parallel:loop closed
[4.826s] DEBUG:colcon.colcon_parallel_executor.executor.parallel:run_until_complete finished with '0'
[4.827s] DEBUG:colcon.colcon_core.event_reactor:joining thread
[4.829s] DEBUG:colcon.colcon_core.event_reactor:joined thread
[4.831s] INFO:colcon.colcon_core.shell:Creating prefix script '/home/sunrise/robot/robot_ws/install/local_setup.ps1'
[4.838s] INFO:colcon.colcon_core.shell:Creating prefix util module '/home/sunrise/robot/robot_ws/install/_local_setup_util_ps1.py'
[4.849s] INFO:colcon.colcon_core.shell:Creating prefix chain script '/home/sunrise/robot/robot_ws/install/setup.ps1'
[4.858s] INFO:colcon.colcon_core.shell:Creating prefix script '/home/sunrise/robot/robot_ws/install/local_setup.sh'
[4.863s] INFO:colcon.colcon_core.shell:Creating prefix util module '/home/sunrise/robot/robot_ws/install/_local_setup_util_sh.py'
[4.867s] INFO:colcon.colcon_core.shell:Creating prefix chain script '/home/sunrise/robot/robot_ws/install/setup.sh'
[4.877s] INFO:colcon.colcon_core.shell:Creating prefix script '/home/sunrise/robot/robot_ws/install/local_setup.bash'
[4.881s] INFO:colcon.colcon_core.shell:Creating prefix chain script '/home/sunrise/robot/robot_ws/install/setup.bash'
[4.889s] INFO:colcon.colcon_core.shell:Creating prefix script '/home/sunrise/robot/robot_ws/install/local_setup.zsh'
[4.893s] INFO:colcon.colcon_core.shell:Creating prefix chain script '/home/sunrise/robot/robot_ws/install/setup.zsh'
