[0.938s] DEBUG:colcon:Command line arguments: ['/usr/bin/colcon', 'build', '--packages-select', 'ydlidar_ros2_driver']
[0.938s] DEBUG:colcon:Parsed command line arguments: Namespace(log_base=None, log_level=None, verb_name='build', build_base='build', install_base='install', merge_install=False, symlink_install=False, test_result_base=None, continue_on_error=False, executor='parallel', parallel_workers=8, event_handlers=None, ignore_user_meta=False, metas=['./colcon.meta'], base_paths=['.'], packages_ignore=None, packages_ignore_regex=None, paths=None, packages_up_to=None, packages_up_to_regex=None, packages_above=None, packages_above_and_dependencies=None, packages_above_depth=None, packages_select_by_dep=None, packages_skip_by_dep=None, packages_skip_up_to=None, packages_select_build_failed=False, packages_skip_build_finished=False, packages_select_test_failures=False, packages_skip_test_passed=False, packages_select=['ydlidar_ros2_driver'], packages_skip=None, packages_select_regex=None, packages_skip_regex=None, packages_start=None, packages_end=None, allow_overriding=[], cmake_args=None, cmake_target=None, cmake_target_skip_unavailable=False, cmake_clean_cache=False, cmake_clean_first=False, cmake_force_configure=False, ament_cmake_args=None, catkin_cmake_args=None, catkin_skip_building_tests=False, verb_parser=<colcon_defaults.argument_parser.defaults.DefaultArgumentsDecorator object at 0xffffa5546b30>, verb_extension=<colcon_core.verb.build.BuildVerb object at 0xffffa5546620>, main=<bound method BuildVerb.main of <colcon_core.verb.build.BuildVerb object at 0xffffa5546620>>)
[2.946s] Level 1:colcon.colcon_core.package_discovery:discover_packages(colcon_meta) check parameters
[2.947s] Level 1:colcon.colcon_core.package_discovery:discover_packages(recursive) check parameters
[2.948s] Level 1:colcon.colcon_core.package_discovery:discover_packages(ignore) check parameters
[2.948s] Level 1:colcon.colcon_core.package_discovery:discover_packages(path) check parameters
[2.949s] Level 1:colcon.colcon_core.package_discovery:discover_packages(colcon_meta) discover
[2.950s] Level 1:colcon.colcon_core.package_discovery:discover_packages(recursive) discover
[2.951s] INFO:colcon.colcon_core.package_discovery:Crawling recursively for packages in '/home/sunrise/robot/robot_ws'
[2.951s] Level 1:colcon.colcon_core.package_identification:_identify(.) by extensions ['ignore', 'ignore_ament_install']
[2.953s] Level 1:colcon.colcon_core.package_identification:_identify(.) by extension 'ignore'
[2.953s] Level 1:colcon.colcon_core.package_identification:_identify(.) by extension 'ignore_ament_install'
[2.954s] Level 1:colcon.colcon_core.package_identification:_identify(.) by extensions ['colcon_pkg']
[2.955s] Level 1:colcon.colcon_core.package_identification:_identify(.) by extension 'colcon_pkg'
[2.956s] Level 1:colcon.colcon_core.package_identification:_identify(.) by extensions ['colcon_meta']
[2.956s] Level 1:colcon.colcon_core.package_identification:_identify(.) by extension 'colcon_meta'
[2.957s] Level 1:colcon.colcon_core.package_identification:_identify(.) by extensions ['ros']
[2.957s] Level 1:colcon.colcon_core.package_identification:_identify(.) by extension 'ros'
[3.135s] Level 1:colcon.colcon_core.package_identification:_identify(.) by extensions ['cmake', 'python']
[3.136s] Level 1:colcon.colcon_core.package_identification:_identify(.) by extension 'cmake'
[3.136s] Level 1:colcon.colcon_core.package_identification:_identify(.) by extension 'python'
[3.137s] Level 1:colcon.colcon_core.package_identification:_identify(.) by extensions ['python_setup_py']
[3.137s] Level 1:colcon.colcon_core.package_identification:_identify(.) by extension 'python_setup_py'
[3.138s] Level 1:colcon.colcon_core.package_identification:_identify(build) by extensions ['ignore', 'ignore_ament_install']
[3.139s] Level 1:colcon.colcon_core.package_identification:_identify(build) by extension 'ignore'
[3.139s] Level 1:colcon.colcon_core.package_identification:_identify(build) ignored
[3.140s] Level 1:colcon.colcon_core.package_identification:_identify(install) by extensions ['ignore', 'ignore_ament_install']
[3.142s] Level 1:colcon.colcon_core.package_identification:_identify(install) by extension 'ignore'
[3.142s] Level 1:colcon.colcon_core.package_identification:_identify(install) ignored
[3.143s] Level 1:colcon.colcon_core.package_identification:_identify(log) by extensions ['ignore', 'ignore_ament_install']
[3.144s] Level 1:colcon.colcon_core.package_identification:_identify(log) by extension 'ignore'
[3.145s] Level 1:colcon.colcon_core.package_identification:_identify(log) ignored
[3.146s] Level 1:colcon.colcon_core.package_identification:_identify(src) by extensions ['ignore', 'ignore_ament_install']
[3.147s] Level 1:colcon.colcon_core.package_identification:_identify(src) by extension 'ignore'
[3.147s] Level 1:colcon.colcon_core.package_identification:_identify(src) by extension 'ignore_ament_install'
[3.148s] Level 1:colcon.colcon_core.package_identification:_identify(src) by extensions ['colcon_pkg']
[3.148s] Level 1:colcon.colcon_core.package_identification:_identify(src) by extension 'colcon_pkg'
[3.149s] Level 1:colcon.colcon_core.package_identification:_identify(src) by extensions ['colcon_meta']
[3.150s] Level 1:colcon.colcon_core.package_identification:_identify(src) by extension 'colcon_meta'
[3.150s] Level 1:colcon.colcon_core.package_identification:_identify(src) by extensions ['ros']
[3.151s] Level 1:colcon.colcon_core.package_identification:_identify(src) by extension 'ros'
[3.152s] Level 1:colcon.colcon_core.package_identification:_identify(src) by extensions ['cmake', 'python']
[3.152s] Level 1:colcon.colcon_core.package_identification:_identify(src) by extension 'cmake'
[3.152s] Level 1:colcon.colcon_core.package_identification:_identify(src) by extension 'python'
[3.153s] Level 1:colcon.colcon_core.package_identification:_identify(src) by extensions ['python_setup_py']
[3.153s] Level 1:colcon.colcon_core.package_identification:_identify(src) by extension 'python_setup_py'
[3.154s] Level 1:colcon.colcon_core.package_identification:_identify(src/my_robot_description) by extensions ['ignore', 'ignore_ament_install']
[3.154s] Level 1:colcon.colcon_core.package_identification:_identify(src/my_robot_description) by extension 'ignore'
[3.155s] Level 1:colcon.colcon_core.package_identification:_identify(src/my_robot_description) by extension 'ignore_ament_install'
[3.155s] Level 1:colcon.colcon_core.package_identification:_identify(src/my_robot_description) by extensions ['colcon_pkg']
[3.156s] Level 1:colcon.colcon_core.package_identification:_identify(src/my_robot_description) by extension 'colcon_pkg'
[3.156s] Level 1:colcon.colcon_core.package_identification:_identify(src/my_robot_description) by extensions ['colcon_meta']
[3.156s] Level 1:colcon.colcon_core.package_identification:_identify(src/my_robot_description) by extension 'colcon_meta'
[3.157s] Level 1:colcon.colcon_core.package_identification:_identify(src/my_robot_description) by extensions ['ros']
[3.157s] Level 1:colcon.colcon_core.package_identification:_identify(src/my_robot_description) by extension 'ros'
[3.180s] DEBUG:colcon.colcon_core.package_identification:Package 'src/my_robot_description' with type 'ros.ament_cmake' and name 'my_robot_description'
[3.181s] Level 1:colcon.colcon_core.package_identification:_identify(src/robot_control) by extensions ['ignore', 'ignore_ament_install']
[3.182s] Level 1:colcon.colcon_core.package_identification:_identify(src/robot_control) by extension 'ignore'
[3.182s] Level 1:colcon.colcon_core.package_identification:_identify(src/robot_control) by extension 'ignore_ament_install'
[3.183s] Level 1:colcon.colcon_core.package_identification:_identify(src/robot_control) by extensions ['colcon_pkg']
[3.183s] Level 1:colcon.colcon_core.package_identification:_identify(src/robot_control) by extension 'colcon_pkg'
[3.184s] Level 1:colcon.colcon_core.package_identification:_identify(src/robot_control) by extensions ['colcon_meta']
[3.184s] Level 1:colcon.colcon_core.package_identification:_identify(src/robot_control) by extension 'colcon_meta'
[3.184s] Level 1:colcon.colcon_core.package_identification:_identify(src/robot_control) by extensions ['ros']
[3.185s] Level 1:colcon.colcon_core.package_identification:_identify(src/robot_control) by extension 'ros'
[3.193s] DEBUG:colcon.colcon_core.package_identification:Package 'src/robot_control' with type 'ros.ament_python' and name 'robot_control'
[3.194s] Level 1:colcon.colcon_core.package_identification:_identify(src/ydlidar_ros2_driver-master) by extensions ['ignore', 'ignore_ament_install']
[3.195s] Level 1:colcon.colcon_core.package_identification:_identify(src/ydlidar_ros2_driver-master) by extension 'ignore'
[3.196s] Level 1:colcon.colcon_core.package_identification:_identify(src/ydlidar_ros2_driver-master) by extension 'ignore_ament_install'
[3.197s] Level 1:colcon.colcon_core.package_identification:_identify(src/ydlidar_ros2_driver-master) by extensions ['colcon_pkg']
[3.197s] Level 1:colcon.colcon_core.package_identification:_identify(src/ydlidar_ros2_driver-master) by extension 'colcon_pkg'
[3.198s] Level 1:colcon.colcon_core.package_identification:_identify(src/ydlidar_ros2_driver-master) by extensions ['colcon_meta']
[3.199s] Level 1:colcon.colcon_core.package_identification:_identify(src/ydlidar_ros2_driver-master) by extension 'colcon_meta'
[3.199s] Level 1:colcon.colcon_core.package_identification:_identify(src/ydlidar_ros2_driver-master) by extensions ['ros']
[3.200s] Level 1:colcon.colcon_core.package_identification:_identify(src/ydlidar_ros2_driver-master) by extension 'ros'
[3.206s] DEBUG:colcon.colcon_core.package_identification:Package 'src/ydlidar_ros2_driver-master' with type 'ros.ament_cmake' and name 'ydlidar_ros2_driver'
[3.207s] Level 1:colcon.colcon_core.package_discovery:discover_packages(recursive) using defaults
[3.207s] Level 1:colcon.colcon_core.package_discovery:discover_packages(ignore) discover
[3.208s] Level 1:colcon.colcon_core.package_discovery:discover_packages(ignore) using defaults
[3.209s] Level 1:colcon.colcon_core.package_discovery:discover_packages(path) discover
[3.209s] Level 1:colcon.colcon_core.package_discovery:discover_packages(path) using defaults
[3.353s] INFO:colcon.colcon_core.package_selection:Skipping not selected package 'my_robot_description' in 'src/my_robot_description'
[3.354s] INFO:colcon.colcon_core.package_selection:Skipping not selected package 'robot_control' in 'src/robot_control'
[3.357s] Level 1:colcon.colcon_core.package_discovery:discover_packages(prefix_path) check parameters
[3.358s] Level 1:colcon.colcon_core.package_discovery:discover_packages(prefix_path) discover
[3.371s] DEBUG:colcon.colcon_installed_package_information.package_discovery:Found 3 installed packages in /home/sunrise/robot/robot_ws/install
[3.384s] DEBUG:colcon.colcon_installed_package_information.package_discovery:Found 397 installed packages in /opt/ros/humble
[3.410s] Level 1:colcon.colcon_core.package_discovery:discover_packages(prefix_path) using defaults
[3.867s] Level 5:colcon.colcon_core.verb:set package 'ydlidar_ros2_driver' build argument 'cmake_args' from command line to 'None'
[3.868s] Level 5:colcon.colcon_core.verb:set package 'ydlidar_ros2_driver' build argument 'cmake_target' from command line to 'None'
[3.868s] Level 5:colcon.colcon_core.verb:set package 'ydlidar_ros2_driver' build argument 'cmake_target_skip_unavailable' from command line to 'False'
[3.868s] Level 5:colcon.colcon_core.verb:set package 'ydlidar_ros2_driver' build argument 'cmake_clean_cache' from command line to 'False'
[3.869s] Level 5:colcon.colcon_core.verb:set package 'ydlidar_ros2_driver' build argument 'cmake_clean_first' from command line to 'False'
[3.869s] Level 5:colcon.colcon_core.verb:set package 'ydlidar_ros2_driver' build argument 'cmake_force_configure' from command line to 'False'
[3.869s] Level 5:colcon.colcon_core.verb:set package 'ydlidar_ros2_driver' build argument 'ament_cmake_args' from command line to 'None'
[3.869s] Level 5:colcon.colcon_core.verb:set package 'ydlidar_ros2_driver' build argument 'catkin_cmake_args' from command line to 'None'
[3.869s] Level 5:colcon.colcon_core.verb:set package 'ydlidar_ros2_driver' build argument 'catkin_skip_building_tests' from command line to 'False'
[3.870s] DEBUG:colcon.colcon_core.verb:Building package 'ydlidar_ros2_driver' with the following arguments: {'ament_cmake_args': None, 'build_base': '/home/sunrise/robot/robot_ws/build/ydlidar_ros2_driver', 'catkin_cmake_args': None, 'catkin_skip_building_tests': False, 'cmake_args': None, 'cmake_clean_cache': False, 'cmake_clean_first': False, 'cmake_force_configure': False, 'cmake_target': None, 'cmake_target_skip_unavailable': False, 'install_base': '/home/sunrise/robot/robot_ws/install/ydlidar_ros2_driver', 'merge_install': False, 'path': '/home/sunrise/robot/robot_ws/src/ydlidar_ros2_driver-master', 'symlink_install': False, 'test_result_base': None}
[3.871s] INFO:colcon.colcon_core.executor:Executing jobs using 'parallel' executor
[3.878s] DEBUG:colcon.colcon_parallel_executor.executor.parallel:run_until_complete
[3.881s] INFO:colcon.colcon_ros.task.ament_cmake.build:Building ROS package in '/home/sunrise/robot/robot_ws/src/ydlidar_ros2_driver-master' with build type 'ament_cmake'
[3.882s] INFO:colcon.colcon_cmake.task.cmake.build:Building CMake package in '/home/sunrise/robot/robot_ws/src/ydlidar_ros2_driver-master'
[3.902s] INFO:colcon.colcon_core.plugin_system:Skipping extension 'colcon_core.shell.bat': Not used on non-Windows systems
[3.904s] INFO:colcon.colcon_core.shell:Skip shell extension 'powershell' for command environment: Not usable outside of PowerShell
[3.905s] DEBUG:colcon.colcon_core.shell:Skip shell extension 'dsv' for command environment
[3.970s] DEBUG:colcon.colcon_core.event_handler.log_command:Invoking command in '/home/sunrise/robot/robot_ws/build/ydlidar_ros2_driver': CMAKE_PREFIX_PATH=${CMAKE_PREFIX_PATH}:/home/sunrise/robot/robot_ws/install/robot_control:/opt/ros/humble /usr/bin/cmake --build /home/sunrise/robot/robot_ws/build/ydlidar_ros2_driver -- -j8 -l8
[4.486s] DEBUG:colcon.colcon_core.event_handler.log_command:Invoked command in '/home/sunrise/robot/robot_ws/build/ydlidar_ros2_driver' returned '0': CMAKE_PREFIX_PATH=${CMAKE_PREFIX_PATH}:/home/sunrise/robot/robot_ws/install/robot_control:/opt/ros/humble /usr/bin/cmake --build /home/sunrise/robot/robot_ws/build/ydlidar_ros2_driver -- -j8 -l8
[4.532s] DEBUG:colcon.colcon_core.event_handler.log_command:Invoking command in '/home/sunrise/robot/robot_ws/build/ydlidar_ros2_driver': CMAKE_PREFIX_PATH=${CMAKE_PREFIX_PATH}:/home/sunrise/robot/robot_ws/install/robot_control:/opt/ros/humble /usr/bin/cmake --install /home/sunrise/robot/robot_ws/build/ydlidar_ros2_driver
[4.668s] Level 1:colcon.colcon_core.environment:create_environment_scripts_only(ydlidar_ros2_driver)
[4.672s] DEBUG:colcon.colcon_core.event_handler.log_command:Invoked command in '/home/sunrise/robot/robot_ws/build/ydlidar_ros2_driver' returned '0': CMAKE_PREFIX_PATH=${CMAKE_PREFIX_PATH}:/home/sunrise/robot/robot_ws/install/robot_control:/opt/ros/humble /usr/bin/cmake --install /home/sunrise/robot/robot_ws/build/ydlidar_ros2_driver
[4.687s] Level 1:colcon.colcon_core.environment:checking '/home/sunrise/robot/robot_ws/install/ydlidar_ros2_driver' for CMake module files
[4.691s] Level 1:colcon.colcon_core.environment:checking '/home/sunrise/robot/robot_ws/install/ydlidar_ros2_driver' for CMake config files
[4.695s] Level 1:colcon.colcon_core.shell:create_environment_hook('ydlidar_ros2_driver', 'cmake_prefix_path')
[4.697s] INFO:colcon.colcon_core.shell:Creating environment hook '/home/sunrise/robot/robot_ws/install/ydlidar_ros2_driver/share/ydlidar_ros2_driver/hook/cmake_prefix_path.ps1'
[4.702s] INFO:colcon.colcon_core.shell:Creating environment descriptor '/home/sunrise/robot/robot_ws/install/ydlidar_ros2_driver/share/ydlidar_ros2_driver/hook/cmake_prefix_path.dsv'
[4.705s] INFO:colcon.colcon_core.shell:Creating environment hook '/home/sunrise/robot/robot_ws/install/ydlidar_ros2_driver/share/ydlidar_ros2_driver/hook/cmake_prefix_path.sh'
[4.711s] Level 1:colcon.colcon_core.environment:checking '/home/sunrise/robot/robot_ws/install/ydlidar_ros2_driver/lib'
[4.713s] Level 1:colcon.colcon_core.environment:checking '/home/sunrise/robot/robot_ws/install/ydlidar_ros2_driver/bin'
[4.714s] Level 1:colcon.colcon_core.environment:checking '/home/sunrise/robot/robot_ws/install/ydlidar_ros2_driver/lib/pkgconfig/ydlidar_ros2_driver.pc'
[4.716s] Level 1:colcon.colcon_core.environment:checking '/home/sunrise/robot/robot_ws/install/ydlidar_ros2_driver/lib/python3.10/site-packages'
[4.720s] Level 1:colcon.colcon_core.environment:checking '/home/sunrise/robot/robot_ws/install/ydlidar_ros2_driver/bin'
[4.722s] INFO:colcon.colcon_core.shell:Creating package script '/home/sunrise/robot/robot_ws/install/ydlidar_ros2_driver/share/ydlidar_ros2_driver/package.ps1'
[4.731s] INFO:colcon.colcon_core.shell:Creating package descriptor '/home/sunrise/robot/robot_ws/install/ydlidar_ros2_driver/share/ydlidar_ros2_driver/package.dsv'
[4.735s] INFO:colcon.colcon_core.shell:Creating package script '/home/sunrise/robot/robot_ws/install/ydlidar_ros2_driver/share/ydlidar_ros2_driver/package.sh'
[4.741s] INFO:colcon.colcon_core.shell:Creating package script '/home/sunrise/robot/robot_ws/install/ydlidar_ros2_driver/share/ydlidar_ros2_driver/package.bash'
[4.747s] INFO:colcon.colcon_core.shell:Creating package script '/home/sunrise/robot/robot_ws/install/ydlidar_ros2_driver/share/ydlidar_ros2_driver/package.zsh'
[4.752s] Level 1:colcon.colcon_core.environment:create_file_with_runtime_dependencies(/home/sunrise/robot/robot_ws/install/ydlidar_ros2_driver/share/colcon-core/packages/ydlidar_ros2_driver)
[4.757s] Level 1:colcon.colcon_core.environment:create_environment_scripts_only(ydlidar_ros2_driver)
[4.759s] Level 1:colcon.colcon_core.environment:checking '/home/sunrise/robot/robot_ws/install/ydlidar_ros2_driver' for CMake module files
[4.763s] Level 1:colcon.colcon_core.environment:checking '/home/sunrise/robot/robot_ws/install/ydlidar_ros2_driver' for CMake config files
[4.766s] Level 1:colcon.colcon_core.shell:create_environment_hook('ydlidar_ros2_driver', 'cmake_prefix_path')
[4.768s] INFO:colcon.colcon_core.shell:Creating environment hook '/home/sunrise/robot/robot_ws/install/ydlidar_ros2_driver/share/ydlidar_ros2_driver/hook/cmake_prefix_path.ps1'
[4.772s] INFO:colcon.colcon_core.shell:Creating environment descriptor '/home/sunrise/robot/robot_ws/install/ydlidar_ros2_driver/share/ydlidar_ros2_driver/hook/cmake_prefix_path.dsv'
[4.775s] INFO:colcon.colcon_core.shell:Creating environment hook '/home/sunrise/robot/robot_ws/install/ydlidar_ros2_driver/share/ydlidar_ros2_driver/hook/cmake_prefix_path.sh'
[4.779s] Level 1:colcon.colcon_core.environment:checking '/home/sunrise/robot/robot_ws/install/ydlidar_ros2_driver/lib'
[4.780s] Level 1:colcon.colcon_core.environment:checking '/home/sunrise/robot/robot_ws/install/ydlidar_ros2_driver/bin'
[4.781s] Level 1:colcon.colcon_core.environment:checking '/home/sunrise/robot/robot_ws/install/ydlidar_ros2_driver/lib/pkgconfig/ydlidar_ros2_driver.pc'
[4.783s] Level 1:colcon.colcon_core.environment:checking '/home/sunrise/robot/robot_ws/install/ydlidar_ros2_driver/lib/python3.10/site-packages'
[4.786s] Level 1:colcon.colcon_core.environment:checking '/home/sunrise/robot/robot_ws/install/ydlidar_ros2_driver/bin'
[4.788s] INFO:colcon.colcon_core.shell:Creating package script '/home/sunrise/robot/robot_ws/install/ydlidar_ros2_driver/share/ydlidar_ros2_driver/package.ps1'
[4.800s] INFO:colcon.colcon_core.shell:Creating package descriptor '/home/sunrise/robot/robot_ws/install/ydlidar_ros2_driver/share/ydlidar_ros2_driver/package.dsv'
[4.804s] INFO:colcon.colcon_core.shell:Creating package script '/home/sunrise/robot/robot_ws/install/ydlidar_ros2_driver/share/ydlidar_ros2_driver/package.sh'
[4.807s] INFO:colcon.colcon_core.shell:Creating package script '/home/sunrise/robot/robot_ws/install/ydlidar_ros2_driver/share/ydlidar_ros2_driver/package.bash'
[4.811s] INFO:colcon.colcon_core.shell:Creating package script '/home/sunrise/robot/robot_ws/install/ydlidar_ros2_driver/share/ydlidar_ros2_driver/package.zsh'
[4.814s] Level 1:colcon.colcon_core.environment:create_file_with_runtime_dependencies(/home/sunrise/robot/robot_ws/install/ydlidar_ros2_driver/share/colcon-core/packages/ydlidar_ros2_driver)
[4.817s] DEBUG:colcon.colcon_parallel_executor.executor.parallel:closing loop
[4.820s] DEBUG:colcon.colcon_parallel_executor.executor.parallel:loop closed
[4.821s] DEBUG:colcon.colcon_parallel_executor.executor.parallel:run_until_complete finished with '0'
[4.821s] DEBUG:colcon.colcon_core.event_reactor:joining thread
[4.829s] DEBUG:colcon.colcon_core.event_reactor:joined thread
[4.831s] INFO:colcon.colcon_core.shell:Creating prefix script '/home/sunrise/robot/robot_ws/install/local_setup.ps1'
[4.838s] INFO:colcon.colcon_core.shell:Creating prefix util module '/home/sunrise/robot/robot_ws/install/_local_setup_util_ps1.py'
[4.850s] INFO:colcon.colcon_core.shell:Creating prefix chain script '/home/sunrise/robot/robot_ws/install/setup.ps1'
[4.860s] INFO:colcon.colcon_core.shell:Creating prefix script '/home/sunrise/robot/robot_ws/install/local_setup.sh'
[4.864s] INFO:colcon.colcon_core.shell:Creating prefix util module '/home/sunrise/robot/robot_ws/install/_local_setup_util_sh.py'
[4.870s] INFO:colcon.colcon_core.shell:Creating prefix chain script '/home/sunrise/robot/robot_ws/install/setup.sh'
[4.880s] INFO:colcon.colcon_core.shell:Creating prefix script '/home/sunrise/robot/robot_ws/install/local_setup.bash'
[4.884s] INFO:colcon.colcon_core.shell:Creating prefix chain script '/home/sunrise/robot/robot_ws/install/setup.bash'
[4.891s] INFO:colcon.colcon_core.shell:Creating prefix script '/home/sunrise/robot/robot_ws/install/local_setup.zsh'
[4.895s] INFO:colcon.colcon_core.shell:Creating prefix chain script '/home/sunrise/robot/robot_ws/install/setup.zsh'
