[0.909s] DEBUG:colcon:Command line arguments: ['/usr/bin/colcon', 'build', '--packages-select', 'slam_gmapping']
[0.910s] DEBUG:colcon:Parsed command line arguments: Namespace(log_base=None, log_level=None, verb_name='build', build_base='build', install_base='install', merge_install=False, symlink_install=False, test_result_base=None, continue_on_error=False, executor='parallel', parallel_workers=8, event_handlers=None, ignore_user_meta=False, metas=['./colcon.meta'], base_paths=['.'], packages_ignore=None, packages_ignore_regex=None, paths=None, packages_up_to=None, packages_up_to_regex=None, packages_above=None, packages_above_and_dependencies=None, packages_above_depth=None, packages_select_by_dep=None, packages_skip_by_dep=None, packages_skip_up_to=None, packages_select_build_failed=False, packages_skip_build_finished=False, packages_select_test_failures=False, packages_skip_test_passed=False, packages_select=['slam_gmapping'], packages_skip=None, packages_select_regex=None, packages_skip_regex=None, packages_start=None, packages_end=None, allow_overriding=[], cmake_args=None, cmake_target=None, cmake_target_skip_unavailable=False, cmake_clean_cache=False, cmake_clean_first=False, cmake_force_configure=False, ament_cmake_args=None, catkin_cmake_args=None, catkin_skip_building_tests=False, verb_parser=<colcon_defaults.argument_parser.defaults.DefaultArgumentsDecorator object at 0xffffa595e920>, verb_extension=<colcon_core.verb.build.BuildVerb object at 0xffffa595e410>, main=<bound method BuildVerb.main of <colcon_core.verb.build.BuildVerb object at 0xffffa595e410>>)
[2.993s] Level 1:colcon.colcon_core.package_discovery:discover_packages(colcon_meta) check parameters
[2.994s] Level 1:colcon.colcon_core.package_discovery:discover_packages(recursive) check parameters
[2.995s] Level 1:colcon.colcon_core.package_discovery:discover_packages(ignore) check parameters
[2.995s] Level 1:colcon.colcon_core.package_discovery:discover_packages(path) check parameters
[2.995s] Level 1:colcon.colcon_core.package_discovery:discover_packages(colcon_meta) discover
[2.995s] Level 1:colcon.colcon_core.package_discovery:discover_packages(recursive) discover
[2.996s] INFO:colcon.colcon_core.package_discovery:Crawling recursively for packages in '/home/sunrise/robot/robot_ws'
[2.996s] Level 1:colcon.colcon_core.package_identification:_identify(.) by extensions ['ignore', 'ignore_ament_install']
[2.997s] Level 1:colcon.colcon_core.package_identification:_identify(.) by extension 'ignore'
[2.997s] Level 1:colcon.colcon_core.package_identification:_identify(.) by extension 'ignore_ament_install'
[2.998s] Level 1:colcon.colcon_core.package_identification:_identify(.) by extensions ['colcon_pkg']
[2.998s] Level 1:colcon.colcon_core.package_identification:_identify(.) by extension 'colcon_pkg'
[2.998s] Level 1:colcon.colcon_core.package_identification:_identify(.) by extensions ['colcon_meta']
[2.998s] Level 1:colcon.colcon_core.package_identification:_identify(.) by extension 'colcon_meta'
[2.998s] Level 1:colcon.colcon_core.package_identification:_identify(.) by extensions ['ros']
[2.999s] Level 1:colcon.colcon_core.package_identification:_identify(.) by extension 'ros'
[3.168s] Level 1:colcon.colcon_core.package_identification:_identify(.) by extensions ['cmake', 'python']
[3.169s] Level 1:colcon.colcon_core.package_identification:_identify(.) by extension 'cmake'
[3.169s] Level 1:colcon.colcon_core.package_identification:_identify(.) by extension 'python'
[3.170s] Level 1:colcon.colcon_core.package_identification:_identify(.) by extensions ['python_setup_py']
[3.170s] Level 1:colcon.colcon_core.package_identification:_identify(.) by extension 'python_setup_py'
[3.171s] Level 1:colcon.colcon_core.package_identification:_identify(build) by extensions ['ignore', 'ignore_ament_install']
[3.172s] Level 1:colcon.colcon_core.package_identification:_identify(build) by extension 'ignore'
[3.172s] Level 1:colcon.colcon_core.package_identification:_identify(build) ignored
[3.173s] Level 1:colcon.colcon_core.package_identification:_identify(install) by extensions ['ignore', 'ignore_ament_install']
[3.174s] Level 1:colcon.colcon_core.package_identification:_identify(install) by extension 'ignore'
[3.174s] Level 1:colcon.colcon_core.package_identification:_identify(install) ignored
[3.175s] Level 1:colcon.colcon_core.package_identification:_identify(log) by extensions ['ignore', 'ignore_ament_install']
[3.176s] Level 1:colcon.colcon_core.package_identification:_identify(log) by extension 'ignore'
[3.176s] Level 1:colcon.colcon_core.package_identification:_identify(log) ignored
[3.176s] Level 1:colcon.colcon_core.package_identification:_identify(maps) by extensions ['ignore', 'ignore_ament_install']
[3.177s] Level 1:colcon.colcon_core.package_identification:_identify(maps) by extension 'ignore'
[3.177s] Level 1:colcon.colcon_core.package_identification:_identify(maps) by extension 'ignore_ament_install'
[3.178s] Level 1:colcon.colcon_core.package_identification:_identify(maps) by extensions ['colcon_pkg']
[3.178s] Level 1:colcon.colcon_core.package_identification:_identify(maps) by extension 'colcon_pkg'
[3.178s] Level 1:colcon.colcon_core.package_identification:_identify(maps) by extensions ['colcon_meta']
[3.178s] Level 1:colcon.colcon_core.package_identification:_identify(maps) by extension 'colcon_meta'
[3.179s] Level 1:colcon.colcon_core.package_identification:_identify(maps) by extensions ['ros']
[3.179s] Level 1:colcon.colcon_core.package_identification:_identify(maps) by extension 'ros'
[3.179s] Level 1:colcon.colcon_core.package_identification:_identify(maps) by extensions ['cmake', 'python']
[3.180s] Level 1:colcon.colcon_core.package_identification:_identify(maps) by extension 'cmake'
[3.180s] Level 1:colcon.colcon_core.package_identification:_identify(maps) by extension 'python'
[3.180s] Level 1:colcon.colcon_core.package_identification:_identify(maps) by extensions ['python_setup_py']
[3.180s] Level 1:colcon.colcon_core.package_identification:_identify(maps) by extension 'python_setup_py'
[3.181s] Level 1:colcon.colcon_core.package_identification:_identify(src) by extensions ['ignore', 'ignore_ament_install']
[3.182s] Level 1:colcon.colcon_core.package_identification:_identify(src) by extension 'ignore'
[3.182s] Level 1:colcon.colcon_core.package_identification:_identify(src) by extension 'ignore_ament_install'
[3.182s] Level 1:colcon.colcon_core.package_identification:_identify(src) by extensions ['colcon_pkg']
[3.183s] Level 1:colcon.colcon_core.package_identification:_identify(src) by extension 'colcon_pkg'
[3.183s] Level 1:colcon.colcon_core.package_identification:_identify(src) by extensions ['colcon_meta']
[3.183s] Level 1:colcon.colcon_core.package_identification:_identify(src) by extension 'colcon_meta'
[3.184s] Level 1:colcon.colcon_core.package_identification:_identify(src) by extensions ['ros']
[3.184s] Level 1:colcon.colcon_core.package_identification:_identify(src) by extension 'ros'
[3.184s] Level 1:colcon.colcon_core.package_identification:_identify(src) by extensions ['cmake', 'python']
[3.185s] Level 1:colcon.colcon_core.package_identification:_identify(src) by extension 'cmake'
[3.185s] Level 1:colcon.colcon_core.package_identification:_identify(src) by extension 'python'
[3.185s] Level 1:colcon.colcon_core.package_identification:_identify(src) by extensions ['python_setup_py']
[3.186s] Level 1:colcon.colcon_core.package_identification:_identify(src) by extension 'python_setup_py'
[3.187s] Level 1:colcon.colcon_core.package_identification:_identify(src/my_robot_description) by extensions ['ignore', 'ignore_ament_install']
[3.187s] Level 1:colcon.colcon_core.package_identification:_identify(src/my_robot_description) by extension 'ignore'
[3.188s] Level 1:colcon.colcon_core.package_identification:_identify(src/my_robot_description) by extension 'ignore_ament_install'
[3.188s] Level 1:colcon.colcon_core.package_identification:_identify(src/my_robot_description) by extensions ['colcon_pkg']
[3.188s] Level 1:colcon.colcon_core.package_identification:_identify(src/my_robot_description) by extension 'colcon_pkg'
[3.189s] Level 1:colcon.colcon_core.package_identification:_identify(src/my_robot_description) by extensions ['colcon_meta']
[3.189s] Level 1:colcon.colcon_core.package_identification:_identify(src/my_robot_description) by extension 'colcon_meta'
[3.189s] Level 1:colcon.colcon_core.package_identification:_identify(src/my_robot_description) by extensions ['ros']
[3.190s] Level 1:colcon.colcon_core.package_identification:_identify(src/my_robot_description) by extension 'ros'
[3.209s] DEBUG:colcon.colcon_core.package_identification:Package 'src/my_robot_description' with type 'ros.ament_cmake' and name 'my_robot_description'
[3.210s] Level 1:colcon.colcon_core.package_identification:_identify(src/openslam_gmapping) by extensions ['ignore', 'ignore_ament_install']
[3.211s] Level 1:colcon.colcon_core.package_identification:_identify(src/openslam_gmapping) by extension 'ignore'
[3.211s] Level 1:colcon.colcon_core.package_identification:_identify(src/openslam_gmapping) by extension 'ignore_ament_install'
[3.212s] Level 1:colcon.colcon_core.package_identification:_identify(src/openslam_gmapping) by extensions ['colcon_pkg']
[3.212s] Level 1:colcon.colcon_core.package_identification:_identify(src/openslam_gmapping) by extension 'colcon_pkg'
[3.212s] Level 1:colcon.colcon_core.package_identification:_identify(src/openslam_gmapping) by extensions ['colcon_meta']
[3.212s] Level 1:colcon.colcon_core.package_identification:_identify(src/openslam_gmapping) by extension 'colcon_meta'
[3.213s] Level 1:colcon.colcon_core.package_identification:_identify(src/openslam_gmapping) by extensions ['ros']
[3.213s] Level 1:colcon.colcon_core.package_identification:_identify(src/openslam_gmapping) by extension 'ros'
[3.218s] DEBUG:colcon.colcon_core.package_identification:Package 'src/openslam_gmapping' with type 'ros.ament_cmake' and name 'openslam_gmapping'
[3.219s] Level 1:colcon.colcon_core.package_identification:_identify(src/robot_control) by extensions ['ignore', 'ignore_ament_install']
[3.220s] Level 1:colcon.colcon_core.package_identification:_identify(src/robot_control) by extension 'ignore'
[3.221s] Level 1:colcon.colcon_core.package_identification:_identify(src/robot_control) by extension 'ignore_ament_install'
[3.221s] Level 1:colcon.colcon_core.package_identification:_identify(src/robot_control) by extensions ['colcon_pkg']
[3.222s] Level 1:colcon.colcon_core.package_identification:_identify(src/robot_control) by extension 'colcon_pkg'
[3.222s] Level 1:colcon.colcon_core.package_identification:_identify(src/robot_control) by extensions ['colcon_meta']
[3.222s] Level 1:colcon.colcon_core.package_identification:_identify(src/robot_control) by extension 'colcon_meta'
[3.222s] Level 1:colcon.colcon_core.package_identification:_identify(src/robot_control) by extensions ['ros']
[3.223s] Level 1:colcon.colcon_core.package_identification:_identify(src/robot_control) by extension 'ros'
[3.231s] DEBUG:colcon.colcon_core.package_identification:Package 'src/robot_control' with type 'ros.ament_python' and name 'robot_control'
[3.232s] Level 1:colcon.colcon_core.package_identification:_identify(src/slam_gmapping) by extensions ['ignore', 'ignore_ament_install']
[3.233s] Level 1:colcon.colcon_core.package_identification:_identify(src/slam_gmapping) by extension 'ignore'
[3.233s] Level 1:colcon.colcon_core.package_identification:_identify(src/slam_gmapping) by extension 'ignore_ament_install'
[3.234s] Level 1:colcon.colcon_core.package_identification:_identify(src/slam_gmapping) by extensions ['colcon_pkg']
[3.234s] Level 1:colcon.colcon_core.package_identification:_identify(src/slam_gmapping) by extension 'colcon_pkg'
[3.235s] Level 1:colcon.colcon_core.package_identification:_identify(src/slam_gmapping) by extensions ['colcon_meta']
[3.235s] Level 1:colcon.colcon_core.package_identification:_identify(src/slam_gmapping) by extension 'colcon_meta'
[3.235s] Level 1:colcon.colcon_core.package_identification:_identify(src/slam_gmapping) by extensions ['ros']
[3.235s] Level 1:colcon.colcon_core.package_identification:_identify(src/slam_gmapping) by extension 'ros'
[3.245s] DEBUG:colcon.colcon_core.package_identification:Package 'src/slam_gmapping' with type 'ros.ament_cmake' and name 'slam_gmapping'
[3.247s] Level 1:colcon.colcon_core.package_identification:_identify(src/ydlidar_ros2_driver-master) by extensions ['ignore', 'ignore_ament_install']
[3.247s] Level 1:colcon.colcon_core.package_identification:_identify(src/ydlidar_ros2_driver-master) by extension 'ignore'
[3.248s] Level 1:colcon.colcon_core.package_identification:_identify(src/ydlidar_ros2_driver-master) by extension 'ignore_ament_install'
[3.249s] Level 1:colcon.colcon_core.package_identification:_identify(src/ydlidar_ros2_driver-master) by extensions ['colcon_pkg']
[3.249s] Level 1:colcon.colcon_core.package_identification:_identify(src/ydlidar_ros2_driver-master) by extension 'colcon_pkg'
[3.249s] Level 1:colcon.colcon_core.package_identification:_identify(src/ydlidar_ros2_driver-master) by extensions ['colcon_meta']
[3.249s] Level 1:colcon.colcon_core.package_identification:_identify(src/ydlidar_ros2_driver-master) by extension 'colcon_meta'
[3.250s] Level 1:colcon.colcon_core.package_identification:_identify(src/ydlidar_ros2_driver-master) by extensions ['ros']
[3.250s] Level 1:colcon.colcon_core.package_identification:_identify(src/ydlidar_ros2_driver-master) by extension 'ros'
[3.256s] DEBUG:colcon.colcon_core.package_identification:Package 'src/ydlidar_ros2_driver-master' with type 'ros.ament_cmake' and name 'ydlidar_ros2_driver'
[3.256s] Level 1:colcon.colcon_core.package_discovery:discover_packages(recursive) using defaults
[3.257s] Level 1:colcon.colcon_core.package_discovery:discover_packages(ignore) discover
[3.257s] Level 1:colcon.colcon_core.package_discovery:discover_packages(ignore) using defaults
[3.257s] Level 1:colcon.colcon_core.package_discovery:discover_packages(path) discover
[3.257s] Level 1:colcon.colcon_core.package_discovery:discover_packages(path) using defaults
[3.408s] INFO:colcon.colcon_core.package_selection:Skipping not selected package 'my_robot_description' in 'src/my_robot_description'
[3.408s] INFO:colcon.colcon_core.package_selection:Skipping not selected package 'openslam_gmapping' in 'src/openslam_gmapping'
[3.408s] INFO:colcon.colcon_core.package_selection:Skipping not selected package 'robot_control' in 'src/robot_control'
[3.409s] INFO:colcon.colcon_core.package_selection:Skipping not selected package 'ydlidar_ros2_driver' in 'src/ydlidar_ros2_driver-master'
[3.412s] Level 1:colcon.colcon_core.package_discovery:discover_packages(prefix_path) check parameters
[3.413s] Level 1:colcon.colcon_core.package_discovery:discover_packages(prefix_path) discover
[3.429s] DEBUG:colcon.colcon_installed_package_information.package_discovery:Found 5 installed packages in /home/sunrise/robot/robot_ws/install
[3.441s] DEBUG:colcon.colcon_installed_package_information.package_discovery:Found 397 installed packages in /opt/ros/humble
[3.467s] Level 1:colcon.colcon_core.package_discovery:discover_packages(prefix_path) using defaults
[3.895s] Level 5:colcon.colcon_core.verb:set package 'slam_gmapping' build argument 'cmake_args' from command line to 'None'
[3.896s] Level 5:colcon.colcon_core.verb:set package 'slam_gmapping' build argument 'cmake_target' from command line to 'None'
[3.896s] Level 5:colcon.colcon_core.verb:set package 'slam_gmapping' build argument 'cmake_target_skip_unavailable' from command line to 'False'
[3.896s] Level 5:colcon.colcon_core.verb:set package 'slam_gmapping' build argument 'cmake_clean_cache' from command line to 'False'
[3.896s] Level 5:colcon.colcon_core.verb:set package 'slam_gmapping' build argument 'cmake_clean_first' from command line to 'False'
[3.896s] Level 5:colcon.colcon_core.verb:set package 'slam_gmapping' build argument 'cmake_force_configure' from command line to 'False'
[3.897s] Level 5:colcon.colcon_core.verb:set package 'slam_gmapping' build argument 'ament_cmake_args' from command line to 'None'
[3.897s] Level 5:colcon.colcon_core.verb:set package 'slam_gmapping' build argument 'catkin_cmake_args' from command line to 'None'
[3.897s] Level 5:colcon.colcon_core.verb:set package 'slam_gmapping' build argument 'catkin_skip_building_tests' from command line to 'False'
[3.897s] DEBUG:colcon.colcon_core.verb:Building package 'slam_gmapping' with the following arguments: {'ament_cmake_args': None, 'build_base': '/home/sunrise/robot/robot_ws/build/slam_gmapping', 'catkin_cmake_args': None, 'catkin_skip_building_tests': False, 'cmake_args': None, 'cmake_clean_cache': False, 'cmake_clean_first': False, 'cmake_force_configure': False, 'cmake_target': None, 'cmake_target_skip_unavailable': False, 'install_base': '/home/sunrise/robot/robot_ws/install/slam_gmapping', 'merge_install': False, 'path': '/home/sunrise/robot/robot_ws/src/slam_gmapping', 'symlink_install': False, 'test_result_base': None}
[3.898s] INFO:colcon.colcon_core.executor:Executing jobs using 'parallel' executor
[3.904s] DEBUG:colcon.colcon_parallel_executor.executor.parallel:run_until_complete
[3.906s] INFO:colcon.colcon_ros.task.ament_cmake.build:Building ROS package in '/home/sunrise/robot/robot_ws/src/slam_gmapping' with build type 'ament_cmake'
[3.907s] INFO:colcon.colcon_cmake.task.cmake.build:Building CMake package in '/home/sunrise/robot/robot_ws/src/slam_gmapping'
[3.929s] INFO:colcon.colcon_core.plugin_system:Skipping extension 'colcon_core.shell.bat': Not used on non-Windows systems
[3.930s] INFO:colcon.colcon_core.shell:Skip shell extension 'powershell' for command environment: Not usable outside of PowerShell
[3.930s] DEBUG:colcon.colcon_core.shell:Skip shell extension 'dsv' for command environment
[3.997s] DEBUG:colcon.colcon_core.event_handler.log_command:Invoking command in '/home/sunrise/robot/robot_ws/build/slam_gmapping': CMAKE_PREFIX_PATH=/home/sunrise/robot/robot_ws/install/openslam_gmapping:/home/sunrise/robot/robot_ws/install/ydlidar_ros2_driver:/home/sunrise/robot/robot_ws/install/slam_gmapping:/home/sunrise/robot/robot_ws/install/my_robot_description:/home/sunrise/robot/robot_ws/install/robot_control:/opt/ros/humble /usr/bin/cmake --build /home/sunrise/robot/robot_ws/build/slam_gmapping -- -j8 -l8
[4.725s] DEBUG:colcon.colcon_core.event_handler.log_command:Invoked command in '/home/sunrise/robot/robot_ws/build/slam_gmapping' returned '0': CMAKE_PREFIX_PATH=/home/sunrise/robot/robot_ws/install/openslam_gmapping:/home/sunrise/robot/robot_ws/install/ydlidar_ros2_driver:/home/sunrise/robot/robot_ws/install/slam_gmapping:/home/sunrise/robot/robot_ws/install/my_robot_description:/home/sunrise/robot/robot_ws/install/robot_control:/opt/ros/humble /usr/bin/cmake --build /home/sunrise/robot/robot_ws/build/slam_gmapping -- -j8 -l8
[4.781s] DEBUG:colcon.colcon_core.event_handler.log_command:Invoking command in '/home/sunrise/robot/robot_ws/build/slam_gmapping': CMAKE_PREFIX_PATH=/home/sunrise/robot/robot_ws/install/openslam_gmapping:/home/sunrise/robot/robot_ws/install/ydlidar_ros2_driver:/home/sunrise/robot/robot_ws/install/slam_gmapping:/home/sunrise/robot/robot_ws/install/my_robot_description:/home/sunrise/robot/robot_ws/install/robot_control:/opt/ros/humble /usr/bin/cmake --install /home/sunrise/robot/robot_ws/build/slam_gmapping
[4.900s] Level 1:colcon.colcon_core.environment:create_environment_scripts_only(slam_gmapping)
[4.903s] DEBUG:colcon.colcon_core.event_handler.log_command:Invoked command in '/home/sunrise/robot/robot_ws/build/slam_gmapping' returned '0': CMAKE_PREFIX_PATH=/home/sunrise/robot/robot_ws/install/openslam_gmapping:/home/sunrise/robot/robot_ws/install/ydlidar_ros2_driver:/home/sunrise/robot/robot_ws/install/slam_gmapping:/home/sunrise/robot/robot_ws/install/my_robot_description:/home/sunrise/robot/robot_ws/install/robot_control:/opt/ros/humble /usr/bin/cmake --install /home/sunrise/robot/robot_ws/build/slam_gmapping
[4.926s] Level 1:colcon.colcon_core.environment:checking '/home/sunrise/robot/robot_ws/install/slam_gmapping' for CMake module files
[4.931s] Level 1:colcon.colcon_core.environment:checking '/home/sunrise/robot/robot_ws/install/slam_gmapping' for CMake config files
[4.933s] Level 1:colcon.colcon_core.shell:create_environment_hook('slam_gmapping', 'cmake_prefix_path')
[4.935s] INFO:colcon.colcon_core.shell:Creating environment hook '/home/sunrise/robot/robot_ws/install/slam_gmapping/share/slam_gmapping/hook/cmake_prefix_path.ps1'
[4.941s] INFO:colcon.colcon_core.shell:Creating environment descriptor '/home/sunrise/robot/robot_ws/install/slam_gmapping/share/slam_gmapping/hook/cmake_prefix_path.dsv'
[4.945s] INFO:colcon.colcon_core.shell:Creating environment hook '/home/sunrise/robot/robot_ws/install/slam_gmapping/share/slam_gmapping/hook/cmake_prefix_path.sh'
[4.952s] Level 1:colcon.colcon_core.environment:checking '/home/sunrise/robot/robot_ws/install/slam_gmapping/lib'
[4.954s] Level 1:colcon.colcon_core.environment:checking '/home/sunrise/robot/robot_ws/install/slam_gmapping/bin'
[4.954s] Level 1:colcon.colcon_core.environment:checking '/home/sunrise/robot/robot_ws/install/slam_gmapping/lib/pkgconfig/slam_gmapping.pc'
[4.956s] Level 1:colcon.colcon_core.environment:checking '/home/sunrise/robot/robot_ws/install/slam_gmapping/lib/python3.10/site-packages'
[4.959s] Level 1:colcon.colcon_core.environment:checking '/home/sunrise/robot/robot_ws/install/slam_gmapping/bin'
[4.961s] INFO:colcon.colcon_core.shell:Creating package script '/home/sunrise/robot/robot_ws/install/slam_gmapping/share/slam_gmapping/package.ps1'
[4.969s] INFO:colcon.colcon_core.shell:Creating package descriptor '/home/sunrise/robot/robot_ws/install/slam_gmapping/share/slam_gmapping/package.dsv'
[4.976s] INFO:colcon.colcon_core.shell:Creating package script '/home/sunrise/robot/robot_ws/install/slam_gmapping/share/slam_gmapping/package.sh'
[4.982s] INFO:colcon.colcon_core.shell:Creating package script '/home/sunrise/robot/robot_ws/install/slam_gmapping/share/slam_gmapping/package.bash'
[4.989s] INFO:colcon.colcon_core.shell:Creating package script '/home/sunrise/robot/robot_ws/install/slam_gmapping/share/slam_gmapping/package.zsh'
[4.994s] Level 1:colcon.colcon_core.environment:create_file_with_runtime_dependencies(/home/sunrise/robot/robot_ws/install/slam_gmapping/share/colcon-core/packages/slam_gmapping)
[4.999s] Level 1:colcon.colcon_core.environment:create_environment_scripts_only(slam_gmapping)
[5.001s] Level 1:colcon.colcon_core.environment:checking '/home/sunrise/robot/robot_ws/install/slam_gmapping' for CMake module files
[5.005s] Level 1:colcon.colcon_core.environment:checking '/home/sunrise/robot/robot_ws/install/slam_gmapping' for CMake config files
[5.007s] Level 1:colcon.colcon_core.shell:create_environment_hook('slam_gmapping', 'cmake_prefix_path')
[5.008s] INFO:colcon.colcon_core.shell:Creating environment hook '/home/sunrise/robot/robot_ws/install/slam_gmapping/share/slam_gmapping/hook/cmake_prefix_path.ps1'
[5.011s] INFO:colcon.colcon_core.shell:Creating environment descriptor '/home/sunrise/robot/robot_ws/install/slam_gmapping/share/slam_gmapping/hook/cmake_prefix_path.dsv'
[5.016s] INFO:colcon.colcon_core.shell:Creating environment hook '/home/sunrise/robot/robot_ws/install/slam_gmapping/share/slam_gmapping/hook/cmake_prefix_path.sh'
[5.020s] Level 1:colcon.colcon_core.environment:checking '/home/sunrise/robot/robot_ws/install/slam_gmapping/lib'
[5.021s] Level 1:colcon.colcon_core.environment:checking '/home/sunrise/robot/robot_ws/install/slam_gmapping/bin'
[5.021s] Level 1:colcon.colcon_core.environment:checking '/home/sunrise/robot/robot_ws/install/slam_gmapping/lib/pkgconfig/slam_gmapping.pc'
[5.023s] Level 1:colcon.colcon_core.environment:checking '/home/sunrise/robot/robot_ws/install/slam_gmapping/lib/python3.10/site-packages'
[5.026s] Level 1:colcon.colcon_core.environment:checking '/home/sunrise/robot/robot_ws/install/slam_gmapping/bin'
[5.029s] INFO:colcon.colcon_core.shell:Creating package script '/home/sunrise/robot/robot_ws/install/slam_gmapping/share/slam_gmapping/package.ps1'
[5.033s] INFO:colcon.colcon_core.shell:Creating package descriptor '/home/sunrise/robot/robot_ws/install/slam_gmapping/share/slam_gmapping/package.dsv'
[5.038s] INFO:colcon.colcon_core.shell:Creating package script '/home/sunrise/robot/robot_ws/install/slam_gmapping/share/slam_gmapping/package.sh'
[5.042s] INFO:colcon.colcon_core.shell:Creating package script '/home/sunrise/robot/robot_ws/install/slam_gmapping/share/slam_gmapping/package.bash'
[5.045s] INFO:colcon.colcon_core.shell:Creating package script '/home/sunrise/robot/robot_ws/install/slam_gmapping/share/slam_gmapping/package.zsh'
[5.049s] Level 1:colcon.colcon_core.environment:create_file_with_runtime_dependencies(/home/sunrise/robot/robot_ws/install/slam_gmapping/share/colcon-core/packages/slam_gmapping)
[5.150s] DEBUG:colcon.colcon_parallel_executor.executor.parallel:closing loop
[5.152s] DEBUG:colcon.colcon_parallel_executor.executor.parallel:loop closed
[5.153s] DEBUG:colcon.colcon_parallel_executor.executor.parallel:run_until_complete finished with '0'
[5.154s] DEBUG:colcon.colcon_core.event_reactor:joining thread
[5.460s] DEBUG:colcon.colcon_core.event_reactor:joined thread
[5.463s] INFO:colcon.colcon_core.shell:Creating prefix script '/home/sunrise/robot/robot_ws/install/local_setup.ps1'
[5.482s] INFO:colcon.colcon_core.shell:Creating prefix util module '/home/sunrise/robot/robot_ws/install/_local_setup_util_ps1.py'
[5.496s] INFO:colcon.colcon_core.shell:Creating prefix chain script '/home/sunrise/robot/robot_ws/install/setup.ps1'
[5.509s] INFO:colcon.colcon_core.shell:Creating prefix script '/home/sunrise/robot/robot_ws/install/local_setup.sh'
[5.514s] INFO:colcon.colcon_core.shell:Creating prefix util module '/home/sunrise/robot/robot_ws/install/_local_setup_util_sh.py'
[5.520s] INFO:colcon.colcon_core.shell:Creating prefix chain script '/home/sunrise/robot/robot_ws/install/setup.sh'
[5.532s] INFO:colcon.colcon_core.shell:Creating prefix script '/home/sunrise/robot/robot_ws/install/local_setup.bash'
[5.538s] INFO:colcon.colcon_core.shell:Creating prefix chain script '/home/sunrise/robot/robot_ws/install/setup.bash'
[5.547s] INFO:colcon.colcon_core.shell:Creating prefix script '/home/sunrise/robot/robot_ws/install/local_setup.zsh'
[5.553s] INFO:colcon.colcon_core.shell:Creating prefix chain script '/home/sunrise/robot/robot_ws/install/setup.zsh'
