[2.190s] Invoking command in '/home/sunrise/robot/robot_ws/build/slam_gmapping': CMAKE_PREFIX_PATH=/home/sunrise/robot/robot_ws/install/openslam_gmapping:/home/sunrise/robot/robot_ws/install/ydlidar_ros2_driver:/home/sunrise/robot/robot_ws/install/slam_gmapping:/home/sunrise/robot/robot_ws/install/my_robot_description:/home/sunrise/robot/robot_ws/install/robot_control:/opt/ros/humble /usr/bin/cmake /home/sunrise/robot/robot_ws/src/slam_gmapping -DAMENT_CMAKE_SYMLINK_INSTALL=1 -DCMAKE_INSTALL_PREFIX=/home/sunrise/robot/robot_ws/install/slam_gmapping
[2.443s]  -fuse-ld=lld -Wl,--disable-new-dtags
[2.448s] -- Found ament_cmake: 1.3.14 (/opt/ros/humble/share/ament_cmake/cmake)
[3.304s] -- Override CMake install command with custom implementation using symlinks instead of copying resources
[3.389s] -- Found std_msgs: 4.9.1 (/opt/ros/humble/share/std_msgs/cmake)
[3.589s] -- Found rosidl_generator_c: 3.1.8 (/opt/ros/humble/share/rosidl_generator_c/cmake)
[3.626s] -- Found rosidl_adapter: 3.1.8 (/opt/ros/humble/share/rosidl_adapter/cmake)
[3.701s] -- Found rosidl_generator_cpp: 3.1.8 (/opt/ros/humble/share/rosidl_generator_cpp/cmake)
[3.778s] -- Using all available rosidl_typesupport_c: rosidl_typesupport_fastrtps_c;rosidl_typesupport_introspection_c
[3.880s] -- Using all available rosidl_typesupport_cpp: rosidl_typesupport_fastrtps_cpp;rosidl_typesupport_introspection_cpp
[4.053s] -- Found nav_msgs: 4.9.1 (/opt/ros/humble/share/nav_msgs/cmake)
[4.254s] -- Found tf2: 0.25.20 (/opt/ros/humble/share/tf2/cmake)
[4.284s] -- Found tf2_ros: 0.25.20 (/opt/ros/humble/share/tf2_ros/cmake)
[4.789s] -- Found rmw_implementation_cmake: 6.1.2 (/opt/ros/humble/share/rmw_implementation_cmake/cmake)
[4.803s] -- Found rmw_fastrtps_cpp: 6.2.10 (/opt/ros/humble/share/rmw_fastrtps_cpp/cmake)
[5.410s] -- Using RMW implementation 'rmw_fastrtps_cpp' as default
[6.122s] -- Found tf2_geometry_msgs: 0.25.20 (/opt/ros/humble/share/tf2_geometry_msgs/cmake)
[6.151s] -- Found eigen3_cmake_module: 0.1.1 (/opt/ros/humble/share/eigen3_cmake_module/cmake)
[6.159s] -- Ensuring Eigen3 include directory is part of orocos-kdl CMake target
[6.173s] -- Found sensor_msgs: 4.9.1 (/opt/ros/humble/share/sensor_msgs/cmake)
[6.293s] -- Found visualization_msgs: 4.9.1 (/opt/ros/humble/share/visualization_msgs/cmake)
[6.428s] -- Found openslam_gmapping: 0.1.2 (/home/sunrise/robot/robot_ws/install/openslam_gmapping/share/openslam_gmapping/cmake)
[6.440s] -- Found ament_lint_auto: 0.12.15 (/opt/ros/humble/share/ament_lint_auto/cmake)
[6.977s] -- Added test 'cppcheck' to perform static code analysis on C / C++ code
[6.979s] -- Configured cppcheck include dirs: /home/sunrise/robot/robot_ws/src/slam_gmapping/include
[6.980s] -- Configured cppcheck exclude dirs and/or files: 
[6.983s] -- Added test 'flake8' to check Python code syntax and style conventions
[6.986s] -- Added test 'lint_cmake' to check CMake code style
[6.989s] -- Added test 'pep257' to check Python code against some of the docstring style conventions in PEP 257
[6.997s] -- Added test 'uncrustify' to check C / C++ code style
[6.998s] -- Configured uncrustify additional arguments: 
[7.000s] -- Added test 'xmllint' to check XML markup files
[7.009s] -- Configuring done
[7.037s] CMake Warning (dev) at CMakeLists.txt:46 (add_executable):
[7.038s]   Policy CMP0115 is not set: Source file extensions must be explicit.  Run
[7.038s]   "cmake --help-policy CMP0115" for policy details.  Use the cmake_policy
[7.039s]   command to set the policy and suppress this warning.
[7.039s] 
[7.040s]   File:
[7.040s] 
[7.041s]     /home/sunrise/robot/robot_ws/src/slam_gmapping/src/transform.cpp
[7.041s] This warning is for project developers.  Use -Wno-dev to suppress it.
[7.042s] 
[7.141s] -- Generating done
[7.184s] -- Build files have been written to: /home/sunrise/robot/robot_ws/build/slam_gmapping
[7.267s] Invoked command in '/home/sunrise/robot/robot_ws/build/slam_gmapping' returned '0': CMAKE_PREFIX_PATH=/home/sunrise/robot/robot_ws/install/openslam_gmapping:/home/sunrise/robot/robot_ws/install/ydlidar_ros2_driver:/home/sunrise/robot/robot_ws/install/slam_gmapping:/home/sunrise/robot/robot_ws/install/my_robot_description:/home/sunrise/robot/robot_ws/install/robot_control:/opt/ros/humble /usr/bin/cmake /home/sunrise/robot/robot_ws/src/slam_gmapping -DAMENT_CMAKE_SYMLINK_INSTALL=1 -DCMAKE_INSTALL_PREFIX=/home/sunrise/robot/robot_ws/install/slam_gmapping
[7.277s] Invoking command in '/home/sunrise/robot/robot_ws/build/slam_gmapping': CMAKE_PREFIX_PATH=/home/sunrise/robot/robot_ws/install/openslam_gmapping:/home/sunrise/robot/robot_ws/install/ydlidar_ros2_driver:/home/sunrise/robot/robot_ws/install/slam_gmapping:/home/sunrise/robot/robot_ws/install/my_robot_description:/home/sunrise/robot/robot_ws/install/robot_control:/opt/ros/humble /usr/bin/cmake --build /home/sunrise/robot/robot_ws/build/slam_gmapping -- -j8 -l8
[7.508s] Consolidate compiler generated dependencies of target transform
[7.509s] Consolidate compiler generated dependencies of target slam_gmapping
[7.699s] [100%] Built target transform
[7.700s] [100%] Built target slam_gmapping
[7.749s] Invoked command in '/home/sunrise/robot/robot_ws/build/slam_gmapping' returned '0': CMAKE_PREFIX_PATH=/home/sunrise/robot/robot_ws/install/openslam_gmapping:/home/sunrise/robot/robot_ws/install/ydlidar_ros2_driver:/home/sunrise/robot/robot_ws/install/slam_gmapping:/home/sunrise/robot/robot_ws/install/my_robot_description:/home/sunrise/robot/robot_ws/install/robot_control:/opt/ros/humble /usr/bin/cmake --build /home/sunrise/robot/robot_ws/build/slam_gmapping -- -j8 -l8
[7.795s] Invoking command in '/home/sunrise/robot/robot_ws/build/slam_gmapping': CMAKE_PREFIX_PATH=/home/sunrise/robot/robot_ws/install/openslam_gmapping:/home/sunrise/robot/robot_ws/install/ydlidar_ros2_driver:/home/sunrise/robot/robot_ws/install/slam_gmapping:/home/sunrise/robot/robot_ws/install/my_robot_description:/home/sunrise/robot/robot_ws/install/robot_control:/opt/ros/humble /usr/bin/cmake --install /home/sunrise/robot/robot_ws/build/slam_gmapping
[7.831s] -- Install configuration: ""
[7.834s] -- Execute custom install script
[7.836s] -- Up-to-date symlink: /home/sunrise/robot/robot_ws/install/slam_gmapping/lib/slam_gmapping/slam_gmapping
[7.837s] -- Up-to-date symlink: /home/sunrise/robot/robot_ws/install/slam_gmapping/lib/slam_gmapping/transform
[7.840s] -- Up-to-date symlink: /home/sunrise/robot/robot_ws/install/slam_gmapping/share/slam_gmapping/launch/gmapping_4ros_launch.py
[7.842s] -- Up-to-date symlink: /home/sunrise/robot/robot_ws/install/slam_gmapping/share/slam_gmapping/launch/gmapping_x3_launch.py
[7.843s] -- Up-to-date symlink: /home/sunrise/robot/robot_ws/install/slam_gmapping/share/slam_gmapping/launch/localization.launch.py
[7.844s] -- Up-to-date symlink: /home/sunrise/robot/robot_ws/install/slam_gmapping/share/slam_gmapping/launch/navigation.launch.py
[7.845s] -- Up-to-date symlink: /home/sunrise/robot/robot_ws/install/slam_gmapping/share/slam_gmapping/launch/slam_4ros_gmapping.launch.py
[7.846s] -- Up-to-date symlink: /home/sunrise/robot/robot_ws/install/slam_gmapping/share/slam_gmapping/launch/slam_x3_gmapping.launch.py
[7.848s] -- Up-to-date symlink: /home/sunrise/robot/robot_ws/install/slam_gmapping/share/slam_gmapping/launch/test_gmapping.launch.py
[7.849s] -- Up-to-date symlink: /home/sunrise/robot/robot_ws/install/slam_gmapping/share/slam_gmapping/params/amcl_params.yaml
[7.850s] -- Up-to-date symlink: /home/sunrise/robot/robot_ws/install/slam_gmapping/share/slam_gmapping/params/nav2_params.yaml
[7.851s] -- Up-to-date symlink: /home/sunrise/robot/robot_ws/install/slam_gmapping/share/slam_gmapping/params/slam_gmapping.yaml
[7.852s] -- Up-to-date symlink: /home/sunrise/robot/robot_ws/install/slam_gmapping/share/slam_gmapping/rviz/map.rviz
[7.853s] -- Up-to-date symlink: /home/sunrise/robot/robot_ws/install/slam_gmapping/share/slam_gmapping/rviz/map_view.rviz
[7.854s] -- Up-to-date symlink: /home/sunrise/robot/robot_ws/install/slam_gmapping/share/slam_gmapping/rviz/test_gmapping.rviz
[7.855s] -- Up-to-date symlink: /home/sunrise/robot/robot_ws/install/slam_gmapping/share/slam_gmapping/rviz/view_gmapping.rviz
[7.856s] -- Up-to-date symlink: /home/sunrise/robot/robot_ws/install/slam_gmapping/share/ament_index/resource_index/package_run_dependencies/slam_gmapping
[7.857s] -- Up-to-date symlink: /home/sunrise/robot/robot_ws/install/slam_gmapping/share/ament_index/resource_index/parent_prefix_path/slam_gmapping
[7.859s] -- Up-to-date symlink: /home/sunrise/robot/robot_ws/install/slam_gmapping/share/slam_gmapping/environment/ament_prefix_path.sh
[7.859s] -- Up-to-date symlink: /home/sunrise/robot/robot_ws/install/slam_gmapping/share/slam_gmapping/environment/ament_prefix_path.dsv
[7.860s] -- Up-to-date symlink: /home/sunrise/robot/robot_ws/install/slam_gmapping/share/slam_gmapping/environment/path.sh
[7.861s] -- Up-to-date symlink: /home/sunrise/robot/robot_ws/install/slam_gmapping/share/slam_gmapping/environment/path.dsv
[7.861s] -- Up-to-date symlink: /home/sunrise/robot/robot_ws/install/slam_gmapping/share/slam_gmapping/local_setup.bash
[7.862s] -- Up-to-date symlink: /home/sunrise/robot/robot_ws/install/slam_gmapping/share/slam_gmapping/local_setup.sh
[7.862s] -- Up-to-date symlink: /home/sunrise/robot/robot_ws/install/slam_gmapping/share/slam_gmapping/local_setup.zsh
[7.863s] -- Up-to-date symlink: /home/sunrise/robot/robot_ws/install/slam_gmapping/share/slam_gmapping/local_setup.dsv
[7.863s] -- Symlinking: /home/sunrise/robot/robot_ws/install/slam_gmapping/share/slam_gmapping/package.dsv
[7.902s] -- Up-to-date symlink: /home/sunrise/robot/robot_ws/install/slam_gmapping/share/ament_index/resource_index/packages/slam_gmapping
[7.904s] -- Up-to-date symlink: /home/sunrise/robot/robot_ws/install/slam_gmapping/share/slam_gmapping/cmake/slam_gmappingConfig.cmake
[7.905s] -- Up-to-date symlink: /home/sunrise/robot/robot_ws/install/slam_gmapping/share/slam_gmapping/cmake/slam_gmappingConfig-version.cmake
[7.905s] -- Up-to-date symlink: /home/sunrise/robot/robot_ws/install/slam_gmapping/share/slam_gmapping/package.xml
[7.914s] Invoked command in '/home/sunrise/robot/robot_ws/build/slam_gmapping' returned '0': CMAKE_PREFIX_PATH=/home/sunrise/robot/robot_ws/install/openslam_gmapping:/home/sunrise/robot/robot_ws/install/ydlidar_ros2_driver:/home/sunrise/robot/robot_ws/install/slam_gmapping:/home/sunrise/robot/robot_ws/install/my_robot_description:/home/sunrise/robot/robot_ws/install/robot_control:/opt/ros/humble /usr/bin/cmake --install /home/sunrise/robot/robot_ws/build/slam_gmapping
