[0.205s] Invoking command in '/home/sunrise/robot/robot_ws/build/slam_gmapping': CMAKE_PREFIX_PATH=/home/sunrise/robot/robot_ws/install/openslam_gmapping:/home/sunrise/robot/robot_ws/install/ydlidar_ros2_driver:/home/sunrise/robot/robot_ws/install/slam_gmapping:/home/sunrise/robot/robot_ws/install/my_robot_description:/home/sunrise/robot/robot_ws/install/robot_control:/opt/ros/humble /usr/bin/cmake --build /home/sunrise/robot/robot_ws/build/slam_gmapping -- -j8 -l8
[0.705s] [ 50%] Built target slam_gmapping
[0.706s] [100%] Built target transform
[0.766s] Invoked command in '/home/sunrise/robot/robot_ws/build/slam_gmapping' returned '0': CMAKE_PREFIX_PATH=/home/sunrise/robot/robot_ws/install/openslam_gmapping:/home/sunrise/robot/robot_ws/install/ydlidar_ros2_driver:/home/sunrise/robot/robot_ws/install/slam_gmapping:/home/sunrise/robot/robot_ws/install/my_robot_description:/home/sunrise/robot/robot_ws/install/robot_control:/opt/ros/humble /usr/bin/cmake --build /home/sunrise/robot/robot_ws/build/slam_gmapping -- -j8 -l8
[0.780s] Invoking command in '/home/sunrise/robot/robot_ws/build/slam_gmapping': CMAKE_PREFIX_PATH=/home/sunrise/robot/robot_ws/install/openslam_gmapping:/home/sunrise/robot/robot_ws/install/ydlidar_ros2_driver:/home/sunrise/robot/robot_ws/install/slam_gmapping:/home/sunrise/robot/robot_ws/install/my_robot_description:/home/sunrise/robot/robot_ws/install/robot_control:/opt/ros/humble /usr/bin/cmake --install /home/sunrise/robot/robot_ws/build/slam_gmapping
[0.821s] -- Install configuration: ""
[0.822s] -- Up-to-date: /home/sunrise/robot/robot_ws/install/slam_gmapping/lib/slam_gmapping/slam_gmapping
[0.827s] -- Up-to-date: /home/sunrise/robot/robot_ws/install/slam_gmapping/lib/slam_gmapping/transform
[0.828s] -- Up-to-date: /home/sunrise/robot/robot_ws/install/slam_gmapping/share/slam_gmapping/launch
[0.829s] -- Up-to-date: /home/sunrise/robot/robot_ws/install/slam_gmapping/share/slam_gmapping/launch/gmapping_x3_launch.py
[0.830s] -- Installing: /home/sunrise/robot/robot_ws/install/slam_gmapping/share/slam_gmapping/launch/slam_4ros_gmapping.launch.py
[0.830s] -- Installing: /home/sunrise/robot/robot_ws/install/slam_gmapping/share/slam_gmapping/launch/gmapping_4ros_launch.py
[0.831s] -- Up-to-date: /home/sunrise/robot/robot_ws/install/slam_gmapping/share/slam_gmapping/launch/test_gmapping.launch.py
[0.832s] -- Up-to-date: /home/sunrise/robot/robot_ws/install/slam_gmapping/share/slam_gmapping/launch/slam_x3_gmapping.launch.py
[0.833s] -- Up-to-date: /home/sunrise/robot/robot_ws/install/slam_gmapping/share/ament_index/resource_index/package_run_dependencies/slam_gmapping
[0.834s] -- Up-to-date: /home/sunrise/robot/robot_ws/install/slam_gmapping/share/ament_index/resource_index/parent_prefix_path/slam_gmapping
[0.835s] -- Up-to-date: /home/sunrise/robot/robot_ws/install/slam_gmapping/share/slam_gmapping/environment/ament_prefix_path.sh
[0.836s] -- Up-to-date: /home/sunrise/robot/robot_ws/install/slam_gmapping/share/slam_gmapping/environment/ament_prefix_path.dsv
[0.837s] -- Up-to-date: /home/sunrise/robot/robot_ws/install/slam_gmapping/share/slam_gmapping/environment/path.sh
[0.838s] -- Up-to-date: /home/sunrise/robot/robot_ws/install/slam_gmapping/share/slam_gmapping/environment/path.dsv
[0.839s] -- Up-to-date: /home/sunrise/robot/robot_ws/install/slam_gmapping/share/slam_gmapping/local_setup.bash
[0.842s] -- Up-to-date: /home/sunrise/robot/robot_ws/install/slam_gmapping/share/slam_gmapping/local_setup.sh
[0.844s] -- Up-to-date: /home/sunrise/robot/robot_ws/install/slam_gmapping/share/slam_gmapping/local_setup.zsh
[0.849s] -- Up-to-date: /home/sunrise/robot/robot_ws/install/slam_gmapping/share/slam_gmapping/local_setup.dsv
[0.850s] -- Installing: /home/sunrise/robot/robot_ws/install/slam_gmapping/share/slam_gmapping/package.dsv
[0.852s] -- Up-to-date: /home/sunrise/robot/robot_ws/install/slam_gmapping/share/ament_index/resource_index/packages/slam_gmapping
[0.853s] -- Up-to-date: /home/sunrise/robot/robot_ws/install/slam_gmapping/share/slam_gmapping/cmake/slam_gmappingConfig.cmake
[0.854s] -- Up-to-date: /home/sunrise/robot/robot_ws/install/slam_gmapping/share/slam_gmapping/cmake/slam_gmappingConfig-version.cmake
[0.856s] -- Up-to-date: /home/sunrise/robot/robot_ws/install/slam_gmapping/share/slam_gmapping/package.xml
[0.866s] Invoked command in '/home/sunrise/robot/robot_ws/build/slam_gmapping' returned '0': CMAKE_PREFIX_PATH=/home/sunrise/robot/robot_ws/install/openslam_gmapping:/home/sunrise/robot/robot_ws/install/ydlidar_ros2_driver:/home/sunrise/robot/robot_ws/install/slam_gmapping:/home/sunrise/robot/robot_ws/install/my_robot_description:/home/sunrise/robot/robot_ws/install/robot_control:/opt/ros/humble /usr/bin/cmake --install /home/sunrise/robot/robot_ws/build/slam_gmapping
