[1.568s] DEBUG:colcon:Command line arguments: ['/usr/bin/colcon', 'build', '--packages-select', 'my_robot_description']
[1.569s] DEBUG:colcon:Parsed command line arguments: Namespace(log_base=None, log_level=None, verb_name='build', build_base='build', install_base='install', merge_install=False, symlink_install=False, test_result_base=None, continue_on_error=False, executor='parallel', parallel_workers=8, event_handlers=None, ignore_user_meta=False, metas=['./colcon.meta'], base_paths=['.'], packages_ignore=None, packages_ignore_regex=None, paths=None, packages_up_to=None, packages_up_to_regex=None, packages_above=None, packages_above_and_dependencies=None, packages_above_depth=None, packages_select_by_dep=None, packages_skip_by_dep=None, packages_skip_up_to=None, packages_select_build_failed=False, packages_skip_build_finished=False, packages_select_test_failures=False, packages_skip_test_passed=False, packages_select=['my_robot_description'], packages_skip=None, packages_select_regex=None, packages_skip_regex=None, packages_start=None, packages_end=None, allow_overriding=[], cmake_args=None, cmake_target=None, cmake_target_skip_unavailable=False, cmake_clean_cache=False, cmake_clean_first=False, cmake_force_configure=False, ament_cmake_args=None, catkin_cmake_args=None, catkin_skip_building_tests=False, verb_parser=<colcon_defaults.argument_parser.defaults.DefaultArgumentsDecorator object at 0xffff8f026ad0>, verb_extension=<colcon_core.verb.build.BuildVerb object at 0xffff8f0265c0>, main=<bound method BuildVerb.main of <colcon_core.verb.build.BuildVerb object at 0xffff8f0265c0>>)
[3.845s] Level 1:colcon.colcon_core.package_discovery:discover_packages(colcon_meta) check parameters
[3.846s] Level 1:colcon.colcon_core.package_discovery:discover_packages(recursive) check parameters
[3.846s] Level 1:colcon.colcon_core.package_discovery:discover_packages(ignore) check parameters
[3.846s] Level 1:colcon.colcon_core.package_discovery:discover_packages(path) check parameters
[3.847s] Level 1:colcon.colcon_core.package_discovery:discover_packages(colcon_meta) discover
[3.847s] Level 1:colcon.colcon_core.package_discovery:discover_packages(recursive) discover
[3.847s] INFO:colcon.colcon_core.package_discovery:Crawling recursively for packages in '/home/sunrise/robot/robot_ws'
[3.848s] Level 1:colcon.colcon_core.package_identification:_identify(.) by extensions ['ignore', 'ignore_ament_install']
[3.849s] Level 1:colcon.colcon_core.package_identification:_identify(.) by extension 'ignore'
[3.849s] Level 1:colcon.colcon_core.package_identification:_identify(.) by extension 'ignore_ament_install'
[3.849s] Level 1:colcon.colcon_core.package_identification:_identify(.) by extensions ['colcon_pkg']
[3.850s] Level 1:colcon.colcon_core.package_identification:_identify(.) by extension 'colcon_pkg'
[3.850s] Level 1:colcon.colcon_core.package_identification:_identify(.) by extensions ['colcon_meta']
[3.850s] Level 1:colcon.colcon_core.package_identification:_identify(.) by extension 'colcon_meta'
[3.850s] Level 1:colcon.colcon_core.package_identification:_identify(.) by extensions ['ros']
[3.851s] Level 1:colcon.colcon_core.package_identification:_identify(.) by extension 'ros'
[4.025s] Level 1:colcon.colcon_core.package_identification:_identify(.) by extensions ['cmake', 'python']
[4.025s] Level 1:colcon.colcon_core.package_identification:_identify(.) by extension 'cmake'
[4.026s] Level 1:colcon.colcon_core.package_identification:_identify(.) by extension 'python'
[4.026s] Level 1:colcon.colcon_core.package_identification:_identify(.) by extensions ['python_setup_py']
[4.026s] Level 1:colcon.colcon_core.package_identification:_identify(.) by extension 'python_setup_py'
[4.027s] Level 1:colcon.colcon_core.package_identification:_identify(build) by extensions ['ignore', 'ignore_ament_install']
[4.027s] Level 1:colcon.colcon_core.package_identification:_identify(build) by extension 'ignore'
[4.028s] Level 1:colcon.colcon_core.package_identification:_identify(build) ignored
[4.028s] Level 1:colcon.colcon_core.package_identification:_identify(install) by extensions ['ignore', 'ignore_ament_install']
[4.029s] Level 1:colcon.colcon_core.package_identification:_identify(install) by extension 'ignore'
[4.029s] Level 1:colcon.colcon_core.package_identification:_identify(install) ignored
[4.030s] Level 1:colcon.colcon_core.package_identification:_identify(log) by extensions ['ignore', 'ignore_ament_install']
[4.030s] Level 1:colcon.colcon_core.package_identification:_identify(log) by extension 'ignore'
[4.031s] Level 1:colcon.colcon_core.package_identification:_identify(log) ignored
[4.031s] Level 1:colcon.colcon_core.package_identification:_identify(robot_ws) by extensions ['ignore', 'ignore_ament_install']
[4.031s] Level 1:colcon.colcon_core.package_identification:_identify(robot_ws) by extension 'ignore'
[4.032s] Level 1:colcon.colcon_core.package_identification:_identify(robot_ws) by extension 'ignore_ament_install'
[4.032s] Level 1:colcon.colcon_core.package_identification:_identify(robot_ws) by extensions ['colcon_pkg']
[4.032s] Level 1:colcon.colcon_core.package_identification:_identify(robot_ws) by extension 'colcon_pkg'
[4.033s] Level 1:colcon.colcon_core.package_identification:_identify(robot_ws) by extensions ['colcon_meta']
[4.033s] Level 1:colcon.colcon_core.package_identification:_identify(robot_ws) by extension 'colcon_meta'
[4.033s] Level 1:colcon.colcon_core.package_identification:_identify(robot_ws) by extensions ['ros']
[4.033s] Level 1:colcon.colcon_core.package_identification:_identify(robot_ws) by extension 'ros'
[4.034s] Level 1:colcon.colcon_core.package_identification:_identify(robot_ws) by extensions ['cmake', 'python']
[4.034s] Level 1:colcon.colcon_core.package_identification:_identify(robot_ws) by extension 'cmake'
[4.034s] Level 1:colcon.colcon_core.package_identification:_identify(robot_ws) by extension 'python'
[4.035s] Level 1:colcon.colcon_core.package_identification:_identify(robot_ws) by extensions ['python_setup_py']
[4.035s] Level 1:colcon.colcon_core.package_identification:_identify(robot_ws) by extension 'python_setup_py'
[4.035s] Level 1:colcon.colcon_core.package_identification:_identify(robot_ws/src) by extensions ['ignore', 'ignore_ament_install']
[4.036s] Level 1:colcon.colcon_core.package_identification:_identify(robot_ws/src) by extension 'ignore'
[4.036s] Level 1:colcon.colcon_core.package_identification:_identify(robot_ws/src) by extension 'ignore_ament_install'
[4.037s] Level 1:colcon.colcon_core.package_identification:_identify(robot_ws/src) by extensions ['colcon_pkg']
[4.037s] Level 1:colcon.colcon_core.package_identification:_identify(robot_ws/src) by extension 'colcon_pkg'
[4.037s] Level 1:colcon.colcon_core.package_identification:_identify(robot_ws/src) by extensions ['colcon_meta']
[4.037s] Level 1:colcon.colcon_core.package_identification:_identify(robot_ws/src) by extension 'colcon_meta'
[4.038s] Level 1:colcon.colcon_core.package_identification:_identify(robot_ws/src) by extensions ['ros']
[4.038s] Level 1:colcon.colcon_core.package_identification:_identify(robot_ws/src) by extension 'ros'
[4.038s] Level 1:colcon.colcon_core.package_identification:_identify(robot_ws/src) by extensions ['cmake', 'python']
[4.039s] Level 1:colcon.colcon_core.package_identification:_identify(robot_ws/src) by extension 'cmake'
[4.039s] Level 1:colcon.colcon_core.package_identification:_identify(robot_ws/src) by extension 'python'
[4.039s] Level 1:colcon.colcon_core.package_identification:_identify(robot_ws/src) by extensions ['python_setup_py']
[4.039s] Level 1:colcon.colcon_core.package_identification:_identify(robot_ws/src) by extension 'python_setup_py'
[4.040s] Level 1:colcon.colcon_core.package_identification:_identify(robot_ws/src/my_robot_description) by extensions ['ignore', 'ignore_ament_install']
[4.041s] Level 1:colcon.colcon_core.package_identification:_identify(robot_ws/src/my_robot_description) by extension 'ignore'
[4.041s] Level 1:colcon.colcon_core.package_identification:_identify(robot_ws/src/my_robot_description) by extension 'ignore_ament_install'
[4.041s] Level 1:colcon.colcon_core.package_identification:_identify(robot_ws/src/my_robot_description) by extensions ['colcon_pkg']
[4.041s] Level 1:colcon.colcon_core.package_identification:_identify(robot_ws/src/my_robot_description) by extension 'colcon_pkg'
[4.042s] Level 1:colcon.colcon_core.package_identification:_identify(robot_ws/src/my_robot_description) by extensions ['colcon_meta']
[4.042s] Level 1:colcon.colcon_core.package_identification:_identify(robot_ws/src/my_robot_description) by extension 'colcon_meta'
[4.042s] Level 1:colcon.colcon_core.package_identification:_identify(robot_ws/src/my_robot_description) by extensions ['ros']
[4.042s] Level 1:colcon.colcon_core.package_identification:_identify(robot_ws/src/my_robot_description) by extension 'ros'
[4.043s] Level 1:colcon.colcon_core.package_identification:_identify(robot_ws/src/my_robot_description) by extensions ['cmake', 'python']
[4.043s] Level 1:colcon.colcon_core.package_identification:_identify(robot_ws/src/my_robot_description) by extension 'cmake'
[4.044s] Level 1:colcon.colcon_core.package_identification:_identify(robot_ws/src/my_robot_description) by extension 'python'
[4.044s] Level 1:colcon.colcon_core.package_identification:_identify(robot_ws/src/my_robot_description) by extensions ['python_setup_py']
[4.044s] Level 1:colcon.colcon_core.package_identification:_identify(robot_ws/src/my_robot_description) by extension 'python_setup_py'
[4.045s] Level 1:colcon.colcon_core.package_identification:_identify(robot_ws/src/my_robot_description/rviz) by extensions ['ignore', 'ignore_ament_install']
[4.045s] Level 1:colcon.colcon_core.package_identification:_identify(robot_ws/src/my_robot_description/rviz) by extension 'ignore'
[4.045s] Level 1:colcon.colcon_core.package_identification:_identify(robot_ws/src/my_robot_description/rviz) by extension 'ignore_ament_install'
[4.046s] Level 1:colcon.colcon_core.package_identification:_identify(robot_ws/src/my_robot_description/rviz) by extensions ['colcon_pkg']
[4.046s] Level 1:colcon.colcon_core.package_identification:_identify(robot_ws/src/my_robot_description/rviz) by extension 'colcon_pkg'
[4.046s] Level 1:colcon.colcon_core.package_identification:_identify(robot_ws/src/my_robot_description/rviz) by extensions ['colcon_meta']
[4.047s] Level 1:colcon.colcon_core.package_identification:_identify(robot_ws/src/my_robot_description/rviz) by extension 'colcon_meta'
[4.047s] Level 1:colcon.colcon_core.package_identification:_identify(robot_ws/src/my_robot_description/rviz) by extensions ['ros']
[4.047s] Level 1:colcon.colcon_core.package_identification:_identify(robot_ws/src/my_robot_description/rviz) by extension 'ros'
[4.048s] Level 1:colcon.colcon_core.package_identification:_identify(robot_ws/src/my_robot_description/rviz) by extensions ['cmake', 'python']
[4.048s] Level 1:colcon.colcon_core.package_identification:_identify(robot_ws/src/my_robot_description/rviz) by extension 'cmake'
[4.048s] Level 1:colcon.colcon_core.package_identification:_identify(robot_ws/src/my_robot_description/rviz) by extension 'python'
[4.048s] Level 1:colcon.colcon_core.package_identification:_identify(robot_ws/src/my_robot_description/rviz) by extensions ['python_setup_py']
[4.049s] Level 1:colcon.colcon_core.package_identification:_identify(robot_ws/src/my_robot_description/rviz) by extension 'python_setup_py'
[4.049s] Level 1:colcon.colcon_core.package_identification:_identify(src) by extensions ['ignore', 'ignore_ament_install']
[4.050s] Level 1:colcon.colcon_core.package_identification:_identify(src) by extension 'ignore'
[4.050s] Level 1:colcon.colcon_core.package_identification:_identify(src) by extension 'ignore_ament_install'
[4.050s] Level 1:colcon.colcon_core.package_identification:_identify(src) by extensions ['colcon_pkg']
[4.051s] Level 1:colcon.colcon_core.package_identification:_identify(src) by extension 'colcon_pkg'
[4.051s] Level 1:colcon.colcon_core.package_identification:_identify(src) by extensions ['colcon_meta']
[4.051s] Level 1:colcon.colcon_core.package_identification:_identify(src) by extension 'colcon_meta'
[4.051s] Level 1:colcon.colcon_core.package_identification:_identify(src) by extensions ['ros']
[4.052s] Level 1:colcon.colcon_core.package_identification:_identify(src) by extension 'ros'
[4.052s] Level 1:colcon.colcon_core.package_identification:_identify(src) by extensions ['cmake', 'python']
[4.052s] Level 1:colcon.colcon_core.package_identification:_identify(src) by extension 'cmake'
[4.053s] Level 1:colcon.colcon_core.package_identification:_identify(src) by extension 'python'
[4.053s] Level 1:colcon.colcon_core.package_identification:_identify(src) by extensions ['python_setup_py']
[4.053s] Level 1:colcon.colcon_core.package_identification:_identify(src) by extension 'python_setup_py'
[4.054s] Level 1:colcon.colcon_core.package_identification:_identify(src/my_robot_description) by extensions ['ignore', 'ignore_ament_install']
[4.054s] Level 1:colcon.colcon_core.package_identification:_identify(src/my_robot_description) by extension 'ignore'
[4.055s] Level 1:colcon.colcon_core.package_identification:_identify(src/my_robot_description) by extension 'ignore_ament_install'
[4.055s] Level 1:colcon.colcon_core.package_identification:_identify(src/my_robot_description) by extensions ['colcon_pkg']
[4.055s] Level 1:colcon.colcon_core.package_identification:_identify(src/my_robot_description) by extension 'colcon_pkg'
[4.055s] Level 1:colcon.colcon_core.package_identification:_identify(src/my_robot_description) by extensions ['colcon_meta']
[4.056s] Level 1:colcon.colcon_core.package_identification:_identify(src/my_robot_description) by extension 'colcon_meta'
[4.056s] Level 1:colcon.colcon_core.package_identification:_identify(src/my_robot_description) by extensions ['ros']
[4.056s] Level 1:colcon.colcon_core.package_identification:_identify(src/my_robot_description) by extension 'ros'
[4.077s] DEBUG:colcon.colcon_core.package_identification:Package 'src/my_robot_description' with type 'ros.ament_cmake' and name 'my_robot_description'
[4.078s] Level 1:colcon.colcon_core.package_identification:_identify(src/robot_control) by extensions ['ignore', 'ignore_ament_install']
[4.079s] Level 1:colcon.colcon_core.package_identification:_identify(src/robot_control) by extension 'ignore'
[4.079s] Level 1:colcon.colcon_core.package_identification:_identify(src/robot_control) by extension 'ignore_ament_install'
[4.079s] Level 1:colcon.colcon_core.package_identification:_identify(src/robot_control) by extensions ['colcon_pkg']
[4.080s] Level 1:colcon.colcon_core.package_identification:_identify(src/robot_control) by extension 'colcon_pkg'
[4.080s] Level 1:colcon.colcon_core.package_identification:_identify(src/robot_control) by extensions ['colcon_meta']
[4.080s] Level 1:colcon.colcon_core.package_identification:_identify(src/robot_control) by extension 'colcon_meta'
[4.080s] Level 1:colcon.colcon_core.package_identification:_identify(src/robot_control) by extensions ['ros']
[4.081s] Level 1:colcon.colcon_core.package_identification:_identify(src/robot_control) by extension 'ros'
[4.088s] DEBUG:colcon.colcon_core.package_identification:Package 'src/robot_control' with type 'ros.ament_python' and name 'robot_control'
[4.089s] Level 1:colcon.colcon_core.package_identification:_identify(src/ydlidar_ros2_driver-master) by extensions ['ignore', 'ignore_ament_install']
[4.090s] Level 1:colcon.colcon_core.package_identification:_identify(src/ydlidar_ros2_driver-master) by extension 'ignore'
[4.090s] Level 1:colcon.colcon_core.package_identification:_identify(src/ydlidar_ros2_driver-master) by extension 'ignore_ament_install'
[4.091s] Level 1:colcon.colcon_core.package_identification:_identify(src/ydlidar_ros2_driver-master) by extensions ['colcon_pkg']
[4.091s] Level 1:colcon.colcon_core.package_identification:_identify(src/ydlidar_ros2_driver-master) by extension 'colcon_pkg'
[4.091s] Level 1:colcon.colcon_core.package_identification:_identify(src/ydlidar_ros2_driver-master) by extensions ['colcon_meta']
[4.092s] Level 1:colcon.colcon_core.package_identification:_identify(src/ydlidar_ros2_driver-master) by extension 'colcon_meta'
[4.092s] Level 1:colcon.colcon_core.package_identification:_identify(src/ydlidar_ros2_driver-master) by extensions ['ros']
[4.092s] Level 1:colcon.colcon_core.package_identification:_identify(src/ydlidar_ros2_driver-master) by extension 'ros'
[4.097s] DEBUG:colcon.colcon_core.package_identification:Package 'src/ydlidar_ros2_driver-master' with type 'ros.ament_cmake' and name 'ydlidar_ros2_driver'
[4.097s] Level 1:colcon.colcon_core.package_discovery:discover_packages(recursive) using defaults
[4.098s] Level 1:colcon.colcon_core.package_discovery:discover_packages(ignore) discover
[4.098s] Level 1:colcon.colcon_core.package_discovery:discover_packages(ignore) using defaults
[4.098s] Level 1:colcon.colcon_core.package_discovery:discover_packages(path) discover
[4.099s] Level 1:colcon.colcon_core.package_discovery:discover_packages(path) using defaults
[4.258s] INFO:colcon.colcon_core.package_selection:Skipping not selected package 'robot_control' in 'src/robot_control'
[4.258s] INFO:colcon.colcon_core.package_selection:Skipping not selected package 'ydlidar_ros2_driver' in 'src/ydlidar_ros2_driver-master'
[4.262s] Level 1:colcon.colcon_core.package_discovery:discover_packages(prefix_path) check parameters
[4.263s] Level 1:colcon.colcon_core.package_discovery:discover_packages(prefix_path) discover
[4.282s] DEBUG:colcon.colcon_installed_package_information.package_discovery:Found 3 installed packages in /home/sunrise/robot/robot_ws/install
[4.294s] DEBUG:colcon.colcon_installed_package_information.package_discovery:Found 397 installed packages in /opt/ros/humble
[4.316s] Level 1:colcon.colcon_core.package_discovery:discover_packages(prefix_path) using defaults
[4.715s] Level 5:colcon.colcon_core.verb:set package 'my_robot_description' build argument 'cmake_args' from command line to 'None'
[4.716s] Level 5:colcon.colcon_core.verb:set package 'my_robot_description' build argument 'cmake_target' from command line to 'None'
[4.716s] Level 5:colcon.colcon_core.verb:set package 'my_robot_description' build argument 'cmake_target_skip_unavailable' from command line to 'False'
[4.716s] Level 5:colcon.colcon_core.verb:set package 'my_robot_description' build argument 'cmake_clean_cache' from command line to 'False'
[4.716s] Level 5:colcon.colcon_core.verb:set package 'my_robot_description' build argument 'cmake_clean_first' from command line to 'False'
[4.716s] Level 5:colcon.colcon_core.verb:set package 'my_robot_description' build argument 'cmake_force_configure' from command line to 'False'
[4.717s] Level 5:colcon.colcon_core.verb:set package 'my_robot_description' build argument 'ament_cmake_args' from command line to 'None'
[4.717s] Level 5:colcon.colcon_core.verb:set package 'my_robot_description' build argument 'catkin_cmake_args' from command line to 'None'
[4.717s] Level 5:colcon.colcon_core.verb:set package 'my_robot_description' build argument 'catkin_skip_building_tests' from command line to 'False'
[4.717s] DEBUG:colcon.colcon_core.verb:Building package 'my_robot_description' with the following arguments: {'ament_cmake_args': None, 'build_base': '/home/sunrise/robot/robot_ws/build/my_robot_description', 'catkin_cmake_args': None, 'catkin_skip_building_tests': False, 'cmake_args': None, 'cmake_clean_cache': False, 'cmake_clean_first': False, 'cmake_force_configure': False, 'cmake_target': None, 'cmake_target_skip_unavailable': False, 'install_base': '/home/sunrise/robot/robot_ws/install/my_robot_description', 'merge_install': False, 'path': '/home/sunrise/robot/robot_ws/src/my_robot_description', 'symlink_install': False, 'test_result_base': None}
[4.718s] INFO:colcon.colcon_core.executor:Executing jobs using 'parallel' executor
[4.724s] DEBUG:colcon.colcon_parallel_executor.executor.parallel:run_until_complete
[4.725s] INFO:colcon.colcon_ros.task.ament_cmake.build:Building ROS package in '/home/sunrise/robot/robot_ws/src/my_robot_description' with build type 'ament_cmake'
[4.726s] INFO:colcon.colcon_cmake.task.cmake.build:Building CMake package in '/home/sunrise/robot/robot_ws/src/my_robot_description'
[4.754s] INFO:colcon.colcon_core.plugin_system:Skipping extension 'colcon_core.shell.bat': Not used on non-Windows systems
[4.756s] INFO:colcon.colcon_core.shell:Skip shell extension 'powershell' for command environment: Not usable outside of PowerShell
[4.756s] DEBUG:colcon.colcon_core.shell:Skip shell extension 'dsv' for command environment
[4.798s] DEBUG:colcon.colcon_core.event_handler.log_command:Invoking command in '/home/sunrise/robot/robot_ws/build/my_robot_description': CMAKE_PREFIX_PATH=${CMAKE_PREFIX_PATH}:/home/sunrise/robot/robot_ws/install/robot_control:/opt/ros/humble /usr/bin/cmake /home/sunrise/robot/robot_ws/src/my_robot_description -DCMAKE_INSTALL_PREFIX=/home/sunrise/robot/robot_ws/install/my_robot_description
[6.835s] DEBUG:colcon.colcon_core.event_handler.log_command:Invoked command in '/home/sunrise/robot/robot_ws/build/my_robot_description' returned '0': CMAKE_PREFIX_PATH=${CMAKE_PREFIX_PATH}:/home/sunrise/robot/robot_ws/install/robot_control:/opt/ros/humble /usr/bin/cmake /home/sunrise/robot/robot_ws/src/my_robot_description -DCMAKE_INSTALL_PREFIX=/home/sunrise/robot/robot_ws/install/my_robot_description
[6.846s] DEBUG:colcon.colcon_core.event_handler.log_command:Invoking command in '/home/sunrise/robot/robot_ws/build/my_robot_description': CMAKE_PREFIX_PATH=${CMAKE_PREFIX_PATH}:/home/sunrise/robot/robot_ws/install/robot_control:/opt/ros/humble /usr/bin/cmake --build /home/sunrise/robot/robot_ws/build/my_robot_description -- -j8 -l8
[7.021s] DEBUG:colcon.colcon_core.event_handler.log_command:Invoked command in '/home/sunrise/robot/robot_ws/build/my_robot_description' returned '0': CMAKE_PREFIX_PATH=${CMAKE_PREFIX_PATH}:/home/sunrise/robot/robot_ws/install/robot_control:/opt/ros/humble /usr/bin/cmake --build /home/sunrise/robot/robot_ws/build/my_robot_description -- -j8 -l8
[7.071s] DEBUG:colcon.colcon_core.event_handler.log_command:Invoking command in '/home/sunrise/robot/robot_ws/build/my_robot_description': CMAKE_PREFIX_PATH=${CMAKE_PREFIX_PATH}:/home/sunrise/robot/robot_ws/install/robot_control:/opt/ros/humble /usr/bin/cmake --install /home/sunrise/robot/robot_ws/build/my_robot_description
[7.223s] Level 1:colcon.colcon_core.environment:create_environment_scripts_only(my_robot_description)
[7.226s] DEBUG:colcon.colcon_core.event_handler.log_command:Invoked command in '/home/sunrise/robot/robot_ws/build/my_robot_description' returned '0': CMAKE_PREFIX_PATH=${CMAKE_PREFIX_PATH}:/home/sunrise/robot/robot_ws/install/robot_control:/opt/ros/humble /usr/bin/cmake --install /home/sunrise/robot/robot_ws/build/my_robot_description
[7.257s] Level 1:colcon.colcon_core.environment:checking '/home/sunrise/robot/robot_ws/install/my_robot_description' for CMake module files
[7.262s] Level 1:colcon.colcon_core.environment:checking '/home/sunrise/robot/robot_ws/install/my_robot_description' for CMake config files
[7.264s] Level 1:colcon.colcon_core.shell:create_environment_hook('my_robot_description', 'cmake_prefix_path')
[7.266s] INFO:colcon.colcon_core.shell:Creating environment hook '/home/sunrise/robot/robot_ws/install/my_robot_description/share/my_robot_description/hook/cmake_prefix_path.ps1'
[7.273s] INFO:colcon.colcon_core.shell:Creating environment descriptor '/home/sunrise/robot/robot_ws/install/my_robot_description/share/my_robot_description/hook/cmake_prefix_path.dsv'
[7.278s] INFO:colcon.colcon_core.shell:Creating environment hook '/home/sunrise/robot/robot_ws/install/my_robot_description/share/my_robot_description/hook/cmake_prefix_path.sh'
[7.285s] Level 1:colcon.colcon_core.environment:checking '/home/sunrise/robot/robot_ws/install/my_robot_description/bin'
[7.286s] Level 1:colcon.colcon_core.environment:checking '/home/sunrise/robot/robot_ws/install/my_robot_description/lib/pkgconfig/my_robot_description.pc'
[7.287s] Level 1:colcon.colcon_core.environment:checking '/home/sunrise/robot/robot_ws/install/my_robot_description/lib/python3.10/site-packages'
[7.291s] Level 1:colcon.colcon_core.environment:checking '/home/sunrise/robot/robot_ws/install/my_robot_description/bin'
[7.293s] INFO:colcon.colcon_core.shell:Creating package script '/home/sunrise/robot/robot_ws/install/my_robot_description/share/my_robot_description/package.ps1'
[7.303s] INFO:colcon.colcon_core.shell:Creating package descriptor '/home/sunrise/robot/robot_ws/install/my_robot_description/share/my_robot_description/package.dsv'
[7.308s] INFO:colcon.colcon_core.shell:Creating package script '/home/sunrise/robot/robot_ws/install/my_robot_description/share/my_robot_description/package.sh'
[7.314s] INFO:colcon.colcon_core.shell:Creating package script '/home/sunrise/robot/robot_ws/install/my_robot_description/share/my_robot_description/package.bash'
[7.322s] INFO:colcon.colcon_core.shell:Creating package script '/home/sunrise/robot/robot_ws/install/my_robot_description/share/my_robot_description/package.zsh'
[7.328s] Level 1:colcon.colcon_core.environment:create_file_with_runtime_dependencies(/home/sunrise/robot/robot_ws/install/my_robot_description/share/colcon-core/packages/my_robot_description)
[7.332s] Level 1:colcon.colcon_core.environment:create_environment_scripts_only(my_robot_description)
[7.334s] Level 1:colcon.colcon_core.environment:checking '/home/sunrise/robot/robot_ws/install/my_robot_description' for CMake module files
[7.338s] Level 1:colcon.colcon_core.environment:checking '/home/sunrise/robot/robot_ws/install/my_robot_description' for CMake config files
[7.339s] Level 1:colcon.colcon_core.shell:create_environment_hook('my_robot_description', 'cmake_prefix_path')
[7.341s] INFO:colcon.colcon_core.shell:Creating environment hook '/home/sunrise/robot/robot_ws/install/my_robot_description/share/my_robot_description/hook/cmake_prefix_path.ps1'
[7.344s] INFO:colcon.colcon_core.shell:Creating environment descriptor '/home/sunrise/robot/robot_ws/install/my_robot_description/share/my_robot_description/hook/cmake_prefix_path.dsv'
[7.347s] INFO:colcon.colcon_core.shell:Creating environment hook '/home/sunrise/robot/robot_ws/install/my_robot_description/share/my_robot_description/hook/cmake_prefix_path.sh'
[7.351s] Level 1:colcon.colcon_core.environment:checking '/home/sunrise/robot/robot_ws/install/my_robot_description/bin'
[7.352s] Level 1:colcon.colcon_core.environment:checking '/home/sunrise/robot/robot_ws/install/my_robot_description/lib/pkgconfig/my_robot_description.pc'
[7.353s] Level 1:colcon.colcon_core.environment:checking '/home/sunrise/robot/robot_ws/install/my_robot_description/lib/python3.10/site-packages'
[7.356s] Level 1:colcon.colcon_core.environment:checking '/home/sunrise/robot/robot_ws/install/my_robot_description/bin'
[7.358s] INFO:colcon.colcon_core.shell:Creating package script '/home/sunrise/robot/robot_ws/install/my_robot_description/share/my_robot_description/package.ps1'
[7.363s] INFO:colcon.colcon_core.shell:Creating package descriptor '/home/sunrise/robot/robot_ws/install/my_robot_description/share/my_robot_description/package.dsv'
[7.366s] INFO:colcon.colcon_core.shell:Creating package script '/home/sunrise/robot/robot_ws/install/my_robot_description/share/my_robot_description/package.sh'
[7.370s] INFO:colcon.colcon_core.shell:Creating package script '/home/sunrise/robot/robot_ws/install/my_robot_description/share/my_robot_description/package.bash'
[7.373s] INFO:colcon.colcon_core.shell:Creating package script '/home/sunrise/robot/robot_ws/install/my_robot_description/share/my_robot_description/package.zsh'
[7.376s] Level 1:colcon.colcon_core.environment:create_file_with_runtime_dependencies(/home/sunrise/robot/robot_ws/install/my_robot_description/share/colcon-core/packages/my_robot_description)
[7.378s] DEBUG:colcon.colcon_parallel_executor.executor.parallel:closing loop
[7.380s] DEBUG:colcon.colcon_parallel_executor.executor.parallel:loop closed
[7.381s] DEBUG:colcon.colcon_parallel_executor.executor.parallel:run_until_complete finished with '0'
[7.381s] DEBUG:colcon.colcon_core.event_reactor:joining thread
[7.384s] DEBUG:colcon.colcon_core.event_reactor:joined thread
[7.386s] INFO:colcon.colcon_core.shell:Creating prefix script '/home/sunrise/robot/robot_ws/install/local_setup.ps1'
[7.394s] INFO:colcon.colcon_core.shell:Creating prefix util module '/home/sunrise/robot/robot_ws/install/_local_setup_util_ps1.py'
[7.405s] INFO:colcon.colcon_core.shell:Creating prefix chain script '/home/sunrise/robot/robot_ws/install/setup.ps1'
[7.413s] INFO:colcon.colcon_core.shell:Creating prefix script '/home/sunrise/robot/robot_ws/install/local_setup.sh'
[7.418s] INFO:colcon.colcon_core.shell:Creating prefix util module '/home/sunrise/robot/robot_ws/install/_local_setup_util_sh.py'
[7.422s] INFO:colcon.colcon_core.shell:Creating prefix chain script '/home/sunrise/robot/robot_ws/install/setup.sh'
[7.430s] INFO:colcon.colcon_core.shell:Creating prefix script '/home/sunrise/robot/robot_ws/install/local_setup.bash'
[7.435s] INFO:colcon.colcon_core.shell:Creating prefix chain script '/home/sunrise/robot/robot_ws/install/setup.bash'
[7.443s] INFO:colcon.colcon_core.shell:Creating prefix script '/home/sunrise/robot/robot_ws/install/local_setup.zsh'
[7.447s] INFO:colcon.colcon_core.shell:Creating prefix chain script '/home/sunrise/robot/robot_ws/install/setup.zsh'
