[0.096s] Invoking command in '/home/sunrise/robot/robot_ws/build/ydlidar_ros2_driver': CMAKE_PREFIX_PATH=${CMAKE_PREFIX_PATH}:/home/sunrise/robot/robot_ws/install/robot_control:/opt/ros/humble /usr/bin/cmake --build /home/sunrise/robot/robot_ws/build/ydlidar_ros2_driver -- -j8 -l8
[0.519s] [100%] Built target ydlidar_ros2_driver_client
[0.521s] [100%] Built target ydlidar_ros2_driver_node
[0.571s] Invoked command in '/home/sunrise/robot/robot_ws/build/ydlidar_ros2_driver' returned '0': CMAKE_PREFIX_PATH=${CMAKE_PREFIX_PATH}:/home/sunrise/robot/robot_ws/install/robot_control:/opt/ros/humble /usr/bin/cmake --build /home/sunrise/robot/robot_ws/build/ydlidar_ros2_driver -- -j8 -l8
[0.617s] Invoking command in '/home/sunrise/robot/robot_ws/build/ydlidar_ros2_driver': CMAKE_PREFIX_PATH=${CMAKE_PREFIX_PATH}:/home/sunrise/robot/robot_ws/install/robot_control:/opt/ros/humble /usr/bin/cmake --install /home/sunrise/robot/robot_ws/build/ydlidar_ros2_driver
[0.653s] -- Install configuration: ""
[0.657s] -- Execute custom install script
[0.659s] -- Up-to-date symlink: /home/sunrise/robot/robot_ws/install/ydlidar_ros2_driver/lib/ydlidar_ros2_driver/ydlidar_ros2_driver_node
[0.659s] -- Up-to-date symlink: /home/sunrise/robot/robot_ws/install/ydlidar_ros2_driver/lib/ydlidar_ros2_driver/ydlidar_ros2_driver_client
[0.662s] -- Up-to-date symlink: /home/sunrise/robot/robot_ws/install/ydlidar_ros2_driver/share/ydlidar_ros2_driver/launch/4ros_ydlidar_launch.py
[0.664s] -- Up-to-date symlink: /home/sunrise/robot/robot_ws/install/ydlidar_ros2_driver/share/ydlidar_ros2_driver/launch/__pycache__/ydlidar_launch.cpython-36.pyc
[0.664s] -- Up-to-date symlink: /home/sunrise/robot/robot_ws/install/ydlidar_ros2_driver/share/ydlidar_ros2_driver/launch/__pycache__/ydlidar_launch_view.cpython-36.pyc
[0.666s] -- Up-to-date symlink: /home/sunrise/robot/robot_ws/install/ydlidar_ros2_driver/share/ydlidar_ros2_driver/launch/test_gmapping_launch.py
[0.667s] -- Up-to-date symlink: /home/sunrise/robot/robot_ws/install/ydlidar_ros2_driver/share/ydlidar_ros2_driver/launch/view_ydlidar_launch.py
[0.668s] -- Up-to-date symlink: /home/sunrise/robot/robot_ws/install/ydlidar_ros2_driver/share/ydlidar_ros2_driver/launch/x3_ydlidar_launch.py
[0.671s] -- Up-to-date symlink: /home/sunrise/robot/robot_ws/install/ydlidar_ros2_driver/share/ydlidar_ros2_driver/launch/ydlidar.py
[0.672s] -- Up-to-date symlink: /home/sunrise/robot/robot_ws/install/ydlidar_ros2_driver/share/ydlidar_ros2_driver/launch/ydlidar_4ros_view_launch.py
[0.674s] -- Up-to-date symlink: /home/sunrise/robot/robot_ws/install/ydlidar_ros2_driver/share/ydlidar_ros2_driver/launch/ydlidar_launch.py
[0.674s] -- Up-to-date symlink: /home/sunrise/robot/robot_ws/install/ydlidar_ros2_driver/share/ydlidar_ros2_driver/launch/ydlidar_raw_launch.py
[0.677s] -- Up-to-date symlink: /home/sunrise/robot/robot_ws/install/ydlidar_ros2_driver/share/ydlidar_ros2_driver/launch/ydlidar_x3_view_launch.py
[0.679s] -- Up-to-date symlink: /home/sunrise/robot/robot_ws/install/ydlidar_ros2_driver/share/ydlidar_ros2_driver/params/ydlidar.yaml
[0.680s] -- Up-to-date symlink: /home/sunrise/robot/robot_ws/install/ydlidar_ros2_driver/share/ydlidar_ros2_driver/params/ydlidar_4ros.yaml
[0.688s] -- Up-to-date symlink: /home/sunrise/robot/robot_ws/install/ydlidar_ros2_driver/share/ydlidar_ros2_driver/params/ydlidar_x3.yaml
[0.692s] -- Up-to-date symlink: /home/sunrise/robot/robot_ws/install/ydlidar_ros2_driver/share/ydlidar_ros2_driver/startup/initenv.sh
[0.700s] -- Up-to-date symlink: /home/sunrise/robot/robot_ws/install/ydlidar_ros2_driver/share/ydlidar_ros2_driver/config/test_gmapping.rviz
[0.705s] -- Up-to-date symlink: /home/sunrise/robot/robot_ws/install/ydlidar_ros2_driver/share/ydlidar_ros2_driver/config/ydlidar.rviz
[0.711s] -- Up-to-date symlink: /home/sunrise/robot/robot_ws/install/ydlidar_ros2_driver/share/ament_index/resource_index/package_run_dependencies/ydlidar_ros2_driver
[0.713s] -- Up-to-date symlink: /home/sunrise/robot/robot_ws/install/ydlidar_ros2_driver/share/ament_index/resource_index/parent_prefix_path/ydlidar_ros2_driver
[0.714s] -- Up-to-date symlink: /home/sunrise/robot/robot_ws/install/ydlidar_ros2_driver/share/ydlidar_ros2_driver/environment/ament_prefix_path.sh
[0.716s] -- Up-to-date symlink: /home/sunrise/robot/robot_ws/install/ydlidar_ros2_driver/share/ydlidar_ros2_driver/environment/ament_prefix_path.dsv
[0.717s] -- Up-to-date symlink: /home/sunrise/robot/robot_ws/install/ydlidar_ros2_driver/share/ydlidar_ros2_driver/environment/path.sh
[0.718s] -- Up-to-date symlink: /home/sunrise/robot/robot_ws/install/ydlidar_ros2_driver/share/ydlidar_ros2_driver/environment/path.dsv
[0.719s] -- Up-to-date symlink: /home/sunrise/robot/robot_ws/install/ydlidar_ros2_driver/share/ydlidar_ros2_driver/local_setup.bash
[0.720s] -- Up-to-date symlink: /home/sunrise/robot/robot_ws/install/ydlidar_ros2_driver/share/ydlidar_ros2_driver/local_setup.sh
[0.721s] -- Up-to-date symlink: /home/sunrise/robot/robot_ws/install/ydlidar_ros2_driver/share/ydlidar_ros2_driver/local_setup.zsh
[0.725s] -- Up-to-date symlink: /home/sunrise/robot/robot_ws/install/ydlidar_ros2_driver/share/ydlidar_ros2_driver/local_setup.dsv
[0.729s] -- Symlinking: /home/sunrise/robot/robot_ws/install/ydlidar_ros2_driver/share/ydlidar_ros2_driver/package.dsv
[0.732s] -- Up-to-date symlink: /home/sunrise/robot/robot_ws/install/ydlidar_ros2_driver/share/ament_index/resource_index/packages/ydlidar_ros2_driver
[0.733s] -- Up-to-date symlink: /home/sunrise/robot/robot_ws/install/ydlidar_ros2_driver/share/ydlidar_ros2_driver/cmake/ydlidar_ros2_driverConfig.cmake
[0.734s] -- Up-to-date symlink: /home/sunrise/robot/robot_ws/install/ydlidar_ros2_driver/share/ydlidar_ros2_driver/cmake/ydlidar_ros2_driverConfig-version.cmake
[0.735s] -- Up-to-date symlink: /home/sunrise/robot/robot_ws/install/ydlidar_ros2_driver/share/ydlidar_ros2_driver/package.xml
[0.855s] Invoked command in '/home/sunrise/robot/robot_ws/build/ydlidar_ros2_driver' returned '0': CMAKE_PREFIX_PATH=${CMAKE_PREFIX_PATH}:/home/sunrise/robot/robot_ws/install/robot_control:/opt/ros/humble /usr/bin/cmake --install /home/sunrise/robot/robot_ws/build/ydlidar_ros2_driver
