[0.163s] Invoking command in '/home/sunrise/robot/robot_ws/build/openslam_gmapping': CMAKE_PREFIX_PATH=${CMAKE_PREFIX_PATH}:/home/sunrise/robot/robot_ws/install/robot_control:/opt/ros/humble /usr/bin/cmake /home/sunrise/robot/robot_ws/src/openslam_gmapping -DAMENT_CMAKE_SYMLINK_INSTALL=1 -DCMAKE_INSTALL_PREFIX=/home/sunrise/robot/robot_ws/install/openslam_gmapping
[2.640s] -- Found ament_cmake: 1.3.14 (/opt/ros/humble/share/ament_cmake/cmake)
[2.642s] -- Override CMake install command with custom implementation using symlinks instead of copying resources
[2.731s] -- Configuring done
[2.897s] -- Generating done
[2.932s] -- Build files have been written to: /home/sunrise/robot/robot_ws/build/openslam_gmapping
[2.951s] Invoked command in '/home/sunrise/robot/robot_ws/build/openslam_gmapping' returned '0': CMAKE_PREFIX_PATH=${CMAKE_PREFIX_PATH}:/home/sunrise/robot/robot_ws/install/robot_control:/opt/ros/humble /usr/bin/cmake /home/sunrise/robot/robot_ws/src/openslam_gmapping -DAMENT_CMAKE_SYMLINK_INSTALL=1 -DCMAKE_INSTALL_PREFIX=/home/sunrise/robot/robot_ws/install/openslam_gmapping
[2.958s] Invoking command in '/home/sunrise/robot/robot_ws/build/openslam_gmapping': CMAKE_PREFIX_PATH=${CMAKE_PREFIX_PATH}:/home/sunrise/robot/robot_ws/install/robot_control:/opt/ros/humble /usr/bin/cmake --build /home/sunrise/robot/robot_ws/build/openslam_gmapping -- -j8 -l8
[3.139s] [35m[1mConsolidate compiler generated dependencies of target utils[0m
[3.147s] [35m[1mConsolidate compiler generated dependencies of target sensor_base[0m
[3.249s] [ 27%] Built target sensor_base
[3.249s] [ 27%] Built target utils
[3.309s] [35m[1mConsolidate compiler generated dependencies of target sensor_odometry[0m
[3.309s] [35m[1mConsolidate compiler generated dependencies of target sensor_range[0m
[3.366s] [ 54%] Built target sensor_odometry
[3.367s] [ 54%] Built target sensor_range
[3.433s] [35m[1mConsolidate compiler generated dependencies of target scanmatcher[0m
[3.521s] [ 77%] Built target scanmatcher
[3.580s] [35m[1mConsolidate compiler generated dependencies of target gridfastslam[0m
[3.673s] [100%] Built target gridfastslam
[3.727s] Invoked command in '/home/sunrise/robot/robot_ws/build/openslam_gmapping' returned '0': CMAKE_PREFIX_PATH=${CMAKE_PREFIX_PATH}:/home/sunrise/robot/robot_ws/install/robot_control:/opt/ros/humble /usr/bin/cmake --build /home/sunrise/robot/robot_ws/build/openslam_gmapping -- -j8 -l8
[3.736s] Invoking command in '/home/sunrise/robot/robot_ws/build/openslam_gmapping': CMAKE_PREFIX_PATH=${CMAKE_PREFIX_PATH}:/home/sunrise/robot/robot_ws/install/robot_control:/opt/ros/humble /usr/bin/cmake --install /home/sunrise/robot/robot_ws/build/openslam_gmapping
[3.769s] -- Install configuration: ""
[3.772s] -- Execute custom install script
[3.773s] -- Symlinking: /home/sunrise/robot/robot_ws/install/openslam_gmapping/lib/libgridfastslam.a
[3.820s] -- Symlinking: /home/sunrise/robot/robot_ws/install/openslam_gmapping/lib/libscanmatcher.a
[3.864s] -- Symlinking: /home/sunrise/robot/robot_ws/install/openslam_gmapping/lib/libsensor_base.a
[3.905s] -- Symlinking: /home/sunrise/robot/robot_ws/install/openslam_gmapping/share/openslam_gmapping/environment/library_path.sh
[3.951s] -- Symlinking: /home/sunrise/robot/robot_ws/install/openslam_gmapping/share/openslam_gmapping/environment/library_path.dsv
[3.995s] -- Up-to-date symlink: /home/sunrise/robot/robot_ws/install/openslam_gmapping/share/openslam_gmapping/environment/library_path.sh
[3.996s] -- Up-to-date symlink: /home/sunrise/robot/robot_ws/install/openslam_gmapping/share/openslam_gmapping/environment/library_path.dsv
[3.997s] -- Symlinking: /home/sunrise/robot/robot_ws/install/openslam_gmapping/lib/libsensor_odometry.a
[4.040s] -- Symlinking: /home/sunrise/robot/robot_ws/install/openslam_gmapping/lib/libsensor_range.a
[4.086s] -- Symlinking: /home/sunrise/robot/robot_ws/install/openslam_gmapping/lib/libutils.a
[4.130s] -- Up-to-date symlink: /home/sunrise/robot/robot_ws/install/openslam_gmapping/share/openslam_gmapping/environment/library_path.sh
[4.131s] -- Up-to-date symlink: /home/sunrise/robot/robot_ws/install/openslam_gmapping/share/openslam_gmapping/environment/library_path.dsv
[4.133s] -- Up-to-date symlink: /home/sunrise/robot/robot_ws/install/openslam_gmapping/share/openslam_gmapping/environment/library_path.sh
[4.137s] -- Up-to-date symlink: /home/sunrise/robot/robot_ws/install/openslam_gmapping/share/openslam_gmapping/environment/library_path.dsv
[4.137s] -- Symlinking: /home/sunrise/robot/robot_ws/install/openslam_gmapping/include//gmapping/grid/accessstate.h
[4.180s] -- Symlinking: /home/sunrise/robot/robot_ws/install/openslam_gmapping/include//gmapping/grid/array2d.h
[4.224s] -- Symlinking: /home/sunrise/robot/robot_ws/install/openslam_gmapping/include//gmapping/grid/harray2d.h
[4.267s] -- Symlinking: /home/sunrise/robot/robot_ws/install/openslam_gmapping/include//gmapping/grid/map.h
[4.310s] -- Symlinking: /home/sunrise/robot/robot_ws/install/openslam_gmapping/include//gmapping/gridfastslam/gridslamprocessor.h
[4.353s] -- Symlinking: /home/sunrise/robot/robot_ws/install/openslam_gmapping/include//gmapping/gridfastslam/gridslamprocessor.hxx
[4.400s] -- Symlinking: /home/sunrise/robot/robot_ws/install/openslam_gmapping/include//gmapping/gridfastslam/motionmodel.h
[4.442s] -- Symlinking: /home/sunrise/robot/robot_ws/install/openslam_gmapping/include//gmapping/log/configuration.h
[4.484s] -- Symlinking: /home/sunrise/robot/robot_ws/install/openslam_gmapping/include//gmapping/log/sensorlog.h
[4.524s] -- Symlinking: /home/sunrise/robot/robot_ws/install/openslam_gmapping/include//gmapping/particlefilter/particlefilter.h
[4.565s] -- Symlinking: /home/sunrise/robot/robot_ws/install/openslam_gmapping/include//gmapping/scanmatcher/icp.h
[4.608s] -- Symlinking: /home/sunrise/robot/robot_ws/install/openslam_gmapping/include//gmapping/scanmatcher/scanmatcher.h
[4.652s] -- Symlinking: /home/sunrise/robot/robot_ws/install/openslam_gmapping/include//gmapping/scanmatcher/smmap.h
[4.696s] -- Symlinking: /home/sunrise/robot/robot_ws/install/openslam_gmapping/include//gmapping/sensor/sensor_base/sensor.h
[4.742s] -- Symlinking: /home/sunrise/robot/robot_ws/install/openslam_gmapping/include//gmapping/sensor/sensor_base/sensorreading.h
[4.782s] -- Symlinking: /home/sunrise/robot/robot_ws/install/openslam_gmapping/include//gmapping/sensor/sensor_odometry/odometryreading.h
[4.829s] -- Symlinking: /home/sunrise/robot/robot_ws/install/openslam_gmapping/include//gmapping/sensor/sensor_odometry/odometrysensor.h
[4.878s] -- Symlinking: /home/sunrise/robot/robot_ws/install/openslam_gmapping/include//gmapping/sensor/sensor_range/rangereading.h
[4.924s] -- Symlinking: /home/sunrise/robot/robot_ws/install/openslam_gmapping/include//gmapping/sensor/sensor_range/rangesensor.h
[4.969s] -- Symlinking: /home/sunrise/robot/robot_ws/install/openslam_gmapping/include//gmapping/utils/autoptr.h
[5.008s] -- Symlinking: /home/sunrise/robot/robot_ws/install/openslam_gmapping/include//gmapping/utils/commandline.h
[5.052s] -- Symlinking: /home/sunrise/robot/robot_ws/install/openslam_gmapping/include//gmapping/utils/gvalues.h
[5.097s] -- Symlinking: /home/sunrise/robot/robot_ws/install/openslam_gmapping/include//gmapping/utils/macro_params.h
[5.143s] -- Symlinking: /home/sunrise/robot/robot_ws/install/openslam_gmapping/include//gmapping/utils/point.h
[5.187s] -- Symlinking: /home/sunrise/robot/robot_ws/install/openslam_gmapping/include//gmapping/utils/stat.h
[5.231s] -- Symlinking: /home/sunrise/robot/robot_ws/install/openslam_gmapping/share/ament_index/resource_index/package_run_dependencies/openslam_gmapping
[5.284s] -- Symlinking: /home/sunrise/robot/robot_ws/install/openslam_gmapping/share/ament_index/resource_index/parent_prefix_path/openslam_gmapping
[5.332s] -- Symlinking: /home/sunrise/robot/robot_ws/install/openslam_gmapping/share/openslam_gmapping/environment/ament_prefix_path.sh
[5.384s] -- Symlinking: /home/sunrise/robot/robot_ws/install/openslam_gmapping/share/openslam_gmapping/environment/ament_prefix_path.dsv
[5.425s] -- Symlinking: /home/sunrise/robot/robot_ws/install/openslam_gmapping/share/openslam_gmapping/environment/path.sh
[5.471s] -- Symlinking: /home/sunrise/robot/robot_ws/install/openslam_gmapping/share/openslam_gmapping/environment/path.dsv
[5.511s] -- Symlinking: /home/sunrise/robot/robot_ws/install/openslam_gmapping/share/openslam_gmapping/local_setup.bash
[5.552s] -- Symlinking: /home/sunrise/robot/robot_ws/install/openslam_gmapping/share/openslam_gmapping/local_setup.sh
[5.594s] -- Symlinking: /home/sunrise/robot/robot_ws/install/openslam_gmapping/share/openslam_gmapping/local_setup.zsh
[5.635s] -- Symlinking: /home/sunrise/robot/robot_ws/install/openslam_gmapping/share/openslam_gmapping/local_setup.dsv
[5.676s] -- Symlinking: /home/sunrise/robot/robot_ws/install/openslam_gmapping/share/openslam_gmapping/package.dsv
[5.721s] -- Symlinking: /home/sunrise/robot/robot_ws/install/openslam_gmapping/share/ament_index/resource_index/packages/openslam_gmapping
[5.763s] -- Symlinking: /home/sunrise/robot/robot_ws/install/openslam_gmapping/share/openslam_gmapping/cmake/ament_cmake_export_libraries-extras.cmake
[5.805s] -- Symlinking: /home/sunrise/robot/robot_ws/install/openslam_gmapping/share/openslam_gmapping/cmake/ament_cmake_export_include_directories-extras.cmake
[5.847s] -- Symlinking: /home/sunrise/robot/robot_ws/install/openslam_gmapping/share/openslam_gmapping/cmake/openslam_gmappingConfig.cmake
[5.891s] -- Symlinking: /home/sunrise/robot/robot_ws/install/openslam_gmapping/share/openslam_gmapping/cmake/openslam_gmappingConfig-version.cmake
[5.934s] -- Symlinking: /home/sunrise/robot/robot_ws/install/openslam_gmapping/share/openslam_gmapping/package.xml
[5.992s] Invoked command in '/home/sunrise/robot/robot_ws/build/openslam_gmapping' returned '0': CMAKE_PREFIX_PATH=${CMAKE_PREFIX_PATH}:/home/sunrise/robot/robot_ws/install/robot_control:/opt/ros/humble /usr/bin/cmake --install /home/sunrise/robot/robot_ws/build/openslam_gmapping
