[3.442s] Invoking command in '/home/sunrise/robot/robot_ws/build/slam_gmapping': CMAKE_PREFIX_PATH=/home/sunrise/robot/robot_ws/install/openslam_gmapping:/home/sunrise/robot/robot_ws/install/ydlidar_ros2_driver:/home/sunrise/robot/robot_ws/install/slam_gmapping:/home/sunrise/robot/robot_ws/install/my_robot_description:/home/sunrise/robot/robot_ws/install/robot_control:/opt/ros/humble /usr/bin/cmake --build /home/sunrise/robot/robot_ws/build/slam_gmapping -- -j8 -l8
[3.895s] [ 50%] Built target slam_gmapping
[4.062s] [100%] Built target transform
[4.136s] Invoked command in '/home/sunrise/robot/robot_ws/build/slam_gmapping' returned '0': CMAKE_PREFIX_PATH=/home/sunrise/robot/robot_ws/install/openslam_gmapping:/home/sunrise/robot/robot_ws/install/ydlidar_ros2_driver:/home/sunrise/robot/robot_ws/install/slam_gmapping:/home/sunrise/robot/robot_ws/install/my_robot_description:/home/sunrise/robot/robot_ws/install/robot_control:/opt/ros/humble /usr/bin/cmake --build /home/sunrise/robot/robot_ws/build/slam_gmapping -- -j8 -l8
[4.196s] Invoking command in '/home/sunrise/robot/robot_ws/build/slam_gmapping': CMAKE_PREFIX_PATH=/home/sunrise/robot/robot_ws/install/openslam_gmapping:/home/sunrise/robot/robot_ws/install/ydlidar_ros2_driver:/home/sunrise/robot/robot_ws/install/slam_gmapping:/home/sunrise/robot/robot_ws/install/my_robot_description:/home/sunrise/robot/robot_ws/install/robot_control:/opt/ros/humble /usr/bin/cmake --install /home/sunrise/robot/robot_ws/build/slam_gmapping
[4.257s] -- Install configuration: ""
[4.264s] -- Execute custom install script
[4.265s] -- Up-to-date symlink: /home/sunrise/robot/robot_ws/install/slam_gmapping/lib/slam_gmapping/slam_gmapping
[4.265s] -- Up-to-date symlink: /home/sunrise/robot/robot_ws/install/slam_gmapping/lib/slam_gmapping/transform
[4.267s] -- Up-to-date symlink: /home/sunrise/robot/robot_ws/install/slam_gmapping/share/slam_gmapping/launch/gmapping_4ros_launch.py
[4.268s] -- Up-to-date symlink: /home/sunrise/robot/robot_ws/install/slam_gmapping/share/slam_gmapping/launch/gmapping_x3_launch.py
[4.269s] -- Up-to-date symlink: /home/sunrise/robot/robot_ws/install/slam_gmapping/share/slam_gmapping/launch/localization.launch.py
[4.275s] -- Up-to-date symlink: /home/sunrise/robot/robot_ws/install/slam_gmapping/share/slam_gmapping/launch/navigation.launch.py
[4.276s] -- Up-to-date symlink: /home/sunrise/robot/robot_ws/install/slam_gmapping/share/slam_gmapping/launch/slam_4ros_gmapping.launch.py
[4.276s] -- Up-to-date symlink: /home/sunrise/robot/robot_ws/install/slam_gmapping/share/slam_gmapping/launch/slam_x3_gmapping.launch.py
[4.277s] -- Up-to-date symlink: /home/sunrise/robot/robot_ws/install/slam_gmapping/share/slam_gmapping/launch/test_gmapping.launch.py
[4.278s] -- Up-to-date symlink: /home/sunrise/robot/robot_ws/install/slam_gmapping/share/slam_gmapping/params/amcl_params.yaml
[4.281s] -- Up-to-date symlink: /home/sunrise/robot/robot_ws/install/slam_gmapping/share/slam_gmapping/params/nav2_params.yaml
[4.282s] -- Up-to-date symlink: /home/sunrise/robot/robot_ws/install/slam_gmapping/share/slam_gmapping/params/slam_gmapping.yaml
[4.284s] -- Up-to-date symlink: /home/sunrise/robot/robot_ws/install/slam_gmapping/share/slam_gmapping/rviz/map.rviz
[4.285s] -- Up-to-date symlink: /home/sunrise/robot/robot_ws/install/slam_gmapping/share/slam_gmapping/rviz/map_view.rviz
[4.286s] -- Up-to-date symlink: /home/sunrise/robot/robot_ws/install/slam_gmapping/share/slam_gmapping/rviz/test_gmapping.rviz
[4.288s] -- Up-to-date symlink: /home/sunrise/robot/robot_ws/install/slam_gmapping/share/slam_gmapping/rviz/view_gmapping.rviz
[4.289s] -- Up-to-date symlink: /home/sunrise/robot/robot_ws/install/slam_gmapping/share/ament_index/resource_index/package_run_dependencies/slam_gmapping
[4.289s] -- Up-to-date symlink: /home/sunrise/robot/robot_ws/install/slam_gmapping/share/ament_index/resource_index/parent_prefix_path/slam_gmapping
[4.290s] -- Up-to-date symlink: /home/sunrise/robot/robot_ws/install/slam_gmapping/share/slam_gmapping/environment/ament_prefix_path.sh
[4.291s] -- Up-to-date symlink: /home/sunrise/robot/robot_ws/install/slam_gmapping/share/slam_gmapping/environment/ament_prefix_path.dsv
[4.291s] -- Up-to-date symlink: /home/sunrise/robot/robot_ws/install/slam_gmapping/share/slam_gmapping/environment/path.sh
[4.292s] -- Up-to-date symlink: /home/sunrise/robot/robot_ws/install/slam_gmapping/share/slam_gmapping/environment/path.dsv
[4.293s] -- Up-to-date symlink: /home/sunrise/robot/robot_ws/install/slam_gmapping/share/slam_gmapping/local_setup.bash
[4.294s] -- Up-to-date symlink: /home/sunrise/robot/robot_ws/install/slam_gmapping/share/slam_gmapping/local_setup.sh
[4.295s] -- Up-to-date symlink: /home/sunrise/robot/robot_ws/install/slam_gmapping/share/slam_gmapping/local_setup.zsh
[4.296s] -- Up-to-date symlink: /home/sunrise/robot/robot_ws/install/slam_gmapping/share/slam_gmapping/local_setup.dsv
[4.297s] -- Symlinking: /home/sunrise/robot/robot_ws/install/slam_gmapping/share/slam_gmapping/package.dsv
[4.338s] -- Up-to-date symlink: /home/sunrise/robot/robot_ws/install/slam_gmapping/share/ament_index/resource_index/packages/slam_gmapping
[4.343s] -- Up-to-date symlink: /home/sunrise/robot/robot_ws/install/slam_gmapping/share/slam_gmapping/cmake/slam_gmappingConfig.cmake
[4.344s] -- Up-to-date symlink: /home/sunrise/robot/robot_ws/install/slam_gmapping/share/slam_gmapping/cmake/slam_gmappingConfig-version.cmake
[4.346s] -- Up-to-date symlink: /home/sunrise/robot/robot_ws/install/slam_gmapping/share/slam_gmapping/package.xml
[4.374s] Invoked command in '/home/sunrise/robot/robot_ws/build/slam_gmapping' returned '0': CMAKE_PREFIX_PATH=/home/sunrise/robot/robot_ws/install/openslam_gmapping:/home/sunrise/robot/robot_ws/install/ydlidar_ros2_driver:/home/sunrise/robot/robot_ws/install/slam_gmapping:/home/sunrise/robot/robot_ws/install/my_robot_description:/home/sunrise/robot/robot_ws/install/robot_control:/opt/ros/humble /usr/bin/cmake --install /home/sunrise/robot/robot_ws/build/slam_gmapping
