[0.784s] DEBUG:colcon:Command line arguments: ['/usr/bin/colcon', 'build', '--packages-select', 'robot_control', 'slam_gmapping']
[0.785s] DEBUG:colcon:Parsed command line arguments: Namespace(log_base=None, log_level=None, verb_name='build', build_base='build', install_base='install', merge_install=False, symlink_install=False, test_result_base=None, continue_on_error=False, executor='parallel', parallel_workers=8, event_handlers=None, ignore_user_meta=False, metas=['./colcon.meta'], base_paths=['.'], packages_ignore=None, packages_ignore_regex=None, paths=None, packages_up_to=None, packages_up_to_regex=None, packages_above=None, packages_above_and_dependencies=None, packages_above_depth=None, packages_select_by_dep=None, packages_skip_by_dep=None, packages_skip_up_to=None, packages_select_build_failed=False, packages_skip_build_finished=False, packages_select_test_failures=False, packages_skip_test_passed=False, packages_select=['robot_control', 'slam_gmapping'], packages_skip=None, packages_select_regex=None, packages_skip_regex=None, packages_start=None, packages_end=None, allow_overriding=[], cmake_args=None, cmake_target=None, cmake_target_skip_unavailable=False, cmake_clean_cache=False, cmake_clean_first=False, cmake_force_configure=False, ament_cmake_args=None, catkin_cmake_args=None, catkin_skip_building_tests=False, verb_parser=<colcon_defaults.argument_parser.defaults.DefaultArgumentsDecorator object at 0xffffa433e980>, verb_extension=<colcon_core.verb.build.BuildVerb object at 0xffffa433e470>, main=<bound method BuildVerb.main of <colcon_core.verb.build.BuildVerb object at 0xffffa433e470>>)
[2.415s] Level 1:colcon.colcon_core.package_discovery:discover_packages(colcon_meta) check parameters
[2.416s] Level 1:colcon.colcon_core.package_discovery:discover_packages(recursive) check parameters
[2.417s] Level 1:colcon.colcon_core.package_discovery:discover_packages(ignore) check parameters
[2.417s] Level 1:colcon.colcon_core.package_discovery:discover_packages(path) check parameters
[2.417s] Level 1:colcon.colcon_core.package_discovery:discover_packages(colcon_meta) discover
[2.418s] Level 1:colcon.colcon_core.package_discovery:discover_packages(recursive) discover
[2.418s] INFO:colcon.colcon_core.package_discovery:Crawling recursively for packages in '/home/sunrise/robot/robot_ws'
[2.419s] Level 1:colcon.colcon_core.package_identification:_identify(.) by extensions ['ignore', 'ignore_ament_install']
[2.420s] Level 1:colcon.colcon_core.package_identification:_identify(.) by extension 'ignore'
[2.420s] Level 1:colcon.colcon_core.package_identification:_identify(.) by extension 'ignore_ament_install'
[2.421s] Level 1:colcon.colcon_core.package_identification:_identify(.) by extensions ['colcon_pkg']
[2.422s] Level 1:colcon.colcon_core.package_identification:_identify(.) by extension 'colcon_pkg'
[2.422s] Level 1:colcon.colcon_core.package_identification:_identify(.) by extensions ['colcon_meta']
[2.422s] Level 1:colcon.colcon_core.package_identification:_identify(.) by extension 'colcon_meta'
[2.423s] Level 1:colcon.colcon_core.package_identification:_identify(.) by extensions ['ros']
[2.423s] Level 1:colcon.colcon_core.package_identification:_identify(.) by extension 'ros'
[2.582s] Level 1:colcon.colcon_core.package_identification:_identify(.) by extensions ['cmake', 'python']
[2.583s] Level 1:colcon.colcon_core.package_identification:_identify(.) by extension 'cmake'
[2.583s] Level 1:colcon.colcon_core.package_identification:_identify(.) by extension 'python'
[2.584s] Level 1:colcon.colcon_core.package_identification:_identify(.) by extensions ['python_setup_py']
[2.584s] Level 1:colcon.colcon_core.package_identification:_identify(.) by extension 'python_setup_py'
[2.585s] Level 1:colcon.colcon_core.package_identification:_identify(build) by extensions ['ignore', 'ignore_ament_install']
[2.585s] Level 1:colcon.colcon_core.package_identification:_identify(build) by extension 'ignore'
[2.585s] Level 1:colcon.colcon_core.package_identification:_identify(build) ignored
[2.586s] Level 1:colcon.colcon_core.package_identification:_identify(install) by extensions ['ignore', 'ignore_ament_install']
[2.587s] Level 1:colcon.colcon_core.package_identification:_identify(install) by extension 'ignore'
[2.587s] Level 1:colcon.colcon_core.package_identification:_identify(install) ignored
[2.587s] Level 1:colcon.colcon_core.package_identification:_identify(log) by extensions ['ignore', 'ignore_ament_install']
[2.588s] Level 1:colcon.colcon_core.package_identification:_identify(log) by extension 'ignore'
[2.588s] Level 1:colcon.colcon_core.package_identification:_identify(log) ignored
[2.588s] Level 1:colcon.colcon_core.package_identification:_identify(maps) by extensions ['ignore', 'ignore_ament_install']
[2.589s] Level 1:colcon.colcon_core.package_identification:_identify(maps) by extension 'ignore'
[2.589s] Level 1:colcon.colcon_core.package_identification:_identify(maps) by extension 'ignore_ament_install'
[2.590s] Level 1:colcon.colcon_core.package_identification:_identify(maps) by extensions ['colcon_pkg']
[2.590s] Level 1:colcon.colcon_core.package_identification:_identify(maps) by extension 'colcon_pkg'
[2.590s] Level 1:colcon.colcon_core.package_identification:_identify(maps) by extensions ['colcon_meta']
[2.590s] Level 1:colcon.colcon_core.package_identification:_identify(maps) by extension 'colcon_meta'
[2.590s] Level 1:colcon.colcon_core.package_identification:_identify(maps) by extensions ['ros']
[2.591s] Level 1:colcon.colcon_core.package_identification:_identify(maps) by extension 'ros'
[2.591s] Level 1:colcon.colcon_core.package_identification:_identify(maps) by extensions ['cmake', 'python']
[2.591s] Level 1:colcon.colcon_core.package_identification:_identify(maps) by extension 'cmake'
[2.592s] Level 1:colcon.colcon_core.package_identification:_identify(maps) by extension 'python'
[2.592s] Level 1:colcon.colcon_core.package_identification:_identify(maps) by extensions ['python_setup_py']
[2.592s] Level 1:colcon.colcon_core.package_identification:_identify(maps) by extension 'python_setup_py'
[2.593s] Level 1:colcon.colcon_core.package_identification:_identify(src) by extensions ['ignore', 'ignore_ament_install']
[2.593s] Level 1:colcon.colcon_core.package_identification:_identify(src) by extension 'ignore'
[2.593s] Level 1:colcon.colcon_core.package_identification:_identify(src) by extension 'ignore_ament_install'
[2.594s] Level 1:colcon.colcon_core.package_identification:_identify(src) by extensions ['colcon_pkg']
[2.594s] Level 1:colcon.colcon_core.package_identification:_identify(src) by extension 'colcon_pkg'
[2.594s] Level 1:colcon.colcon_core.package_identification:_identify(src) by extensions ['colcon_meta']
[2.594s] Level 1:colcon.colcon_core.package_identification:_identify(src) by extension 'colcon_meta'
[2.595s] Level 1:colcon.colcon_core.package_identification:_identify(src) by extensions ['ros']
[2.595s] Level 1:colcon.colcon_core.package_identification:_identify(src) by extension 'ros'
[2.595s] Level 1:colcon.colcon_core.package_identification:_identify(src) by extensions ['cmake', 'python']
[2.595s] Level 1:colcon.colcon_core.package_identification:_identify(src) by extension 'cmake'
[2.596s] Level 1:colcon.colcon_core.package_identification:_identify(src) by extension 'python'
[2.596s] Level 1:colcon.colcon_core.package_identification:_identify(src) by extensions ['python_setup_py']
[2.596s] Level 1:colcon.colcon_core.package_identification:_identify(src) by extension 'python_setup_py'
[2.597s] Level 1:colcon.colcon_core.package_identification:_identify(src/my_robot_description) by extensions ['ignore', 'ignore_ament_install']
[2.597s] Level 1:colcon.colcon_core.package_identification:_identify(src/my_robot_description) by extension 'ignore'
[2.598s] Level 1:colcon.colcon_core.package_identification:_identify(src/my_robot_description) by extension 'ignore_ament_install'
[2.598s] Level 1:colcon.colcon_core.package_identification:_identify(src/my_robot_description) by extensions ['colcon_pkg']
[2.598s] Level 1:colcon.colcon_core.package_identification:_identify(src/my_robot_description) by extension 'colcon_pkg'
[2.598s] Level 1:colcon.colcon_core.package_identification:_identify(src/my_robot_description) by extensions ['colcon_meta']
[2.599s] Level 1:colcon.colcon_core.package_identification:_identify(src/my_robot_description) by extension 'colcon_meta'
[2.599s] Level 1:colcon.colcon_core.package_identification:_identify(src/my_robot_description) by extensions ['ros']
[2.599s] Level 1:colcon.colcon_core.package_identification:_identify(src/my_robot_description) by extension 'ros'
[2.616s] DEBUG:colcon.colcon_core.package_identification:Package 'src/my_robot_description' with type 'ros.ament_cmake' and name 'my_robot_description'
[2.618s] Level 1:colcon.colcon_core.package_identification:_identify(src/openslam_gmapping) by extensions ['ignore', 'ignore_ament_install']
[2.618s] Level 1:colcon.colcon_core.package_identification:_identify(src/openslam_gmapping) by extension 'ignore'
[2.619s] Level 1:colcon.colcon_core.package_identification:_identify(src/openslam_gmapping) by extension 'ignore_ament_install'
[2.619s] Level 1:colcon.colcon_core.package_identification:_identify(src/openslam_gmapping) by extensions ['colcon_pkg']
[2.620s] Level 1:colcon.colcon_core.package_identification:_identify(src/openslam_gmapping) by extension 'colcon_pkg'
[2.620s] Level 1:colcon.colcon_core.package_identification:_identify(src/openslam_gmapping) by extensions ['colcon_meta']
[2.621s] Level 1:colcon.colcon_core.package_identification:_identify(src/openslam_gmapping) by extension 'colcon_meta'
[2.621s] Level 1:colcon.colcon_core.package_identification:_identify(src/openslam_gmapping) by extensions ['ros']
[2.622s] Level 1:colcon.colcon_core.package_identification:_identify(src/openslam_gmapping) by extension 'ros'
[2.626s] DEBUG:colcon.colcon_core.package_identification:Package 'src/openslam_gmapping' with type 'ros.ament_cmake' and name 'openslam_gmapping'
[2.627s] Level 1:colcon.colcon_core.package_identification:_identify(src/robot_control) by extensions ['ignore', 'ignore_ament_install']
[2.627s] Level 1:colcon.colcon_core.package_identification:_identify(src/robot_control) by extension 'ignore'
[2.628s] Level 1:colcon.colcon_core.package_identification:_identify(src/robot_control) by extension 'ignore_ament_install'
[2.628s] Level 1:colcon.colcon_core.package_identification:_identify(src/robot_control) by extensions ['colcon_pkg']
[2.629s] Level 1:colcon.colcon_core.package_identification:_identify(src/robot_control) by extension 'colcon_pkg'
[2.629s] Level 1:colcon.colcon_core.package_identification:_identify(src/robot_control) by extensions ['colcon_meta']
[2.629s] Level 1:colcon.colcon_core.package_identification:_identify(src/robot_control) by extension 'colcon_meta'
[2.630s] Level 1:colcon.colcon_core.package_identification:_identify(src/robot_control) by extensions ['ros']
[2.630s] Level 1:colcon.colcon_core.package_identification:_identify(src/robot_control) by extension 'ros'
[2.639s] DEBUG:colcon.colcon_core.package_identification:Package 'src/robot_control' with type 'ros.ament_python' and name 'robot_control'
[2.640s] Level 1:colcon.colcon_core.package_identification:_identify(src/slam_gmapping) by extensions ['ignore', 'ignore_ament_install']
[2.640s] Level 1:colcon.colcon_core.package_identification:_identify(src/slam_gmapping) by extension 'ignore'
[2.641s] Level 1:colcon.colcon_core.package_identification:_identify(src/slam_gmapping) by extension 'ignore_ament_install'
[2.641s] Level 1:colcon.colcon_core.package_identification:_identify(src/slam_gmapping) by extensions ['colcon_pkg']
[2.641s] Level 1:colcon.colcon_core.package_identification:_identify(src/slam_gmapping) by extension 'colcon_pkg'
[2.642s] Level 1:colcon.colcon_core.package_identification:_identify(src/slam_gmapping) by extensions ['colcon_meta']
[2.642s] Level 1:colcon.colcon_core.package_identification:_identify(src/slam_gmapping) by extension 'colcon_meta'
[2.642s] Level 1:colcon.colcon_core.package_identification:_identify(src/slam_gmapping) by extensions ['ros']
[2.642s] Level 1:colcon.colcon_core.package_identification:_identify(src/slam_gmapping) by extension 'ros'
[2.651s] DEBUG:colcon.colcon_core.package_identification:Package 'src/slam_gmapping' with type 'ros.ament_cmake' and name 'slam_gmapping'
[2.652s] Level 1:colcon.colcon_core.package_identification:_identify(src/ydlidar_ros2_driver-master) by extensions ['ignore', 'ignore_ament_install']
[2.652s] Level 1:colcon.colcon_core.package_identification:_identify(src/ydlidar_ros2_driver-master) by extension 'ignore'
[2.653s] Level 1:colcon.colcon_core.package_identification:_identify(src/ydlidar_ros2_driver-master) by extension 'ignore_ament_install'
[2.653s] Level 1:colcon.colcon_core.package_identification:_identify(src/ydlidar_ros2_driver-master) by extensions ['colcon_pkg']
[2.653s] Level 1:colcon.colcon_core.package_identification:_identify(src/ydlidar_ros2_driver-master) by extension 'colcon_pkg'
[2.654s] Level 1:colcon.colcon_core.package_identification:_identify(src/ydlidar_ros2_driver-master) by extensions ['colcon_meta']
[2.654s] Level 1:colcon.colcon_core.package_identification:_identify(src/ydlidar_ros2_driver-master) by extension 'colcon_meta'
[2.655s] Level 1:colcon.colcon_core.package_identification:_identify(src/ydlidar_ros2_driver-master) by extensions ['ros']
[2.655s] Level 1:colcon.colcon_core.package_identification:_identify(src/ydlidar_ros2_driver-master) by extension 'ros'
[2.660s] DEBUG:colcon.colcon_core.package_identification:Package 'src/ydlidar_ros2_driver-master' with type 'ros.ament_cmake' and name 'ydlidar_ros2_driver'
[2.661s] Level 1:colcon.colcon_core.package_discovery:discover_packages(recursive) using defaults
[2.661s] Level 1:colcon.colcon_core.package_discovery:discover_packages(ignore) discover
[2.661s] Level 1:colcon.colcon_core.package_discovery:discover_packages(ignore) using defaults
[2.661s] Level 1:colcon.colcon_core.package_discovery:discover_packages(path) discover
[2.661s] Level 1:colcon.colcon_core.package_discovery:discover_packages(path) using defaults
[2.785s] INFO:colcon.colcon_core.package_selection:Skipping not selected package 'my_robot_description' in 'src/my_robot_description'
[2.786s] INFO:colcon.colcon_core.package_selection:Skipping not selected package 'openslam_gmapping' in 'src/openslam_gmapping'
[2.786s] INFO:colcon.colcon_core.package_selection:Skipping not selected package 'ydlidar_ros2_driver' in 'src/ydlidar_ros2_driver-master'
[2.789s] Level 1:colcon.colcon_core.package_discovery:discover_packages(prefix_path) check parameters
[2.789s] Level 1:colcon.colcon_core.package_discovery:discover_packages(prefix_path) discover
[2.802s] DEBUG:colcon.colcon_installed_package_information.package_discovery:Found 5 installed packages in /home/sunrise/robot/robot_ws/install
[2.813s] DEBUG:colcon.colcon_installed_package_information.package_discovery:Found 397 installed packages in /opt/ros/humble
[2.837s] Level 1:colcon.colcon_core.package_discovery:discover_packages(prefix_path) using defaults
[3.240s] Level 5:colcon.colcon_core.verb:set package 'robot_control' build argument 'cmake_args' from command line to 'None'
[3.240s] Level 5:colcon.colcon_core.verb:set package 'robot_control' build argument 'cmake_target' from command line to 'None'
[3.241s] Level 5:colcon.colcon_core.verb:set package 'robot_control' build argument 'cmake_target_skip_unavailable' from command line to 'False'
[3.241s] Level 5:colcon.colcon_core.verb:set package 'robot_control' build argument 'cmake_clean_cache' from command line to 'False'
[3.241s] Level 5:colcon.colcon_core.verb:set package 'robot_control' build argument 'cmake_clean_first' from command line to 'False'
[3.241s] Level 5:colcon.colcon_core.verb:set package 'robot_control' build argument 'cmake_force_configure' from command line to 'False'
[3.242s] Level 5:colcon.colcon_core.verb:set package 'robot_control' build argument 'ament_cmake_args' from command line to 'None'
[3.242s] Level 5:colcon.colcon_core.verb:set package 'robot_control' build argument 'catkin_cmake_args' from command line to 'None'
[3.242s] Level 5:colcon.colcon_core.verb:set package 'robot_control' build argument 'catkin_skip_building_tests' from command line to 'False'
[3.242s] DEBUG:colcon.colcon_core.verb:Building package 'robot_control' with the following arguments: {'ament_cmake_args': None, 'build_base': '/home/sunrise/robot/robot_ws/build/robot_control', 'catkin_cmake_args': None, 'catkin_skip_building_tests': False, 'cmake_args': None, 'cmake_clean_cache': False, 'cmake_clean_first': False, 'cmake_force_configure': False, 'cmake_target': None, 'cmake_target_skip_unavailable': False, 'install_base': '/home/sunrise/robot/robot_ws/install/robot_control', 'merge_install': False, 'path': '/home/sunrise/robot/robot_ws/src/robot_control', 'symlink_install': False, 'test_result_base': None}
[3.245s] Level 5:colcon.colcon_core.verb:set package 'slam_gmapping' build argument 'cmake_args' from command line to 'None'
[3.245s] Level 5:colcon.colcon_core.verb:set package 'slam_gmapping' build argument 'cmake_target' from command line to 'None'
[3.246s] Level 5:colcon.colcon_core.verb:set package 'slam_gmapping' build argument 'cmake_target_skip_unavailable' from command line to 'False'
[3.246s] Level 5:colcon.colcon_core.verb:set package 'slam_gmapping' build argument 'cmake_clean_cache' from command line to 'False'
[3.246s] Level 5:colcon.colcon_core.verb:set package 'slam_gmapping' build argument 'cmake_clean_first' from command line to 'False'
[3.246s] Level 5:colcon.colcon_core.verb:set package 'slam_gmapping' build argument 'cmake_force_configure' from command line to 'False'
[3.246s] Level 5:colcon.colcon_core.verb:set package 'slam_gmapping' build argument 'ament_cmake_args' from command line to 'None'
[3.246s] Level 5:colcon.colcon_core.verb:set package 'slam_gmapping' build argument 'catkin_cmake_args' from command line to 'None'
[3.247s] Level 5:colcon.colcon_core.verb:set package 'slam_gmapping' build argument 'catkin_skip_building_tests' from command line to 'False'
[3.247s] DEBUG:colcon.colcon_core.verb:Building package 'slam_gmapping' with the following arguments: {'ament_cmake_args': None, 'build_base': '/home/sunrise/robot/robot_ws/build/slam_gmapping', 'catkin_cmake_args': None, 'catkin_skip_building_tests': False, 'cmake_args': None, 'cmake_clean_cache': False, 'cmake_clean_first': False, 'cmake_force_configure': False, 'cmake_target': None, 'cmake_target_skip_unavailable': False, 'install_base': '/home/sunrise/robot/robot_ws/install/slam_gmapping', 'merge_install': False, 'path': '/home/sunrise/robot/robot_ws/src/slam_gmapping', 'symlink_install': False, 'test_result_base': None}
[3.248s] INFO:colcon.colcon_core.executor:Executing jobs using 'parallel' executor
[3.255s] DEBUG:colcon.colcon_parallel_executor.executor.parallel:run_until_complete
[3.256s] INFO:colcon.colcon_ros.task.ament_python.build:Building ROS package in '/home/sunrise/robot/robot_ws/src/robot_control' with build type 'ament_python'
[3.258s] Level 1:colcon.colcon_core.shell:create_environment_hook('robot_control', 'ament_prefix_path')
[3.272s] INFO:colcon.colcon_core.plugin_system:Skipping extension 'colcon_core.shell.bat': Not used on non-Windows systems
[3.273s] INFO:colcon.colcon_core.shell:Creating environment hook '/home/sunrise/robot/robot_ws/install/robot_control/share/robot_control/hook/ament_prefix_path.ps1'
[3.277s] INFO:colcon.colcon_core.shell:Creating environment descriptor '/home/sunrise/robot/robot_ws/install/robot_control/share/robot_control/hook/ament_prefix_path.dsv'
[3.281s] INFO:colcon.colcon_core.shell:Creating environment hook '/home/sunrise/robot/robot_ws/install/robot_control/share/robot_control/hook/ament_prefix_path.sh'
[3.287s] INFO:colcon.colcon_core.shell:Skip shell extension 'powershell' for command environment: Not usable outside of PowerShell
[3.288s] DEBUG:colcon.colcon_core.shell:Skip shell extension 'dsv' for command environment
[3.310s] INFO:colcon.colcon_ros.task.ament_cmake.build:Building ROS package in '/home/sunrise/robot/robot_ws/src/slam_gmapping' with build type 'ament_cmake'
[3.311s] INFO:colcon.colcon_cmake.task.cmake.build:Building CMake package in '/home/sunrise/robot/robot_ws/src/slam_gmapping'
[3.314s] INFO:colcon.colcon_core.shell:Skip shell extension 'powershell' for command environment: Not usable outside of PowerShell
[3.314s] DEBUG:colcon.colcon_core.shell:Skip shell extension 'dsv' for command environment
[5.839s] INFO:colcon.colcon_core.task.python.build:Building Python package in '/home/sunrise/robot/robot_ws/src/robot_control'
[5.840s] INFO:colcon.colcon_core.shell:Skip shell extension 'powershell' for command environment: Not usable outside of PowerShell
[5.841s] DEBUG:colcon.colcon_core.shell:Skip shell extension 'dsv' for command environment
[5.883s] DEBUG:colcon.colcon_core.event_handler.log_command:Invoking command in '/home/sunrise/robot/robot_ws/build/slam_gmapping': CMAKE_PREFIX_PATH=/home/sunrise/robot/robot_ws/install/openslam_gmapping:/home/sunrise/robot/robot_ws/install/ydlidar_ros2_driver:/home/sunrise/robot/robot_ws/install/slam_gmapping:/home/sunrise/robot/robot_ws/install/my_robot_description:/home/sunrise/robot/robot_ws/install/robot_control:/opt/ros/humble /usr/bin/cmake --build /home/sunrise/robot/robot_ws/build/slam_gmapping -- -j8 -l8
[6.227s] DEBUG:colcon.colcon_core.event_handler.log_command:Invoked command in '/home/sunrise/robot/robot_ws/build/slam_gmapping' returned '0': CMAKE_PREFIX_PATH=/home/sunrise/robot/robot_ws/install/openslam_gmapping:/home/sunrise/robot/robot_ws/install/ydlidar_ros2_driver:/home/sunrise/robot/robot_ws/install/slam_gmapping:/home/sunrise/robot/robot_ws/install/my_robot_description:/home/sunrise/robot/robot_ws/install/robot_control:/opt/ros/humble /usr/bin/cmake --build /home/sunrise/robot/robot_ws/build/slam_gmapping -- -j8 -l8
[6.277s] DEBUG:colcon.colcon_core.event_handler.log_command:Invoking command in '/home/sunrise/robot/robot_ws/build/slam_gmapping': CMAKE_PREFIX_PATH=/home/sunrise/robot/robot_ws/install/openslam_gmapping:/home/sunrise/robot/robot_ws/install/ydlidar_ros2_driver:/home/sunrise/robot/robot_ws/install/slam_gmapping:/home/sunrise/robot/robot_ws/install/my_robot_description:/home/sunrise/robot/robot_ws/install/robot_control:/opt/ros/humble /usr/bin/cmake --install /home/sunrise/robot/robot_ws/build/slam_gmapping
[6.393s] Level 1:colcon.colcon_core.environment:create_environment_scripts_only(slam_gmapping)
[6.396s] DEBUG:colcon.colcon_core.event_handler.log_command:Invoked command in '/home/sunrise/robot/robot_ws/build/slam_gmapping' returned '0': CMAKE_PREFIX_PATH=/home/sunrise/robot/robot_ws/install/openslam_gmapping:/home/sunrise/robot/robot_ws/install/ydlidar_ros2_driver:/home/sunrise/robot/robot_ws/install/slam_gmapping:/home/sunrise/robot/robot_ws/install/my_robot_description:/home/sunrise/robot/robot_ws/install/robot_control:/opt/ros/humble /usr/bin/cmake --install /home/sunrise/robot/robot_ws/build/slam_gmapping
[6.409s] Level 1:colcon.colcon_core.environment:checking '/home/sunrise/robot/robot_ws/install/slam_gmapping' for CMake module files
[6.413s] Level 1:colcon.colcon_core.environment:checking '/home/sunrise/robot/robot_ws/install/slam_gmapping' for CMake config files
[6.415s] Level 1:colcon.colcon_core.shell:create_environment_hook('slam_gmapping', 'cmake_prefix_path')
[6.417s] INFO:colcon.colcon_core.shell:Creating environment hook '/home/sunrise/robot/robot_ws/install/slam_gmapping/share/slam_gmapping/hook/cmake_prefix_path.ps1'
[6.422s] INFO:colcon.colcon_core.shell:Creating environment descriptor '/home/sunrise/robot/robot_ws/install/slam_gmapping/share/slam_gmapping/hook/cmake_prefix_path.dsv'
[6.425s] INFO:colcon.colcon_core.shell:Creating environment hook '/home/sunrise/robot/robot_ws/install/slam_gmapping/share/slam_gmapping/hook/cmake_prefix_path.sh'
[6.429s] Level 1:colcon.colcon_core.environment:checking '/home/sunrise/robot/robot_ws/install/slam_gmapping/lib'
[6.431s] Level 1:colcon.colcon_core.environment:checking '/home/sunrise/robot/robot_ws/install/slam_gmapping/bin'
[6.432s] Level 1:colcon.colcon_core.environment:checking '/home/sunrise/robot/robot_ws/install/slam_gmapping/lib/pkgconfig/slam_gmapping.pc'
[6.434s] Level 1:colcon.colcon_core.environment:checking '/home/sunrise/robot/robot_ws/install/slam_gmapping/lib/python3.10/site-packages'
[6.436s] Level 1:colcon.colcon_core.environment:checking '/home/sunrise/robot/robot_ws/install/slam_gmapping/bin'
[6.439s] INFO:colcon.colcon_core.shell:Creating package script '/home/sunrise/robot/robot_ws/install/slam_gmapping/share/slam_gmapping/package.ps1'
[6.447s] INFO:colcon.colcon_core.shell:Creating package descriptor '/home/sunrise/robot/robot_ws/install/slam_gmapping/share/slam_gmapping/package.dsv'
[6.451s] INFO:colcon.colcon_core.shell:Creating package script '/home/sunrise/robot/robot_ws/install/slam_gmapping/share/slam_gmapping/package.sh'
[6.457s] INFO:colcon.colcon_core.shell:Creating package script '/home/sunrise/robot/robot_ws/install/slam_gmapping/share/slam_gmapping/package.bash'
[6.463s] INFO:colcon.colcon_core.shell:Creating package script '/home/sunrise/robot/robot_ws/install/slam_gmapping/share/slam_gmapping/package.zsh'
[6.469s] Level 1:colcon.colcon_core.environment:create_file_with_runtime_dependencies(/home/sunrise/robot/robot_ws/install/slam_gmapping/share/colcon-core/packages/slam_gmapping)
[6.472s] Level 1:colcon.colcon_core.environment:create_environment_scripts_only(slam_gmapping)
[6.474s] Level 1:colcon.colcon_core.environment:checking '/home/sunrise/robot/robot_ws/install/slam_gmapping' for CMake module files
[6.478s] Level 1:colcon.colcon_core.environment:checking '/home/sunrise/robot/robot_ws/install/slam_gmapping' for CMake config files
[6.480s] Level 1:colcon.colcon_core.shell:create_environment_hook('slam_gmapping', 'cmake_prefix_path')
[6.482s] INFO:colcon.colcon_core.shell:Creating environment hook '/home/sunrise/robot/robot_ws/install/slam_gmapping/share/slam_gmapping/hook/cmake_prefix_path.ps1'
[6.485s] INFO:colcon.colcon_core.shell:Creating environment descriptor '/home/sunrise/robot/robot_ws/install/slam_gmapping/share/slam_gmapping/hook/cmake_prefix_path.dsv'
[6.488s] INFO:colcon.colcon_core.shell:Creating environment hook '/home/sunrise/robot/robot_ws/install/slam_gmapping/share/slam_gmapping/hook/cmake_prefix_path.sh'
[6.492s] Level 1:colcon.colcon_core.environment:checking '/home/sunrise/robot/robot_ws/install/slam_gmapping/lib'
[6.493s] Level 1:colcon.colcon_core.environment:checking '/home/sunrise/robot/robot_ws/install/slam_gmapping/bin'
[6.493s] Level 1:colcon.colcon_core.environment:checking '/home/sunrise/robot/robot_ws/install/slam_gmapping/lib/pkgconfig/slam_gmapping.pc'
[6.495s] Level 1:colcon.colcon_core.environment:checking '/home/sunrise/robot/robot_ws/install/slam_gmapping/lib/python3.10/site-packages'
[6.498s] Level 1:colcon.colcon_core.environment:checking '/home/sunrise/robot/robot_ws/install/slam_gmapping/bin'
[6.501s] INFO:colcon.colcon_core.shell:Creating package script '/home/sunrise/robot/robot_ws/install/slam_gmapping/share/slam_gmapping/package.ps1'
[6.506s] INFO:colcon.colcon_core.shell:Creating package descriptor '/home/sunrise/robot/robot_ws/install/slam_gmapping/share/slam_gmapping/package.dsv'
[6.510s] INFO:colcon.colcon_core.shell:Creating package script '/home/sunrise/robot/robot_ws/install/slam_gmapping/share/slam_gmapping/package.sh'
[6.514s] INFO:colcon.colcon_core.shell:Creating package script '/home/sunrise/robot/robot_ws/install/slam_gmapping/share/slam_gmapping/package.bash'
[6.517s] INFO:colcon.colcon_core.shell:Creating package script '/home/sunrise/robot/robot_ws/install/slam_gmapping/share/slam_gmapping/package.zsh'
[6.521s] Level 1:colcon.colcon_core.environment:create_file_with_runtime_dependencies(/home/sunrise/robot/robot_ws/install/slam_gmapping/share/colcon-core/packages/slam_gmapping)
[9.122s] DEBUG:colcon.colcon_core.event_handler.log_command:Invoking command in '/home/sunrise/robot/robot_ws/src/robot_control': PYTHONPATH=/home/sunrise/robot/robot_ws/build/robot_control/prefix_override:/usr/lib/python3/dist-packages/colcon_core/task/python/colcon_distutils_commands:/home/sunrise/robot/robot_ws/install/robot_control/lib/python3.10/site-packages:${PYTHONPATH} /usr/bin/python3 -W ignore:setup.py install is deprecated -W ignore:easy_install command is deprecated setup.py egg_info --egg-base ../../build/robot_control build --build-base /home/sunrise/robot/robot_ws/build/robot_control/build install --record /home/sunrise/robot/robot_ws/build/robot_control/install.log --single-version-externally-managed install_data
[11.664s] Level 1:colcon.colcon_core.environment:checking '/home/sunrise/robot/robot_ws/install/robot_control' for CMake module files
[11.669s] Level 1:colcon.colcon_core.environment:checking '/home/sunrise/robot/robot_ws/install/robot_control' for CMake config files
[11.672s] DEBUG:colcon.colcon_core.event_handler.log_command:Invoked command in '/home/sunrise/robot/robot_ws/src/robot_control' returned '0': PYTHONPATH=/home/sunrise/robot/robot_ws/build/robot_control/prefix_override:/usr/lib/python3/dist-packages/colcon_core/task/python/colcon_distutils_commands:/home/sunrise/robot/robot_ws/install/robot_control/lib/python3.10/site-packages:${PYTHONPATH} /usr/bin/python3 -W ignore:setup.py install is deprecated -W ignore:easy_install command is deprecated setup.py egg_info --egg-base ../../build/robot_control build --build-base /home/sunrise/robot/robot_ws/build/robot_control/build install --record /home/sunrise/robot/robot_ws/build/robot_control/install.log --single-version-externally-managed install_data
[11.676s] Level 1:colcon.colcon_core.environment:checking '/home/sunrise/robot/robot_ws/install/robot_control/lib'
[11.679s] Level 1:colcon.colcon_core.environment:checking '/home/sunrise/robot/robot_ws/install/robot_control/bin'
[11.680s] Level 1:colcon.colcon_core.environment:checking '/home/sunrise/robot/robot_ws/install/robot_control/lib/pkgconfig/robot_control.pc'
[11.682s] Level 1:colcon.colcon_core.environment:checking '/home/sunrise/robot/robot_ws/install/robot_control/lib/python3.10/site-packages'
[11.683s] Level 1:colcon.colcon_core.shell:create_environment_hook('robot_control', 'pythonpath')
[11.685s] INFO:colcon.colcon_core.shell:Creating environment hook '/home/sunrise/robot/robot_ws/install/robot_control/share/robot_control/hook/pythonpath.ps1'
[11.688s] INFO:colcon.colcon_core.shell:Creating environment descriptor '/home/sunrise/robot/robot_ws/install/robot_control/share/robot_control/hook/pythonpath.dsv'
[11.691s] INFO:colcon.colcon_core.shell:Creating environment hook '/home/sunrise/robot/robot_ws/install/robot_control/share/robot_control/hook/pythonpath.sh'
[11.697s] Level 1:colcon.colcon_core.environment:checking '/home/sunrise/robot/robot_ws/install/robot_control/bin'
[11.698s] Level 1:colcon.colcon_core.environment:create_environment_scripts_only(robot_control)
[11.700s] INFO:colcon.colcon_core.shell:Creating package script '/home/sunrise/robot/robot_ws/install/robot_control/share/robot_control/package.ps1'
[11.704s] INFO:colcon.colcon_core.shell:Creating package descriptor '/home/sunrise/robot/robot_ws/install/robot_control/share/robot_control/package.dsv'
[11.707s] INFO:colcon.colcon_core.shell:Creating package script '/home/sunrise/robot/robot_ws/install/robot_control/share/robot_control/package.sh'
[11.711s] INFO:colcon.colcon_core.shell:Creating package script '/home/sunrise/robot/robot_ws/install/robot_control/share/robot_control/package.bash'
[11.714s] INFO:colcon.colcon_core.shell:Creating package script '/home/sunrise/robot/robot_ws/install/robot_control/share/robot_control/package.zsh'
[11.717s] Level 1:colcon.colcon_core.environment:create_file_with_runtime_dependencies(/home/sunrise/robot/robot_ws/install/robot_control/share/colcon-core/packages/robot_control)
[11.719s] DEBUG:colcon.colcon_parallel_executor.executor.parallel:closing loop
[11.721s] DEBUG:colcon.colcon_parallel_executor.executor.parallel:loop closed
[11.722s] DEBUG:colcon.colcon_parallel_executor.executor.parallel:run_until_complete finished with '0'
[11.723s] DEBUG:colcon.colcon_core.event_reactor:joining thread
[11.726s] DEBUG:colcon.colcon_core.event_reactor:joined thread
[11.728s] INFO:colcon.colcon_core.shell:Creating prefix script '/home/sunrise/robot/robot_ws/install/local_setup.ps1'
[11.736s] INFO:colcon.colcon_core.shell:Creating prefix util module '/home/sunrise/robot/robot_ws/install/_local_setup_util_ps1.py'
[11.748s] INFO:colcon.colcon_core.shell:Creating prefix chain script '/home/sunrise/robot/robot_ws/install/setup.ps1'
[11.757s] INFO:colcon.colcon_core.shell:Creating prefix script '/home/sunrise/robot/robot_ws/install/local_setup.sh'
[11.762s] INFO:colcon.colcon_core.shell:Creating prefix util module '/home/sunrise/robot/robot_ws/install/_local_setup_util_sh.py'
[11.767s] INFO:colcon.colcon_core.shell:Creating prefix chain script '/home/sunrise/robot/robot_ws/install/setup.sh'
[11.774s] INFO:colcon.colcon_core.shell:Creating prefix script '/home/sunrise/robot/robot_ws/install/local_setup.bash'
[11.777s] INFO:colcon.colcon_core.shell:Creating prefix chain script '/home/sunrise/robot/robot_ws/install/setup.bash'
[11.785s] INFO:colcon.colcon_core.shell:Creating prefix script '/home/sunrise/robot/robot_ws/install/local_setup.zsh'
[11.789s] INFO:colcon.colcon_core.shell:Creating prefix chain script '/home/sunrise/robot/robot_ws/install/setup.zsh'
