[5.325s] Invoking command in '/home/sunrise/robot/robot_ws/build/robot_control': PYTHONPATH=/home/sunrise/robot/robot_ws/build/robot_control/prefix_override:/usr/lib/python3/dist-packages/colcon_core/task/python/colcon_distutils_commands:/home/sunrise/robot/robot_ws/install/robot_control/lib/python3.10/site-packages:${PYTHONPATH} /usr/bin/python3 -W ignore:setup.py install is deprecated -W ignore:easy_install command is deprecated setup.py develop --uninstall --editable --build-directory /home/sunrise/robot/robot_ws/build/robot_control/build
[7.410s] running develop
[9.224s] Invoked command in '/home/sunrise/robot/robot_ws/build/robot_control' returned '0': PYTHONPATH=/home/sunrise/robot/robot_ws/build/robot_control/prefix_override:/usr/lib/python3/dist-packages/colcon_core/task/python/colcon_distutils_commands:/home/sunrise/robot/robot_ws/install/robot_control/lib/python3.10/site-packages:${PYTHONPATH} /usr/bin/python3 -W ignore:setup.py install is deprecated -W ignore:easy_install command is deprecated setup.py develop --uninstall --editable --build-directory /home/sunrise/robot/robot_ws/build/robot_control/build
[9.233s] Invoking command in '/home/sunrise/robot/robot_ws/src/robot_control': PYTHONPATH=/home/sunrise/robot/robot_ws/build/robot_control/prefix_override:/usr/lib/python3/dist-packages/colcon_core/task/python/colcon_distutils_commands:/home/sunrise/robot/robot_ws/install/robot_control/lib/python3.10/site-packages:${PYTHONPATH} /usr/bin/python3 -W ignore:setup.py install is deprecated -W ignore:easy_install command is deprecated setup.py egg_info --egg-base ../../build/robot_control build --build-base /home/sunrise/robot/robot_ws/build/robot_control/build install --record /home/sunrise/robot/robot_ws/build/robot_control/install.log --single-version-externally-managed install_data --force
[11.234s] running egg_info
[11.261s] writing manifest file '../../build/robot_control/robot_control.egg-info/SOURCES.txt'
[11.261s] running build
[11.262s] running build_py
[11.263s] creating /home/sunrise/robot/robot_ws/build/robot_control/build
[11.263s] creating /home/sunrise/robot/robot_ws/build/robot_control/build/lib
[11.264s] creating /home/sunrise/robot/robot_ws/build/robot_control/build/lib/robot_control
[11.264s] copying robot_control/serial_driver.py -> /home/sunrise/robot/robot_ws/build/robot_control/build/lib/robot_control
[11.265s] copying robot_control/odom_publisher.py -> /home/sunrise/robot/robot_ws/build/robot_control/build/lib/robot_control
[11.266s] copying robot_control/__init__.py -> /home/sunrise/robot/robot_ws/build/robot_control/build/lib/robot_control
[11.266s] running install
[11.271s] running install_lib
[11.275s] creating /home/sunrise/robot/robot_ws/install/robot_control/lib/python3.10/site-packages/robot_control
[11.279s] byte-compiling /home/sunrise/robot/robot_ws/install/robot_control/lib/python3.10/site-packages/robot_control/serial_driver.py to serial_driver.cpython-310.pyc
[11.287s] byte-compiling /home/sunrise/robot/robot_ws/install/robot_control/lib/python3.10/site-packages/robot_control/odom_publisher.py to odom_publisher.cpython-310.pyc
[11.292s] byte-compiling /home/sunrise/robot/robot_ws/install/robot_control/lib/python3.10/site-packages/robot_control/__init__.py to __init__.cpython-310.pyc
[11.293s] running install_data
[11.293s] copying resource/robot_control -> /home/sunrise/robot/robot_ws/install/robot_control/share/ament_index/resource_index/packages
[11.294s] copying package.xml -> /home/sunrise/robot/robot_ws/install/robot_control/share/robot_control
[11.295s] copying launch/control.launch.py -> /home/sunrise/robot/robot_ws/install/robot_control/share/robot_control/launch
[11.296s] running install_egg_info
[11.307s] Copying ../../build/robot_control/robot_control.egg-info to /home/sunrise/robot/robot_ws/install/robot_control/lib/python3.10/site-packages/robot_control-0.0.0-py3.10.egg-info
[11.312s] running install_scripts
[11.435s] writing list of installed files to '/home/sunrise/robot/robot_ws/build/robot_control/install.log'
[11.688s] Invoked command in '/home/sunrise/robot/robot_ws/src/robot_control' returned '0': PYTHONPATH=/home/sunrise/robot/robot_ws/build/robot_control/prefix_override:/usr/lib/python3/dist-packages/colcon_core/task/python/colcon_distutils_commands:/home/sunrise/robot/robot_ws/install/robot_control/lib/python3.10/site-packages:${PYTHONPATH} /usr/bin/python3 -W ignore:setup.py install is deprecated -W ignore:easy_install command is deprecated setup.py egg_info --egg-base ../../build/robot_control build --build-base /home/sunrise/robot/robot_ws/build/robot_control/build install --record /home/sunrise/robot/robot_ws/build/robot_control/install.log --single-version-externally-managed install_data --force
