[3.233s] Invoking command in '/home/sunrise/robot/robot_ws/build/slam_gmapping': CMAKE_PREFIX_PATH=/home/sunrise/robot/robot_ws/install/openslam_gmapping:/home/sunrise/robot/robot_ws/install/ydlidar_ros2_driver:/home/sunrise/robot/robot_ws/install/slam_gmapping:/home/sunrise/robot/robot_ws/install/my_robot_description:/home/sunrise/robot/robot_ws/install/robot_control:/opt/ros/humble /usr/bin/cmake --build /home/sunrise/robot/robot_ws/build/slam_gmapping -- -j8 -l8
[3.653s] [ 50%] Built target slam_gmapping
[3.817s] [100%] Built target transform
[3.888s] Invoked command in '/home/sunrise/robot/robot_ws/build/slam_gmapping' returned '0': CMAKE_PREFIX_PATH=/home/sunrise/robot/robot_ws/install/openslam_gmapping:/home/sunrise/robot/robot_ws/install/ydlidar_ros2_driver:/home/sunrise/robot/robot_ws/install/slam_gmapping:/home/sunrise/robot/robot_ws/install/my_robot_description:/home/sunrise/robot/robot_ws/install/robot_control:/opt/ros/humble /usr/bin/cmake --build /home/sunrise/robot/robot_ws/build/slam_gmapping -- -j8 -l8
[3.955s] Invoking command in '/home/sunrise/robot/robot_ws/build/slam_gmapping': CMAKE_PREFIX_PATH=/home/sunrise/robot/robot_ws/install/openslam_gmapping:/home/sunrise/robot/robot_ws/install/ydlidar_ros2_driver:/home/sunrise/robot/robot_ws/install/slam_gmapping:/home/sunrise/robot/robot_ws/install/my_robot_description:/home/sunrise/robot/robot_ws/install/robot_control:/opt/ros/humble /usr/bin/cmake --install /home/sunrise/robot/robot_ws/build/slam_gmapping
[4.007s] -- Install configuration: ""
[4.010s] -- Execute custom install script
[4.016s] -- Up-to-date symlink: /home/sunrise/robot/robot_ws/install/slam_gmapping/lib/slam_gmapping/slam_gmapping
[4.017s] -- Up-to-date symlink: /home/sunrise/robot/robot_ws/install/slam_gmapping/lib/slam_gmapping/transform
[4.021s] -- Up-to-date symlink: /home/sunrise/robot/robot_ws/install/slam_gmapping/share/slam_gmapping/launch/gmapping_4ros_launch.py
[4.029s] -- Up-to-date symlink: /home/sunrise/robot/robot_ws/install/slam_gmapping/share/slam_gmapping/launch/gmapping_x3_launch.py
[4.030s] -- Up-to-date symlink: /home/sunrise/robot/robot_ws/install/slam_gmapping/share/slam_gmapping/launch/localization.launch.py
[4.034s] -- Up-to-date symlink: /home/sunrise/robot/robot_ws/install/slam_gmapping/share/slam_gmapping/launch/navigation.launch.py
[4.035s] -- Up-to-date symlink: /home/sunrise/robot/robot_ws/install/slam_gmapping/share/slam_gmapping/launch/slam_4ros_gmapping.launch.py
[4.042s] -- Up-to-date symlink: /home/sunrise/robot/robot_ws/install/slam_gmapping/share/slam_gmapping/launch/slam_x3_gmapping.launch.py
[4.047s] -- Up-to-date symlink: /home/sunrise/robot/robot_ws/install/slam_gmapping/share/slam_gmapping/launch/test_gmapping.launch.py
[4.051s] -- Up-to-date symlink: /home/sunrise/robot/robot_ws/install/slam_gmapping/share/slam_gmapping/params/amcl_params.yaml
[4.052s] -- Up-to-date symlink: /home/sunrise/robot/robot_ws/install/slam_gmapping/share/slam_gmapping/params/nav2_params.yaml
[4.055s] -- Up-to-date symlink: /home/sunrise/robot/robot_ws/install/slam_gmapping/share/slam_gmapping/params/slam_gmapping.yaml
[4.056s] -- Up-to-date symlink: /home/sunrise/robot/robot_ws/install/slam_gmapping/share/slam_gmapping/rviz/map.rviz
[4.064s] -- Up-to-date symlink: /home/sunrise/robot/robot_ws/install/slam_gmapping/share/slam_gmapping/rviz/map_view.rviz
[4.065s] -- Up-to-date symlink: /home/sunrise/robot/robot_ws/install/slam_gmapping/share/slam_gmapping/rviz/test_gmapping.rviz
[4.066s] -- Up-to-date symlink: /home/sunrise/robot/robot_ws/install/slam_gmapping/share/slam_gmapping/rviz/view_gmapping.rviz
[4.067s] -- Up-to-date symlink: /home/sunrise/robot/robot_ws/install/slam_gmapping/share/ament_index/resource_index/package_run_dependencies/slam_gmapping
[4.068s] -- Up-to-date symlink: /home/sunrise/robot/robot_ws/install/slam_gmapping/share/ament_index/resource_index/parent_prefix_path/slam_gmapping
[4.091s] -- Up-to-date symlink: /home/sunrise/robot/robot_ws/install/slam_gmapping/share/slam_gmapping/environment/ament_prefix_path.sh
[4.092s] -- Up-to-date symlink: /home/sunrise/robot/robot_ws/install/slam_gmapping/share/slam_gmapping/environment/ament_prefix_path.dsv
[4.093s] -- Up-to-date symlink: /home/sunrise/robot/robot_ws/install/slam_gmapping/share/slam_gmapping/environment/path.sh
[4.094s] -- Up-to-date symlink: /home/sunrise/robot/robot_ws/install/slam_gmapping/share/slam_gmapping/environment/path.dsv
[4.095s] -- Up-to-date symlink: /home/sunrise/robot/robot_ws/install/slam_gmapping/share/slam_gmapping/local_setup.bash
[4.098s] -- Up-to-date symlink: /home/sunrise/robot/robot_ws/install/slam_gmapping/share/slam_gmapping/local_setup.sh
[4.100s] -- Up-to-date symlink: /home/sunrise/robot/robot_ws/install/slam_gmapping/share/slam_gmapping/local_setup.zsh
[4.103s] -- Up-to-date symlink: /home/sunrise/robot/robot_ws/install/slam_gmapping/share/slam_gmapping/local_setup.dsv
[4.105s] -- Symlinking: /home/sunrise/robot/robot_ws/install/slam_gmapping/share/slam_gmapping/package.dsv
[4.106s] -- Up-to-date symlink: /home/sunrise/robot/robot_ws/install/slam_gmapping/share/ament_index/resource_index/packages/slam_gmapping
[4.107s] -- Up-to-date symlink: /home/sunrise/robot/robot_ws/install/slam_gmapping/share/slam_gmapping/cmake/slam_gmappingConfig.cmake
[4.108s] -- Up-to-date symlink: /home/sunrise/robot/robot_ws/install/slam_gmapping/share/slam_gmapping/cmake/slam_gmappingConfig-version.cmake
[4.110s] -- Up-to-date symlink: /home/sunrise/robot/robot_ws/install/slam_gmapping/share/slam_gmapping/package.xml
[4.116s] Invoked command in '/home/sunrise/robot/robot_ws/build/slam_gmapping' returned '0': CMAKE_PREFIX_PATH=/home/sunrise/robot/robot_ws/install/openslam_gmapping:/home/sunrise/robot/robot_ws/install/ydlidar_ros2_driver:/home/sunrise/robot/robot_ws/install/slam_gmapping:/home/sunrise/robot/robot_ws/install/my_robot_description:/home/sunrise/robot/robot_ws/install/robot_control:/opt/ros/humble /usr/bin/cmake --install /home/sunrise/robot/robot_ws/build/slam_gmapping
