running develop
running egg_info
writing manifest file '../../build/robot_control/robot_control.egg-info/SOURCES.txt'
running build
running build_py
copying robot_control/serial_driver.py -> /home/sunrise/robot/robot_ws/build/robot_control/build/lib/robot_control
copying robot_control/odom_publisher.py -> /home/sunrise/robot/robot_ws/build/robot_control/build/lib/robot_control
running install
running install_lib
creating /home/sunrise/robot/robot_ws/install/robot_control/lib/python3.10/site-packages/robot_control
byte-compiling /home/sunrise/robot/robot_ws/install/robot_control/lib/python3.10/site-packages/robot_control/serial_driver.py to serial_driver.cpython-310.pyc
byte-compiling /home/sunrise/robot/robot_ws/install/robot_control/lib/python3.10/site-packages/robot_control/odom_publisher.py to odom_publisher.cpython-310.pyc
byte-compiling /home/sunrise/robot/robot_ws/install/robot_control/lib/python3.10/site-packages/robot_control/__init__.py to __init__.cpython-310.pyc
running install_data
copying resource/robot_control -> /home/sunrise/robot/robot_ws/install/robot_control/share/ament_index/resource_index/packages
copying package.xml -> /home/sunrise/robot/robot_ws/install/robot_control/share/robot_control
copying launch/control.launch.py -> /home/sunrise/robot/robot_ws/install/robot_control/share/robot_control/launch
running install_egg_info
Copying ../../build/robot_control/robot_control.egg-info to /home/sunrise/robot/robot_ws/install/robot_control/lib/python3.10/site-packages/robot_control-0.0.0-py3.10.egg-info
running install_scripts
writing list of installed files to '/home/sunrise/robot/robot_ws/build/robot_control/install.log'
