[5.183s] Invoking command in '/home/sunrise/robot/robot_ws/build/robot_control': PYTHONPATH=/home/sunrise/robot/robot_ws/build/robot_control/prefix_override:/usr/lib/python3/dist-packages/colcon_core/task/python/colcon_distutils_commands:/home/sunrise/robot/robot_ws/install/robot_control/lib/python3.10/site-packages:${PYTHONPATH} /usr/bin/python3 -W ignore:setup.py install is deprecated -W ignore:easy_install command is deprecated setup.py develop --uninstall --editable --build-directory /home/sunrise/robot/robot_ws/build/robot_control/build
[7.182s] running develop
[8.955s] Invoked command in '/home/sunrise/robot/robot_ws/build/robot_control' returned '0': PYTHONPATH=/home/sunrise/robot/robot_ws/build/robot_control/prefix_override:/usr/lib/python3/dist-packages/colcon_core/task/python/colcon_distutils_commands:/home/sunrise/robot/robot_ws/install/robot_control/lib/python3.10/site-packages:${PYTHONPATH} /usr/bin/python3 -W ignore:setup.py install is deprecated -W ignore:easy_install command is deprecated setup.py develop --uninstall --editable --build-directory /home/sunrise/robot/robot_ws/build/robot_control/build
[8.962s] Invoking command in '/home/sunrise/robot/robot_ws/src/robot_control': PYTHONPATH=/home/sunrise/robot/robot_ws/build/robot_control/prefix_override:/usr/lib/python3/dist-packages/colcon_core/task/python/colcon_distutils_commands:/home/sunrise/robot/robot_ws/install/robot_control/lib/python3.10/site-packages:${PYTHONPATH} /usr/bin/python3 -W ignore:setup.py install is deprecated -W ignore:easy_install command is deprecated setup.py egg_info --egg-base ../../build/robot_control build --build-base /home/sunrise/robot/robot_ws/build/robot_control/build install --record /home/sunrise/robot/robot_ws/build/robot_control/install.log --single-version-externally-managed install_data --force
[10.894s] running egg_info
[10.919s] writing manifest file '../../build/robot_control/robot_control.egg-info/SOURCES.txt'
[10.920s] running build
[10.920s] running build_py
[10.921s] copying robot_control/serial_driver.py -> /home/sunrise/robot/robot_ws/build/robot_control/build/lib/robot_control
[10.921s] copying robot_control/odom_publisher.py -> /home/sunrise/robot/robot_ws/build/robot_control/build/lib/robot_control
[10.923s] running install
[10.928s] running install_lib
[10.932s] creating /home/sunrise/robot/robot_ws/install/robot_control/lib/python3.10/site-packages/robot_control
[10.936s] byte-compiling /home/sunrise/robot/robot_ws/install/robot_control/lib/python3.10/site-packages/robot_control/serial_driver.py to serial_driver.cpython-310.pyc
[10.947s] byte-compiling /home/sunrise/robot/robot_ws/install/robot_control/lib/python3.10/site-packages/robot_control/odom_publisher.py to odom_publisher.cpython-310.pyc
[10.953s] byte-compiling /home/sunrise/robot/robot_ws/install/robot_control/lib/python3.10/site-packages/robot_control/__init__.py to __init__.cpython-310.pyc
[10.954s] running install_data
[10.955s] copying resource/robot_control -> /home/sunrise/robot/robot_ws/install/robot_control/share/ament_index/resource_index/packages
[10.955s] copying package.xml -> /home/sunrise/robot/robot_ws/install/robot_control/share/robot_control
[10.956s] copying launch/control.launch.py -> /home/sunrise/robot/robot_ws/install/robot_control/share/robot_control/launch
[10.957s] running install_egg_info
[10.966s] Copying ../../build/robot_control/robot_control.egg-info to /home/sunrise/robot/robot_ws/install/robot_control/lib/python3.10/site-packages/robot_control-0.0.0-py3.10.egg-info
[10.972s] running install_scripts
[11.089s] writing list of installed files to '/home/sunrise/robot/robot_ws/build/robot_control/install.log'
[11.335s] Invoked command in '/home/sunrise/robot/robot_ws/src/robot_control' returned '0': PYTHONPATH=/home/sunrise/robot/robot_ws/build/robot_control/prefix_override:/usr/lib/python3/dist-packages/colcon_core/task/python/colcon_distutils_commands:/home/sunrise/robot/robot_ws/install/robot_control/lib/python3.10/site-packages:${PYTHONPATH} /usr/bin/python3 -W ignore:setup.py install is deprecated -W ignore:easy_install command is deprecated setup.py egg_info --egg-base ../../build/robot_control build --build-base /home/sunrise/robot/robot_ws/build/robot_control/build install --record /home/sunrise/robot/robot_ws/build/robot_control/install.log --single-version-externally-managed install_data --force
