[0.155s] Invoking command in '/home/sunrise/robot/robot_ws/build/openslam_gmapping': CMAKE_PREFIX_PATH=${CMAKE_PREFIX_PATH}:/home/sunrise/robot/robot_ws/install/robot_control:/opt/ros/humble /usr/bin/cmake /home/sunrise/robot/robot_ws/src/openslam_gmapping -DCMAKE_INSTALL_PREFIX=/home/sunrise/robot/robot_ws/install/openslam_gmapping
[2.580s] -- The C compiler identification is GNU 11.2.0
[2.581s] -- The CXX compiler identification is GNU 11.2.0
[2.581s] -- Detecting C compiler ABI info
[2.583s] -- Detecting C compiler ABI info - done
[2.584s] -- Check for working C compiler: /usr/bin/cc - skipped
[2.585s] -- Detecting C compile features
[2.585s] -- Detecting C compile features - done
[2.586s] -- Detecting CXX compiler ABI info
[2.628s] -- Detecting CXX compiler ABI info - done
[2.669s] -- Check for working CXX compiler: /usr/bin/c++ - skipped
[2.670s] -- Detecting CXX compile features
[2.672s] -- Detecting CXX compile features - done
[2.720s] -- Found ament_cmake: 1.3.14 (/opt/ros/humble/share/ament_cmake/cmake)
[7.228s] -- Found Python3: /usr/bin/python3 (found version "3.10.12") found components: Interpreter 
[8.445s] -- Configuring done
[8.591s] -- Generating done
[8.645s] -- Build files have been written to: /home/sunrise/robot/robot_ws/build/openslam_gmapping
[8.679s] Invoked command in '/home/sunrise/robot/robot_ws/build/openslam_gmapping' returned '0': CMAKE_PREFIX_PATH=${CMAKE_PREFIX_PATH}:/home/sunrise/robot/robot_ws/install/robot_control:/opt/ros/humble /usr/bin/cmake /home/sunrise/robot/robot_ws/src/openslam_gmapping -DCMAKE_INSTALL_PREFIX=/home/sunrise/robot/robot_ws/install/openslam_gmapping
[8.695s] Invoking command in '/home/sunrise/robot/robot_ws/build/openslam_gmapping': CMAKE_PREFIX_PATH=${CMAKE_PREFIX_PATH}:/home/sunrise/robot/robot_ws/install/robot_control:/opt/ros/humble /usr/bin/cmake --build /home/sunrise/robot/robot_ws/build/openslam_gmapping -- -j8 -l8
[8.908s] [ 13%] [32mBuilding CXX object sensor/sensor_base/CMakeFiles/sensor_base.dir/sensor.cpp.o[0m
[8.908s] [ 13%] [32mBuilding CXX object sensor/sensor_base/CMakeFiles/sensor_base.dir/sensorreading.cpp.o[0m
[8.910s] [ 13%] [32mBuilding CXX object utils/CMakeFiles/utils.dir/stat.cpp.o[0m
[8.912s] [ 18%] [32mBuilding CXX object utils/CMakeFiles/utils.dir/movement.cpp.o[0m
[10.631s] [ 22%] [32m[1mLinking CXX static library libsensor_base.a[0m
[10.799s] [ 22%] Built target sensor_base
[10.893s] [ 27%] [32mBuilding CXX object sensor/sensor_range/CMakeFiles/sensor_range.dir/rangereading.cpp.o[0m
[10.904s] [ 31%] [32mBuilding CXX object sensor/sensor_odometry/CMakeFiles/sensor_odometry.dir/odometrysensor.cpp.o[0m
[10.905s] [ 36%] [32mBuilding CXX object sensor/sensor_odometry/CMakeFiles/sensor_odometry.dir/odometryreading.cpp.o[0m
[10.914s] [ 40%] [32mBuilding CXX object sensor/sensor_range/CMakeFiles/sensor_range.dir/rangesensor.cpp.o[0m
[11.172s] [ 45%] [32m[1mLinking CXX static library libutils.a[0m
[11.330s] [ 45%] Built target utils
[12.898s] [ 50%] [32m[1mLinking CXX static library libsensor_odometry.a[0m
[13.048s] [ 50%] Built target sensor_odometry
[13.932s] [ 54%] [32m[1mLinking CXX static library libsensor_range.a[0m
[14.080s] [ 54%] Built target sensor_range
[14.169s] [ 68%] [32mBuilding CXX object scanmatcher/CMakeFiles/scanmatcher.dir/eig3.cpp.o[0m
[14.170s] [ 68%] [32mBuilding CXX object scanmatcher/CMakeFiles/scanmatcher.dir/scanmatcherprocessor.cpp.o[0m
[14.170s] [ 68%] [32mBuilding CXX object scanmatcher/CMakeFiles/scanmatcher.dir/scanmatcher.cpp.o[0m
[14.180s] [ 72%] [32mBuilding CXX object scanmatcher/CMakeFiles/scanmatcher.dir/smmap.cpp.o[0m
[21.636s] [ 77%] [32m[1mLinking CXX static library libscanmatcher.a[0m
[21.793s] [ 77%] Built target scanmatcher
[21.889s] [ 95%] [32mBuilding CXX object gridfastslam/CMakeFiles/gridfastslam.dir/motionmodel.cpp.o[0m
[21.890s] [ 95%] [32mBuilding CXX object gridfastslam/CMakeFiles/gridfastslam.dir/gfsreader.cpp.o[0m
[21.891s] [ 95%] [32mBuilding CXX object gridfastslam/CMakeFiles/gridfastslam.dir/gridslamprocessor_tree.cpp.o[0m
[21.891s] [ 95%] [32mBuilding CXX object gridfastslam/CMakeFiles/gridfastslam.dir/gridslamprocessor.cpp.o[0m
[31.650s] [100%] [32m[1mLinking CXX static library libgridfastslam.a[0m
[31.833s] [100%] Built target gridfastslam
[31.887s] Invoked command in '/home/sunrise/robot/robot_ws/build/openslam_gmapping' returned '0': CMAKE_PREFIX_PATH=${CMAKE_PREFIX_PATH}:/home/sunrise/robot/robot_ws/install/robot_control:/opt/ros/humble /usr/bin/cmake --build /home/sunrise/robot/robot_ws/build/openslam_gmapping -- -j8 -l8
[31.904s] Invoking command in '/home/sunrise/robot/robot_ws/build/openslam_gmapping': CMAKE_PREFIX_PATH=${CMAKE_PREFIX_PATH}:/home/sunrise/robot/robot_ws/install/robot_control:/opt/ros/humble /usr/bin/cmake --install /home/sunrise/robot/robot_ws/build/openslam_gmapping
[31.937s] -- Install configuration: ""
[31.938s] -- Installing: /home/sunrise/robot/robot_ws/install/openslam_gmapping/share/openslam_gmapping/environment/library_path.sh
[31.939s] -- Installing: /home/sunrise/robot/robot_ws/install/openslam_gmapping/share/openslam_gmapping/environment/library_path.dsv
[31.940s] -- Installing: /home/sunrise/robot/robot_ws/install/openslam_gmapping/include/
[31.940s] -- Installing: /home/sunrise/robot/robot_ws/install/openslam_gmapping/include//gmapping
[31.941s] -- Installing: /home/sunrise/robot/robot_ws/install/openslam_gmapping/include//gmapping/gridfastslam
[31.941s] -- Installing: /home/sunrise/robot/robot_ws/install/openslam_gmapping/include//gmapping/gridfastslam/gridslamprocessor.hxx
[31.942s] -- Installing: /home/sunrise/robot/robot_ws/install/openslam_gmapping/include//gmapping/gridfastslam/gridslamprocessor.h
[31.943s] -- Installing: /home/sunrise/robot/robot_ws/install/openslam_gmapping/include//gmapping/gridfastslam/motionmodel.h
[31.943s] -- Installing: /home/sunrise/robot/robot_ws/install/openslam_gmapping/include//gmapping/scanmatcher
[31.944s] -- Installing: /home/sunrise/robot/robot_ws/install/openslam_gmapping/include//gmapping/scanmatcher/smmap.h
[31.945s] -- Installing: /home/sunrise/robot/robot_ws/install/openslam_gmapping/include//gmapping/scanmatcher/scanmatcher.h
[31.945s] -- Installing: /home/sunrise/robot/robot_ws/install/openslam_gmapping/include//gmapping/scanmatcher/icp.h
[31.946s] -- Installing: /home/sunrise/robot/robot_ws/install/openslam_gmapping/include//gmapping/utils
[31.947s] -- Installing: /home/sunrise/robot/robot_ws/install/openslam_gmapping/include//gmapping/utils/autoptr.h
[31.948s] -- Installing: /home/sunrise/robot/robot_ws/install/openslam_gmapping/include//gmapping/utils/gvalues.h
[31.948s] -- Installing: /home/sunrise/robot/robot_ws/install/openslam_gmapping/include//gmapping/utils/commandline.h
[31.949s] -- Installing: /home/sunrise/robot/robot_ws/install/openslam_gmapping/include//gmapping/utils/point.h
[31.950s] -- Installing: /home/sunrise/robot/robot_ws/install/openslam_gmapping/include//gmapping/utils/macro_params.h
[31.951s] -- Installing: /home/sunrise/robot/robot_ws/install/openslam_gmapping/include//gmapping/utils/stat.h
[31.951s] -- Installing: /home/sunrise/robot/robot_ws/install/openslam_gmapping/include//gmapping/sensor
[31.952s] -- Installing: /home/sunrise/robot/robot_ws/install/openslam_gmapping/include//gmapping/sensor/sensor_odometry
[31.953s] -- Installing: /home/sunrise/robot/robot_ws/install/openslam_gmapping/include//gmapping/sensor/sensor_odometry/odometrysensor.h
[31.953s] -- Installing: /home/sunrise/robot/robot_ws/install/openslam_gmapping/include//gmapping/sensor/sensor_odometry/odometryreading.h
[31.954s] -- Installing: /home/sunrise/robot/robot_ws/install/openslam_gmapping/include//gmapping/sensor/sensor_base
[31.954s] -- Installing: /home/sunrise/robot/robot_ws/install/openslam_gmapping/include//gmapping/sensor/sensor_base/sensorreading.h
[31.955s] -- Installing: /home/sunrise/robot/robot_ws/install/openslam_gmapping/include//gmapping/sensor/sensor_base/sensor.h
[31.955s] -- Installing: /home/sunrise/robot/robot_ws/install/openslam_gmapping/include//gmapping/sensor/sensor_range
[31.956s] -- Installing: /home/sunrise/robot/robot_ws/install/openslam_gmapping/include//gmapping/sensor/sensor_range/rangereading.h
[31.956s] -- Installing: /home/sunrise/robot/robot_ws/install/openslam_gmapping/include//gmapping/sensor/sensor_range/rangesensor.h
[31.957s] -- Installing: /home/sunrise/robot/robot_ws/install/openslam_gmapping/include//gmapping/particlefilter
[31.957s] -- Installing: /home/sunrise/robot/robot_ws/install/openslam_gmapping/include//gmapping/particlefilter/particlefilter.h
[31.958s] -- Installing: /home/sunrise/robot/robot_ws/install/openslam_gmapping/include//gmapping/grid
[31.958s] -- Installing: /home/sunrise/robot/robot_ws/install/openslam_gmapping/include//gmapping/grid/map.h
[31.959s] -- Installing: /home/sunrise/robot/robot_ws/install/openslam_gmapping/include//gmapping/grid/accessstate.h
[31.959s] -- Installing: /home/sunrise/robot/robot_ws/install/openslam_gmapping/include//gmapping/grid/harray2d.h
[31.960s] -- Installing: /home/sunrise/robot/robot_ws/install/openslam_gmapping/include//gmapping/grid/array2d.h
[31.960s] -- Installing: /home/sunrise/robot/robot_ws/install/openslam_gmapping/include//gmapping/log
[31.961s] -- Installing: /home/sunrise/robot/robot_ws/install/openslam_gmapping/include//gmapping/log/configuration.h
[31.961s] -- Installing: /home/sunrise/robot/robot_ws/install/openslam_gmapping/include//gmapping/log/sensorlog.h
[31.962s] -- Installing: /home/sunrise/robot/robot_ws/install/openslam_gmapping/share/ament_index/resource_index/package_run_dependencies/openslam_gmapping
[31.962s] -- Installing: /home/sunrise/robot/robot_ws/install/openslam_gmapping/share/ament_index/resource_index/parent_prefix_path/openslam_gmapping
[31.963s] -- Installing: /home/sunrise/robot/robot_ws/install/openslam_gmapping/share/openslam_gmapping/environment/ament_prefix_path.sh
[31.964s] -- Installing: /home/sunrise/robot/robot_ws/install/openslam_gmapping/share/openslam_gmapping/environment/ament_prefix_path.dsv
[31.964s] -- Installing: /home/sunrise/robot/robot_ws/install/openslam_gmapping/share/openslam_gmapping/environment/path.sh
[31.965s] -- Installing: /home/sunrise/robot/robot_ws/install/openslam_gmapping/share/openslam_gmapping/environment/path.dsv
[31.966s] -- Installing: /home/sunrise/robot/robot_ws/install/openslam_gmapping/share/openslam_gmapping/local_setup.bash
[31.966s] -- Installing: /home/sunrise/robot/robot_ws/install/openslam_gmapping/share/openslam_gmapping/local_setup.sh
[31.967s] -- Installing: /home/sunrise/robot/robot_ws/install/openslam_gmapping/share/openslam_gmapping/local_setup.zsh
[31.968s] -- Installing: /home/sunrise/robot/robot_ws/install/openslam_gmapping/share/openslam_gmapping/local_setup.dsv
[31.968s] -- Installing: /home/sunrise/robot/robot_ws/install/openslam_gmapping/share/openslam_gmapping/package.dsv
[31.969s] -- Installing: /home/sunrise/robot/robot_ws/install/openslam_gmapping/share/ament_index/resource_index/packages/openslam_gmapping
[31.969s] -- Installing: /home/sunrise/robot/robot_ws/install/openslam_gmapping/share/openslam_gmapping/cmake/ament_cmake_export_libraries-extras.cmake
[31.970s] -- Installing: /home/sunrise/robot/robot_ws/install/openslam_gmapping/share/openslam_gmapping/cmake/ament_cmake_export_include_directories-extras.cmake
[31.971s] -- Installing: /home/sunrise/robot/robot_ws/install/openslam_gmapping/share/openslam_gmapping/cmake/openslam_gmappingConfig.cmake
[31.971s] -- Installing: /home/sunrise/robot/robot_ws/install/openslam_gmapping/share/openslam_gmapping/cmake/openslam_gmappingConfig-version.cmake
[31.972s] -- Installing: /home/sunrise/robot/robot_ws/install/openslam_gmapping/share/openslam_gmapping/package.xml
[31.972s] -- Installing: /home/sunrise/robot/robot_ws/install/openslam_gmapping/lib/libgridfastslam.a
[31.974s] -- Installing: /home/sunrise/robot/robot_ws/install/openslam_gmapping/lib/libscanmatcher.a
[31.976s] -- Up-to-date: /home/sunrise/robot/robot_ws/install/openslam_gmapping/share/openslam_gmapping/environment/library_path.sh
[31.977s] -- Up-to-date: /home/sunrise/robot/robot_ws/install/openslam_gmapping/share/openslam_gmapping/environment/library_path.dsv
[31.977s] -- Installing: /home/sunrise/robot/robot_ws/install/openslam_gmapping/lib/libsensor_base.a
[31.978s] -- Up-to-date: /home/sunrise/robot/robot_ws/install/openslam_gmapping/share/openslam_gmapping/environment/library_path.sh
[31.978s] -- Up-to-date: /home/sunrise/robot/robot_ws/install/openslam_gmapping/share/openslam_gmapping/environment/library_path.dsv
[31.979s] -- Installing: /home/sunrise/robot/robot_ws/install/openslam_gmapping/lib/libsensor_odometry.a
[31.980s] -- Installing: /home/sunrise/robot/robot_ws/install/openslam_gmapping/lib/libsensor_range.a
[31.981s] -- Installing: /home/sunrise/robot/robot_ws/install/openslam_gmapping/lib/libutils.a
[31.982s] -- Up-to-date: /home/sunrise/robot/robot_ws/install/openslam_gmapping/share/openslam_gmapping/environment/library_path.sh
[31.983s] -- Up-to-date: /home/sunrise/robot/robot_ws/install/openslam_gmapping/share/openslam_gmapping/environment/library_path.dsv
[31.994s] Invoked command in '/home/sunrise/robot/robot_ws/build/openslam_gmapping' returned '0': CMAKE_PREFIX_PATH=${CMAKE_PREFIX_PATH}:/home/sunrise/robot/robot_ws/install/robot_control:/opt/ros/humble /usr/bin/cmake --install /home/sunrise/robot/robot_ws/build/openslam_gmapping
