[0.177s] Invoking command in '/home/sunrise/robot/robot_ws/build/my_robot_description': CMAKE_PREFIX_PATH=${CMAKE_PREFIX_PATH}:/home/sunrise/robot/robot_ws/install/robot_control:/opt/ros/humble /usr/bin/cmake --build /home/sunrise/robot/robot_ws/build/my_robot_description -- -j8 -l8
[2.893s] Invoked command in '/home/sunrise/robot/robot_ws/build/my_robot_description' returned '0': CMAKE_PREFIX_PATH=${CMAKE_PREFIX_PATH}:/home/sunrise/robot/robot_ws/install/robot_control:/opt/ros/humble /usr/bin/cmake --build /home/sunrise/robot/robot_ws/build/my_robot_description -- -j8 -l8
[2.947s] Invoking command in '/home/sunrise/robot/robot_ws/build/my_robot_description': CMAKE_PREFIX_PATH=${CMAKE_PREFIX_PATH}:/home/sunrise/robot/robot_ws/install/robot_control:/opt/ros/humble /usr/bin/cmake --install /home/sunrise/robot/robot_ws/build/my_robot_description
[2.993s] -- Install configuration: ""
[2.996s] -- Execute custom install script
[3.000s] -- Up-to-date symlink: /home/sunrise/robot/robot_ws/install/my_robot_description/share/my_robot_description/urdf/macros/base_macro.xacro
[3.002s] -- Up-to-date symlink: /home/sunrise/robot/robot_ws/install/my_robot_description/share/my_robot_description/urdf/macros/board_macro.xacro
[3.011s] -- Up-to-date symlink: /home/sunrise/robot/robot_ws/install/my_robot_description/share/my_robot_description/urdf/macros/copper_pillar_macro.xacro
[3.023s] -- Up-to-date symlink: /home/sunrise/robot/robot_ws/install/my_robot_description/share/my_robot_description/urdf/macros/laser_sensor_macro.xacro
[3.032s] -- Up-to-date symlink: /home/sunrise/robot/robot_ws/install/my_robot_description/share/my_robot_description/urdf/macros/materials_macro.xacro
[3.033s] -- Up-to-date symlink: /home/sunrise/robot/robot_ws/install/my_robot_description/share/my_robot_description/urdf/macros/wheel_macro.xacro
[3.034s] -- Up-to-date symlink: /home/sunrise/robot/robot_ws/install/my_robot_description/share/my_robot_description/urdf/robot_base.urdf.xacro
[3.101s] -- Up-to-date symlink: /home/sunrise/robot/robot_ws/install/my_robot_description/share/my_robot_description/launch/display.launch.py
[3.101s] -- Up-to-date symlink: /home/sunrise/robot/robot_ws/install/my_robot_description/share/my_robot_description/rviz/display.rviz
[3.120s] -- Up-to-date symlink: /home/sunrise/robot/robot_ws/install/my_robot_description/share/ament_index/resource_index/package_run_dependencies/my_robot_description
[3.124s] -- Up-to-date symlink: /home/sunrise/robot/robot_ws/install/my_robot_description/share/ament_index/resource_index/parent_prefix_path/my_robot_description
[3.125s] -- Up-to-date symlink: /home/sunrise/robot/robot_ws/install/my_robot_description/share/my_robot_description/environment/ament_prefix_path.sh
[3.131s] -- Up-to-date symlink: /home/sunrise/robot/robot_ws/install/my_robot_description/share/my_robot_description/environment/ament_prefix_path.dsv
[3.132s] -- Up-to-date symlink: /home/sunrise/robot/robot_ws/install/my_robot_description/share/my_robot_description/environment/path.sh
[3.159s] -- Up-to-date symlink: /home/sunrise/robot/robot_ws/install/my_robot_description/share/my_robot_description/environment/path.dsv
[3.161s] -- Up-to-date symlink: /home/sunrise/robot/robot_ws/install/my_robot_description/share/my_robot_description/local_setup.bash
[3.163s] -- Up-to-date symlink: /home/sunrise/robot/robot_ws/install/my_robot_description/share/my_robot_description/local_setup.sh
[3.168s] -- Up-to-date symlink: /home/sunrise/robot/robot_ws/install/my_robot_description/share/my_robot_description/local_setup.zsh
[3.170s] -- Up-to-date symlink: /home/sunrise/robot/robot_ws/install/my_robot_description/share/my_robot_description/local_setup.dsv
[3.174s] -- Symlinking: /home/sunrise/robot/robot_ws/install/my_robot_description/share/my_robot_description/package.dsv
[3.197s] -- Up-to-date symlink: /home/sunrise/robot/robot_ws/install/my_robot_description/share/ament_index/resource_index/packages/my_robot_description
[3.198s] -- Up-to-date symlink: /home/sunrise/robot/robot_ws/install/my_robot_description/share/my_robot_description/cmake/my_robot_descriptionConfig.cmake
[3.200s] -- Up-to-date symlink: /home/sunrise/robot/robot_ws/install/my_robot_description/share/my_robot_description/cmake/my_robot_descriptionConfig-version.cmake
[3.201s] -- Up-to-date symlink: /home/sunrise/robot/robot_ws/install/my_robot_description/share/my_robot_description/package.xml
[3.361s] Invoked command in '/home/sunrise/robot/robot_ws/build/my_robot_description' returned '0': CMAKE_PREFIX_PATH=${CMAKE_PREFIX_PATH}:/home/sunrise/robot/robot_ws/install/robot_control:/opt/ros/humble /usr/bin/cmake --install /home/sunrise/robot/robot_ws/build/my_robot_description
