[0.050s] Invoking command in '/home/sunrise/robot/robot_ws/build/my_robot_description': CMAKE_PREFIX_PATH=${CMAKE_PREFIX_PATH}:/home/sunrise/robot/robot_ws/install/robot_control:/opt/ros/humble /usr/bin/cmake --build /home/sunrise/robot/robot_ws/build/my_robot_description -- -j8 -l8
[0.235s] Invoked command in '/home/sunrise/robot/robot_ws/build/my_robot_description' returned '0': CMAKE_PREFIX_PATH=${CMAKE_PREFIX_PATH}:/home/sunrise/robot/robot_ws/install/robot_control:/opt/ros/humble /usr/bin/cmake --build /home/sunrise/robot/robot_ws/build/my_robot_description -- -j8 -l8
[0.286s] Invoking command in '/home/sunrise/robot/robot_ws/build/my_robot_description': CMAKE_PREFIX_PATH=${CMAKE_PREFIX_PATH}:/home/sunrise/robot/robot_ws/install/robot_control:/opt/ros/humble /usr/bin/cmake --install /home/sunrise/robot/robot_ws/build/my_robot_description
[0.320s] -- Install configuration: ""
[0.322s] -- Execute custom install script
[0.329s] -- Up-to-date symlink: /home/sunrise/robot/robot_ws/install/my_robot_description/share/my_robot_description/urdf/macros/base_macro.xacro
[0.330s] -- Up-to-date symlink: /home/sunrise/robot/robot_ws/install/my_robot_description/share/my_robot_description/urdf/macros/board_macro.xacro
[0.331s] -- Up-to-date symlink: /home/sunrise/robot/robot_ws/install/my_robot_description/share/my_robot_description/urdf/macros/copper_pillar_macro.xacro
[0.331s] -- Up-to-date symlink: /home/sunrise/robot/robot_ws/install/my_robot_description/share/my_robot_description/urdf/macros/laser_sensor_macro.xacro
[0.332s] -- Up-to-date symlink: /home/sunrise/robot/robot_ws/install/my_robot_description/share/my_robot_description/urdf/macros/materials_macro.xacro
[0.332s] -- Up-to-date symlink: /home/sunrise/robot/robot_ws/install/my_robot_description/share/my_robot_description/urdf/macros/wheel_macro.xacro
[0.333s] -- Up-to-date symlink: /home/sunrise/robot/robot_ws/install/my_robot_description/share/my_robot_description/urdf/robot_base.urdf.xacro
[0.335s] -- Up-to-date symlink: /home/sunrise/robot/robot_ws/install/my_robot_description/share/my_robot_description/launch/display.launch.py
[0.338s] -- Up-to-date symlink: /home/sunrise/robot/robot_ws/install/my_robot_description/share/my_robot_description/rviz/display.rviz
[0.338s] -- Up-to-date symlink: /home/sunrise/robot/robot_ws/install/my_robot_description/share/ament_index/resource_index/package_run_dependencies/my_robot_description
[0.339s] -- Up-to-date symlink: /home/sunrise/robot/robot_ws/install/my_robot_description/share/ament_index/resource_index/parent_prefix_path/my_robot_description
[0.340s] -- Up-to-date symlink: /home/sunrise/robot/robot_ws/install/my_robot_description/share/my_robot_description/environment/ament_prefix_path.sh
[0.341s] -- Up-to-date symlink: /home/sunrise/robot/robot_ws/install/my_robot_description/share/my_robot_description/environment/ament_prefix_path.dsv
[0.344s] -- Up-to-date symlink: /home/sunrise/robot/robot_ws/install/my_robot_description/share/my_robot_description/environment/path.sh
[0.345s] -- Up-to-date symlink: /home/sunrise/robot/robot_ws/install/my_robot_description/share/my_robot_description/environment/path.dsv
[0.346s] -- Up-to-date symlink: /home/sunrise/robot/robot_ws/install/my_robot_description/share/my_robot_description/local_setup.bash
[0.346s] -- Up-to-date symlink: /home/sunrise/robot/robot_ws/install/my_robot_description/share/my_robot_description/local_setup.sh
[0.347s] -- Up-to-date symlink: /home/sunrise/robot/robot_ws/install/my_robot_description/share/my_robot_description/local_setup.zsh
[0.348s] -- Up-to-date symlink: /home/sunrise/robot/robot_ws/install/my_robot_description/share/my_robot_description/local_setup.dsv
[0.348s] -- Symlinking: /home/sunrise/robot/robot_ws/install/my_robot_description/share/my_robot_description/package.dsv
[0.388s] -- Up-to-date symlink: /home/sunrise/robot/robot_ws/install/my_robot_description/share/ament_index/resource_index/packages/my_robot_description
[0.388s] -- Up-to-date symlink: /home/sunrise/robot/robot_ws/install/my_robot_description/share/my_robot_description/cmake/my_robot_descriptionConfig.cmake
[0.389s] -- Up-to-date symlink: /home/sunrise/robot/robot_ws/install/my_robot_description/share/my_robot_description/cmake/my_robot_descriptionConfig-version.cmake
[0.389s] -- Up-to-date symlink: /home/sunrise/robot/robot_ws/install/my_robot_description/share/my_robot_description/package.xml
[0.400s] Invoked command in '/home/sunrise/robot/robot_ws/build/my_robot_description' returned '0': CMAKE_PREFIX_PATH=${CMAKE_PREFIX_PATH}:/home/sunrise/robot/robot_ws/install/robot_control:/opt/ros/humble /usr/bin/cmake --install /home/sunrise/robot/robot_ws/build/my_robot_description
