[2.571s] Invoking command in '/home/sunrise/robot/robot_ws/build/slam_gmapping': CMAKE_PREFIX_PATH=/home/sunrise/robot/robot_ws/install/openslam_gmapping:/home/sunrise/robot/robot_ws/install/ydlidar_ros2_driver:/home/sunrise/robot/robot_ws/install/slam_gmapping:/home/sunrise/robot/robot_ws/install/my_robot_description:/home/sunrise/robot/robot_ws/install/robot_control:/opt/ros/humble /usr/bin/cmake --build /home/sunrise/robot/robot_ws/build/slam_gmapping -- -j8 -l8
[2.861s] [100%] Built target slam_gmapping
[2.862s] [100%] Built target transform
[2.915s] Invoked command in '/home/sunrise/robot/robot_ws/build/slam_gmapping' returned '0': CMAKE_PREFIX_PATH=/home/sunrise/robot/robot_ws/install/openslam_gmapping:/home/sunrise/robot/robot_ws/install/ydlidar_ros2_driver:/home/sunrise/robot/robot_ws/install/slam_gmapping:/home/sunrise/robot/robot_ws/install/my_robot_description:/home/sunrise/robot/robot_ws/install/robot_control:/opt/ros/humble /usr/bin/cmake --build /home/sunrise/robot/robot_ws/build/slam_gmapping -- -j8 -l8
[2.964s] Invoking command in '/home/sunrise/robot/robot_ws/build/slam_gmapping': CMAKE_PREFIX_PATH=/home/sunrise/robot/robot_ws/install/openslam_gmapping:/home/sunrise/robot/robot_ws/install/ydlidar_ros2_driver:/home/sunrise/robot/robot_ws/install/slam_gmapping:/home/sunrise/robot/robot_ws/install/my_robot_description:/home/sunrise/robot/robot_ws/install/robot_control:/opt/ros/humble /usr/bin/cmake --install /home/sunrise/robot/robot_ws/build/slam_gmapping
[2.999s] -- Install configuration: ""
[3.002s] -- Execute custom install script
[3.003s] -- Up-to-date symlink: /home/sunrise/robot/robot_ws/install/slam_gmapping/lib/slam_gmapping/slam_gmapping
[3.004s] -- Up-to-date symlink: /home/sunrise/robot/robot_ws/install/slam_gmapping/lib/slam_gmapping/transform
[3.007s] -- Up-to-date symlink: /home/sunrise/robot/robot_ws/install/slam_gmapping/share/slam_gmapping/launch/gmapping_4ros_launch.py
[3.008s] -- Up-to-date symlink: /home/sunrise/robot/robot_ws/install/slam_gmapping/share/slam_gmapping/launch/gmapping_x3_launch.py
[3.009s] -- Up-to-date symlink: /home/sunrise/robot/robot_ws/install/slam_gmapping/share/slam_gmapping/launch/localization.launch.py
[3.010s] -- Up-to-date symlink: /home/sunrise/robot/robot_ws/install/slam_gmapping/share/slam_gmapping/launch/slam_4ros_gmapping.launch.py
[3.011s] -- Up-to-date symlink: /home/sunrise/robot/robot_ws/install/slam_gmapping/share/slam_gmapping/launch/slam_x3_gmapping.launch.py
[3.012s] -- Up-to-date symlink: /home/sunrise/robot/robot_ws/install/slam_gmapping/share/slam_gmapping/launch/test_gmapping.launch.py
[3.013s] -- Up-to-date symlink: /home/sunrise/robot/robot_ws/install/slam_gmapping/share/slam_gmapping/params/amcl_params.yaml
[3.014s] -- Up-to-date symlink: /home/sunrise/robot/robot_ws/install/slam_gmapping/share/slam_gmapping/params/slam_gmapping.yaml
[3.015s] -- Up-to-date symlink: /home/sunrise/robot/robot_ws/install/slam_gmapping/share/slam_gmapping/rviz/map.rviz
[3.015s] -- Up-to-date symlink: /home/sunrise/robot/robot_ws/install/slam_gmapping/share/slam_gmapping/rviz/map_view.rviz
[3.016s] -- Up-to-date symlink: /home/sunrise/robot/robot_ws/install/slam_gmapping/share/slam_gmapping/rviz/test_gmapping.rviz
[3.017s] -- Up-to-date symlink: /home/sunrise/robot/robot_ws/install/slam_gmapping/share/slam_gmapping/rviz/view_gmapping.rviz
[3.018s] -- Up-to-date symlink: /home/sunrise/robot/robot_ws/install/slam_gmapping/share/ament_index/resource_index/package_run_dependencies/slam_gmapping
[3.019s] -- Up-to-date symlink: /home/sunrise/robot/robot_ws/install/slam_gmapping/share/ament_index/resource_index/parent_prefix_path/slam_gmapping
[3.020s] -- Up-to-date symlink: /home/sunrise/robot/robot_ws/install/slam_gmapping/share/slam_gmapping/environment/ament_prefix_path.sh
[3.021s] -- Up-to-date symlink: /home/sunrise/robot/robot_ws/install/slam_gmapping/share/slam_gmapping/environment/ament_prefix_path.dsv
[3.023s] -- Up-to-date symlink: /home/sunrise/robot/robot_ws/install/slam_gmapping/share/slam_gmapping/environment/path.sh
[3.024s] -- Up-to-date symlink: /home/sunrise/robot/robot_ws/install/slam_gmapping/share/slam_gmapping/environment/path.dsv
[3.025s] -- Up-to-date symlink: /home/sunrise/robot/robot_ws/install/slam_gmapping/share/slam_gmapping/local_setup.bash
[3.026s] -- Up-to-date symlink: /home/sunrise/robot/robot_ws/install/slam_gmapping/share/slam_gmapping/local_setup.sh
[3.027s] -- Up-to-date symlink: /home/sunrise/robot/robot_ws/install/slam_gmapping/share/slam_gmapping/local_setup.zsh
[3.028s] -- Up-to-date symlink: /home/sunrise/robot/robot_ws/install/slam_gmapping/share/slam_gmapping/local_setup.dsv
[3.028s] -- Symlinking: /home/sunrise/robot/robot_ws/install/slam_gmapping/share/slam_gmapping/package.dsv
[3.072s] -- Up-to-date symlink: /home/sunrise/robot/robot_ws/install/slam_gmapping/share/ament_index/resource_index/packages/slam_gmapping
[3.073s] -- Up-to-date symlink: /home/sunrise/robot/robot_ws/install/slam_gmapping/share/slam_gmapping/cmake/slam_gmappingConfig.cmake
[3.074s] -- Up-to-date symlink: /home/sunrise/robot/robot_ws/install/slam_gmapping/share/slam_gmapping/cmake/slam_gmappingConfig-version.cmake
[3.075s] -- Up-to-date symlink: /home/sunrise/robot/robot_ws/install/slam_gmapping/share/slam_gmapping/package.xml
[3.084s] Invoked command in '/home/sunrise/robot/robot_ws/build/slam_gmapping' returned '0': CMAKE_PREFIX_PATH=/home/sunrise/robot/robot_ws/install/openslam_gmapping:/home/sunrise/robot/robot_ws/install/ydlidar_ros2_driver:/home/sunrise/robot/robot_ws/install/slam_gmapping:/home/sunrise/robot/robot_ws/install/my_robot_description:/home/sunrise/robot/robot_ws/install/robot_control:/opt/ros/humble /usr/bin/cmake --install /home/sunrise/robot/robot_ws/build/slam_gmapping
