[0.053s] Invoking command in '/home/sunrise/robot/robot_ws/build/ydlidar_ros2_driver': CMAKE_PREFIX_PATH=${CMAKE_PREFIX_PATH}:/home/sunrise/robot/robot_ws/install/robot_control:/opt/ros/humble /usr/bin/cmake --build /home/sunrise/robot/robot_ws/build/ydlidar_ros2_driver -- -j8 -l8
[0.256s] [35m[1mConsolidate compiler generated dependencies of target ydlidar_ros2_driver_node[0m
[0.320s] [ 50%] Built target ydlidar_ros2_driver_client
[0.331s] [ 75%] [32mBuilding CXX object CMakeFiles/ydlidar_ros2_driver_node.dir/src/ydlidar_ros2_driver_node.cpp.o[0m
[14.493s] [01m[K/home/sunrise/robot/robot_ws/src/ydlidar_ros2_driver-master/src/ydlidar_ros2_driver_node.cpp:[m[K In function ‘[01m[Kint main(int, char**)[m[K’:
[14.493s] [01m[K/home/sunrise/robot/robot_ws/src/ydlidar_ros2_driver-master/src/ydlidar_ros2_driver_node.cpp:153:19:[m[K [01;31m[Kerror: [m[K‘[01m[Kclass CYdLidar[m[K’ has no member named ‘[01m[KdoProcess[m[K’
[14.494s]   153 |         if (laser.[01;31m[KdoProcess[m[K(scan))
[14.494s]       |                   [01;31m[K^~~~~~~~~[m[K
[14.495s] [01m[K/home/sunrise/robot/robot_ws/src/ydlidar_ros2_driver-master/src/ydlidar_ros2_driver_node.cpp:157:47:[m[K [01;31m[Kerror: [m[K‘[01m[Kstruct LaserScan[m[K’ has no member named ‘[01m[Kmin_angle[m[K’
[14.495s]   157 |             scan_msg.angle_min = (float)(scan.[01;31m[Kmin_angle[m[K * M_PI / 180.0f);
[14.496s]       |                                               [01;31m[K^~~~~~~~~[m[K
[14.496s] [01m[K/home/sunrise/robot/robot_ws/src/ydlidar_ros2_driver-master/src/ydlidar_ros2_driver_node.cpp:158:47:[m[K [01;31m[Kerror: [m[K‘[01m[Kstruct LaserScan[m[K’ has no member named ‘[01m[Kmax_angle[m[K’
[14.497s]   158 |             scan_msg.angle_max = (float)(scan.[01;31m[Kmax_angle[m[K * M_PI / 180.0f);
[14.497s]       |                                               [01;31m[K^~~~~~~~~[m[K
[14.498s] [01m[K/home/sunrise/robot/robot_ws/src/ydlidar_ros2_driver-master/src/ydlidar_ros2_driver_node.cpp:159:53:[m[K [01;31m[Kerror: [m[K‘[01m[Kstruct LaserScan[m[K’ has no member named ‘[01m[Kangle_increment[m[K’
[14.498s]   159 |             scan_msg.angle_increment = (float)(scan.[01;31m[Kangle_increment[m[K * M_PI / 180.0f);
[14.499s]       |                                                     [01;31m[K^~~~~~~~~~~~~~~[m[K
[14.499s] [01m[K/home/sunrise/robot/robot_ws/src/ydlidar_ros2_driver-master/src/ydlidar_ros2_driver_node.cpp:160:52:[m[K [01;31m[Kerror: [m[K‘[01m[Kstruct LaserScan[m[K’ has no member named ‘[01m[Ktime_increment[m[K’
[14.500s]   160 |             scan_msg.time_increment = (float)(scan.[01;31m[Ktime_increment[m[K / 1000000.0f);
[14.500s]       |                                                    [01;31m[K^~~~~~~~~~~~~~[m[K
[14.501s] [01m[K/home/sunrise/robot/robot_ws/src/ydlidar_ros2_driver-master/src/ydlidar_ros2_driver_node.cpp:161:47:[m[K [01;31m[Kerror: [m[K‘[01m[Kstruct LaserScan[m[K’ has no member named ‘[01m[Kscan_time[m[K’
[14.501s]   161 |             scan_msg.scan_time = (float)(scan.[01;31m[Kscan_time[m[K / 1000.0f);
[14.502s]       |                                               [01;31m[K^~~~~~~~~[m[K
[18.792s] gmake[2]: *** [CMakeFiles/ydlidar_ros2_driver_node.dir/build.make:76：CMakeFiles/ydlidar_ros2_driver_node.dir/src/ydlidar_ros2_driver_node.cpp.o] 错误 1
[18.794s] gmake[1]: *** [CMakeFiles/Makefile2:139：CMakeFiles/ydlidar_ros2_driver_node.dir/all] 错误 2
[18.795s] gmake: *** [Makefile:146：all] 错误 2
[18.808s] Invoked command in '/home/sunrise/robot/robot_ws/build/ydlidar_ros2_driver' returned '2': CMAKE_PREFIX_PATH=${CMAKE_PREFIX_PATH}:/home/sunrise/robot/robot_ws/install/robot_control:/opt/ros/humble /usr/bin/cmake --build /home/sunrise/robot/robot_ws/build/ydlidar_ros2_driver -- -j8 -l8
