[0.142s] Invoking command in '/home/sunrise/robot/robot_ws/build/my_robot_description': CMAKE_PREFIX_PATH=${CMAKE_PREFIX_PATH}:/home/sunrise/robot/robot_ws/install/robot_control:/opt/ros/humble /usr/bin/cmake /home/sunrise/robot/robot_ws/src/my_robot_description -DAMENT_CMAKE_SYMLINK_INSTALL=1 -DCMAKE_INSTALL_PREFIX=/home/sunrise/robot/robot_ws/install/my_robot_description
[2.598s] -- Found ament_cmake: 1.3.14 (/opt/ros/humble/share/ament_cmake/cmake)
[2.598s] -- Override CMake install command with custom implementation using symlinks instead of copying resources
[2.599s] -- Found ament_lint_auto: 0.12.15 (/opt/ros/humble/share/ament_lint_auto/cmake)
[2.725s] -- Added test 'flake8' to check Python code syntax and style conventions
[2.729s] -- Added test 'lint_cmake' to check CMake code style
[2.733s] -- Added test 'pep257' to check Python code against some of the docstring style conventions in PEP 257
[2.742s] -- Added test 'xmllint' to check XML markup files
[2.752s] -- Configuring done
[2.776s] -- Generating done
[2.786s] -- Build files have been written to: /home/sunrise/robot/robot_ws/build/my_robot_description
[2.807s] Invoked command in '/home/sunrise/robot/robot_ws/build/my_robot_description' returned '0': CMAKE_PREFIX_PATH=${CMAKE_PREFIX_PATH}:/home/sunrise/robot/robot_ws/install/robot_control:/opt/ros/humble /usr/bin/cmake /home/sunrise/robot/robot_ws/src/my_robot_description -DAMENT_CMAKE_SYMLINK_INSTALL=1 -DCMAKE_INSTALL_PREFIX=/home/sunrise/robot/robot_ws/install/my_robot_description
[2.817s] Invoking command in '/home/sunrise/robot/robot_ws/build/my_robot_description': CMAKE_PREFIX_PATH=${CMAKE_PREFIX_PATH}:/home/sunrise/robot/robot_ws/install/robot_control:/opt/ros/humble /usr/bin/cmake --build /home/sunrise/robot/robot_ws/build/my_robot_description -- -j8 -l8
[3.024s] Invoked command in '/home/sunrise/robot/robot_ws/build/my_robot_description' returned '0': CMAKE_PREFIX_PATH=${CMAKE_PREFIX_PATH}:/home/sunrise/robot/robot_ws/install/robot_control:/opt/ros/humble /usr/bin/cmake --build /home/sunrise/robot/robot_ws/build/my_robot_description -- -j8 -l8
[3.079s] Invoking command in '/home/sunrise/robot/robot_ws/build/my_robot_description': CMAKE_PREFIX_PATH=${CMAKE_PREFIX_PATH}:/home/sunrise/robot/robot_ws/install/robot_control:/opt/ros/humble /usr/bin/cmake --install /home/sunrise/robot/robot_ws/build/my_robot_description
[3.140s] -- Install configuration: ""
[3.142s] -- Execute custom install script
[3.145s] -- Up-to-date symlink: /home/sunrise/robot/robot_ws/install/my_robot_description/share/my_robot_description/urdf/macros/base_macro.xacro
[3.146s] -- Up-to-date symlink: /home/sunrise/robot/robot_ws/install/my_robot_description/share/my_robot_description/urdf/macros/board_macro.xacro
[3.147s] -- Up-to-date symlink: /home/sunrise/robot/robot_ws/install/my_robot_description/share/my_robot_description/urdf/macros/copper_pillar_macro.xacro
[3.148s] -- Up-to-date symlink: /home/sunrise/robot/robot_ws/install/my_robot_description/share/my_robot_description/urdf/macros/laser_sensor_macro.xacro
[3.149s] -- Up-to-date symlink: /home/sunrise/robot/robot_ws/install/my_robot_description/share/my_robot_description/urdf/macros/materials_macro.xacro
[3.150s] -- Up-to-date symlink: /home/sunrise/robot/robot_ws/install/my_robot_description/share/my_robot_description/urdf/macros/wheel_macro.xacro
[3.151s] -- Up-to-date symlink: /home/sunrise/robot/robot_ws/install/my_robot_description/share/my_robot_description/urdf/robot_base.urdf.xacro
[3.152s] -- Up-to-date symlink: /home/sunrise/robot/robot_ws/install/my_robot_description/share/my_robot_description/launch/display.launch.py
[3.154s] -- Up-to-date symlink: /home/sunrise/robot/robot_ws/install/my_robot_description/share/my_robot_description/rviz/display.rviz
[3.155s] -- Up-to-date symlink: /home/sunrise/robot/robot_ws/install/my_robot_description/share/ament_index/resource_index/package_run_dependencies/my_robot_description
[3.157s] -- Up-to-date symlink: /home/sunrise/robot/robot_ws/install/my_robot_description/share/ament_index/resource_index/parent_prefix_path/my_robot_description
[3.158s] -- Up-to-date symlink: /home/sunrise/robot/robot_ws/install/my_robot_description/share/my_robot_description/environment/ament_prefix_path.sh
[3.159s] -- Up-to-date symlink: /home/sunrise/robot/robot_ws/install/my_robot_description/share/my_robot_description/environment/ament_prefix_path.dsv
[3.161s] -- Up-to-date symlink: /home/sunrise/robot/robot_ws/install/my_robot_description/share/my_robot_description/environment/path.sh
[3.163s] -- Up-to-date symlink: /home/sunrise/robot/robot_ws/install/my_robot_description/share/my_robot_description/environment/path.dsv
[3.193s] -- Up-to-date symlink: /home/sunrise/robot/robot_ws/install/my_robot_description/share/my_robot_description/local_setup.bash
[3.194s] -- Up-to-date symlink: /home/sunrise/robot/robot_ws/install/my_robot_description/share/my_robot_description/local_setup.sh
[3.195s] -- Up-to-date symlink: /home/sunrise/robot/robot_ws/install/my_robot_description/share/my_robot_description/local_setup.zsh
[3.201s] -- Up-to-date symlink: /home/sunrise/robot/robot_ws/install/my_robot_description/share/my_robot_description/local_setup.dsv
[3.202s] -- Symlinking: /home/sunrise/robot/robot_ws/install/my_robot_description/share/my_robot_description/package.dsv
[3.246s] -- Up-to-date symlink: /home/sunrise/robot/robot_ws/install/my_robot_description/share/ament_index/resource_index/packages/my_robot_description
[3.247s] -- Up-to-date symlink: /home/sunrise/robot/robot_ws/install/my_robot_description/share/my_robot_description/cmake/my_robot_descriptionConfig.cmake
[3.248s] -- Up-to-date symlink: /home/sunrise/robot/robot_ws/install/my_robot_description/share/my_robot_description/cmake/my_robot_descriptionConfig-version.cmake
[3.250s] -- Up-to-date symlink: /home/sunrise/robot/robot_ws/install/my_robot_description/share/my_robot_description/package.xml
[3.265s] Invoked command in '/home/sunrise/robot/robot_ws/build/my_robot_description' returned '0': CMAKE_PREFIX_PATH=${CMAKE_PREFIX_PATH}:/home/sunrise/robot/robot_ws/install/robot_control:/opt/ros/humble /usr/bin/cmake --install /home/sunrise/robot/robot_ws/build/my_robot_description
