[0.993s] DEBUG:colcon:Command line arguments: ['/usr/bin/colcon', 'build', '--packages-select', 'robot_control']
[0.993s] DEBUG:colcon:Parsed command line arguments: Namespace(log_base=None, log_level=None, verb_name='build', build_base='build', install_base='install', merge_install=False, symlink_install=False, test_result_base=None, continue_on_error=False, executor='parallel', parallel_workers=8, event_handlers=None, ignore_user_meta=False, metas=['./colcon.meta'], base_paths=['.'], packages_ignore=None, packages_ignore_regex=None, paths=None, packages_up_to=None, packages_up_to_regex=None, packages_above=None, packages_above_and_dependencies=None, packages_above_depth=None, packages_select_by_dep=None, packages_skip_by_dep=None, packages_skip_up_to=None, packages_select_build_failed=False, packages_skip_build_finished=False, packages_select_test_failures=False, packages_skip_test_passed=False, packages_select=['robot_control'], packages_skip=None, packages_select_regex=None, packages_skip_regex=None, packages_start=None, packages_end=None, allow_overriding=[], cmake_args=None, cmake_target=None, cmake_target_skip_unavailable=False, cmake_clean_cache=False, cmake_clean_first=False, cmake_force_configure=False, ament_cmake_args=None, catkin_cmake_args=None, catkin_skip_building_tests=False, verb_parser=<colcon_defaults.argument_parser.defaults.DefaultArgumentsDecorator object at 0xffff83bce920>, verb_extension=<colcon_core.verb.build.BuildVerb object at 0xffff83bce410>, main=<bound method BuildVerb.main of <colcon_core.verb.build.BuildVerb object at 0xffff83bce410>>)
[3.166s] Level 1:colcon.colcon_core.package_discovery:discover_packages(colcon_meta) check parameters
[3.167s] Level 1:colcon.colcon_core.package_discovery:discover_packages(recursive) check parameters
[3.167s] Level 1:colcon.colcon_core.package_discovery:discover_packages(ignore) check parameters
[3.168s] Level 1:colcon.colcon_core.package_discovery:discover_packages(path) check parameters
[3.168s] Level 1:colcon.colcon_core.package_discovery:discover_packages(colcon_meta) discover
[3.169s] Level 1:colcon.colcon_core.package_discovery:discover_packages(recursive) discover
[3.169s] INFO:colcon.colcon_core.package_discovery:Crawling recursively for packages in '/home/sunrise/robot/robot_ws'
[3.170s] Level 1:colcon.colcon_core.package_identification:_identify(.) by extensions ['ignore', 'ignore_ament_install']
[3.171s] Level 1:colcon.colcon_core.package_identification:_identify(.) by extension 'ignore'
[3.171s] Level 1:colcon.colcon_core.package_identification:_identify(.) by extension 'ignore_ament_install'
[3.172s] Level 1:colcon.colcon_core.package_identification:_identify(.) by extensions ['colcon_pkg']
[3.172s] Level 1:colcon.colcon_core.package_identification:_identify(.) by extension 'colcon_pkg'
[3.173s] Level 1:colcon.colcon_core.package_identification:_identify(.) by extensions ['colcon_meta']
[3.173s] Level 1:colcon.colcon_core.package_identification:_identify(.) by extension 'colcon_meta'
[3.174s] Level 1:colcon.colcon_core.package_identification:_identify(.) by extensions ['ros']
[3.174s] Level 1:colcon.colcon_core.package_identification:_identify(.) by extension 'ros'
[3.357s] Level 1:colcon.colcon_core.package_identification:_identify(.) by extensions ['cmake', 'python']
[3.358s] Level 1:colcon.colcon_core.package_identification:_identify(.) by extension 'cmake'
[3.358s] Level 1:colcon.colcon_core.package_identification:_identify(.) by extension 'python'
[3.359s] Level 1:colcon.colcon_core.package_identification:_identify(.) by extensions ['python_setup_py']
[3.359s] Level 1:colcon.colcon_core.package_identification:_identify(.) by extension 'python_setup_py'
[3.360s] Level 1:colcon.colcon_core.package_identification:_identify(build) by extensions ['ignore', 'ignore_ament_install']
[3.361s] Level 1:colcon.colcon_core.package_identification:_identify(build) by extension 'ignore'
[3.362s] Level 1:colcon.colcon_core.package_identification:_identify(build) ignored
[3.363s] Level 1:colcon.colcon_core.package_identification:_identify(install) by extensions ['ignore', 'ignore_ament_install']
[3.364s] Level 1:colcon.colcon_core.package_identification:_identify(install) by extension 'ignore'
[3.364s] Level 1:colcon.colcon_core.package_identification:_identify(install) ignored
[3.365s] Level 1:colcon.colcon_core.package_identification:_identify(log) by extensions ['ignore', 'ignore_ament_install']
[3.366s] Level 1:colcon.colcon_core.package_identification:_identify(log) by extension 'ignore'
[3.367s] Level 1:colcon.colcon_core.package_identification:_identify(log) ignored
[3.368s] Level 1:colcon.colcon_core.package_identification:_identify(src) by extensions ['ignore', 'ignore_ament_install']
[3.369s] Level 1:colcon.colcon_core.package_identification:_identify(src) by extension 'ignore'
[3.369s] Level 1:colcon.colcon_core.package_identification:_identify(src) by extension 'ignore_ament_install'
[3.370s] Level 1:colcon.colcon_core.package_identification:_identify(src) by extensions ['colcon_pkg']
[3.371s] Level 1:colcon.colcon_core.package_identification:_identify(src) by extension 'colcon_pkg'
[3.371s] Level 1:colcon.colcon_core.package_identification:_identify(src) by extensions ['colcon_meta']
[3.371s] Level 1:colcon.colcon_core.package_identification:_identify(src) by extension 'colcon_meta'
[3.372s] Level 1:colcon.colcon_core.package_identification:_identify(src) by extensions ['ros']
[3.372s] Level 1:colcon.colcon_core.package_identification:_identify(src) by extension 'ros'
[3.373s] Level 1:colcon.colcon_core.package_identification:_identify(src) by extensions ['cmake', 'python']
[3.373s] Level 1:colcon.colcon_core.package_identification:_identify(src) by extension 'cmake'
[3.373s] Level 1:colcon.colcon_core.package_identification:_identify(src) by extension 'python'
[3.374s] Level 1:colcon.colcon_core.package_identification:_identify(src) by extensions ['python_setup_py']
[3.374s] Level 1:colcon.colcon_core.package_identification:_identify(src) by extension 'python_setup_py'
[3.376s] Level 1:colcon.colcon_core.package_identification:_identify(src/my_robot_description) by extensions ['ignore', 'ignore_ament_install']
[3.376s] Level 1:colcon.colcon_core.package_identification:_identify(src/my_robot_description) by extension 'ignore'
[3.377s] Level 1:colcon.colcon_core.package_identification:_identify(src/my_robot_description) by extension 'ignore_ament_install'
[3.378s] Level 1:colcon.colcon_core.package_identification:_identify(src/my_robot_description) by extensions ['colcon_pkg']
[3.378s] Level 1:colcon.colcon_core.package_identification:_identify(src/my_robot_description) by extension 'colcon_pkg'
[3.379s] Level 1:colcon.colcon_core.package_identification:_identify(src/my_robot_description) by extensions ['colcon_meta']
[3.379s] Level 1:colcon.colcon_core.package_identification:_identify(src/my_robot_description) by extension 'colcon_meta'
[3.379s] Level 1:colcon.colcon_core.package_identification:_identify(src/my_robot_description) by extensions ['ros']
[3.380s] Level 1:colcon.colcon_core.package_identification:_identify(src/my_robot_description) by extension 'ros'
[3.400s] DEBUG:colcon.colcon_core.package_identification:Package 'src/my_robot_description' with type 'ros.ament_cmake' and name 'my_robot_description'
[3.401s] Level 1:colcon.colcon_core.package_identification:_identify(src/openslam_gmapping) by extensions ['ignore', 'ignore_ament_install']
[3.402s] Level 1:colcon.colcon_core.package_identification:_identify(src/openslam_gmapping) by extension 'ignore'
[3.403s] Level 1:colcon.colcon_core.package_identification:_identify(src/openslam_gmapping) by extension 'ignore_ament_install'
[3.403s] Level 1:colcon.colcon_core.package_identification:_identify(src/openslam_gmapping) by extensions ['colcon_pkg']
[3.404s] Level 1:colcon.colcon_core.package_identification:_identify(src/openslam_gmapping) by extension 'colcon_pkg'
[3.404s] Level 1:colcon.colcon_core.package_identification:_identify(src/openslam_gmapping) by extensions ['colcon_meta']
[3.405s] Level 1:colcon.colcon_core.package_identification:_identify(src/openslam_gmapping) by extension 'colcon_meta'
[3.405s] Level 1:colcon.colcon_core.package_identification:_identify(src/openslam_gmapping) by extensions ['ros']
[3.406s] Level 1:colcon.colcon_core.package_identification:_identify(src/openslam_gmapping) by extension 'ros'
[3.410s] DEBUG:colcon.colcon_core.package_identification:Package 'src/openslam_gmapping' with type 'ros.ament_cmake' and name 'openslam_gmapping'
[3.411s] Level 1:colcon.colcon_core.package_identification:_identify(src/robot_control) by extensions ['ignore', 'ignore_ament_install']
[3.412s] Level 1:colcon.colcon_core.package_identification:_identify(src/robot_control) by extension 'ignore'
[3.413s] Level 1:colcon.colcon_core.package_identification:_identify(src/robot_control) by extension 'ignore_ament_install'
[3.413s] Level 1:colcon.colcon_core.package_identification:_identify(src/robot_control) by extensions ['colcon_pkg']
[3.414s] Level 1:colcon.colcon_core.package_identification:_identify(src/robot_control) by extension 'colcon_pkg'
[3.414s] Level 1:colcon.colcon_core.package_identification:_identify(src/robot_control) by extensions ['colcon_meta']
[3.415s] Level 1:colcon.colcon_core.package_identification:_identify(src/robot_control) by extension 'colcon_meta'
[3.415s] Level 1:colcon.colcon_core.package_identification:_identify(src/robot_control) by extensions ['ros']
[3.416s] Level 1:colcon.colcon_core.package_identification:_identify(src/robot_control) by extension 'ros'
[3.425s] DEBUG:colcon.colcon_core.package_identification:Package 'src/robot_control' with type 'ros.ament_python' and name 'robot_control'
[3.426s] Level 1:colcon.colcon_core.package_identification:_identify(src/slam_gmapping) by extensions ['ignore', 'ignore_ament_install']
[3.427s] Level 1:colcon.colcon_core.package_identification:_identify(src/slam_gmapping) by extension 'ignore'
[3.427s] Level 1:colcon.colcon_core.package_identification:_identify(src/slam_gmapping) by extension 'ignore_ament_install'
[3.428s] Level 1:colcon.colcon_core.package_identification:_identify(src/slam_gmapping) by extensions ['colcon_pkg']
[3.428s] Level 1:colcon.colcon_core.package_identification:_identify(src/slam_gmapping) by extension 'colcon_pkg'
[3.429s] Level 1:colcon.colcon_core.package_identification:_identify(src/slam_gmapping) by extensions ['colcon_meta']
[3.429s] Level 1:colcon.colcon_core.package_identification:_identify(src/slam_gmapping) by extension 'colcon_meta'
[3.429s] Level 1:colcon.colcon_core.package_identification:_identify(src/slam_gmapping) by extensions ['ros']
[3.430s] Level 1:colcon.colcon_core.package_identification:_identify(src/slam_gmapping) by extension 'ros'
[3.440s] DEBUG:colcon.colcon_core.package_identification:Package 'src/slam_gmapping' with type 'ros.ament_cmake' and name 'slam_gmapping'
[3.441s] Level 1:colcon.colcon_core.package_identification:_identify(src/ydlidar_ros2_driver-master) by extensions ['ignore', 'ignore_ament_install']
[3.441s] Level 1:colcon.colcon_core.package_identification:_identify(src/ydlidar_ros2_driver-master) by extension 'ignore'
[3.442s] Level 1:colcon.colcon_core.package_identification:_identify(src/ydlidar_ros2_driver-master) by extension 'ignore_ament_install'
[3.443s] Level 1:colcon.colcon_core.package_identification:_identify(src/ydlidar_ros2_driver-master) by extensions ['colcon_pkg']
[3.443s] Level 1:colcon.colcon_core.package_identification:_identify(src/ydlidar_ros2_driver-master) by extension 'colcon_pkg'
[3.443s] Level 1:colcon.colcon_core.package_identification:_identify(src/ydlidar_ros2_driver-master) by extensions ['colcon_meta']
[3.444s] Level 1:colcon.colcon_core.package_identification:_identify(src/ydlidar_ros2_driver-master) by extension 'colcon_meta'
[3.444s] Level 1:colcon.colcon_core.package_identification:_identify(src/ydlidar_ros2_driver-master) by extensions ['ros']
[3.444s] Level 1:colcon.colcon_core.package_identification:_identify(src/ydlidar_ros2_driver-master) by extension 'ros'
[3.449s] DEBUG:colcon.colcon_core.package_identification:Package 'src/ydlidar_ros2_driver-master' with type 'ros.ament_cmake' and name 'ydlidar_ros2_driver'
[3.450s] Level 1:colcon.colcon_core.package_discovery:discover_packages(recursive) using defaults
[3.451s] Level 1:colcon.colcon_core.package_discovery:discover_packages(ignore) discover
[3.451s] Level 1:colcon.colcon_core.package_discovery:discover_packages(ignore) using defaults
[3.451s] Level 1:colcon.colcon_core.package_discovery:discover_packages(path) discover
[3.451s] Level 1:colcon.colcon_core.package_discovery:discover_packages(path) using defaults
[3.600s] INFO:colcon.colcon_core.package_selection:Skipping not selected package 'my_robot_description' in 'src/my_robot_description'
[3.601s] INFO:colcon.colcon_core.package_selection:Skipping not selected package 'openslam_gmapping' in 'src/openslam_gmapping'
[3.601s] INFO:colcon.colcon_core.package_selection:Skipping not selected package 'ydlidar_ros2_driver' in 'src/ydlidar_ros2_driver-master'
[3.601s] INFO:colcon.colcon_core.package_selection:Skipping not selected package 'slam_gmapping' in 'src/slam_gmapping'
[3.604s] Level 1:colcon.colcon_core.package_discovery:discover_packages(prefix_path) check parameters
[3.605s] Level 1:colcon.colcon_core.package_discovery:discover_packages(prefix_path) discover
[3.620s] DEBUG:colcon.colcon_installed_package_information.package_discovery:Found 5 installed packages in /home/sunrise/robot/robot_ws/install
[3.633s] DEBUG:colcon.colcon_installed_package_information.package_discovery:Found 397 installed packages in /opt/ros/humble
[3.660s] Level 1:colcon.colcon_core.package_discovery:discover_packages(prefix_path) using defaults
[4.137s] Level 5:colcon.colcon_core.verb:set package 'robot_control' build argument 'cmake_args' from command line to 'None'
[4.138s] Level 5:colcon.colcon_core.verb:set package 'robot_control' build argument 'cmake_target' from command line to 'None'
[4.138s] Level 5:colcon.colcon_core.verb:set package 'robot_control' build argument 'cmake_target_skip_unavailable' from command line to 'False'
[4.139s] Level 5:colcon.colcon_core.verb:set package 'robot_control' build argument 'cmake_clean_cache' from command line to 'False'
[4.139s] Level 5:colcon.colcon_core.verb:set package 'robot_control' build argument 'cmake_clean_first' from command line to 'False'
[4.139s] Level 5:colcon.colcon_core.verb:set package 'robot_control' build argument 'cmake_force_configure' from command line to 'False'
[4.140s] Level 5:colcon.colcon_core.verb:set package 'robot_control' build argument 'ament_cmake_args' from command line to 'None'
[4.140s] Level 5:colcon.colcon_core.verb:set package 'robot_control' build argument 'catkin_cmake_args' from command line to 'None'
[4.141s] Level 5:colcon.colcon_core.verb:set package 'robot_control' build argument 'catkin_skip_building_tests' from command line to 'False'
[4.141s] DEBUG:colcon.colcon_core.verb:Building package 'robot_control' with the following arguments: {'ament_cmake_args': None, 'build_base': '/home/sunrise/robot/robot_ws/build/robot_control', 'catkin_cmake_args': None, 'catkin_skip_building_tests': False, 'cmake_args': None, 'cmake_clean_cache': False, 'cmake_clean_first': False, 'cmake_force_configure': False, 'cmake_target': None, 'cmake_target_skip_unavailable': False, 'install_base': '/home/sunrise/robot/robot_ws/install/robot_control', 'merge_install': False, 'path': '/home/sunrise/robot/robot_ws/src/robot_control', 'symlink_install': False, 'test_result_base': None}
[4.143s] INFO:colcon.colcon_core.executor:Executing jobs using 'parallel' executor
[4.149s] DEBUG:colcon.colcon_parallel_executor.executor.parallel:run_until_complete
[4.151s] INFO:colcon.colcon_ros.task.ament_python.build:Building ROS package in '/home/sunrise/robot/robot_ws/src/robot_control' with build type 'ament_python'
[4.152s] Level 1:colcon.colcon_core.shell:create_environment_hook('robot_control', 'ament_prefix_path')
[4.171s] INFO:colcon.colcon_core.plugin_system:Skipping extension 'colcon_core.shell.bat': Not used on non-Windows systems
[4.172s] INFO:colcon.colcon_core.shell:Creating environment hook '/home/sunrise/robot/robot_ws/install/robot_control/share/robot_control/hook/ament_prefix_path.ps1'
[4.177s] INFO:colcon.colcon_core.shell:Creating environment descriptor '/home/sunrise/robot/robot_ws/install/robot_control/share/robot_control/hook/ament_prefix_path.dsv'
[4.181s] INFO:colcon.colcon_core.shell:Creating environment hook '/home/sunrise/robot/robot_ws/install/robot_control/share/robot_control/hook/ament_prefix_path.sh'
[4.188s] INFO:colcon.colcon_core.shell:Skip shell extension 'powershell' for command environment: Not usable outside of PowerShell
[4.189s] DEBUG:colcon.colcon_core.shell:Skip shell extension 'dsv' for command environment
[7.306s] INFO:colcon.colcon_core.task.python.build:Building Python package in '/home/sunrise/robot/robot_ws/src/robot_control'
[7.308s] INFO:colcon.colcon_core.shell:Skip shell extension 'powershell' for command environment: Not usable outside of PowerShell
[7.309s] DEBUG:colcon.colcon_core.shell:Skip shell extension 'dsv' for command environment
[11.361s] DEBUG:colcon.colcon_core.event_handler.log_command:Invoking command in '/home/sunrise/robot/robot_ws/src/robot_control': PYTHONPATH=/home/sunrise/robot/robot_ws/build/robot_control/prefix_override:/usr/lib/python3/dist-packages/colcon_core/task/python/colcon_distutils_commands:/home/sunrise/robot/robot_ws/install/robot_control/lib/python3.10/site-packages:${PYTHONPATH} /usr/bin/python3 -W ignore:setup.py install is deprecated -W ignore:easy_install command is deprecated setup.py egg_info --egg-base ../../build/robot_control build --build-base /home/sunrise/robot/robot_ws/build/robot_control/build install --record /home/sunrise/robot/robot_ws/build/robot_control/install.log --single-version-externally-managed install_data
[14.595s] DEBUG:colcon.colcon_core.event_handler.log_command:Invoked command in '/home/sunrise/robot/robot_ws/src/robot_control' returned '0': PYTHONPATH=/home/sunrise/robot/robot_ws/build/robot_control/prefix_override:/usr/lib/python3/dist-packages/colcon_core/task/python/colcon_distutils_commands:/home/sunrise/robot/robot_ws/install/robot_control/lib/python3.10/site-packages:${PYTHONPATH} /usr/bin/python3 -W ignore:setup.py install is deprecated -W ignore:easy_install command is deprecated setup.py egg_info --egg-base ../../build/robot_control build --build-base /home/sunrise/robot/robot_ws/build/robot_control/build install --record /home/sunrise/robot/robot_ws/build/robot_control/install.log --single-version-externally-managed install_data
[14.600s] Level 1:colcon.colcon_core.environment:checking '/home/sunrise/robot/robot_ws/install/robot_control' for CMake module files
[14.606s] Level 1:colcon.colcon_core.environment:checking '/home/sunrise/robot/robot_ws/install/robot_control' for CMake config files
[14.611s] Level 1:colcon.colcon_core.environment:checking '/home/sunrise/robot/robot_ws/install/robot_control/lib'
[14.612s] Level 1:colcon.colcon_core.environment:checking '/home/sunrise/robot/robot_ws/install/robot_control/bin'
[14.613s] Level 1:colcon.colcon_core.environment:checking '/home/sunrise/robot/robot_ws/install/robot_control/lib/pkgconfig/robot_control.pc'
[14.615s] Level 1:colcon.colcon_core.environment:checking '/home/sunrise/robot/robot_ws/install/robot_control/lib/python3.10/site-packages'
[14.616s] Level 1:colcon.colcon_core.shell:create_environment_hook('robot_control', 'pythonpath')
[14.618s] INFO:colcon.colcon_core.shell:Creating environment hook '/home/sunrise/robot/robot_ws/install/robot_control/share/robot_control/hook/pythonpath.ps1'
[14.621s] INFO:colcon.colcon_core.shell:Creating environment descriptor '/home/sunrise/robot/robot_ws/install/robot_control/share/robot_control/hook/pythonpath.dsv'
[14.624s] INFO:colcon.colcon_core.shell:Creating environment hook '/home/sunrise/robot/robot_ws/install/robot_control/share/robot_control/hook/pythonpath.sh'
[14.630s] Level 1:colcon.colcon_core.environment:checking '/home/sunrise/robot/robot_ws/install/robot_control/bin'
[14.631s] Level 1:colcon.colcon_core.environment:create_environment_scripts_only(robot_control)
[14.634s] INFO:colcon.colcon_core.shell:Creating package script '/home/sunrise/robot/robot_ws/install/robot_control/share/robot_control/package.ps1'
[14.643s] INFO:colcon.colcon_core.shell:Creating package descriptor '/home/sunrise/robot/robot_ws/install/robot_control/share/robot_control/package.dsv'
[14.647s] INFO:colcon.colcon_core.shell:Creating package script '/home/sunrise/robot/robot_ws/install/robot_control/share/robot_control/package.sh'
[14.653s] INFO:colcon.colcon_core.shell:Creating package script '/home/sunrise/robot/robot_ws/install/robot_control/share/robot_control/package.bash'
[14.660s] INFO:colcon.colcon_core.shell:Creating package script '/home/sunrise/robot/robot_ws/install/robot_control/share/robot_control/package.zsh'
[14.666s] Level 1:colcon.colcon_core.environment:create_file_with_runtime_dependencies(/home/sunrise/robot/robot_ws/install/robot_control/share/colcon-core/packages/robot_control)
[14.673s] DEBUG:colcon.colcon_parallel_executor.executor.parallel:closing loop
[14.674s] DEBUG:colcon.colcon_parallel_executor.executor.parallel:loop closed
[14.674s] DEBUG:colcon.colcon_parallel_executor.executor.parallel:run_until_complete finished with '0'
[14.675s] DEBUG:colcon.colcon_core.event_reactor:joining thread
[14.676s] DEBUG:colcon.colcon_core.event_reactor:joined thread
[14.678s] INFO:colcon.colcon_core.shell:Creating prefix script '/home/sunrise/robot/robot_ws/install/local_setup.ps1'
[14.686s] INFO:colcon.colcon_core.shell:Creating prefix util module '/home/sunrise/robot/robot_ws/install/_local_setup_util_ps1.py'
[14.699s] INFO:colcon.colcon_core.shell:Creating prefix chain script '/home/sunrise/robot/robot_ws/install/setup.ps1'
[14.708s] INFO:colcon.colcon_core.shell:Creating prefix script '/home/sunrise/robot/robot_ws/install/local_setup.sh'
[14.713s] INFO:colcon.colcon_core.shell:Creating prefix util module '/home/sunrise/robot/robot_ws/install/_local_setup_util_sh.py'
[14.718s] INFO:colcon.colcon_core.shell:Creating prefix chain script '/home/sunrise/robot/robot_ws/install/setup.sh'
[14.727s] INFO:colcon.colcon_core.shell:Creating prefix script '/home/sunrise/robot/robot_ws/install/local_setup.bash'
[14.732s] INFO:colcon.colcon_core.shell:Creating prefix chain script '/home/sunrise/robot/robot_ws/install/setup.bash'
[14.742s] INFO:colcon.colcon_core.shell:Creating prefix script '/home/sunrise/robot/robot_ws/install/local_setup.zsh'
[14.746s] INFO:colcon.colcon_core.shell:Creating prefix chain script '/home/sunrise/robot/robot_ws/install/setup.zsh'
