[0.212s] Invoking command in '/home/sunrise/robot/robot_ws/build/openslam_gmapping': CMAKE_PREFIX_PATH=${CMAKE_PREFIX_PATH}:/home/sunrise/robot/robot_ws/install/robot_control:/opt/ros/humble /usr/bin/cmake --build /home/sunrise/robot/robot_ws/build/openslam_gmapping -- -j8 -l8
[2.921s] [ 13%] Built target utils
[2.924s] [ 27%] Built target sensor_base
[2.926s] [ 40%] Built target sensor_odometry
[2.927s] [ 54%] Built target sensor_range
[2.929s] [ 77%] Built target scanmatcher
[2.930s] [100%] Built target gridfastslam
[3.009s] Invoked command in '/home/sunrise/robot/robot_ws/build/openslam_gmapping' returned '0': CMAKE_PREFIX_PATH=${CMAKE_PREFIX_PATH}:/home/sunrise/robot/robot_ws/install/robot_control:/opt/ros/humble /usr/bin/cmake --build /home/sunrise/robot/robot_ws/build/openslam_gmapping -- -j8 -l8
[3.023s] Invoking command in '/home/sunrise/robot/robot_ws/build/openslam_gmapping': CMAKE_PREFIX_PATH=${CMAKE_PREFIX_PATH}:/home/sunrise/robot/robot_ws/install/robot_control:/opt/ros/humble /usr/bin/cmake --install /home/sunrise/robot/robot_ws/build/openslam_gmapping
[3.072s] -- Install configuration: ""
[3.077s] -- Up-to-date: /home/sunrise/robot/robot_ws/install/openslam_gmapping/share/openslam_gmapping/environment/library_path.sh
[3.080s] -- Up-to-date: /home/sunrise/robot/robot_ws/install/openslam_gmapping/share/openslam_gmapping/environment/library_path.dsv
[3.080s] -- Up-to-date: /home/sunrise/robot/robot_ws/install/openslam_gmapping/include/
[3.082s] -- Up-to-date: /home/sunrise/robot/robot_ws/install/openslam_gmapping/include//gmapping
[3.083s] -- Up-to-date: /home/sunrise/robot/robot_ws/install/openslam_gmapping/include//gmapping/gridfastslam
[3.084s] -- Up-to-date: /home/sunrise/robot/robot_ws/install/openslam_gmapping/include//gmapping/gridfastslam/gridslamprocessor.hxx
[3.085s] -- Up-to-date: /home/sunrise/robot/robot_ws/install/openslam_gmapping/include//gmapping/gridfastslam/gridslamprocessor.h
[3.086s] -- Up-to-date: /home/sunrise/robot/robot_ws/install/openslam_gmapping/include//gmapping/gridfastslam/motionmodel.h
[3.086s] -- Up-to-date: /home/sunrise/robot/robot_ws/install/openslam_gmapping/include//gmapping/scanmatcher
[3.087s] -- Up-to-date: /home/sunrise/robot/robot_ws/install/openslam_gmapping/include//gmapping/scanmatcher/smmap.h
[3.098s] -- Up-to-date: /home/sunrise/robot/robot_ws/install/openslam_gmapping/include//gmapping/scanmatcher/scanmatcher.h
[3.099s] -- Up-to-date: /home/sunrise/robot/robot_ws/install/openslam_gmapping/include//gmapping/scanmatcher/icp.h
[3.101s] -- Up-to-date: /home/sunrise/robot/robot_ws/install/openslam_gmapping/include//gmapping/utils
[3.103s] -- Up-to-date: /home/sunrise/robot/robot_ws/install/openslam_gmapping/include//gmapping/utils/autoptr.h
[3.109s] -- Up-to-date: /home/sunrise/robot/robot_ws/install/openslam_gmapping/include//gmapping/utils/gvalues.h
[3.111s] -- Up-to-date: /home/sunrise/robot/robot_ws/install/openslam_gmapping/include//gmapping/utils/commandline.h
[3.115s] -- Up-to-date: /home/sunrise/robot/robot_ws/install/openslam_gmapping/include//gmapping/utils/point.h
[3.120s] -- Up-to-date: /home/sunrise/robot/robot_ws/install/openslam_gmapping/include//gmapping/utils/macro_params.h
[3.121s] -- Up-to-date: /home/sunrise/robot/robot_ws/install/openslam_gmapping/include//gmapping/utils/stat.h
[3.122s] -- Up-to-date: /home/sunrise/robot/robot_ws/install/openslam_gmapping/include//gmapping/sensor
[3.123s] -- Up-to-date: /home/sunrise/robot/robot_ws/install/openslam_gmapping/include//gmapping/sensor/sensor_odometry
[3.125s] -- Up-to-date: /home/sunrise/robot/robot_ws/install/openslam_gmapping/include//gmapping/sensor/sensor_odometry/odometrysensor.h
[3.126s] -- Up-to-date: /home/sunrise/robot/robot_ws/install/openslam_gmapping/include//gmapping/sensor/sensor_odometry/odometryreading.h
[3.127s] -- Up-to-date: /home/sunrise/robot/robot_ws/install/openslam_gmapping/include//gmapping/sensor/sensor_base
[3.128s] -- Up-to-date: /home/sunrise/robot/robot_ws/install/openslam_gmapping/include//gmapping/sensor/sensor_base/sensorreading.h
[3.133s] -- Up-to-date: /home/sunrise/robot/robot_ws/install/openslam_gmapping/include//gmapping/sensor/sensor_base/sensor.h
[3.135s] -- Up-to-date: /home/sunrise/robot/robot_ws/install/openslam_gmapping/include//gmapping/sensor/sensor_range
[3.138s] -- Up-to-date: /home/sunrise/robot/robot_ws/install/openslam_gmapping/include//gmapping/sensor/sensor_range/rangereading.h
[3.139s] -- Up-to-date: /home/sunrise/robot/robot_ws/install/openslam_gmapping/include//gmapping/sensor/sensor_range/rangesensor.h
[3.141s] -- Up-to-date: /home/sunrise/robot/robot_ws/install/openslam_gmapping/include//gmapping/particlefilter
[3.142s] -- Up-to-date: /home/sunrise/robot/robot_ws/install/openslam_gmapping/include//gmapping/particlefilter/particlefilter.h
[3.143s] -- Up-to-date: /home/sunrise/robot/robot_ws/install/openslam_gmapping/include//gmapping/grid
[3.144s] -- Up-to-date: /home/sunrise/robot/robot_ws/install/openslam_gmapping/include//gmapping/grid/map.h
[3.148s] -- Up-to-date: /home/sunrise/robot/robot_ws/install/openslam_gmapping/include//gmapping/grid/accessstate.h
[3.152s] -- Up-to-date: /home/sunrise/robot/robot_ws/install/openslam_gmapping/include//gmapping/grid/harray2d.h
[3.155s] -- Up-to-date: /home/sunrise/robot/robot_ws/install/openslam_gmapping/include//gmapping/grid/array2d.h
[3.157s] -- Up-to-date: /home/sunrise/robot/robot_ws/install/openslam_gmapping/include//gmapping/log
[3.164s] -- Up-to-date: /home/sunrise/robot/robot_ws/install/openslam_gmapping/include//gmapping/log/configuration.h
[3.168s] -- Up-to-date: /home/sunrise/robot/robot_ws/install/openslam_gmapping/include//gmapping/log/sensorlog.h
[3.169s] -- Up-to-date: /home/sunrise/robot/robot_ws/install/openslam_gmapping/share/ament_index/resource_index/package_run_dependencies/openslam_gmapping
[3.170s] -- Up-to-date: /home/sunrise/robot/robot_ws/install/openslam_gmapping/share/ament_index/resource_index/parent_prefix_path/openslam_gmapping
[3.172s] -- Up-to-date: /home/sunrise/robot/robot_ws/install/openslam_gmapping/share/openslam_gmapping/environment/ament_prefix_path.sh
[3.174s] -- Up-to-date: /home/sunrise/robot/robot_ws/install/openslam_gmapping/share/openslam_gmapping/environment/ament_prefix_path.dsv
[3.175s] -- Up-to-date: /home/sunrise/robot/robot_ws/install/openslam_gmapping/share/openslam_gmapping/environment/path.sh
[3.176s] -- Up-to-date: /home/sunrise/robot/robot_ws/install/openslam_gmapping/share/openslam_gmapping/environment/path.dsv
[3.177s] -- Up-to-date: /home/sunrise/robot/robot_ws/install/openslam_gmapping/share/openslam_gmapping/local_setup.bash
[3.179s] -- Up-to-date: /home/sunrise/robot/robot_ws/install/openslam_gmapping/share/openslam_gmapping/local_setup.sh
[3.180s] -- Up-to-date: /home/sunrise/robot/robot_ws/install/openslam_gmapping/share/openslam_gmapping/local_setup.zsh
[3.181s] -- Up-to-date: /home/sunrise/robot/robot_ws/install/openslam_gmapping/share/openslam_gmapping/local_setup.dsv
[3.181s] -- Installing: /home/sunrise/robot/robot_ws/install/openslam_gmapping/share/openslam_gmapping/package.dsv
[3.184s] -- Up-to-date: /home/sunrise/robot/robot_ws/install/openslam_gmapping/share/ament_index/resource_index/packages/openslam_gmapping
[3.184s] -- Up-to-date: /home/sunrise/robot/robot_ws/install/openslam_gmapping/share/openslam_gmapping/cmake/ament_cmake_export_libraries-extras.cmake
[3.185s] -- Up-to-date: /home/sunrise/robot/robot_ws/install/openslam_gmapping/share/openslam_gmapping/cmake/ament_cmake_export_include_directories-extras.cmake
[3.186s] -- Up-to-date: /home/sunrise/robot/robot_ws/install/openslam_gmapping/share/openslam_gmapping/cmake/openslam_gmappingConfig.cmake
[3.187s] -- Up-to-date: /home/sunrise/robot/robot_ws/install/openslam_gmapping/share/openslam_gmapping/cmake/openslam_gmappingConfig-version.cmake
[3.188s] -- Up-to-date: /home/sunrise/robot/robot_ws/install/openslam_gmapping/share/openslam_gmapping/package.xml
[3.190s] -- Up-to-date: /home/sunrise/robot/robot_ws/install/openslam_gmapping/lib/libgridfastslam.a
[3.191s] -- Up-to-date: /home/sunrise/robot/robot_ws/install/openslam_gmapping/lib/libscanmatcher.a
[3.192s] -- Up-to-date: /home/sunrise/robot/robot_ws/install/openslam_gmapping/share/openslam_gmapping/environment/library_path.sh
[3.199s] -- Up-to-date: /home/sunrise/robot/robot_ws/install/openslam_gmapping/share/openslam_gmapping/environment/library_path.dsv
[3.201s] -- Up-to-date: /home/sunrise/robot/robot_ws/install/openslam_gmapping/lib/libsensor_base.a
[3.203s] -- Up-to-date: /home/sunrise/robot/robot_ws/install/openslam_gmapping/share/openslam_gmapping/environment/library_path.sh
[3.208s] -- Up-to-date: /home/sunrise/robot/robot_ws/install/openslam_gmapping/share/openslam_gmapping/environment/library_path.dsv
[3.215s] -- Up-to-date: /home/sunrise/robot/robot_ws/install/openslam_gmapping/lib/libsensor_odometry.a
[3.216s] -- Up-to-date: /home/sunrise/robot/robot_ws/install/openslam_gmapping/lib/libsensor_range.a
[3.248s] -- Up-to-date: /home/sunrise/robot/robot_ws/install/openslam_gmapping/lib/libutils.a
[3.249s] -- Up-to-date: /home/sunrise/robot/robot_ws/install/openslam_gmapping/share/openslam_gmapping/environment/library_path.sh
[3.251s] -- Up-to-date: /home/sunrise/robot/robot_ws/install/openslam_gmapping/share/openslam_gmapping/environment/library_path.dsv
[3.253s] Invoked command in '/home/sunrise/robot/robot_ws/build/openslam_gmapping' returned '0': CMAKE_PREFIX_PATH=${CMAKE_PREFIX_PATH}:/home/sunrise/robot/robot_ws/install/robot_control:/opt/ros/humble /usr/bin/cmake --install /home/sunrise/robot/robot_ws/build/openslam_gmapping
