[0.982s] DEBUG:colcon:Command line arguments: ['/usr/bin/colcon', 'build', '--packages-select', 'robot_control']
[0.983s] DEBUG:colcon:Parsed command line arguments: Namespace(log_base=None, log_level=None, verb_name='build', build_base='build', install_base='install', merge_install=False, symlink_install=False, test_result_base=None, continue_on_error=False, executor='parallel', parallel_workers=8, event_handlers=None, ignore_user_meta=False, metas=['./colcon.meta'], base_paths=['.'], packages_ignore=None, packages_ignore_regex=None, paths=None, packages_up_to=None, packages_up_to_regex=None, packages_above=None, packages_above_and_dependencies=None, packages_above_depth=None, packages_select_by_dep=None, packages_skip_by_dep=None, packages_skip_up_to=None, packages_select_build_failed=False, packages_skip_build_finished=False, packages_select_test_failures=False, packages_skip_test_passed=False, packages_select=['robot_control'], packages_skip=None, packages_select_regex=None, packages_skip_regex=None, packages_start=None, packages_end=None, allow_overriding=[], cmake_args=None, cmake_target=None, cmake_target_skip_unavailable=False, cmake_clean_cache=False, cmake_clean_first=False, cmake_force_configure=False, ament_cmake_args=None, catkin_cmake_args=None, catkin_skip_building_tests=False, verb_parser=<colcon_defaults.argument_parser.defaults.DefaultArgumentsDecorator object at 0xffffb054e920>, verb_extension=<colcon_core.verb.build.BuildVerb object at 0xffffb054e410>, main=<bound method BuildVerb.main of <colcon_core.verb.build.BuildVerb object at 0xffffb054e410>>)
[3.312s] Level 1:colcon.colcon_core.package_discovery:discover_packages(colcon_meta) check parameters
[3.313s] Level 1:colcon.colcon_core.package_discovery:discover_packages(recursive) check parameters
[3.313s] Level 1:colcon.colcon_core.package_discovery:discover_packages(ignore) check parameters
[3.314s] Level 1:colcon.colcon_core.package_discovery:discover_packages(path) check parameters
[3.314s] Level 1:colcon.colcon_core.package_discovery:discover_packages(colcon_meta) discover
[3.315s] Level 1:colcon.colcon_core.package_discovery:discover_packages(recursive) discover
[3.315s] INFO:colcon.colcon_core.package_discovery:Crawling recursively for packages in '/home/sunrise/robot/robot_ws'
[3.316s] Level 1:colcon.colcon_core.package_identification:_identify(.) by extensions ['ignore', 'ignore_ament_install']
[3.316s] Level 1:colcon.colcon_core.package_identification:_identify(.) by extension 'ignore'
[3.317s] Level 1:colcon.colcon_core.package_identification:_identify(.) by extension 'ignore_ament_install'
[3.317s] Level 1:colcon.colcon_core.package_identification:_identify(.) by extensions ['colcon_pkg']
[3.318s] Level 1:colcon.colcon_core.package_identification:_identify(.) by extension 'colcon_pkg'
[3.318s] Level 1:colcon.colcon_core.package_identification:_identify(.) by extensions ['colcon_meta']
[3.318s] Level 1:colcon.colcon_core.package_identification:_identify(.) by extension 'colcon_meta'
[3.319s] Level 1:colcon.colcon_core.package_identification:_identify(.) by extensions ['ros']
[3.319s] Level 1:colcon.colcon_core.package_identification:_identify(.) by extension 'ros'
[3.492s] Level 1:colcon.colcon_core.package_identification:_identify(.) by extensions ['cmake', 'python']
[3.492s] Level 1:colcon.colcon_core.package_identification:_identify(.) by extension 'cmake'
[3.493s] Level 1:colcon.colcon_core.package_identification:_identify(.) by extension 'python'
[3.493s] Level 1:colcon.colcon_core.package_identification:_identify(.) by extensions ['python_setup_py']
[3.493s] Level 1:colcon.colcon_core.package_identification:_identify(.) by extension 'python_setup_py'
[3.494s] Level 1:colcon.colcon_core.package_identification:_identify(build) by extensions ['ignore', 'ignore_ament_install']
[3.495s] Level 1:colcon.colcon_core.package_identification:_identify(build) by extension 'ignore'
[3.495s] Level 1:colcon.colcon_core.package_identification:_identify(build) ignored
[3.496s] Level 1:colcon.colcon_core.package_identification:_identify(install) by extensions ['ignore', 'ignore_ament_install']
[3.497s] Level 1:colcon.colcon_core.package_identification:_identify(install) by extension 'ignore'
[3.497s] Level 1:colcon.colcon_core.package_identification:_identify(install) ignored
[3.498s] Level 1:colcon.colcon_core.package_identification:_identify(log) by extensions ['ignore', 'ignore_ament_install']
[3.499s] Level 1:colcon.colcon_core.package_identification:_identify(log) by extension 'ignore'
[3.499s] Level 1:colcon.colcon_core.package_identification:_identify(log) ignored
[3.500s] Level 1:colcon.colcon_core.package_identification:_identify(src) by extensions ['ignore', 'ignore_ament_install']
[3.500s] Level 1:colcon.colcon_core.package_identification:_identify(src) by extension 'ignore'
[3.501s] Level 1:colcon.colcon_core.package_identification:_identify(src) by extension 'ignore_ament_install'
[3.501s] Level 1:colcon.colcon_core.package_identification:_identify(src) by extensions ['colcon_pkg']
[3.501s] Level 1:colcon.colcon_core.package_identification:_identify(src) by extension 'colcon_pkg'
[3.502s] Level 1:colcon.colcon_core.package_identification:_identify(src) by extensions ['colcon_meta']
[3.502s] Level 1:colcon.colcon_core.package_identification:_identify(src) by extension 'colcon_meta'
[3.502s] Level 1:colcon.colcon_core.package_identification:_identify(src) by extensions ['ros']
[3.503s] Level 1:colcon.colcon_core.package_identification:_identify(src) by extension 'ros'
[3.503s] Level 1:colcon.colcon_core.package_identification:_identify(src) by extensions ['cmake', 'python']
[3.504s] Level 1:colcon.colcon_core.package_identification:_identify(src) by extension 'cmake'
[3.504s] Level 1:colcon.colcon_core.package_identification:_identify(src) by extension 'python'
[3.504s] Level 1:colcon.colcon_core.package_identification:_identify(src) by extensions ['python_setup_py']
[3.505s] Level 1:colcon.colcon_core.package_identification:_identify(src) by extension 'python_setup_py'
[3.505s] Level 1:colcon.colcon_core.package_identification:_identify(src/my_robot_description) by extensions ['ignore', 'ignore_ament_install']
[3.506s] Level 1:colcon.colcon_core.package_identification:_identify(src/my_robot_description) by extension 'ignore'
[3.506s] Level 1:colcon.colcon_core.package_identification:_identify(src/my_robot_description) by extension 'ignore_ament_install'
[3.507s] Level 1:colcon.colcon_core.package_identification:_identify(src/my_robot_description) by extensions ['colcon_pkg']
[3.507s] Level 1:colcon.colcon_core.package_identification:_identify(src/my_robot_description) by extension 'colcon_pkg'
[3.507s] Level 1:colcon.colcon_core.package_identification:_identify(src/my_robot_description) by extensions ['colcon_meta']
[3.508s] Level 1:colcon.colcon_core.package_identification:_identify(src/my_robot_description) by extension 'colcon_meta'
[3.508s] Level 1:colcon.colcon_core.package_identification:_identify(src/my_robot_description) by extensions ['ros']
[3.508s] Level 1:colcon.colcon_core.package_identification:_identify(src/my_robot_description) by extension 'ros'
[3.532s] DEBUG:colcon.colcon_core.package_identification:Package 'src/my_robot_description' with type 'ros.ament_cmake' and name 'my_robot_description'
[3.533s] Level 1:colcon.colcon_core.package_identification:_identify(src/openslam_gmapping) by extensions ['ignore', 'ignore_ament_install']
[3.534s] Level 1:colcon.colcon_core.package_identification:_identify(src/openslam_gmapping) by extension 'ignore'
[3.534s] Level 1:colcon.colcon_core.package_identification:_identify(src/openslam_gmapping) by extension 'ignore_ament_install'
[3.535s] Level 1:colcon.colcon_core.package_identification:_identify(src/openslam_gmapping) by extensions ['colcon_pkg']
[3.535s] Level 1:colcon.colcon_core.package_identification:_identify(src/openslam_gmapping) by extension 'colcon_pkg'
[3.535s] Level 1:colcon.colcon_core.package_identification:_identify(src/openslam_gmapping) by extensions ['colcon_meta']
[3.535s] Level 1:colcon.colcon_core.package_identification:_identify(src/openslam_gmapping) by extension 'colcon_meta'
[3.536s] Level 1:colcon.colcon_core.package_identification:_identify(src/openslam_gmapping) by extensions ['ros']
[3.536s] Level 1:colcon.colcon_core.package_identification:_identify(src/openslam_gmapping) by extension 'ros'
[3.541s] DEBUG:colcon.colcon_core.package_identification:Package 'src/openslam_gmapping' with type 'ros.ament_cmake' and name 'openslam_gmapping'
[3.542s] Level 1:colcon.colcon_core.package_identification:_identify(src/robot_control) by extensions ['ignore', 'ignore_ament_install']
[3.543s] Level 1:colcon.colcon_core.package_identification:_identify(src/robot_control) by extension 'ignore'
[3.543s] Level 1:colcon.colcon_core.package_identification:_identify(src/robot_control) by extension 'ignore_ament_install'
[3.544s] Level 1:colcon.colcon_core.package_identification:_identify(src/robot_control) by extensions ['colcon_pkg']
[3.544s] Level 1:colcon.colcon_core.package_identification:_identify(src/robot_control) by extension 'colcon_pkg'
[3.544s] Level 1:colcon.colcon_core.package_identification:_identify(src/robot_control) by extensions ['colcon_meta']
[3.544s] Level 1:colcon.colcon_core.package_identification:_identify(src/robot_control) by extension 'colcon_meta'
[3.545s] Level 1:colcon.colcon_core.package_identification:_identify(src/robot_control) by extensions ['ros']
[3.545s] Level 1:colcon.colcon_core.package_identification:_identify(src/robot_control) by extension 'ros'
[3.553s] DEBUG:colcon.colcon_core.package_identification:Package 'src/robot_control' with type 'ros.ament_python' and name 'robot_control'
[3.554s] Level 1:colcon.colcon_core.package_identification:_identify(src/slam_gmapping) by extensions ['ignore', 'ignore_ament_install']
[3.555s] Level 1:colcon.colcon_core.package_identification:_identify(src/slam_gmapping) by extension 'ignore'
[3.556s] Level 1:colcon.colcon_core.package_identification:_identify(src/slam_gmapping) by extension 'ignore_ament_install'
[3.556s] Level 1:colcon.colcon_core.package_identification:_identify(src/slam_gmapping) by extensions ['colcon_pkg']
[3.556s] Level 1:colcon.colcon_core.package_identification:_identify(src/slam_gmapping) by extension 'colcon_pkg'
[3.557s] Level 1:colcon.colcon_core.package_identification:_identify(src/slam_gmapping) by extensions ['colcon_meta']
[3.557s] Level 1:colcon.colcon_core.package_identification:_identify(src/slam_gmapping) by extension 'colcon_meta'
[3.557s] Level 1:colcon.colcon_core.package_identification:_identify(src/slam_gmapping) by extensions ['ros']
[3.557s] Level 1:colcon.colcon_core.package_identification:_identify(src/slam_gmapping) by extension 'ros'
[3.566s] DEBUG:colcon.colcon_core.package_identification:Package 'src/slam_gmapping' with type 'ros.ament_cmake' and name 'slam_gmapping'
[3.567s] Level 1:colcon.colcon_core.package_identification:_identify(src/ydlidar_ros2_driver-master) by extensions ['ignore', 'ignore_ament_install']
[3.568s] Level 1:colcon.colcon_core.package_identification:_identify(src/ydlidar_ros2_driver-master) by extension 'ignore'
[3.569s] Level 1:colcon.colcon_core.package_identification:_identify(src/ydlidar_ros2_driver-master) by extension 'ignore_ament_install'
[3.569s] Level 1:colcon.colcon_core.package_identification:_identify(src/ydlidar_ros2_driver-master) by extensions ['colcon_pkg']
[3.569s] Level 1:colcon.colcon_core.package_identification:_identify(src/ydlidar_ros2_driver-master) by extension 'colcon_pkg'
[3.570s] Level 1:colcon.colcon_core.package_identification:_identify(src/ydlidar_ros2_driver-master) by extensions ['colcon_meta']
[3.570s] Level 1:colcon.colcon_core.package_identification:_identify(src/ydlidar_ros2_driver-master) by extension 'colcon_meta'
[3.570s] Level 1:colcon.colcon_core.package_identification:_identify(src/ydlidar_ros2_driver-master) by extensions ['ros']
[3.570s] Level 1:colcon.colcon_core.package_identification:_identify(src/ydlidar_ros2_driver-master) by extension 'ros'
[3.576s] DEBUG:colcon.colcon_core.package_identification:Package 'src/ydlidar_ros2_driver-master' with type 'ros.ament_cmake' and name 'ydlidar_ros2_driver'
[3.577s] Level 1:colcon.colcon_core.package_discovery:discover_packages(recursive) using defaults
[3.577s] Level 1:colcon.colcon_core.package_discovery:discover_packages(ignore) discover
[3.577s] Level 1:colcon.colcon_core.package_discovery:discover_packages(ignore) using defaults
[3.578s] Level 1:colcon.colcon_core.package_discovery:discover_packages(path) discover
[3.578s] Level 1:colcon.colcon_core.package_discovery:discover_packages(path) using defaults
[3.737s] INFO:colcon.colcon_core.package_selection:Skipping not selected package 'my_robot_description' in 'src/my_robot_description'
[3.737s] INFO:colcon.colcon_core.package_selection:Skipping not selected package 'openslam_gmapping' in 'src/openslam_gmapping'
[3.738s] INFO:colcon.colcon_core.package_selection:Skipping not selected package 'ydlidar_ros2_driver' in 'src/ydlidar_ros2_driver-master'
[3.738s] INFO:colcon.colcon_core.package_selection:Skipping not selected package 'slam_gmapping' in 'src/slam_gmapping'
[3.743s] Level 1:colcon.colcon_core.package_discovery:discover_packages(prefix_path) check parameters
[3.743s] Level 1:colcon.colcon_core.package_discovery:discover_packages(prefix_path) discover
[3.763s] DEBUG:colcon.colcon_installed_package_information.package_discovery:Found 5 installed packages in /home/sunrise/robot/robot_ws/install
[3.774s] DEBUG:colcon.colcon_installed_package_information.package_discovery:Found 397 installed packages in /opt/ros/humble
[3.798s] Level 1:colcon.colcon_core.package_discovery:discover_packages(prefix_path) using defaults
[4.243s] Level 5:colcon.colcon_core.verb:set package 'robot_control' build argument 'cmake_args' from command line to 'None'
[4.244s] Level 5:colcon.colcon_core.verb:set package 'robot_control' build argument 'cmake_target' from command line to 'None'
[4.244s] Level 5:colcon.colcon_core.verb:set package 'robot_control' build argument 'cmake_target_skip_unavailable' from command line to 'False'
[4.244s] Level 5:colcon.colcon_core.verb:set package 'robot_control' build argument 'cmake_clean_cache' from command line to 'False'
[4.245s] Level 5:colcon.colcon_core.verb:set package 'robot_control' build argument 'cmake_clean_first' from command line to 'False'
[4.245s] Level 5:colcon.colcon_core.verb:set package 'robot_control' build argument 'cmake_force_configure' from command line to 'False'
[4.245s] Level 5:colcon.colcon_core.verb:set package 'robot_control' build argument 'ament_cmake_args' from command line to 'None'
[4.245s] Level 5:colcon.colcon_core.verb:set package 'robot_control' build argument 'catkin_cmake_args' from command line to 'None'
[4.245s] Level 5:colcon.colcon_core.verb:set package 'robot_control' build argument 'catkin_skip_building_tests' from command line to 'False'
[4.246s] DEBUG:colcon.colcon_core.verb:Building package 'robot_control' with the following arguments: {'ament_cmake_args': None, 'build_base': '/home/sunrise/robot/robot_ws/build/robot_control', 'catkin_cmake_args': None, 'catkin_skip_building_tests': False, 'cmake_args': None, 'cmake_clean_cache': False, 'cmake_clean_first': False, 'cmake_force_configure': False, 'cmake_target': None, 'cmake_target_skip_unavailable': False, 'install_base': '/home/sunrise/robot/robot_ws/install/robot_control', 'merge_install': False, 'path': '/home/sunrise/robot/robot_ws/src/robot_control', 'symlink_install': False, 'test_result_base': None}
[4.247s] INFO:colcon.colcon_core.executor:Executing jobs using 'parallel' executor
[4.253s] DEBUG:colcon.colcon_parallel_executor.executor.parallel:run_until_complete
[4.255s] INFO:colcon.colcon_ros.task.ament_python.build:Building ROS package in '/home/sunrise/robot/robot_ws/src/robot_control' with build type 'ament_python'
[4.256s] Level 1:colcon.colcon_core.shell:create_environment_hook('robot_control', 'ament_prefix_path')
[4.279s] INFO:colcon.colcon_core.plugin_system:Skipping extension 'colcon_core.shell.bat': Not used on non-Windows systems
[4.280s] INFO:colcon.colcon_core.shell:Creating environment hook '/home/sunrise/robot/robot_ws/install/robot_control/share/robot_control/hook/ament_prefix_path.ps1'
[4.286s] INFO:colcon.colcon_core.shell:Creating environment descriptor '/home/sunrise/robot/robot_ws/install/robot_control/share/robot_control/hook/ament_prefix_path.dsv'
[4.291s] INFO:colcon.colcon_core.shell:Creating environment hook '/home/sunrise/robot/robot_ws/install/robot_control/share/robot_control/hook/ament_prefix_path.sh'
[4.297s] INFO:colcon.colcon_core.shell:Skip shell extension 'powershell' for command environment: Not usable outside of PowerShell
[4.298s] DEBUG:colcon.colcon_core.shell:Skip shell extension 'dsv' for command environment
[6.521s] INFO:colcon.colcon_core.task.python.build:Building Python package in '/home/sunrise/robot/robot_ws/src/robot_control'
[6.523s] INFO:colcon.colcon_core.shell:Skip shell extension 'powershell' for command environment: Not usable outside of PowerShell
[6.523s] DEBUG:colcon.colcon_core.shell:Skip shell extension 'dsv' for command environment
[9.605s] DEBUG:colcon.colcon_core.event_handler.log_command:Invoking command in '/home/sunrise/robot/robot_ws/src/robot_control': PYTHONPATH=/home/sunrise/robot/robot_ws/build/robot_control/prefix_override:/usr/lib/python3/dist-packages/colcon_core/task/python/colcon_distutils_commands:/home/sunrise/robot/robot_ws/install/robot_control/lib/python3.10/site-packages:${PYTHONPATH} /usr/bin/python3 -W ignore:setup.py install is deprecated -W ignore:easy_install command is deprecated setup.py egg_info --egg-base ../../build/robot_control build --build-base /home/sunrise/robot/robot_ws/build/robot_control/build install --record /home/sunrise/robot/robot_ws/build/robot_control/install.log --single-version-externally-managed install_data
[12.070s] DEBUG:colcon.colcon_core.event_handler.log_command:Invoked command in '/home/sunrise/robot/robot_ws/src/robot_control' returned '0': PYTHONPATH=/home/sunrise/robot/robot_ws/build/robot_control/prefix_override:/usr/lib/python3/dist-packages/colcon_core/task/python/colcon_distutils_commands:/home/sunrise/robot/robot_ws/install/robot_control/lib/python3.10/site-packages:${PYTHONPATH} /usr/bin/python3 -W ignore:setup.py install is deprecated -W ignore:easy_install command is deprecated setup.py egg_info --egg-base ../../build/robot_control build --build-base /home/sunrise/robot/robot_ws/build/robot_control/build install --record /home/sunrise/robot/robot_ws/build/robot_control/install.log --single-version-externally-managed install_data
[12.095s] Level 1:colcon.colcon_core.environment:checking '/home/sunrise/robot/robot_ws/install/robot_control' for CMake module files
[12.099s] Level 1:colcon.colcon_core.environment:checking '/home/sunrise/robot/robot_ws/install/robot_control' for CMake config files
[12.103s] Level 1:colcon.colcon_core.environment:checking '/home/sunrise/robot/robot_ws/install/robot_control/lib'
[12.105s] Level 1:colcon.colcon_core.environment:checking '/home/sunrise/robot/robot_ws/install/robot_control/bin'
[12.105s] Level 1:colcon.colcon_core.environment:checking '/home/sunrise/robot/robot_ws/install/robot_control/lib/pkgconfig/robot_control.pc'
[12.107s] Level 1:colcon.colcon_core.environment:checking '/home/sunrise/robot/robot_ws/install/robot_control/lib/python3.10/site-packages'
[12.108s] Level 1:colcon.colcon_core.shell:create_environment_hook('robot_control', 'pythonpath')
[12.110s] INFO:colcon.colcon_core.shell:Creating environment hook '/home/sunrise/robot/robot_ws/install/robot_control/share/robot_control/hook/pythonpath.ps1'
[12.114s] INFO:colcon.colcon_core.shell:Creating environment descriptor '/home/sunrise/robot/robot_ws/install/robot_control/share/robot_control/hook/pythonpath.dsv'
[12.117s] INFO:colcon.colcon_core.shell:Creating environment hook '/home/sunrise/robot/robot_ws/install/robot_control/share/robot_control/hook/pythonpath.sh'
[12.123s] Level 1:colcon.colcon_core.environment:checking '/home/sunrise/robot/robot_ws/install/robot_control/bin'
[12.124s] Level 1:colcon.colcon_core.environment:create_environment_scripts_only(robot_control)
[12.127s] INFO:colcon.colcon_core.shell:Creating package script '/home/sunrise/robot/robot_ws/install/robot_control/share/robot_control/package.ps1'
[12.137s] INFO:colcon.colcon_core.shell:Creating package descriptor '/home/sunrise/robot/robot_ws/install/robot_control/share/robot_control/package.dsv'
[12.143s] INFO:colcon.colcon_core.shell:Creating package script '/home/sunrise/robot/robot_ws/install/robot_control/share/robot_control/package.sh'
[12.151s] INFO:colcon.colcon_core.shell:Creating package script '/home/sunrise/robot/robot_ws/install/robot_control/share/robot_control/package.bash'
[12.158s] INFO:colcon.colcon_core.shell:Creating package script '/home/sunrise/robot/robot_ws/install/robot_control/share/robot_control/package.zsh'
[12.165s] Level 1:colcon.colcon_core.environment:create_file_with_runtime_dependencies(/home/sunrise/robot/robot_ws/install/robot_control/share/colcon-core/packages/robot_control)
[12.167s] DEBUG:colcon.colcon_parallel_executor.executor.parallel:closing loop
[12.169s] DEBUG:colcon.colcon_parallel_executor.executor.parallel:loop closed
[12.169s] DEBUG:colcon.colcon_parallel_executor.executor.parallel:run_until_complete finished with '0'
[12.170s] DEBUG:colcon.colcon_core.event_reactor:joining thread
[12.172s] DEBUG:colcon.colcon_core.event_reactor:joined thread
[12.174s] INFO:colcon.colcon_core.shell:Creating prefix script '/home/sunrise/robot/robot_ws/install/local_setup.ps1'
[12.182s] INFO:colcon.colcon_core.shell:Creating prefix util module '/home/sunrise/robot/robot_ws/install/_local_setup_util_ps1.py'
[12.193s] INFO:colcon.colcon_core.shell:Creating prefix chain script '/home/sunrise/robot/robot_ws/install/setup.ps1'
[12.203s] INFO:colcon.colcon_core.shell:Creating prefix script '/home/sunrise/robot/robot_ws/install/local_setup.sh'
[12.209s] INFO:colcon.colcon_core.shell:Creating prefix util module '/home/sunrise/robot/robot_ws/install/_local_setup_util_sh.py'
[12.214s] INFO:colcon.colcon_core.shell:Creating prefix chain script '/home/sunrise/robot/robot_ws/install/setup.sh'
[12.223s] INFO:colcon.colcon_core.shell:Creating prefix script '/home/sunrise/robot/robot_ws/install/local_setup.bash'
[12.227s] INFO:colcon.colcon_core.shell:Creating prefix chain script '/home/sunrise/robot/robot_ws/install/setup.bash'
[12.236s] INFO:colcon.colcon_core.shell:Creating prefix script '/home/sunrise/robot/robot_ws/install/local_setup.zsh'
[12.241s] INFO:colcon.colcon_core.shell:Creating prefix chain script '/home/sunrise/robot/robot_ws/install/setup.zsh'
