[0.857s] DEBUG:colcon:Command line arguments: ['/usr/bin/colcon', 'build', '--packages-select', 'ydlidar_ros2_driver']
[0.857s] DEBUG:colcon:Parsed command line arguments: Namespace(log_base=None, log_level=None, verb_name='build', build_base='build', install_base='install', merge_install=False, symlink_install=False, test_result_base=None, continue_on_error=False, executor='parallel', parallel_workers=8, event_handlers=None, ignore_user_meta=False, metas=['./colcon.meta'], base_paths=['.'], packages_ignore=None, packages_ignore_regex=None, paths=None, packages_up_to=None, packages_up_to_regex=None, packages_above=None, packages_above_and_dependencies=None, packages_above_depth=None, packages_select_by_dep=None, packages_skip_by_dep=None, packages_skip_up_to=None, packages_select_build_failed=False, packages_skip_build_finished=False, packages_select_test_failures=False, packages_skip_test_passed=False, packages_select=['ydlidar_ros2_driver'], packages_skip=None, packages_select_regex=None, packages_skip_regex=None, packages_start=None, packages_end=None, allow_overriding=[], cmake_args=None, cmake_target=None, cmake_target_skip_unavailable=False, cmake_clean_cache=False, cmake_clean_first=False, cmake_force_configure=False, ament_cmake_args=None, catkin_cmake_args=None, catkin_skip_building_tests=False, verb_parser=<colcon_defaults.argument_parser.defaults.DefaultArgumentsDecorator object at 0xffffae356b00>, verb_extension=<colcon_core.verb.build.BuildVerb object at 0xffffae3565f0>, main=<bound method BuildVerb.main of <colcon_core.verb.build.BuildVerb object at 0xffffae3565f0>>)
[2.502s] Level 1:colcon.colcon_core.package_discovery:discover_packages(colcon_meta) check parameters
[2.503s] Level 1:colcon.colcon_core.package_discovery:discover_packages(recursive) check parameters
[2.503s] Level 1:colcon.colcon_core.package_discovery:discover_packages(ignore) check parameters
[2.503s] Level 1:colcon.colcon_core.package_discovery:discover_packages(path) check parameters
[2.504s] Level 1:colcon.colcon_core.package_discovery:discover_packages(colcon_meta) discover
[2.504s] Level 1:colcon.colcon_core.package_discovery:discover_packages(recursive) discover
[2.504s] INFO:colcon.colcon_core.package_discovery:Crawling recursively for packages in '/home/sunrise/robot/robot_ws'
[2.505s] Level 1:colcon.colcon_core.package_identification:_identify(.) by extensions ['ignore', 'ignore_ament_install']
[2.505s] Level 1:colcon.colcon_core.package_identification:_identify(.) by extension 'ignore'
[2.506s] Level 1:colcon.colcon_core.package_identification:_identify(.) by extension 'ignore_ament_install'
[2.506s] Level 1:colcon.colcon_core.package_identification:_identify(.) by extensions ['colcon_pkg']
[2.506s] Level 1:colcon.colcon_core.package_identification:_identify(.) by extension 'colcon_pkg'
[2.506s] Level 1:colcon.colcon_core.package_identification:_identify(.) by extensions ['colcon_meta']
[2.507s] Level 1:colcon.colcon_core.package_identification:_identify(.) by extension 'colcon_meta'
[2.507s] Level 1:colcon.colcon_core.package_identification:_identify(.) by extensions ['ros']
[2.507s] Level 1:colcon.colcon_core.package_identification:_identify(.) by extension 'ros'
[2.651s] Level 1:colcon.colcon_core.package_identification:_identify(.) by extensions ['cmake', 'python']
[2.652s] Level 1:colcon.colcon_core.package_identification:_identify(.) by extension 'cmake'
[2.652s] Level 1:colcon.colcon_core.package_identification:_identify(.) by extension 'python'
[2.653s] Level 1:colcon.colcon_core.package_identification:_identify(.) by extensions ['python_setup_py']
[2.653s] Level 1:colcon.colcon_core.package_identification:_identify(.) by extension 'python_setup_py'
[2.653s] Level 1:colcon.colcon_core.package_identification:_identify(build) by extensions ['ignore', 'ignore_ament_install']
[2.654s] Level 1:colcon.colcon_core.package_identification:_identify(build) by extension 'ignore'
[2.654s] Level 1:colcon.colcon_core.package_identification:_identify(build) ignored
[2.655s] Level 1:colcon.colcon_core.package_identification:_identify(install) by extensions ['ignore', 'ignore_ament_install']
[2.655s] Level 1:colcon.colcon_core.package_identification:_identify(install) by extension 'ignore'
[2.655s] Level 1:colcon.colcon_core.package_identification:_identify(install) ignored
[2.656s] Level 1:colcon.colcon_core.package_identification:_identify(log) by extensions ['ignore', 'ignore_ament_install']
[2.656s] Level 1:colcon.colcon_core.package_identification:_identify(log) by extension 'ignore'
[2.657s] Level 1:colcon.colcon_core.package_identification:_identify(log) ignored
[2.657s] Level 1:colcon.colcon_core.package_identification:_identify(src) by extensions ['ignore', 'ignore_ament_install']
[2.657s] Level 1:colcon.colcon_core.package_identification:_identify(src) by extension 'ignore'
[2.658s] Level 1:colcon.colcon_core.package_identification:_identify(src) by extension 'ignore_ament_install'
[2.658s] Level 1:colcon.colcon_core.package_identification:_identify(src) by extensions ['colcon_pkg']
[2.658s] Level 1:colcon.colcon_core.package_identification:_identify(src) by extension 'colcon_pkg'
[2.658s] Level 1:colcon.colcon_core.package_identification:_identify(src) by extensions ['colcon_meta']
[2.659s] Level 1:colcon.colcon_core.package_identification:_identify(src) by extension 'colcon_meta'
[2.659s] Level 1:colcon.colcon_core.package_identification:_identify(src) by extensions ['ros']
[2.659s] Level 1:colcon.colcon_core.package_identification:_identify(src) by extension 'ros'
[2.660s] Level 1:colcon.colcon_core.package_identification:_identify(src) by extensions ['cmake', 'python']
[2.660s] Level 1:colcon.colcon_core.package_identification:_identify(src) by extension 'cmake'
[2.660s] Level 1:colcon.colcon_core.package_identification:_identify(src) by extension 'python'
[2.660s] Level 1:colcon.colcon_core.package_identification:_identify(src) by extensions ['python_setup_py']
[2.660s] Level 1:colcon.colcon_core.package_identification:_identify(src) by extension 'python_setup_py'
[2.661s] Level 1:colcon.colcon_core.package_identification:_identify(src/my_robot_description) by extensions ['ignore', 'ignore_ament_install']
[2.661s] Level 1:colcon.colcon_core.package_identification:_identify(src/my_robot_description) by extension 'ignore'
[2.662s] Level 1:colcon.colcon_core.package_identification:_identify(src/my_robot_description) by extension 'ignore_ament_install'
[2.662s] Level 1:colcon.colcon_core.package_identification:_identify(src/my_robot_description) by extensions ['colcon_pkg']
[2.662s] Level 1:colcon.colcon_core.package_identification:_identify(src/my_robot_description) by extension 'colcon_pkg'
[2.662s] Level 1:colcon.colcon_core.package_identification:_identify(src/my_robot_description) by extensions ['colcon_meta']
[2.663s] Level 1:colcon.colcon_core.package_identification:_identify(src/my_robot_description) by extension 'colcon_meta'
[2.663s] Level 1:colcon.colcon_core.package_identification:_identify(src/my_robot_description) by extensions ['ros']
[2.663s] Level 1:colcon.colcon_core.package_identification:_identify(src/my_robot_description) by extension 'ros'
[2.678s] DEBUG:colcon.colcon_core.package_identification:Package 'src/my_robot_description' with type 'ros.ament_cmake' and name 'my_robot_description'
[2.679s] Level 1:colcon.colcon_core.package_identification:_identify(src/robot_control) by extensions ['ignore', 'ignore_ament_install']
[2.680s] Level 1:colcon.colcon_core.package_identification:_identify(src/robot_control) by extension 'ignore'
[2.680s] Level 1:colcon.colcon_core.package_identification:_identify(src/robot_control) by extension 'ignore_ament_install'
[2.680s] Level 1:colcon.colcon_core.package_identification:_identify(src/robot_control) by extensions ['colcon_pkg']
[2.681s] Level 1:colcon.colcon_core.package_identification:_identify(src/robot_control) by extension 'colcon_pkg'
[2.681s] Level 1:colcon.colcon_core.package_identification:_identify(src/robot_control) by extensions ['colcon_meta']
[2.681s] Level 1:colcon.colcon_core.package_identification:_identify(src/robot_control) by extension 'colcon_meta'
[2.681s] Level 1:colcon.colcon_core.package_identification:_identify(src/robot_control) by extensions ['ros']
[2.682s] Level 1:colcon.colcon_core.package_identification:_identify(src/robot_control) by extension 'ros'
[2.689s] DEBUG:colcon.colcon_core.package_identification:Package 'src/robot_control' with type 'ros.ament_python' and name 'robot_control'
[2.690s] Level 1:colcon.colcon_core.package_identification:_identify(src/ydlidar_ros2_driver-master) by extensions ['ignore', 'ignore_ament_install']
[2.690s] Level 1:colcon.colcon_core.package_identification:_identify(src/ydlidar_ros2_driver-master) by extension 'ignore'
[2.690s] Level 1:colcon.colcon_core.package_identification:_identify(src/ydlidar_ros2_driver-master) by extension 'ignore_ament_install'
[2.691s] Level 1:colcon.colcon_core.package_identification:_identify(src/ydlidar_ros2_driver-master) by extensions ['colcon_pkg']
[2.691s] Level 1:colcon.colcon_core.package_identification:_identify(src/ydlidar_ros2_driver-master) by extension 'colcon_pkg'
[2.691s] Level 1:colcon.colcon_core.package_identification:_identify(src/ydlidar_ros2_driver-master) by extensions ['colcon_meta']
[2.691s] Level 1:colcon.colcon_core.package_identification:_identify(src/ydlidar_ros2_driver-master) by extension 'colcon_meta'
[2.692s] Level 1:colcon.colcon_core.package_identification:_identify(src/ydlidar_ros2_driver-master) by extensions ['ros']
[2.692s] Level 1:colcon.colcon_core.package_identification:_identify(src/ydlidar_ros2_driver-master) by extension 'ros'
[2.696s] DEBUG:colcon.colcon_core.package_identification:Package 'src/ydlidar_ros2_driver-master' with type 'ros.ament_cmake' and name 'ydlidar_ros2_driver'
[2.697s] Level 1:colcon.colcon_core.package_discovery:discover_packages(recursive) using defaults
[2.697s] Level 1:colcon.colcon_core.package_discovery:discover_packages(ignore) discover
[2.697s] Level 1:colcon.colcon_core.package_discovery:discover_packages(ignore) using defaults
[2.698s] Level 1:colcon.colcon_core.package_discovery:discover_packages(path) discover
[2.698s] Level 1:colcon.colcon_core.package_discovery:discover_packages(path) using defaults
[2.807s] INFO:colcon.colcon_core.package_selection:Skipping not selected package 'my_robot_description' in 'src/my_robot_description'
[2.807s] INFO:colcon.colcon_core.package_selection:Skipping not selected package 'robot_control' in 'src/robot_control'
[2.810s] Level 1:colcon.colcon_core.package_discovery:discover_packages(prefix_path) check parameters
[2.810s] Level 1:colcon.colcon_core.package_discovery:discover_packages(prefix_path) discover
[2.820s] DEBUG:colcon.colcon_installed_package_information.package_discovery:Found 3 installed packages in /home/sunrise/robot/robot_ws/install
[2.832s] DEBUG:colcon.colcon_installed_package_information.package_discovery:Found 397 installed packages in /opt/ros/humble
[2.855s] Level 1:colcon.colcon_core.package_discovery:discover_packages(prefix_path) using defaults
[3.228s] Level 5:colcon.colcon_core.verb:set package 'ydlidar_ros2_driver' build argument 'cmake_args' from command line to 'None'
[3.228s] Level 5:colcon.colcon_core.verb:set package 'ydlidar_ros2_driver' build argument 'cmake_target' from command line to 'None'
[3.229s] Level 5:colcon.colcon_core.verb:set package 'ydlidar_ros2_driver' build argument 'cmake_target_skip_unavailable' from command line to 'False'
[3.229s] Level 5:colcon.colcon_core.verb:set package 'ydlidar_ros2_driver' build argument 'cmake_clean_cache' from command line to 'False'
[3.229s] Level 5:colcon.colcon_core.verb:set package 'ydlidar_ros2_driver' build argument 'cmake_clean_first' from command line to 'False'
[3.229s] Level 5:colcon.colcon_core.verb:set package 'ydlidar_ros2_driver' build argument 'cmake_force_configure' from command line to 'False'
[3.230s] Level 5:colcon.colcon_core.verb:set package 'ydlidar_ros2_driver' build argument 'ament_cmake_args' from command line to 'None'
[3.230s] Level 5:colcon.colcon_core.verb:set package 'ydlidar_ros2_driver' build argument 'catkin_cmake_args' from command line to 'None'
[3.230s] Level 5:colcon.colcon_core.verb:set package 'ydlidar_ros2_driver' build argument 'catkin_skip_building_tests' from command line to 'False'
[3.230s] DEBUG:colcon.colcon_core.verb:Building package 'ydlidar_ros2_driver' with the following arguments: {'ament_cmake_args': None, 'build_base': '/home/sunrise/robot/robot_ws/build/ydlidar_ros2_driver', 'catkin_cmake_args': None, 'catkin_skip_building_tests': False, 'cmake_args': None, 'cmake_clean_cache': False, 'cmake_clean_first': False, 'cmake_force_configure': False, 'cmake_target': None, 'cmake_target_skip_unavailable': False, 'install_base': '/home/sunrise/robot/robot_ws/install/ydlidar_ros2_driver', 'merge_install': False, 'path': '/home/sunrise/robot/robot_ws/src/ydlidar_ros2_driver-master', 'symlink_install': False, 'test_result_base': None}
[3.231s] INFO:colcon.colcon_core.executor:Executing jobs using 'parallel' executor
[3.237s] DEBUG:colcon.colcon_parallel_executor.executor.parallel:run_until_complete
[3.238s] INFO:colcon.colcon_ros.task.ament_cmake.build:Building ROS package in '/home/sunrise/robot/robot_ws/src/ydlidar_ros2_driver-master' with build type 'ament_cmake'
[3.239s] INFO:colcon.colcon_cmake.task.cmake.build:Building CMake package in '/home/sunrise/robot/robot_ws/src/ydlidar_ros2_driver-master'
[3.252s] INFO:colcon.colcon_core.plugin_system:Skipping extension 'colcon_core.shell.bat': Not used on non-Windows systems
[3.253s] INFO:colcon.colcon_core.shell:Skip shell extension 'powershell' for command environment: Not usable outside of PowerShell
[3.254s] DEBUG:colcon.colcon_core.shell:Skip shell extension 'dsv' for command environment
[3.294s] DEBUG:colcon.colcon_core.event_handler.log_command:Invoking command in '/home/sunrise/robot/robot_ws/build/ydlidar_ros2_driver': CMAKE_PREFIX_PATH=${CMAKE_PREFIX_PATH}:/home/sunrise/robot/robot_ws/install/robot_control:/opt/ros/humble /usr/bin/cmake --build /home/sunrise/robot/robot_ws/build/ydlidar_ros2_driver -- -j8 -l8
[22.049s] DEBUG:colcon.colcon_core.event_handler.log_command:Invoked command in '/home/sunrise/robot/robot_ws/build/ydlidar_ros2_driver' returned '2': CMAKE_PREFIX_PATH=${CMAKE_PREFIX_PATH}:/home/sunrise/robot/robot_ws/install/robot_control:/opt/ros/humble /usr/bin/cmake --build /home/sunrise/robot/robot_ws/build/ydlidar_ros2_driver -- -j8 -l8
[22.051s] Level 1:colcon.colcon_core.environment:create_environment_scripts_only(ydlidar_ros2_driver)
[22.074s] Level 1:colcon.colcon_core.environment:checking '/home/sunrise/robot/robot_ws/install/ydlidar_ros2_driver' for CMake module files
[22.081s] Level 1:colcon.colcon_core.environment:checking '/home/sunrise/robot/robot_ws/install/ydlidar_ros2_driver' for CMake config files
[22.085s] Level 1:colcon.colcon_core.shell:create_environment_hook('ydlidar_ros2_driver', 'cmake_prefix_path')
[22.087s] INFO:colcon.colcon_core.shell:Creating environment hook '/home/sunrise/robot/robot_ws/install/ydlidar_ros2_driver/share/ydlidar_ros2_driver/hook/cmake_prefix_path.ps1'
[22.091s] INFO:colcon.colcon_core.shell:Creating environment descriptor '/home/sunrise/robot/robot_ws/install/ydlidar_ros2_driver/share/ydlidar_ros2_driver/hook/cmake_prefix_path.dsv'
[22.104s] INFO:colcon.colcon_core.shell:Creating environment hook '/home/sunrise/robot/robot_ws/install/ydlidar_ros2_driver/share/ydlidar_ros2_driver/hook/cmake_prefix_path.sh'
[22.111s] Level 1:colcon.colcon_core.environment:checking '/home/sunrise/robot/robot_ws/install/ydlidar_ros2_driver/lib'
[22.112s] Level 1:colcon.colcon_core.environment:checking '/home/sunrise/robot/robot_ws/install/ydlidar_ros2_driver/bin'
[22.118s] Level 1:colcon.colcon_core.environment:checking '/home/sunrise/robot/robot_ws/install/ydlidar_ros2_driver/lib/pkgconfig/ydlidar_ros2_driver.pc'
[22.119s] Level 1:colcon.colcon_core.environment:checking '/home/sunrise/robot/robot_ws/install/ydlidar_ros2_driver/lib/python3.10/site-packages'
[22.122s] Level 1:colcon.colcon_core.environment:checking '/home/sunrise/robot/robot_ws/install/ydlidar_ros2_driver/bin'
[22.128s] INFO:colcon.colcon_core.shell:Creating package script '/home/sunrise/robot/robot_ws/install/ydlidar_ros2_driver/share/ydlidar_ros2_driver/package.ps1'
[22.136s] INFO:colcon.colcon_core.shell:Creating package descriptor '/home/sunrise/robot/robot_ws/install/ydlidar_ros2_driver/share/ydlidar_ros2_driver/package.dsv'
[22.140s] INFO:colcon.colcon_core.shell:Creating package script '/home/sunrise/robot/robot_ws/install/ydlidar_ros2_driver/share/ydlidar_ros2_driver/package.sh'
[22.144s] INFO:colcon.colcon_core.shell:Creating package script '/home/sunrise/robot/robot_ws/install/ydlidar_ros2_driver/share/ydlidar_ros2_driver/package.bash'
[22.149s] INFO:colcon.colcon_core.shell:Creating package script '/home/sunrise/robot/robot_ws/install/ydlidar_ros2_driver/share/ydlidar_ros2_driver/package.zsh'
[22.154s] Level 1:colcon.colcon_core.environment:create_file_with_runtime_dependencies(/home/sunrise/robot/robot_ws/install/ydlidar_ros2_driver/share/colcon-core/packages/ydlidar_ros2_driver)
[22.166s] DEBUG:colcon.colcon_parallel_executor.executor.parallel:closing loop
[22.167s] DEBUG:colcon.colcon_parallel_executor.executor.parallel:loop closed
[22.167s] DEBUG:colcon.colcon_parallel_executor.executor.parallel:run_until_complete finished with '2'
[22.168s] DEBUG:colcon.colcon_core.event_reactor:joining thread
[22.169s] DEBUG:colcon.colcon_core.event_reactor:joined thread
[22.171s] INFO:colcon.colcon_core.shell:Creating prefix script '/home/sunrise/robot/robot_ws/install/local_setup.ps1'
[22.178s] INFO:colcon.colcon_core.shell:Creating prefix util module '/home/sunrise/robot/robot_ws/install/_local_setup_util_ps1.py'
[22.188s] INFO:colcon.colcon_core.shell:Creating prefix chain script '/home/sunrise/robot/robot_ws/install/setup.ps1'
[22.195s] INFO:colcon.colcon_core.shell:Creating prefix script '/home/sunrise/robot/robot_ws/install/local_setup.sh'
[22.199s] INFO:colcon.colcon_core.shell:Creating prefix util module '/home/sunrise/robot/robot_ws/install/_local_setup_util_sh.py'
[22.202s] INFO:colcon.colcon_core.shell:Creating prefix chain script '/home/sunrise/robot/robot_ws/install/setup.sh'
[22.209s] INFO:colcon.colcon_core.shell:Creating prefix script '/home/sunrise/robot/robot_ws/install/local_setup.bash'
[22.213s] INFO:colcon.colcon_core.shell:Creating prefix chain script '/home/sunrise/robot/robot_ws/install/setup.bash'
[22.219s] INFO:colcon.colcon_core.shell:Creating prefix script '/home/sunrise/robot/robot_ws/install/local_setup.zsh'
[22.222s] INFO:colcon.colcon_core.shell:Creating prefix chain script '/home/sunrise/robot/robot_ws/install/setup.zsh'
