[1.072s] DEBUG:colcon:Command line arguments: ['/usr/bin/colcon', 'build']
[1.073s] DEBUG:colcon:Parsed command line arguments: Namespace(log_base=None, log_level=None, verb_name='build', build_base='build', install_base='install', merge_install=False, symlink_install=False, test_result_base=None, continue_on_error=False, executor='parallel', parallel_workers=8, event_handlers=None, ignore_user_meta=False, metas=['./colcon.meta'], base_paths=['.'], packages_ignore=None, packages_ignore_regex=None, paths=None, packages_up_to=None, packages_up_to_regex=None, packages_above=None, packages_above_and_dependencies=None, packages_above_depth=None, packages_select_by_dep=None, packages_skip_by_dep=None, packages_skip_up_to=None, packages_select_build_failed=False, packages_skip_build_finished=False, packages_select_test_failures=False, packages_skip_test_passed=False, packages_select=None, packages_skip=None, packages_select_regex=None, packages_skip_regex=None, packages_start=None, packages_end=None, allow_overriding=[], cmake_args=None, cmake_target=None, cmake_target_skip_unavailable=False, cmake_clean_cache=False, cmake_clean_first=False, cmake_force_configure=False, ament_cmake_args=None, catkin_cmake_args=None, catkin_skip_building_tests=False, verb_parser=<colcon_defaults.argument_parser.defaults.DefaultArgumentsDecorator object at 0xffffb6862860>, verb_extension=<colcon_core.verb.build.BuildVerb object at 0xffffb6862350>, main=<bound method BuildVerb.main of <colcon_core.verb.build.BuildVerb object at 0xffffb6862350>>)
[3.290s] Level 1:colcon.colcon_core.package_discovery:discover_packages(colcon_meta) check parameters
[3.291s] Level 1:colcon.colcon_core.package_discovery:discover_packages(recursive) check parameters
[3.291s] Level 1:colcon.colcon_core.package_discovery:discover_packages(ignore) check parameters
[3.291s] Level 1:colcon.colcon_core.package_discovery:discover_packages(path) check parameters
[3.292s] Level 1:colcon.colcon_core.package_discovery:discover_packages(colcon_meta) discover
[3.292s] Level 1:colcon.colcon_core.package_discovery:discover_packages(recursive) discover
[3.292s] INFO:colcon.colcon_core.package_discovery:Crawling recursively for packages in '/home/sunrise/robot/robot_ws'
[3.293s] Level 1:colcon.colcon_core.package_identification:_identify(.) by extensions ['ignore', 'ignore_ament_install']
[3.293s] Level 1:colcon.colcon_core.package_identification:_identify(.) by extension 'ignore'
[3.294s] Level 1:colcon.colcon_core.package_identification:_identify(.) by extension 'ignore_ament_install'
[3.294s] Level 1:colcon.colcon_core.package_identification:_identify(.) by extensions ['colcon_pkg']
[3.294s] Level 1:colcon.colcon_core.package_identification:_identify(.) by extension 'colcon_pkg'
[3.295s] Level 1:colcon.colcon_core.package_identification:_identify(.) by extensions ['colcon_meta']
[3.295s] Level 1:colcon.colcon_core.package_identification:_identify(.) by extension 'colcon_meta'
[3.295s] Level 1:colcon.colcon_core.package_identification:_identify(.) by extensions ['ros']
[3.295s] Level 1:colcon.colcon_core.package_identification:_identify(.) by extension 'ros'
[3.458s] Level 1:colcon.colcon_core.package_identification:_identify(.) by extensions ['cmake', 'python']
[3.459s] Level 1:colcon.colcon_core.package_identification:_identify(.) by extension 'cmake'
[3.459s] Level 1:colcon.colcon_core.package_identification:_identify(.) by extension 'python'
[3.460s] Level 1:colcon.colcon_core.package_identification:_identify(.) by extensions ['python_setup_py']
[3.460s] Level 1:colcon.colcon_core.package_identification:_identify(.) by extension 'python_setup_py'
[3.461s] Level 1:colcon.colcon_core.package_identification:_identify(build) by extensions ['ignore', 'ignore_ament_install']
[3.461s] Level 1:colcon.colcon_core.package_identification:_identify(build) by extension 'ignore'
[3.462s] Level 1:colcon.colcon_core.package_identification:_identify(build) ignored
[3.462s] Level 1:colcon.colcon_core.package_identification:_identify(install) by extensions ['ignore', 'ignore_ament_install']
[3.463s] Level 1:colcon.colcon_core.package_identification:_identify(install) by extension 'ignore'
[3.463s] Level 1:colcon.colcon_core.package_identification:_identify(install) ignored
[3.464s] Level 1:colcon.colcon_core.package_identification:_identify(log) by extensions ['ignore', 'ignore_ament_install']
[3.464s] Level 1:colcon.colcon_core.package_identification:_identify(log) by extension 'ignore'
[3.465s] Level 1:colcon.colcon_core.package_identification:_identify(log) ignored
[3.465s] Level 1:colcon.colcon_core.package_identification:_identify(src) by extensions ['ignore', 'ignore_ament_install']
[3.466s] Level 1:colcon.colcon_core.package_identification:_identify(src) by extension 'ignore'
[3.466s] Level 1:colcon.colcon_core.package_identification:_identify(src) by extension 'ignore_ament_install'
[3.467s] Level 1:colcon.colcon_core.package_identification:_identify(src) by extensions ['colcon_pkg']
[3.467s] Level 1:colcon.colcon_core.package_identification:_identify(src) by extension 'colcon_pkg'
[3.467s] Level 1:colcon.colcon_core.package_identification:_identify(src) by extensions ['colcon_meta']
[3.467s] Level 1:colcon.colcon_core.package_identification:_identify(src) by extension 'colcon_meta'
[3.468s] Level 1:colcon.colcon_core.package_identification:_identify(src) by extensions ['ros']
[3.468s] Level 1:colcon.colcon_core.package_identification:_identify(src) by extension 'ros'
[3.468s] Level 1:colcon.colcon_core.package_identification:_identify(src) by extensions ['cmake', 'python']
[3.469s] Level 1:colcon.colcon_core.package_identification:_identify(src) by extension 'cmake'
[3.469s] Level 1:colcon.colcon_core.package_identification:_identify(src) by extension 'python'
[3.469s] Level 1:colcon.colcon_core.package_identification:_identify(src) by extensions ['python_setup_py']
[3.469s] Level 1:colcon.colcon_core.package_identification:_identify(src) by extension 'python_setup_py'
[3.470s] Level 1:colcon.colcon_core.package_identification:_identify(src/my_robot_description) by extensions ['ignore', 'ignore_ament_install']
[3.471s] Level 1:colcon.colcon_core.package_identification:_identify(src/my_robot_description) by extension 'ignore'
[3.471s] Level 1:colcon.colcon_core.package_identification:_identify(src/my_robot_description) by extension 'ignore_ament_install'
[3.472s] Level 1:colcon.colcon_core.package_identification:_identify(src/my_robot_description) by extensions ['colcon_pkg']
[3.472s] Level 1:colcon.colcon_core.package_identification:_identify(src/my_robot_description) by extension 'colcon_pkg'
[3.472s] Level 1:colcon.colcon_core.package_identification:_identify(src/my_robot_description) by extensions ['colcon_meta']
[3.472s] Level 1:colcon.colcon_core.package_identification:_identify(src/my_robot_description) by extension 'colcon_meta'
[3.473s] Level 1:colcon.colcon_core.package_identification:_identify(src/my_robot_description) by extensions ['ros']
[3.473s] Level 1:colcon.colcon_core.package_identification:_identify(src/my_robot_description) by extension 'ros'
[3.493s] DEBUG:colcon.colcon_core.package_identification:Package 'src/my_robot_description' with type 'ros.ament_cmake' and name 'my_robot_description'
[3.494s] Level 1:colcon.colcon_core.package_identification:_identify(src/openslam_gmapping) by extensions ['ignore', 'ignore_ament_install']
[3.495s] Level 1:colcon.colcon_core.package_identification:_identify(src/openslam_gmapping) by extension 'ignore'
[3.496s] Level 1:colcon.colcon_core.package_identification:_identify(src/openslam_gmapping) by extension 'ignore_ament_install'
[3.496s] Level 1:colcon.colcon_core.package_identification:_identify(src/openslam_gmapping) by extensions ['colcon_pkg']
[3.497s] Level 1:colcon.colcon_core.package_identification:_identify(src/openslam_gmapping) by extension 'colcon_pkg'
[3.497s] Level 1:colcon.colcon_core.package_identification:_identify(src/openslam_gmapping) by extensions ['colcon_meta']
[3.497s] Level 1:colcon.colcon_core.package_identification:_identify(src/openslam_gmapping) by extension 'colcon_meta'
[3.498s] Level 1:colcon.colcon_core.package_identification:_identify(src/openslam_gmapping) by extensions ['ros']
[3.498s] Level 1:colcon.colcon_core.package_identification:_identify(src/openslam_gmapping) by extension 'ros'
[3.502s] DEBUG:colcon.colcon_core.package_identification:Package 'src/openslam_gmapping' with type 'ros.ament_cmake' and name 'openslam_gmapping'
[3.503s] Level 1:colcon.colcon_core.package_identification:_identify(src/robot_control) by extensions ['ignore', 'ignore_ament_install']
[3.503s] Level 1:colcon.colcon_core.package_identification:_identify(src/robot_control) by extension 'ignore'
[3.504s] Level 1:colcon.colcon_core.package_identification:_identify(src/robot_control) by extension 'ignore_ament_install'
[3.504s] Level 1:colcon.colcon_core.package_identification:_identify(src/robot_control) by extensions ['colcon_pkg']
[3.504s] Level 1:colcon.colcon_core.package_identification:_identify(src/robot_control) by extension 'colcon_pkg'
[3.505s] Level 1:colcon.colcon_core.package_identification:_identify(src/robot_control) by extensions ['colcon_meta']
[3.505s] Level 1:colcon.colcon_core.package_identification:_identify(src/robot_control) by extension 'colcon_meta'
[3.505s] Level 1:colcon.colcon_core.package_identification:_identify(src/robot_control) by extensions ['ros']
[3.506s] Level 1:colcon.colcon_core.package_identification:_identify(src/robot_control) by extension 'ros'
[3.515s] DEBUG:colcon.colcon_core.package_identification:Package 'src/robot_control' with type 'ros.ament_python' and name 'robot_control'
[3.515s] Level 1:colcon.colcon_core.package_identification:_identify(src/slam_gmapping) by extensions ['ignore', 'ignore_ament_install']
[3.516s] Level 1:colcon.colcon_core.package_identification:_identify(src/slam_gmapping) by extension 'ignore'
[3.516s] Level 1:colcon.colcon_core.package_identification:_identify(src/slam_gmapping) by extension 'ignore_ament_install'
[3.517s] Level 1:colcon.colcon_core.package_identification:_identify(src/slam_gmapping) by extensions ['colcon_pkg']
[3.517s] Level 1:colcon.colcon_core.package_identification:_identify(src/slam_gmapping) by extension 'colcon_pkg'
[3.517s] Level 1:colcon.colcon_core.package_identification:_identify(src/slam_gmapping) by extensions ['colcon_meta']
[3.518s] Level 1:colcon.colcon_core.package_identification:_identify(src/slam_gmapping) by extension 'colcon_meta'
[3.518s] Level 1:colcon.colcon_core.package_identification:_identify(src/slam_gmapping) by extensions ['ros']
[3.518s] Level 1:colcon.colcon_core.package_identification:_identify(src/slam_gmapping) by extension 'ros'
[3.527s] DEBUG:colcon.colcon_core.package_identification:Package 'src/slam_gmapping' with type 'ros.ament_cmake' and name 'slam_gmapping'
[3.528s] Level 1:colcon.colcon_core.package_identification:_identify(src/ydlidar_ros2_driver-master) by extensions ['ignore', 'ignore_ament_install']
[3.529s] Level 1:colcon.colcon_core.package_identification:_identify(src/ydlidar_ros2_driver-master) by extension 'ignore'
[3.529s] Level 1:colcon.colcon_core.package_identification:_identify(src/ydlidar_ros2_driver-master) by extension 'ignore_ament_install'
[3.530s] Level 1:colcon.colcon_core.package_identification:_identify(src/ydlidar_ros2_driver-master) by extensions ['colcon_pkg']
[3.530s] Level 1:colcon.colcon_core.package_identification:_identify(src/ydlidar_ros2_driver-master) by extension 'colcon_pkg'
[3.530s] Level 1:colcon.colcon_core.package_identification:_identify(src/ydlidar_ros2_driver-master) by extensions ['colcon_meta']
[3.531s] Level 1:colcon.colcon_core.package_identification:_identify(src/ydlidar_ros2_driver-master) by extension 'colcon_meta'
[3.531s] Level 1:colcon.colcon_core.package_identification:_identify(src/ydlidar_ros2_driver-master) by extensions ['ros']
[3.531s] Level 1:colcon.colcon_core.package_identification:_identify(src/ydlidar_ros2_driver-master) by extension 'ros'
[3.537s] DEBUG:colcon.colcon_core.package_identification:Package 'src/ydlidar_ros2_driver-master' with type 'ros.ament_cmake' and name 'ydlidar_ros2_driver'
[3.538s] Level 1:colcon.colcon_core.package_discovery:discover_packages(recursive) using defaults
[3.538s] Level 1:colcon.colcon_core.package_discovery:discover_packages(ignore) discover
[3.538s] Level 1:colcon.colcon_core.package_discovery:discover_packages(ignore) using defaults
[3.538s] Level 1:colcon.colcon_core.package_discovery:discover_packages(path) discover
[3.539s] Level 1:colcon.colcon_core.package_discovery:discover_packages(path) using defaults
[3.686s] Level 1:colcon.colcon_core.package_discovery:discover_packages(prefix_path) check parameters
[3.687s] Level 1:colcon.colcon_core.package_discovery:discover_packages(prefix_path) discover
[3.702s] DEBUG:colcon.colcon_installed_package_information.package_discovery:Found 3 installed packages in /home/sunrise/robot/robot_ws/install
[3.713s] DEBUG:colcon.colcon_installed_package_information.package_discovery:Found 397 installed packages in /opt/ros/humble
[3.737s] Level 1:colcon.colcon_core.package_discovery:discover_packages(prefix_path) using defaults
[4.145s] Level 5:colcon.colcon_core.verb:set package 'my_robot_description' build argument 'cmake_args' from command line to 'None'
[4.145s] Level 5:colcon.colcon_core.verb:set package 'my_robot_description' build argument 'cmake_target' from command line to 'None'
[4.146s] Level 5:colcon.colcon_core.verb:set package 'my_robot_description' build argument 'cmake_target_skip_unavailable' from command line to 'False'
[4.146s] Level 5:colcon.colcon_core.verb:set package 'my_robot_description' build argument 'cmake_clean_cache' from command line to 'False'
[4.146s] Level 5:colcon.colcon_core.verb:set package 'my_robot_description' build argument 'cmake_clean_first' from command line to 'False'
[4.146s] Level 5:colcon.colcon_core.verb:set package 'my_robot_description' build argument 'cmake_force_configure' from command line to 'False'
[4.146s] Level 5:colcon.colcon_core.verb:set package 'my_robot_description' build argument 'ament_cmake_args' from command line to 'None'
[4.146s] Level 5:colcon.colcon_core.verb:set package 'my_robot_description' build argument 'catkin_cmake_args' from command line to 'None'
[4.147s] Level 5:colcon.colcon_core.verb:set package 'my_robot_description' build argument 'catkin_skip_building_tests' from command line to 'False'
[4.147s] DEBUG:colcon.colcon_core.verb:Building package 'my_robot_description' with the following arguments: {'ament_cmake_args': None, 'build_base': '/home/sunrise/robot/robot_ws/build/my_robot_description', 'catkin_cmake_args': None, 'catkin_skip_building_tests': False, 'cmake_args': None, 'cmake_clean_cache': False, 'cmake_clean_first': False, 'cmake_force_configure': False, 'cmake_target': None, 'cmake_target_skip_unavailable': False, 'install_base': '/home/sunrise/robot/robot_ws/install/my_robot_description', 'merge_install': False, 'path': '/home/sunrise/robot/robot_ws/src/my_robot_description', 'symlink_install': False, 'test_result_base': None}
[4.150s] Level 5:colcon.colcon_core.verb:set package 'openslam_gmapping' build argument 'cmake_args' from command line to 'None'
[4.150s] Level 5:colcon.colcon_core.verb:set package 'openslam_gmapping' build argument 'cmake_target' from command line to 'None'
[4.150s] Level 5:colcon.colcon_core.verb:set package 'openslam_gmapping' build argument 'cmake_target_skip_unavailable' from command line to 'False'
[4.151s] Level 5:colcon.colcon_core.verb:set package 'openslam_gmapping' build argument 'cmake_clean_cache' from command line to 'False'
[4.151s] Level 5:colcon.colcon_core.verb:set package 'openslam_gmapping' build argument 'cmake_clean_first' from command line to 'False'
[4.151s] Level 5:colcon.colcon_core.verb:set package 'openslam_gmapping' build argument 'cmake_force_configure' from command line to 'False'
[4.151s] Level 5:colcon.colcon_core.verb:set package 'openslam_gmapping' build argument 'ament_cmake_args' from command line to 'None'
[4.151s] Level 5:colcon.colcon_core.verb:set package 'openslam_gmapping' build argument 'catkin_cmake_args' from command line to 'None'
[4.151s] Level 5:colcon.colcon_core.verb:set package 'openslam_gmapping' build argument 'catkin_skip_building_tests' from command line to 'False'
[4.152s] DEBUG:colcon.colcon_core.verb:Building package 'openslam_gmapping' with the following arguments: {'ament_cmake_args': None, 'build_base': '/home/sunrise/robot/robot_ws/build/openslam_gmapping', 'catkin_cmake_args': None, 'catkin_skip_building_tests': False, 'cmake_args': None, 'cmake_clean_cache': False, 'cmake_clean_first': False, 'cmake_force_configure': False, 'cmake_target': None, 'cmake_target_skip_unavailable': False, 'install_base': '/home/sunrise/robot/robot_ws/install/openslam_gmapping', 'merge_install': False, 'path': '/home/sunrise/robot/robot_ws/src/openslam_gmapping', 'symlink_install': False, 'test_result_base': None}
[4.155s] Level 5:colcon.colcon_core.verb:set package 'robot_control' build argument 'cmake_args' from command line to 'None'
[4.155s] Level 5:colcon.colcon_core.verb:set package 'robot_control' build argument 'cmake_target' from command line to 'None'
[4.155s] Level 5:colcon.colcon_core.verb:set package 'robot_control' build argument 'cmake_target_skip_unavailable' from command line to 'False'
[4.155s] Level 5:colcon.colcon_core.verb:set package 'robot_control' build argument 'cmake_clean_cache' from command line to 'False'
[4.155s] Level 5:colcon.colcon_core.verb:set package 'robot_control' build argument 'cmake_clean_first' from command line to 'False'
[4.156s] Level 5:colcon.colcon_core.verb:set package 'robot_control' build argument 'cmake_force_configure' from command line to 'False'
[4.156s] Level 5:colcon.colcon_core.verb:set package 'robot_control' build argument 'ament_cmake_args' from command line to 'None'
[4.156s] Level 5:colcon.colcon_core.verb:set package 'robot_control' build argument 'catkin_cmake_args' from command line to 'None'
[4.156s] Level 5:colcon.colcon_core.verb:set package 'robot_control' build argument 'catkin_skip_building_tests' from command line to 'False'
[4.156s] DEBUG:colcon.colcon_core.verb:Building package 'robot_control' with the following arguments: {'ament_cmake_args': None, 'build_base': '/home/sunrise/robot/robot_ws/build/robot_control', 'catkin_cmake_args': None, 'catkin_skip_building_tests': False, 'cmake_args': None, 'cmake_clean_cache': False, 'cmake_clean_first': False, 'cmake_force_configure': False, 'cmake_target': None, 'cmake_target_skip_unavailable': False, 'install_base': '/home/sunrise/robot/robot_ws/install/robot_control', 'merge_install': False, 'path': '/home/sunrise/robot/robot_ws/src/robot_control', 'symlink_install': False, 'test_result_base': None}
[4.159s] Level 5:colcon.colcon_core.verb:set package 'ydlidar_ros2_driver' build argument 'cmake_args' from command line to 'None'
[4.159s] Level 5:colcon.colcon_core.verb:set package 'ydlidar_ros2_driver' build argument 'cmake_target' from command line to 'None'
[4.160s] Level 5:colcon.colcon_core.verb:set package 'ydlidar_ros2_driver' build argument 'cmake_target_skip_unavailable' from command line to 'False'
[4.160s] Level 5:colcon.colcon_core.verb:set package 'ydlidar_ros2_driver' build argument 'cmake_clean_cache' from command line to 'False'
[4.160s] Level 5:colcon.colcon_core.verb:set package 'ydlidar_ros2_driver' build argument 'cmake_clean_first' from command line to 'False'
[4.160s] Level 5:colcon.colcon_core.verb:set package 'ydlidar_ros2_driver' build argument 'cmake_force_configure' from command line to 'False'
[4.160s] Level 5:colcon.colcon_core.verb:set package 'ydlidar_ros2_driver' build argument 'ament_cmake_args' from command line to 'None'
[4.161s] Level 5:colcon.colcon_core.verb:set package 'ydlidar_ros2_driver' build argument 'catkin_cmake_args' from command line to 'None'
[4.161s] Level 5:colcon.colcon_core.verb:set package 'ydlidar_ros2_driver' build argument 'catkin_skip_building_tests' from command line to 'False'
[4.161s] DEBUG:colcon.colcon_core.verb:Building package 'ydlidar_ros2_driver' with the following arguments: {'ament_cmake_args': None, 'build_base': '/home/sunrise/robot/robot_ws/build/ydlidar_ros2_driver', 'catkin_cmake_args': None, 'catkin_skip_building_tests': False, 'cmake_args': None, 'cmake_clean_cache': False, 'cmake_clean_first': False, 'cmake_force_configure': False, 'cmake_target': None, 'cmake_target_skip_unavailable': False, 'install_base': '/home/sunrise/robot/robot_ws/install/ydlidar_ros2_driver', 'merge_install': False, 'path': '/home/sunrise/robot/robot_ws/src/ydlidar_ros2_driver-master', 'symlink_install': False, 'test_result_base': None}
[4.164s] Level 5:colcon.colcon_core.verb:set package 'slam_gmapping' build argument 'cmake_args' from command line to 'None'
[4.164s] Level 5:colcon.colcon_core.verb:set package 'slam_gmapping' build argument 'cmake_target' from command line to 'None'
[4.164s] Level 5:colcon.colcon_core.verb:set package 'slam_gmapping' build argument 'cmake_target_skip_unavailable' from command line to 'False'
[4.165s] Level 5:colcon.colcon_core.verb:set package 'slam_gmapping' build argument 'cmake_clean_cache' from command line to 'False'
[4.165s] Level 5:colcon.colcon_core.verb:set package 'slam_gmapping' build argument 'cmake_clean_first' from command line to 'False'
[4.165s] Level 5:colcon.colcon_core.verb:set package 'slam_gmapping' build argument 'cmake_force_configure' from command line to 'False'
[4.165s] Level 5:colcon.colcon_core.verb:set package 'slam_gmapping' build argument 'ament_cmake_args' from command line to 'None'
[4.165s] Level 5:colcon.colcon_core.verb:set package 'slam_gmapping' build argument 'catkin_cmake_args' from command line to 'None'
[4.165s] Level 5:colcon.colcon_core.verb:set package 'slam_gmapping' build argument 'catkin_skip_building_tests' from command line to 'False'
[4.166s] DEBUG:colcon.colcon_core.verb:Building package 'slam_gmapping' with the following arguments: {'ament_cmake_args': None, 'build_base': '/home/sunrise/robot/robot_ws/build/slam_gmapping', 'catkin_cmake_args': None, 'catkin_skip_building_tests': False, 'cmake_args': None, 'cmake_clean_cache': False, 'cmake_clean_first': False, 'cmake_force_configure': False, 'cmake_target': None, 'cmake_target_skip_unavailable': False, 'install_base': '/home/sunrise/robot/robot_ws/install/slam_gmapping', 'merge_install': False, 'path': '/home/sunrise/robot/robot_ws/src/slam_gmapping', 'symlink_install': False, 'test_result_base': None}
[4.167s] INFO:colcon.colcon_core.executor:Executing jobs using 'parallel' executor
[4.172s] DEBUG:colcon.colcon_parallel_executor.executor.parallel:run_until_complete
[4.174s] INFO:colcon.colcon_ros.task.ament_cmake.build:Building ROS package in '/home/sunrise/robot/robot_ws/src/openslam_gmapping' with build type 'ament_cmake'
[4.175s] INFO:colcon.colcon_cmake.task.cmake.build:Building CMake package in '/home/sunrise/robot/robot_ws/src/openslam_gmapping'
[4.196s] INFO:colcon.colcon_core.plugin_system:Skipping extension 'colcon_core.shell.bat': Not used on non-Windows systems
[4.198s] INFO:colcon.colcon_core.shell:Skip shell extension 'powershell' for command environment: Not usable outside of PowerShell
[4.198s] DEBUG:colcon.colcon_core.shell:Skip shell extension 'dsv' for command environment
[4.223s] INFO:colcon.colcon_ros.task.ament_cmake.build:Building ROS package in '/home/sunrise/robot/robot_ws/src/my_robot_description' with build type 'ament_cmake'
[4.224s] INFO:colcon.colcon_cmake.task.cmake.build:Building CMake package in '/home/sunrise/robot/robot_ws/src/my_robot_description'
[4.226s] INFO:colcon.colcon_core.shell:Skip shell extension 'powershell' for command environment: Not usable outside of PowerShell
[4.226s] DEBUG:colcon.colcon_core.shell:Skip shell extension 'dsv' for command environment
[4.248s] INFO:colcon.colcon_ros.task.ament_python.build:Building ROS package in '/home/sunrise/robot/robot_ws/src/robot_control' with build type 'ament_python'
[4.249s] Level 1:colcon.colcon_core.shell:create_environment_hook('robot_control', 'ament_prefix_path')
[4.252s] INFO:colcon.colcon_core.shell:Creating environment hook '/home/sunrise/robot/robot_ws/install/robot_control/share/robot_control/hook/ament_prefix_path.ps1'
[4.257s] INFO:colcon.colcon_core.shell:Creating environment descriptor '/home/sunrise/robot/robot_ws/install/robot_control/share/robot_control/hook/ament_prefix_path.dsv'
[4.261s] INFO:colcon.colcon_core.shell:Creating environment hook '/home/sunrise/robot/robot_ws/install/robot_control/share/robot_control/hook/ament_prefix_path.sh'
[4.267s] INFO:colcon.colcon_core.shell:Skip shell extension 'powershell' for command environment: Not usable outside of PowerShell
[4.267s] DEBUG:colcon.colcon_core.shell:Skip shell extension 'dsv' for command environment
[4.289s] INFO:colcon.colcon_ros.task.ament_cmake.build:Building ROS package in '/home/sunrise/robot/robot_ws/src/ydlidar_ros2_driver-master' with build type 'ament_cmake'
[4.289s] INFO:colcon.colcon_cmake.task.cmake.build:Building CMake package in '/home/sunrise/robot/robot_ws/src/ydlidar_ros2_driver-master'
[4.292s] INFO:colcon.colcon_core.shell:Skip shell extension 'powershell' for command environment: Not usable outside of PowerShell
[4.292s] DEBUG:colcon.colcon_core.shell:Skip shell extension 'dsv' for command environment
[4.333s] DEBUG:colcon.colcon_core.event_handler.log_command:Invoking command in '/home/sunrise/robot/robot_ws/build/openslam_gmapping': CMAKE_PREFIX_PATH=${CMAKE_PREFIX_PATH}:/home/sunrise/robot/robot_ws/install/robot_control:/opt/ros/humble /usr/bin/cmake /home/sunrise/robot/robot_ws/src/openslam_gmapping -DCMAKE_INSTALL_PREFIX=/home/sunrise/robot/robot_ws/install/openslam_gmapping
[4.364s] DEBUG:colcon.colcon_core.event_handler.log_command:Invoking command in '/home/sunrise/robot/robot_ws/build/my_robot_description': CMAKE_PREFIX_PATH=${CMAKE_PREFIX_PATH}:/home/sunrise/robot/robot_ws/install/robot_control:/opt/ros/humble /usr/bin/cmake --build /home/sunrise/robot/robot_ws/build/my_robot_description -- -j8 -l8
[6.709s] INFO:colcon.colcon_core.task.python.build:Building Python package in '/home/sunrise/robot/robot_ws/src/robot_control'
[6.711s] INFO:colcon.colcon_core.shell:Skip shell extension 'powershell' for command environment: Not usable outside of PowerShell
[6.712s] DEBUG:colcon.colcon_core.shell:Skip shell extension 'dsv' for command environment
[6.801s] DEBUG:colcon.colcon_core.event_handler.log_command:Invoking command in '/home/sunrise/robot/robot_ws/build/ydlidar_ros2_driver': CMAKE_PREFIX_PATH=${CMAKE_PREFIX_PATH}:/home/sunrise/robot/robot_ws/install/robot_control:/opt/ros/humble /usr/bin/cmake --build /home/sunrise/robot/robot_ws/build/ydlidar_ros2_driver -- -j8 -l8
[6.811s] DEBUG:colcon.colcon_core.event_handler.log_command:Invoked command in '/home/sunrise/robot/robot_ws/build/my_robot_description' returned '0': CMAKE_PREFIX_PATH=${CMAKE_PREFIX_PATH}:/home/sunrise/robot/robot_ws/install/robot_control:/opt/ros/humble /usr/bin/cmake --build /home/sunrise/robot/robot_ws/build/my_robot_description -- -j8 -l8
[6.842s] DEBUG:colcon.colcon_core.event_handler.log_command:Invoking command in '/home/sunrise/robot/robot_ws/build/my_robot_description': CMAKE_PREFIX_PATH=${CMAKE_PREFIX_PATH}:/home/sunrise/robot/robot_ws/install/robot_control:/opt/ros/humble /usr/bin/cmake --install /home/sunrise/robot/robot_ws/build/my_robot_description
[6.967s] Level 1:colcon.colcon_core.environment:create_environment_scripts_only(my_robot_description)
[6.978s] DEBUG:colcon.colcon_core.event_handler.log_command:Invoked command in '/home/sunrise/robot/robot_ws/build/my_robot_description' returned '0': CMAKE_PREFIX_PATH=${CMAKE_PREFIX_PATH}:/home/sunrise/robot/robot_ws/install/robot_control:/opt/ros/humble /usr/bin/cmake --install /home/sunrise/robot/robot_ws/build/my_robot_description
[7.025s] Level 1:colcon.colcon_core.environment:checking '/home/sunrise/robot/robot_ws/install/my_robot_description' for CMake module files
[7.029s] Level 1:colcon.colcon_core.environment:checking '/home/sunrise/robot/robot_ws/install/my_robot_description' for CMake config files
[7.030s] Level 1:colcon.colcon_core.shell:create_environment_hook('my_robot_description', 'cmake_prefix_path')
[7.032s] INFO:colcon.colcon_core.shell:Creating environment hook '/home/sunrise/robot/robot_ws/install/my_robot_description/share/my_robot_description/hook/cmake_prefix_path.ps1'
[7.040s] INFO:colcon.colcon_core.shell:Creating environment descriptor '/home/sunrise/robot/robot_ws/install/my_robot_description/share/my_robot_description/hook/cmake_prefix_path.dsv'
[7.046s] INFO:colcon.colcon_core.shell:Creating environment hook '/home/sunrise/robot/robot_ws/install/my_robot_description/share/my_robot_description/hook/cmake_prefix_path.sh'
[7.055s] Level 1:colcon.colcon_core.environment:checking '/home/sunrise/robot/robot_ws/install/my_robot_description/bin'
[7.056s] Level 1:colcon.colcon_core.environment:checking '/home/sunrise/robot/robot_ws/install/my_robot_description/lib/pkgconfig/my_robot_description.pc'
[7.058s] Level 1:colcon.colcon_core.environment:checking '/home/sunrise/robot/robot_ws/install/my_robot_description/lib/python3.10/site-packages'
[7.063s] Level 1:colcon.colcon_core.environment:checking '/home/sunrise/robot/robot_ws/install/my_robot_description/bin'
[7.065s] INFO:colcon.colcon_core.shell:Creating package script '/home/sunrise/robot/robot_ws/install/my_robot_description/share/my_robot_description/package.ps1'
[7.081s] INFO:colcon.colcon_core.shell:Creating package descriptor '/home/sunrise/robot/robot_ws/install/my_robot_description/share/my_robot_description/package.dsv'
[7.096s] INFO:colcon.colcon_core.shell:Creating package script '/home/sunrise/robot/robot_ws/install/my_robot_description/share/my_robot_description/package.sh'
[7.111s] INFO:colcon.colcon_core.shell:Creating package script '/home/sunrise/robot/robot_ws/install/my_robot_description/share/my_robot_description/package.bash'
[7.121s] INFO:colcon.colcon_core.shell:Creating package script '/home/sunrise/robot/robot_ws/install/my_robot_description/share/my_robot_description/package.zsh'
[7.133s] Level 1:colcon.colcon_core.environment:create_file_with_runtime_dependencies(/home/sunrise/robot/robot_ws/install/my_robot_description/share/colcon-core/packages/my_robot_description)
[7.138s] Level 1:colcon.colcon_core.environment:create_environment_scripts_only(my_robot_description)
[7.144s] Level 1:colcon.colcon_core.environment:checking '/home/sunrise/robot/robot_ws/install/my_robot_description' for CMake module files
[7.148s] Level 1:colcon.colcon_core.environment:checking '/home/sunrise/robot/robot_ws/install/my_robot_description' for CMake config files
[7.151s] Level 1:colcon.colcon_core.shell:create_environment_hook('my_robot_description', 'cmake_prefix_path')
[7.153s] INFO:colcon.colcon_core.shell:Creating environment hook '/home/sunrise/robot/robot_ws/install/my_robot_description/share/my_robot_description/hook/cmake_prefix_path.ps1'
[7.162s] INFO:colcon.colcon_core.shell:Creating environment descriptor '/home/sunrise/robot/robot_ws/install/my_robot_description/share/my_robot_description/hook/cmake_prefix_path.dsv'
[7.165s] INFO:colcon.colcon_core.shell:Creating environment hook '/home/sunrise/robot/robot_ws/install/my_robot_description/share/my_robot_description/hook/cmake_prefix_path.sh'
[7.171s] Level 1:colcon.colcon_core.environment:checking '/home/sunrise/robot/robot_ws/install/my_robot_description/bin'
[7.172s] Level 1:colcon.colcon_core.environment:checking '/home/sunrise/robot/robot_ws/install/my_robot_description/lib/pkgconfig/my_robot_description.pc'
[7.174s] Level 1:colcon.colcon_core.environment:checking '/home/sunrise/robot/robot_ws/install/my_robot_description/lib/python3.10/site-packages'
[7.178s] Level 1:colcon.colcon_core.environment:checking '/home/sunrise/robot/robot_ws/install/my_robot_description/bin'
[7.181s] INFO:colcon.colcon_core.shell:Creating package script '/home/sunrise/robot/robot_ws/install/my_robot_description/share/my_robot_description/package.ps1'
[7.186s] INFO:colcon.colcon_core.shell:Creating package descriptor '/home/sunrise/robot/robot_ws/install/my_robot_description/share/my_robot_description/package.dsv'
[7.190s] INFO:colcon.colcon_core.shell:Creating package script '/home/sunrise/robot/robot_ws/install/my_robot_description/share/my_robot_description/package.sh'
[7.193s] INFO:colcon.colcon_core.shell:Creating package script '/home/sunrise/robot/robot_ws/install/my_robot_description/share/my_robot_description/package.bash'
[7.197s] INFO:colcon.colcon_core.shell:Creating package script '/home/sunrise/robot/robot_ws/install/my_robot_description/share/my_robot_description/package.zsh'
[7.205s] Level 1:colcon.colcon_core.environment:create_file_with_runtime_dependencies(/home/sunrise/robot/robot_ws/install/my_robot_description/share/colcon-core/packages/my_robot_description)
[7.499s] DEBUG:colcon.colcon_core.event_handler.log_command:Invoked command in '/home/sunrise/robot/robot_ws/build/ydlidar_ros2_driver' returned '0': CMAKE_PREFIX_PATH=${CMAKE_PREFIX_PATH}:/home/sunrise/robot/robot_ws/install/robot_control:/opt/ros/humble /usr/bin/cmake --build /home/sunrise/robot/robot_ws/build/ydlidar_ros2_driver -- -j8 -l8
[7.508s] DEBUG:colcon.colcon_core.event_handler.log_command:Invoking command in '/home/sunrise/robot/robot_ws/build/ydlidar_ros2_driver': CMAKE_PREFIX_PATH=${CMAKE_PREFIX_PATH}:/home/sunrise/robot/robot_ws/install/robot_control:/opt/ros/humble /usr/bin/cmake --install /home/sunrise/robot/robot_ws/build/ydlidar_ros2_driver
[7.627s] Level 1:colcon.colcon_core.environment:create_environment_scripts_only(ydlidar_ros2_driver)
[7.629s] Level 1:colcon.colcon_core.environment:checking '/home/sunrise/robot/robot_ws/install/ydlidar_ros2_driver' for CMake module files
[7.632s] DEBUG:colcon.colcon_core.event_handler.log_command:Invoked command in '/home/sunrise/robot/robot_ws/build/ydlidar_ros2_driver' returned '0': CMAKE_PREFIX_PATH=${CMAKE_PREFIX_PATH}:/home/sunrise/robot/robot_ws/install/robot_control:/opt/ros/humble /usr/bin/cmake --install /home/sunrise/robot/robot_ws/build/ydlidar_ros2_driver
[7.636s] Level 1:colcon.colcon_core.environment:checking '/home/sunrise/robot/robot_ws/install/ydlidar_ros2_driver' for CMake config files
[7.638s] Level 1:colcon.colcon_core.shell:create_environment_hook('ydlidar_ros2_driver', 'cmake_prefix_path')
[7.640s] INFO:colcon.colcon_core.shell:Creating environment hook '/home/sunrise/robot/robot_ws/install/ydlidar_ros2_driver/share/ydlidar_ros2_driver/hook/cmake_prefix_path.ps1'
[7.644s] INFO:colcon.colcon_core.shell:Creating environment descriptor '/home/sunrise/robot/robot_ws/install/ydlidar_ros2_driver/share/ydlidar_ros2_driver/hook/cmake_prefix_path.dsv'
[7.647s] INFO:colcon.colcon_core.shell:Creating environment hook '/home/sunrise/robot/robot_ws/install/ydlidar_ros2_driver/share/ydlidar_ros2_driver/hook/cmake_prefix_path.sh'
[7.651s] Level 1:colcon.colcon_core.environment:checking '/home/sunrise/robot/robot_ws/install/ydlidar_ros2_driver/lib'
[7.652s] Level 1:colcon.colcon_core.environment:checking '/home/sunrise/robot/robot_ws/install/ydlidar_ros2_driver/bin'
[7.653s] Level 1:colcon.colcon_core.environment:checking '/home/sunrise/robot/robot_ws/install/ydlidar_ros2_driver/lib/pkgconfig/ydlidar_ros2_driver.pc'
[7.655s] Level 1:colcon.colcon_core.environment:checking '/home/sunrise/robot/robot_ws/install/ydlidar_ros2_driver/lib/python3.10/site-packages'
[7.657s] Level 1:colcon.colcon_core.environment:checking '/home/sunrise/robot/robot_ws/install/ydlidar_ros2_driver/bin'
[7.660s] INFO:colcon.colcon_core.shell:Creating package script '/home/sunrise/robot/robot_ws/install/ydlidar_ros2_driver/share/ydlidar_ros2_driver/package.ps1'
[7.664s] INFO:colcon.colcon_core.shell:Creating package descriptor '/home/sunrise/robot/robot_ws/install/ydlidar_ros2_driver/share/ydlidar_ros2_driver/package.dsv'
[7.667s] INFO:colcon.colcon_core.shell:Creating package script '/home/sunrise/robot/robot_ws/install/ydlidar_ros2_driver/share/ydlidar_ros2_driver/package.sh'
[7.671s] INFO:colcon.colcon_core.shell:Creating package script '/home/sunrise/robot/robot_ws/install/ydlidar_ros2_driver/share/ydlidar_ros2_driver/package.bash'
[7.674s] INFO:colcon.colcon_core.shell:Creating package script '/home/sunrise/robot/robot_ws/install/ydlidar_ros2_driver/share/ydlidar_ros2_driver/package.zsh'
[7.676s] Level 1:colcon.colcon_core.environment:create_file_with_runtime_dependencies(/home/sunrise/robot/robot_ws/install/ydlidar_ros2_driver/share/colcon-core/packages/ydlidar_ros2_driver)
[7.681s] Level 1:colcon.colcon_core.environment:create_environment_scripts_only(ydlidar_ros2_driver)
[7.683s] Level 1:colcon.colcon_core.environment:checking '/home/sunrise/robot/robot_ws/install/ydlidar_ros2_driver' for CMake module files
[7.687s] Level 1:colcon.colcon_core.environment:checking '/home/sunrise/robot/robot_ws/install/ydlidar_ros2_driver' for CMake config files
[7.690s] Level 1:colcon.colcon_core.shell:create_environment_hook('ydlidar_ros2_driver', 'cmake_prefix_path')
[7.692s] INFO:colcon.colcon_core.shell:Creating environment hook '/home/sunrise/robot/robot_ws/install/ydlidar_ros2_driver/share/ydlidar_ros2_driver/hook/cmake_prefix_path.ps1'
[7.695s] INFO:colcon.colcon_core.shell:Creating environment descriptor '/home/sunrise/robot/robot_ws/install/ydlidar_ros2_driver/share/ydlidar_ros2_driver/hook/cmake_prefix_path.dsv'
[7.698s] INFO:colcon.colcon_core.shell:Creating environment hook '/home/sunrise/robot/robot_ws/install/ydlidar_ros2_driver/share/ydlidar_ros2_driver/hook/cmake_prefix_path.sh'
[7.703s] Level 1:colcon.colcon_core.environment:checking '/home/sunrise/robot/robot_ws/install/ydlidar_ros2_driver/lib'
[7.704s] Level 1:colcon.colcon_core.environment:checking '/home/sunrise/robot/robot_ws/install/ydlidar_ros2_driver/bin'
[7.704s] Level 1:colcon.colcon_core.environment:checking '/home/sunrise/robot/robot_ws/install/ydlidar_ros2_driver/lib/pkgconfig/ydlidar_ros2_driver.pc'
[7.706s] Level 1:colcon.colcon_core.environment:checking '/home/sunrise/robot/robot_ws/install/ydlidar_ros2_driver/lib/python3.10/site-packages'
[7.709s] Level 1:colcon.colcon_core.environment:checking '/home/sunrise/robot/robot_ws/install/ydlidar_ros2_driver/bin'
[7.712s] INFO:colcon.colcon_core.shell:Creating package script '/home/sunrise/robot/robot_ws/install/ydlidar_ros2_driver/share/ydlidar_ros2_driver/package.ps1'
[7.717s] INFO:colcon.colcon_core.shell:Creating package descriptor '/home/sunrise/robot/robot_ws/install/ydlidar_ros2_driver/share/ydlidar_ros2_driver/package.dsv'
[7.722s] INFO:colcon.colcon_core.shell:Creating package script '/home/sunrise/robot/robot_ws/install/ydlidar_ros2_driver/share/ydlidar_ros2_driver/package.sh'
[7.726s] INFO:colcon.colcon_core.shell:Creating package script '/home/sunrise/robot/robot_ws/install/ydlidar_ros2_driver/share/ydlidar_ros2_driver/package.bash'
[7.730s] INFO:colcon.colcon_core.shell:Creating package script '/home/sunrise/robot/robot_ws/install/ydlidar_ros2_driver/share/ydlidar_ros2_driver/package.zsh'
[7.734s] Level 1:colcon.colcon_core.environment:create_file_with_runtime_dependencies(/home/sunrise/robot/robot_ws/install/ydlidar_ros2_driver/share/colcon-core/packages/ydlidar_ros2_driver)
[10.158s] DEBUG:colcon.colcon_core.event_handler.log_command:Invoking command in '/home/sunrise/robot/robot_ws/src/robot_control': PYTHONPATH=/home/sunrise/robot/robot_ws/build/robot_control/prefix_override:/usr/lib/python3/dist-packages/colcon_core/task/python/colcon_distutils_commands:/home/sunrise/robot/robot_ws/install/robot_control/lib/python3.10/site-packages:${PYTHONPATH} /usr/bin/python3 -W ignore:setup.py install is deprecated -W ignore:easy_install command is deprecated setup.py egg_info --egg-base ../../build/robot_control build --build-base /home/sunrise/robot/robot_ws/build/robot_control/build install --record /home/sunrise/robot/robot_ws/build/robot_control/install.log --single-version-externally-managed install_data
[12.655s] Level 1:colcon.colcon_core.environment:checking '/home/sunrise/robot/robot_ws/install/robot_control' for CMake module files
[12.658s] DEBUG:colcon.colcon_core.event_handler.log_command:Invoked command in '/home/sunrise/robot/robot_ws/src/robot_control' returned '0': PYTHONPATH=/home/sunrise/robot/robot_ws/build/robot_control/prefix_override:/usr/lib/python3/dist-packages/colcon_core/task/python/colcon_distutils_commands:/home/sunrise/robot/robot_ws/install/robot_control/lib/python3.10/site-packages:${PYTHONPATH} /usr/bin/python3 -W ignore:setup.py install is deprecated -W ignore:easy_install command is deprecated setup.py egg_info --egg-base ../../build/robot_control build --build-base /home/sunrise/robot/robot_ws/build/robot_control/build install --record /home/sunrise/robot/robot_ws/build/robot_control/install.log --single-version-externally-managed install_data
[12.660s] Level 1:colcon.colcon_core.environment:checking '/home/sunrise/robot/robot_ws/install/robot_control' for CMake config files
[12.665s] Level 1:colcon.colcon_core.environment:checking '/home/sunrise/robot/robot_ws/install/robot_control/lib'
[12.666s] Level 1:colcon.colcon_core.environment:checking '/home/sunrise/robot/robot_ws/install/robot_control/bin'
[12.666s] Level 1:colcon.colcon_core.environment:checking '/home/sunrise/robot/robot_ws/install/robot_control/lib/pkgconfig/robot_control.pc'
[12.668s] Level 1:colcon.colcon_core.environment:checking '/home/sunrise/robot/robot_ws/install/robot_control/lib/python3.10/site-packages'
[12.668s] Level 1:colcon.colcon_core.shell:create_environment_hook('robot_control', 'pythonpath')
[12.670s] INFO:colcon.colcon_core.shell:Creating environment hook '/home/sunrise/robot/robot_ws/install/robot_control/share/robot_control/hook/pythonpath.ps1'
[12.673s] INFO:colcon.colcon_core.shell:Creating environment descriptor '/home/sunrise/robot/robot_ws/install/robot_control/share/robot_control/hook/pythonpath.dsv'
[12.685s] INFO:colcon.colcon_core.shell:Creating environment hook '/home/sunrise/robot/robot_ws/install/robot_control/share/robot_control/hook/pythonpath.sh'
[12.691s] Level 1:colcon.colcon_core.environment:checking '/home/sunrise/robot/robot_ws/install/robot_control/bin'
[12.695s] Level 1:colcon.colcon_core.environment:create_environment_scripts_only(robot_control)
[12.698s] INFO:colcon.colcon_core.shell:Creating package script '/home/sunrise/robot/robot_ws/install/robot_control/share/robot_control/package.ps1'
[12.709s] INFO:colcon.colcon_core.shell:Creating package descriptor '/home/sunrise/robot/robot_ws/install/robot_control/share/robot_control/package.dsv'
[12.727s] INFO:colcon.colcon_core.shell:Creating package script '/home/sunrise/robot/robot_ws/install/robot_control/share/robot_control/package.sh'
[12.737s] INFO:colcon.colcon_core.shell:Creating package script '/home/sunrise/robot/robot_ws/install/robot_control/share/robot_control/package.bash'
[12.740s] INFO:colcon.colcon_core.shell:Creating package script '/home/sunrise/robot/robot_ws/install/robot_control/share/robot_control/package.zsh'
[12.748s] Level 1:colcon.colcon_core.environment:create_file_with_runtime_dependencies(/home/sunrise/robot/robot_ws/install/robot_control/share/colcon-core/packages/robot_control)
[12.859s] DEBUG:colcon.colcon_core.event_handler.log_command:Invoked command in '/home/sunrise/robot/robot_ws/build/openslam_gmapping' returned '0': CMAKE_PREFIX_PATH=${CMAKE_PREFIX_PATH}:/home/sunrise/robot/robot_ws/install/robot_control:/opt/ros/humble /usr/bin/cmake /home/sunrise/robot/robot_ws/src/openslam_gmapping -DCMAKE_INSTALL_PREFIX=/home/sunrise/robot/robot_ws/install/openslam_gmapping
[12.875s] DEBUG:colcon.colcon_core.event_handler.log_command:Invoking command in '/home/sunrise/robot/robot_ws/build/openslam_gmapping': CMAKE_PREFIX_PATH=${CMAKE_PREFIX_PATH}:/home/sunrise/robot/robot_ws/install/robot_control:/opt/ros/humble /usr/bin/cmake --build /home/sunrise/robot/robot_ws/build/openslam_gmapping -- -j8 -l8
[36.066s] DEBUG:colcon.colcon_core.event_handler.log_command:Invoked command in '/home/sunrise/robot/robot_ws/build/openslam_gmapping' returned '0': CMAKE_PREFIX_PATH=${CMAKE_PREFIX_PATH}:/home/sunrise/robot/robot_ws/install/robot_control:/opt/ros/humble /usr/bin/cmake --build /home/sunrise/robot/robot_ws/build/openslam_gmapping -- -j8 -l8
[36.082s] DEBUG:colcon.colcon_core.event_handler.log_command:Invoking command in '/home/sunrise/robot/robot_ws/build/openslam_gmapping': CMAKE_PREFIX_PATH=${CMAKE_PREFIX_PATH}:/home/sunrise/robot/robot_ws/install/robot_control:/opt/ros/humble /usr/bin/cmake --install /home/sunrise/robot/robot_ws/build/openslam_gmapping
[36.167s] Level 1:colcon.colcon_core.environment:create_environment_scripts_only(openslam_gmapping)
[36.169s] Level 1:colcon.colcon_core.environment:checking '/home/sunrise/robot/robot_ws/install/openslam_gmapping' for CMake module files
[36.173s] DEBUG:colcon.colcon_core.event_handler.log_command:Invoked command in '/home/sunrise/robot/robot_ws/build/openslam_gmapping' returned '0': CMAKE_PREFIX_PATH=${CMAKE_PREFIX_PATH}:/home/sunrise/robot/robot_ws/install/robot_control:/opt/ros/humble /usr/bin/cmake --install /home/sunrise/robot/robot_ws/build/openslam_gmapping
[36.175s] Level 1:colcon.colcon_core.environment:checking '/home/sunrise/robot/robot_ws/install/openslam_gmapping' for CMake config files
[36.177s] Level 1:colcon.colcon_core.shell:create_environment_hook('openslam_gmapping', 'cmake_prefix_path')
[36.179s] INFO:colcon.colcon_core.shell:Creating environment hook '/home/sunrise/robot/robot_ws/install/openslam_gmapping/share/openslam_gmapping/hook/cmake_prefix_path.ps1'
[36.181s] INFO:colcon.colcon_core.shell:Creating environment descriptor '/home/sunrise/robot/robot_ws/install/openslam_gmapping/share/openslam_gmapping/hook/cmake_prefix_path.dsv'
[36.183s] INFO:colcon.colcon_core.shell:Creating environment hook '/home/sunrise/robot/robot_ws/install/openslam_gmapping/share/openslam_gmapping/hook/cmake_prefix_path.sh'
[36.186s] Level 1:colcon.colcon_core.environment:checking '/home/sunrise/robot/robot_ws/install/openslam_gmapping/lib'
[36.187s] Level 1:colcon.colcon_core.environment:checking '/home/sunrise/robot/robot_ws/install/openslam_gmapping/bin'
[36.187s] Level 1:colcon.colcon_core.environment:checking '/home/sunrise/robot/robot_ws/install/openslam_gmapping/lib/pkgconfig/openslam_gmapping.pc'
[36.189s] Level 1:colcon.colcon_core.environment:checking '/home/sunrise/robot/robot_ws/install/openslam_gmapping/lib/python3.10/site-packages'
[36.192s] Level 1:colcon.colcon_core.environment:checking '/home/sunrise/robot/robot_ws/install/openslam_gmapping/bin'
[36.194s] INFO:colcon.colcon_core.shell:Creating package script '/home/sunrise/robot/robot_ws/install/openslam_gmapping/share/openslam_gmapping/package.ps1'
[36.198s] INFO:colcon.colcon_core.shell:Creating package descriptor '/home/sunrise/robot/robot_ws/install/openslam_gmapping/share/openslam_gmapping/package.dsv'
[36.202s] INFO:colcon.colcon_core.shell:Creating package script '/home/sunrise/robot/robot_ws/install/openslam_gmapping/share/openslam_gmapping/package.sh'
[36.204s] INFO:colcon.colcon_core.shell:Creating package script '/home/sunrise/robot/robot_ws/install/openslam_gmapping/share/openslam_gmapping/package.bash'
[36.207s] INFO:colcon.colcon_core.shell:Creating package script '/home/sunrise/robot/robot_ws/install/openslam_gmapping/share/openslam_gmapping/package.zsh'
[36.209s] Level 1:colcon.colcon_core.environment:create_file_with_runtime_dependencies(/home/sunrise/robot/robot_ws/install/openslam_gmapping/share/colcon-core/packages/openslam_gmapping)
[36.213s] Level 1:colcon.colcon_core.environment:create_environment_scripts_only(openslam_gmapping)
[36.215s] Level 1:colcon.colcon_core.environment:checking '/home/sunrise/robot/robot_ws/install/openslam_gmapping' for CMake module files
[36.218s] Level 1:colcon.colcon_core.environment:checking '/home/sunrise/robot/robot_ws/install/openslam_gmapping' for CMake config files
[36.221s] Level 1:colcon.colcon_core.shell:create_environment_hook('openslam_gmapping', 'cmake_prefix_path')
[36.222s] INFO:colcon.colcon_core.shell:Creating environment hook '/home/sunrise/robot/robot_ws/install/openslam_gmapping/share/openslam_gmapping/hook/cmake_prefix_path.ps1'
[36.225s] INFO:colcon.colcon_core.shell:Creating environment descriptor '/home/sunrise/robot/robot_ws/install/openslam_gmapping/share/openslam_gmapping/hook/cmake_prefix_path.dsv'
[36.228s] INFO:colcon.colcon_core.shell:Creating environment hook '/home/sunrise/robot/robot_ws/install/openslam_gmapping/share/openslam_gmapping/hook/cmake_prefix_path.sh'
[36.231s] Level 1:colcon.colcon_core.environment:checking '/home/sunrise/robot/robot_ws/install/openslam_gmapping/lib'
[36.231s] Level 1:colcon.colcon_core.environment:checking '/home/sunrise/robot/robot_ws/install/openslam_gmapping/bin'
[36.232s] Level 1:colcon.colcon_core.environment:checking '/home/sunrise/robot/robot_ws/install/openslam_gmapping/lib/pkgconfig/openslam_gmapping.pc'
[36.233s] Level 1:colcon.colcon_core.environment:checking '/home/sunrise/robot/robot_ws/install/openslam_gmapping/lib/python3.10/site-packages'
[36.236s] Level 1:colcon.colcon_core.environment:checking '/home/sunrise/robot/robot_ws/install/openslam_gmapping/bin'
[36.238s] INFO:colcon.colcon_core.shell:Creating package script '/home/sunrise/robot/robot_ws/install/openslam_gmapping/share/openslam_gmapping/package.ps1'
[36.243s] INFO:colcon.colcon_core.shell:Creating package descriptor '/home/sunrise/robot/robot_ws/install/openslam_gmapping/share/openslam_gmapping/package.dsv'
[36.246s] INFO:colcon.colcon_core.shell:Creating package script '/home/sunrise/robot/robot_ws/install/openslam_gmapping/share/openslam_gmapping/package.sh'
[36.249s] INFO:colcon.colcon_core.shell:Creating package script '/home/sunrise/robot/robot_ws/install/openslam_gmapping/share/openslam_gmapping/package.bash'
[36.253s] INFO:colcon.colcon_core.shell:Creating package script '/home/sunrise/robot/robot_ws/install/openslam_gmapping/share/openslam_gmapping/package.zsh'
[36.256s] Level 1:colcon.colcon_core.environment:create_file_with_runtime_dependencies(/home/sunrise/robot/robot_ws/install/openslam_gmapping/share/colcon-core/packages/openslam_gmapping)
[36.258s] INFO:colcon.colcon_ros.task.ament_cmake.build:Building ROS package in '/home/sunrise/robot/robot_ws/src/slam_gmapping' with build type 'ament_cmake'
[36.259s] INFO:colcon.colcon_cmake.task.cmake.build:Building CMake package in '/home/sunrise/robot/robot_ws/src/slam_gmapping'
[36.262s] INFO:colcon.colcon_core.shell:Skip shell extension 'powershell' for command environment: Not usable outside of PowerShell
[36.262s] DEBUG:colcon.colcon_core.shell:Skip shell extension 'dsv' for command environment
[36.312s] DEBUG:colcon.colcon_core.event_handler.log_command:Invoking command in '/home/sunrise/robot/robot_ws/build/slam_gmapping': AMENT_PREFIX_PATH=/home/sunrise/robot/robot_ws/install/openslam_gmapping:${AMENT_PREFIX_PATH} CMAKE_PREFIX_PATH=/home/sunrise/robot/robot_ws/install/openslam_gmapping:/home/sunrise/robot/robot_ws/install/ydlidar_ros2_driver:/home/sunrise/robot/robot_ws/install/my_robot_description:/home/sunrise/robot/robot_ws/install/robot_control:/opt/ros/humble LD_LIBRARY_PATH=/home/sunrise/robot/robot_ws/install/openslam_gmapping/lib:${LD_LIBRARY_PATH} /usr/bin/cmake /home/sunrise/robot/robot_ws/src/slam_gmapping -DCMAKE_INSTALL_PREFIX=/home/sunrise/robot/robot_ws/install/slam_gmapping
[48.633s] DEBUG:colcon.colcon_core.event_handler.log_command:Invoked command in '/home/sunrise/robot/robot_ws/build/slam_gmapping' returned '0': AMENT_PREFIX_PATH=/home/sunrise/robot/robot_ws/install/openslam_gmapping:${AMENT_PREFIX_PATH} CMAKE_PREFIX_PATH=/home/sunrise/robot/robot_ws/install/openslam_gmapping:/home/sunrise/robot/robot_ws/install/ydlidar_ros2_driver:/home/sunrise/robot/robot_ws/install/my_robot_description:/home/sunrise/robot/robot_ws/install/robot_control:/opt/ros/humble LD_LIBRARY_PATH=/home/sunrise/robot/robot_ws/install/openslam_gmapping/lib:${LD_LIBRARY_PATH} /usr/bin/cmake /home/sunrise/robot/robot_ws/src/slam_gmapping -DCMAKE_INSTALL_PREFIX=/home/sunrise/robot/robot_ws/install/slam_gmapping
[48.646s] DEBUG:colcon.colcon_core.event_handler.log_command:Invoking command in '/home/sunrise/robot/robot_ws/build/slam_gmapping': AMENT_PREFIX_PATH=/home/sunrise/robot/robot_ws/install/openslam_gmapping:${AMENT_PREFIX_PATH} CMAKE_PREFIX_PATH=/home/sunrise/robot/robot_ws/install/openslam_gmapping:/home/sunrise/robot/robot_ws/install/ydlidar_ros2_driver:/home/sunrise/robot/robot_ws/install/my_robot_description:/home/sunrise/robot/robot_ws/install/robot_control:/opt/ros/humble LD_LIBRARY_PATH=/home/sunrise/robot/robot_ws/install/openslam_gmapping/lib:${LD_LIBRARY_PATH} /usr/bin/cmake --build /home/sunrise/robot/robot_ws/build/slam_gmapping -- -j8 -l8
[126.091s] DEBUG:colcon.colcon_core.event_handler.log_command:Invoked command in '/home/sunrise/robot/robot_ws/build/slam_gmapping' returned '0': AMENT_PREFIX_PATH=/home/sunrise/robot/robot_ws/install/openslam_gmapping:${AMENT_PREFIX_PATH} CMAKE_PREFIX_PATH=/home/sunrise/robot/robot_ws/install/openslam_gmapping:/home/sunrise/robot/robot_ws/install/ydlidar_ros2_driver:/home/sunrise/robot/robot_ws/install/my_robot_description:/home/sunrise/robot/robot_ws/install/robot_control:/opt/ros/humble LD_LIBRARY_PATH=/home/sunrise/robot/robot_ws/install/openslam_gmapping/lib:${LD_LIBRARY_PATH} /usr/bin/cmake --build /home/sunrise/robot/robot_ws/build/slam_gmapping -- -j8 -l8
[126.100s] DEBUG:colcon.colcon_core.event_handler.log_command:Invoking command in '/home/sunrise/robot/robot_ws/build/slam_gmapping': AMENT_PREFIX_PATH=/home/sunrise/robot/robot_ws/install/openslam_gmapping:${AMENT_PREFIX_PATH} CMAKE_PREFIX_PATH=/home/sunrise/robot/robot_ws/install/openslam_gmapping:/home/sunrise/robot/robot_ws/install/ydlidar_ros2_driver:/home/sunrise/robot/robot_ws/install/my_robot_description:/home/sunrise/robot/robot_ws/install/robot_control:/opt/ros/humble LD_LIBRARY_PATH=/home/sunrise/robot/robot_ws/install/openslam_gmapping/lib:${LD_LIBRARY_PATH} /usr/bin/cmake --install /home/sunrise/robot/robot_ws/build/slam_gmapping
[126.199s] Level 1:colcon.colcon_core.environment:create_environment_scripts_only(slam_gmapping)
[126.201s] Level 1:colcon.colcon_core.environment:checking '/home/sunrise/robot/robot_ws/install/slam_gmapping' for CMake module files
[126.204s] DEBUG:colcon.colcon_core.event_handler.log_command:Invoked command in '/home/sunrise/robot/robot_ws/build/slam_gmapping' returned '0': AMENT_PREFIX_PATH=/home/sunrise/robot/robot_ws/install/openslam_gmapping:${AMENT_PREFIX_PATH} CMAKE_PREFIX_PATH=/home/sunrise/robot/robot_ws/install/openslam_gmapping:/home/sunrise/robot/robot_ws/install/ydlidar_ros2_driver:/home/sunrise/robot/robot_ws/install/my_robot_description:/home/sunrise/robot/robot_ws/install/robot_control:/opt/ros/humble LD_LIBRARY_PATH=/home/sunrise/robot/robot_ws/install/openslam_gmapping/lib:${LD_LIBRARY_PATH} /usr/bin/cmake --install /home/sunrise/robot/robot_ws/build/slam_gmapping
[126.207s] Level 1:colcon.colcon_core.environment:checking '/home/sunrise/robot/robot_ws/install/slam_gmapping' for CMake config files
[126.208s] Level 1:colcon.colcon_core.shell:create_environment_hook('slam_gmapping', 'cmake_prefix_path')
[126.210s] INFO:colcon.colcon_core.shell:Creating environment hook '/home/sunrise/robot/robot_ws/install/slam_gmapping/share/slam_gmapping/hook/cmake_prefix_path.ps1'
[126.213s] INFO:colcon.colcon_core.shell:Creating environment descriptor '/home/sunrise/robot/robot_ws/install/slam_gmapping/share/slam_gmapping/hook/cmake_prefix_path.dsv'
[126.215s] INFO:colcon.colcon_core.shell:Creating environment hook '/home/sunrise/robot/robot_ws/install/slam_gmapping/share/slam_gmapping/hook/cmake_prefix_path.sh'
[126.218s] Level 1:colcon.colcon_core.environment:checking '/home/sunrise/robot/robot_ws/install/slam_gmapping/lib'
[126.219s] Level 1:colcon.colcon_core.environment:checking '/home/sunrise/robot/robot_ws/install/slam_gmapping/bin'
[126.220s] Level 1:colcon.colcon_core.environment:checking '/home/sunrise/robot/robot_ws/install/slam_gmapping/lib/pkgconfig/slam_gmapping.pc'
[126.221s] Level 1:colcon.colcon_core.environment:checking '/home/sunrise/robot/robot_ws/install/slam_gmapping/lib/python3.10/site-packages'
[126.224s] Level 1:colcon.colcon_core.environment:checking '/home/sunrise/robot/robot_ws/install/slam_gmapping/bin'
[126.227s] INFO:colcon.colcon_core.shell:Creating package script '/home/sunrise/robot/robot_ws/install/slam_gmapping/share/slam_gmapping/package.ps1'
[126.231s] INFO:colcon.colcon_core.shell:Creating package descriptor '/home/sunrise/robot/robot_ws/install/slam_gmapping/share/slam_gmapping/package.dsv'
[126.234s] INFO:colcon.colcon_core.shell:Creating package script '/home/sunrise/robot/robot_ws/install/slam_gmapping/share/slam_gmapping/package.sh'
[126.237s] INFO:colcon.colcon_core.shell:Creating package script '/home/sunrise/robot/robot_ws/install/slam_gmapping/share/slam_gmapping/package.bash'
[126.239s] INFO:colcon.colcon_core.shell:Creating package script '/home/sunrise/robot/robot_ws/install/slam_gmapping/share/slam_gmapping/package.zsh'
[126.242s] Level 1:colcon.colcon_core.environment:create_file_with_runtime_dependencies(/home/sunrise/robot/robot_ws/install/slam_gmapping/share/colcon-core/packages/slam_gmapping)
[126.245s] Level 1:colcon.colcon_core.environment:create_environment_scripts_only(slam_gmapping)
[126.247s] Level 1:colcon.colcon_core.environment:checking '/home/sunrise/robot/robot_ws/install/slam_gmapping' for CMake module files
[126.250s] Level 1:colcon.colcon_core.environment:checking '/home/sunrise/robot/robot_ws/install/slam_gmapping' for CMake config files
[126.252s] Level 1:colcon.colcon_core.shell:create_environment_hook('slam_gmapping', 'cmake_prefix_path')
[126.254s] INFO:colcon.colcon_core.shell:Creating environment hook '/home/sunrise/robot/robot_ws/install/slam_gmapping/share/slam_gmapping/hook/cmake_prefix_path.ps1'
[126.257s] INFO:colcon.colcon_core.shell:Creating environment descriptor '/home/sunrise/robot/robot_ws/install/slam_gmapping/share/slam_gmapping/hook/cmake_prefix_path.dsv'
[126.259s] INFO:colcon.colcon_core.shell:Creating environment hook '/home/sunrise/robot/robot_ws/install/slam_gmapping/share/slam_gmapping/hook/cmake_prefix_path.sh'
[126.263s] Level 1:colcon.colcon_core.environment:checking '/home/sunrise/robot/robot_ws/install/slam_gmapping/lib'
[126.263s] Level 1:colcon.colcon_core.environment:checking '/home/sunrise/robot/robot_ws/install/slam_gmapping/bin'
[126.264s] Level 1:colcon.colcon_core.environment:checking '/home/sunrise/robot/robot_ws/install/slam_gmapping/lib/pkgconfig/slam_gmapping.pc'
[126.265s] Level 1:colcon.colcon_core.environment:checking '/home/sunrise/robot/robot_ws/install/slam_gmapping/lib/python3.10/site-packages'
[126.268s] Level 1:colcon.colcon_core.environment:checking '/home/sunrise/robot/robot_ws/install/slam_gmapping/bin'
[126.271s] INFO:colcon.colcon_core.shell:Creating package script '/home/sunrise/robot/robot_ws/install/slam_gmapping/share/slam_gmapping/package.ps1'
[126.275s] INFO:colcon.colcon_core.shell:Creating package descriptor '/home/sunrise/robot/robot_ws/install/slam_gmapping/share/slam_gmapping/package.dsv'
[126.278s] INFO:colcon.colcon_core.shell:Creating package script '/home/sunrise/robot/robot_ws/install/slam_gmapping/share/slam_gmapping/package.sh'
[126.281s] INFO:colcon.colcon_core.shell:Creating package script '/home/sunrise/robot/robot_ws/install/slam_gmapping/share/slam_gmapping/package.bash'
[126.283s] INFO:colcon.colcon_core.shell:Creating package script '/home/sunrise/robot/robot_ws/install/slam_gmapping/share/slam_gmapping/package.zsh'
[126.286s] Level 1:colcon.colcon_core.environment:create_file_with_runtime_dependencies(/home/sunrise/robot/robot_ws/install/slam_gmapping/share/colcon-core/packages/slam_gmapping)
[126.287s] DEBUG:colcon.colcon_parallel_executor.executor.parallel:closing loop
[126.289s] DEBUG:colcon.colcon_parallel_executor.executor.parallel:loop closed
[126.289s] DEBUG:colcon.colcon_parallel_executor.executor.parallel:run_until_complete finished with '0'
[126.290s] DEBUG:colcon.colcon_core.event_reactor:joining thread
[126.293s] DEBUG:colcon.colcon_core.event_reactor:joined thread
[126.295s] INFO:colcon.colcon_core.shell:Creating prefix script '/home/sunrise/robot/robot_ws/install/local_setup.ps1'
[126.303s] INFO:colcon.colcon_core.shell:Creating prefix util module '/home/sunrise/robot/robot_ws/install/_local_setup_util_ps1.py'
[126.316s] INFO:colcon.colcon_core.shell:Creating prefix chain script '/home/sunrise/robot/robot_ws/install/setup.ps1'
[126.325s] INFO:colcon.colcon_core.shell:Creating prefix script '/home/sunrise/robot/robot_ws/install/local_setup.sh'
[126.329s] INFO:colcon.colcon_core.shell:Creating prefix util module '/home/sunrise/robot/robot_ws/install/_local_setup_util_sh.py'
[126.333s] INFO:colcon.colcon_core.shell:Creating prefix chain script '/home/sunrise/robot/robot_ws/install/setup.sh'
[126.342s] INFO:colcon.colcon_core.shell:Creating prefix script '/home/sunrise/robot/robot_ws/install/local_setup.bash'
[126.346s] INFO:colcon.colcon_core.shell:Creating prefix chain script '/home/sunrise/robot/robot_ws/install/setup.bash'
[126.354s] INFO:colcon.colcon_core.shell:Creating prefix script '/home/sunrise/robot/robot_ws/install/local_setup.zsh'
[126.358s] INFO:colcon.colcon_core.shell:Creating prefix chain script '/home/sunrise/robot/robot_ws/install/setup.zsh'
