[0.142s] Invoking command in '/home/sunrise/robot/robot_ws/build/openslam_gmapping': CMAKE_PREFIX_PATH=${CMAKE_PREFIX_PATH}:/home/sunrise/robot/robot_ws/install/robot_control:/opt/ros/humble /usr/bin/cmake --build /home/sunrise/robot/robot_ws/build/openslam_gmapping -- -j8 -l8
[2.377s] [35m[1mConsolidate compiler generated dependencies of target utils[0m
[2.378s] [35m[1mConsolidate compiler generated dependencies of target sensor_base[0m
[2.379s] [ 27%] Built target sensor_base
[2.380s] [ 27%] Built target utils
[2.381s] [35m[1mConsolidate compiler generated dependencies of target sensor_range[0m
[2.381s] [35m[1mConsolidate compiler generated dependencies of target sensor_odometry[0m
[2.383s] [ 40%] Built target sensor_range
[2.383s] [ 54%] Built target sensor_odometry
[2.384s] [35m[1mConsolidate compiler generated dependencies of target scanmatcher[0m
[2.385s] [ 77%] Built target scanmatcher
[2.385s] [35m[1mConsolidate compiler generated dependencies of target gridfastslam[0m
[2.390s] [100%] Built target gridfastslam
[2.453s] Invoked command in '/home/sunrise/robot/robot_ws/build/openslam_gmapping' returned '0': CMAKE_PREFIX_PATH=${CMAKE_PREFIX_PATH}:/home/sunrise/robot/robot_ws/install/robot_control:/opt/ros/humble /usr/bin/cmake --build /home/sunrise/robot/robot_ws/build/openslam_gmapping -- -j8 -l8
[2.463s] Invoking command in '/home/sunrise/robot/robot_ws/build/openslam_gmapping': CMAKE_PREFIX_PATH=${CMAKE_PREFIX_PATH}:/home/sunrise/robot/robot_ws/install/robot_control:/opt/ros/humble /usr/bin/cmake --install /home/sunrise/robot/robot_ws/build/openslam_gmapping
[2.504s] -- Install configuration: ""
[2.505s] -- Up-to-date: /home/sunrise/robot/robot_ws/install/openslam_gmapping/share/openslam_gmapping/environment/library_path.sh
[2.507s] -- Up-to-date: /home/sunrise/robot/robot_ws/install/openslam_gmapping/share/openslam_gmapping/environment/library_path.dsv
[2.510s] -- Up-to-date: /home/sunrise/robot/robot_ws/install/openslam_gmapping/include/
[2.511s] -- Up-to-date: /home/sunrise/robot/robot_ws/install/openslam_gmapping/include//gmapping
[2.513s] -- Up-to-date: /home/sunrise/robot/robot_ws/install/openslam_gmapping/include//gmapping/gridfastslam
[2.514s] -- Up-to-date: /home/sunrise/robot/robot_ws/install/openslam_gmapping/include//gmapping/gridfastslam/gridslamprocessor.hxx
[2.514s] -- Up-to-date: /home/sunrise/robot/robot_ws/install/openslam_gmapping/include//gmapping/gridfastslam/gridslamprocessor.h
[2.515s] -- Up-to-date: /home/sunrise/robot/robot_ws/install/openslam_gmapping/include//gmapping/gridfastslam/motionmodel.h
[2.517s] -- Up-to-date: /home/sunrise/robot/robot_ws/install/openslam_gmapping/include//gmapping/scanmatcher
[2.518s] -- Up-to-date: /home/sunrise/robot/robot_ws/install/openslam_gmapping/include//gmapping/scanmatcher/smmap.h
[2.519s] -- Up-to-date: /home/sunrise/robot/robot_ws/install/openslam_gmapping/include//gmapping/scanmatcher/scanmatcher.h
[2.520s] -- Up-to-date: /home/sunrise/robot/robot_ws/install/openslam_gmapping/include//gmapping/scanmatcher/icp.h
[2.521s] -- Up-to-date: /home/sunrise/robot/robot_ws/install/openslam_gmapping/include//gmapping/utils
[2.522s] -- Up-to-date: /home/sunrise/robot/robot_ws/install/openslam_gmapping/include//gmapping/utils/autoptr.h
[2.523s] -- Up-to-date: /home/sunrise/robot/robot_ws/install/openslam_gmapping/include//gmapping/utils/gvalues.h
[2.525s] -- Up-to-date: /home/sunrise/robot/robot_ws/install/openslam_gmapping/include//gmapping/utils/commandline.h
[2.525s] -- Up-to-date: /home/sunrise/robot/robot_ws/install/openslam_gmapping/include//gmapping/utils/point.h
[2.526s] -- Up-to-date: /home/sunrise/robot/robot_ws/install/openslam_gmapping/include//gmapping/utils/macro_params.h
[2.527s] -- Up-to-date: /home/sunrise/robot/robot_ws/install/openslam_gmapping/include//gmapping/utils/stat.h
[2.527s] -- Up-to-date: /home/sunrise/robot/robot_ws/install/openslam_gmapping/include//gmapping/sensor
[2.528s] -- Up-to-date: /home/sunrise/robot/robot_ws/install/openslam_gmapping/include//gmapping/sensor/sensor_odometry
[2.529s] -- Up-to-date: /home/sunrise/robot/robot_ws/install/openslam_gmapping/include//gmapping/sensor/sensor_odometry/odometrysensor.h
[2.533s] -- Up-to-date: /home/sunrise/robot/robot_ws/install/openslam_gmapping/include//gmapping/sensor/sensor_odometry/odometryreading.h
[2.535s] -- Up-to-date: /home/sunrise/robot/robot_ws/install/openslam_gmapping/include//gmapping/sensor/sensor_base
[2.536s] -- Up-to-date: /home/sunrise/robot/robot_ws/install/openslam_gmapping/include//gmapping/sensor/sensor_base/sensorreading.h
[2.537s] -- Up-to-date: /home/sunrise/robot/robot_ws/install/openslam_gmapping/include//gmapping/sensor/sensor_base/sensor.h
[2.539s] -- Up-to-date: /home/sunrise/robot/robot_ws/install/openslam_gmapping/include//gmapping/sensor/sensor_range
[2.541s] -- Up-to-date: /home/sunrise/robot/robot_ws/install/openslam_gmapping/include//gmapping/sensor/sensor_range/rangereading.h
[2.542s] -- Up-to-date: /home/sunrise/robot/robot_ws/install/openslam_gmapping/include//gmapping/sensor/sensor_range/rangesensor.h
[2.543s] -- Up-to-date: /home/sunrise/robot/robot_ws/install/openslam_gmapping/include//gmapping/particlefilter
[2.545s] -- Up-to-date: /home/sunrise/robot/robot_ws/install/openslam_gmapping/include//gmapping/particlefilter/particlefilter.h
[2.547s] -- Up-to-date: /home/sunrise/robot/robot_ws/install/openslam_gmapping/include//gmapping/grid
[2.549s] -- Up-to-date: /home/sunrise/robot/robot_ws/install/openslam_gmapping/include//gmapping/grid/map.h
[2.550s] -- Up-to-date: /home/sunrise/robot/robot_ws/install/openslam_gmapping/include//gmapping/grid/accessstate.h
[2.552s] -- Up-to-date: /home/sunrise/robot/robot_ws/install/openslam_gmapping/include//gmapping/grid/harray2d.h
[2.554s] -- Up-to-date: /home/sunrise/robot/robot_ws/install/openslam_gmapping/include//gmapping/grid/array2d.h
[2.556s] -- Up-to-date: /home/sunrise/robot/robot_ws/install/openslam_gmapping/include//gmapping/log
[2.557s] -- Up-to-date: /home/sunrise/robot/robot_ws/install/openslam_gmapping/include//gmapping/log/configuration.h
[2.559s] -- Up-to-date: /home/sunrise/robot/robot_ws/install/openslam_gmapping/include//gmapping/log/sensorlog.h
[2.562s] -- Up-to-date: /home/sunrise/robot/robot_ws/install/openslam_gmapping/share/ament_index/resource_index/package_run_dependencies/openslam_gmapping
[2.564s] -- Up-to-date: /home/sunrise/robot/robot_ws/install/openslam_gmapping/share/ament_index/resource_index/parent_prefix_path/openslam_gmapping
[2.565s] -- Up-to-date: /home/sunrise/robot/robot_ws/install/openslam_gmapping/share/openslam_gmapping/environment/ament_prefix_path.sh
[2.566s] -- Up-to-date: /home/sunrise/robot/robot_ws/install/openslam_gmapping/share/openslam_gmapping/environment/ament_prefix_path.dsv
[2.569s] -- Up-to-date: /home/sunrise/robot/robot_ws/install/openslam_gmapping/share/openslam_gmapping/environment/path.sh
[2.569s] -- Up-to-date: /home/sunrise/robot/robot_ws/install/openslam_gmapping/share/openslam_gmapping/environment/path.dsv
[2.571s] -- Up-to-date: /home/sunrise/robot/robot_ws/install/openslam_gmapping/share/openslam_gmapping/local_setup.bash
[2.575s] -- Up-to-date: /home/sunrise/robot/robot_ws/install/openslam_gmapping/share/openslam_gmapping/local_setup.sh
[2.576s] -- Up-to-date: /home/sunrise/robot/robot_ws/install/openslam_gmapping/share/openslam_gmapping/local_setup.zsh
[2.578s] -- Up-to-date: /home/sunrise/robot/robot_ws/install/openslam_gmapping/share/openslam_gmapping/local_setup.dsv
[2.579s] -- Installing: /home/sunrise/robot/robot_ws/install/openslam_gmapping/share/openslam_gmapping/package.dsv
[2.582s] -- Up-to-date: /home/sunrise/robot/robot_ws/install/openslam_gmapping/share/ament_index/resource_index/packages/openslam_gmapping
[2.583s] -- Up-to-date: /home/sunrise/robot/robot_ws/install/openslam_gmapping/share/openslam_gmapping/cmake/ament_cmake_export_libraries-extras.cmake
[2.585s] -- Up-to-date: /home/sunrise/robot/robot_ws/install/openslam_gmapping/share/openslam_gmapping/cmake/ament_cmake_export_include_directories-extras.cmake
[2.586s] -- Up-to-date: /home/sunrise/robot/robot_ws/install/openslam_gmapping/share/openslam_gmapping/cmake/openslam_gmappingConfig.cmake
[2.587s] -- Up-to-date: /home/sunrise/robot/robot_ws/install/openslam_gmapping/share/openslam_gmapping/cmake/openslam_gmappingConfig-version.cmake
[2.588s] -- Up-to-date: /home/sunrise/robot/robot_ws/install/openslam_gmapping/share/openslam_gmapping/package.xml
[2.588s] -- Up-to-date: /home/sunrise/robot/robot_ws/install/openslam_gmapping/lib/libgridfastslam.a
[2.589s] -- Up-to-date: /home/sunrise/robot/robot_ws/install/openslam_gmapping/lib/libscanmatcher.a
[2.590s] -- Up-to-date: /home/sunrise/robot/robot_ws/install/openslam_gmapping/share/openslam_gmapping/environment/library_path.sh
[2.591s] -- Up-to-date: /home/sunrise/robot/robot_ws/install/openslam_gmapping/share/openslam_gmapping/environment/library_path.dsv
[2.591s] -- Up-to-date: /home/sunrise/robot/robot_ws/install/openslam_gmapping/lib/libsensor_base.a
[2.592s] -- Up-to-date: /home/sunrise/robot/robot_ws/install/openslam_gmapping/share/openslam_gmapping/environment/library_path.sh
[2.593s] -- Up-to-date: /home/sunrise/robot/robot_ws/install/openslam_gmapping/share/openslam_gmapping/environment/library_path.dsv
[2.594s] -- Up-to-date: /home/sunrise/robot/robot_ws/install/openslam_gmapping/lib/libsensor_odometry.a
[2.594s] -- Up-to-date: /home/sunrise/robot/robot_ws/install/openslam_gmapping/lib/libsensor_range.a
[2.595s] -- Up-to-date: /home/sunrise/robot/robot_ws/install/openslam_gmapping/lib/libutils.a
[2.596s] -- Up-to-date: /home/sunrise/robot/robot_ws/install/openslam_gmapping/share/openslam_gmapping/environment/library_path.sh
[2.600s] -- Up-to-date: /home/sunrise/robot/robot_ws/install/openslam_gmapping/share/openslam_gmapping/environment/library_path.dsv
[2.605s] Invoked command in '/home/sunrise/robot/robot_ws/build/openslam_gmapping' returned '0': CMAKE_PREFIX_PATH=${CMAKE_PREFIX_PATH}:/home/sunrise/robot/robot_ws/install/robot_control:/opt/ros/humble /usr/bin/cmake --install /home/sunrise/robot/robot_ws/build/openslam_gmapping
